Log file open, 06/01/17 12:19:55
LogInit:Display: Running engine for game: Naturalis_MainMenu3D
LogPlatformFile: Not using cached read wrapper
LogInit:Display: RandInit(-130844069) SRandInit(-130844069).
LogTaskGraph: Started task graph with 5 named threads and 6 total threads with 1 sets of task threads.
LogStats: Stats thread started at 0.065285
LogInit: Using libcurl 7.47.1
LogInit:  - built for x86_64-pc-win32
LogInit:  - supports SSL with OpenSSL/1.0.2g
LogInit:  - supports HTTP deflate (compression) using libz 1.2.8
LogInit:  - other features:
LogInit:      CURL_VERSION_SSL
LogInit:      CURL_VERSION_LIBZ
LogInit:      CURL_VERSION_IPV6
LogInit:      CURL_VERSION_ASYNCHDNS
LogInit:      CURL_VERSION_LARGEFILE
LogInit:      CURL_VERSION_IDN
LogInit:  CurlRequestOptions (configurable via config and command line):
LogInit:  - bVerifyPeer = false  - Libcurl will NOT verify peer certificate
LogInit:  - bUseHttpProxy = false  - Libcurl will NOT use HTTP proxy
LogInit:  - bDontReuseConnections = false  - Libcurl will reuse connections
LogInit:  - CertBundlePath = nullptr  - Libcurl will use whatever was configured at build time.
LogInit: Build: ++UE4+Release-4.15-CL-3416026
LogInit: Engine Version: 4.15.2-3416026+++UE4+Release-4.15
LogInit: Compatible Engine Version: 4.15.0-3299760+++UE4+Release-4.15
LogInit: Net CL: 3299760
LogDevObjectVersion: Number of dev versions registered: 14
LogDevObjectVersion:   Dev-Blueprints (B0D832E4-1F89-4F0D-ACCF-7EB736FD4AA2): 8
LogDevObjectVersion:   Dev-Build (E1C64328-A22C-4D53-A36C-8E866417BD8C): 0
LogDevObjectVersion:   Dev-Core (375EC13C-06E4-48FB-B500-84F0262A717E): 2
LogDevObjectVersion:   Dev-Editor (E4B068ED-F494-42E9-A231-DA0B2E46BB41): 14
LogDevObjectVersion:   Dev-Framework (CFFC743F-43B0-4480-9391-14DF171D2073): 22
LogDevObjectVersion:   Dev-Mobile (B02B49B5-BB20-44E9-A304-32B752E40360): 0
LogDevObjectVersion:   Dev-Networking (A4E4105C-59A1-49B5-A7C5-40C4547EDFEE): 0
LogDevObjectVersion:   Dev-Online (39C831C9-5AE6-47DC-9A44-9C173E1C8E7C): 0
LogDevObjectVersion:   Dev-Physics (78F01B33-EBEA-4F98-B9B4-84EACCB95AA2): 0
LogDevObjectVersion:   Dev-Platform (6631380F-2D4D-43E0-8009-CF276956A95A): 0
LogDevObjectVersion:   Dev-Rendering (12F88B9F-8875-4AFC-A67C-D90C383ABD29): 12
LogDevObjectVersion:   Dev-Sequencer (7B5AE74C-D270-4C10-A958-57980B212A5A): 3
LogDevObjectVersion:   Dev-VR (D7296918-1DD6-4BDD-9DE2-64A83CC13884): 0
LogDevObjectVersion:   Dev-LoadTimes (C2A15278-BFE7-4AFE-6C17-90FF531DF755): 1
LogInit: Compiled (64-bit): May  1 2017 13:11:28
LogInit: Compiled with Visual C++: 19.00.23026.00
LogInit: Build Configuration: Development
LogInit: Branch Name: ++UE4+Release-4.15
LogInit: Command line:  /Temp/Autosaves/Game/StarterContent/Maps/UEDPCMinimal_Default -game -PIEVIACONSOLE -ResX=1280 -ResY=720  -Multiprocess -messaging -SessionName="Play in Standalone Game" -windowed 
LogInit: Base directory: D:/Program Files (x86)/Epic Games/UE_4.15/Engine/Binaries/Win64/
LogInit: Installed Engine Build: 1
LogInit: Presizing for max 8388607 objects, including 0 objects not considered by GC, pre-allocating 0 bytes for permanent pool.
LogInit: Object subsystem initialized
[2017.06.01-10.19.57:213][  0]LogInit: Selected Device Profile: [Windows]
[2017.06.01-10.19.57:213][  0]LogInit: Applying CVar settings loaded from the selected device profile: [Windows]
[2017.06.01-10.19.57:224][  0]LogInit: Computer: MSI_DAVE
[2017.06.01-10.19.57:224][  0]LogInit: User: Dave
[2017.06.01-10.19.57:224][  0]LogInit: CPU Page size=65536, Cores=2
[2017.06.01-10.19.57:224][  0]LogInit: High frequency timer resolution =2.825494 MHz
[2017.06.01-10.19.57:224][  0]LogMemory: Memory total: Physical=7.9GB (8GB approx)
[2017.06.01-10.19.57:224][  0]LogMemory: Platform Memory Stats for Windows
[2017.06.01-10.19.57:224][  0]LogMemory: Process Physical Memory: 260.77 MB used, 260.77 MB peak
[2017.06.01-10.19.57:224][  0]LogMemory: Process Virtual Memory: 262.09 MB used, 262.09 MB peak
[2017.06.01-10.19.57:224][  0]LogMemory: Physical Memory: 4963.07 MB used,  3146.29 MB free, 8109.36 MB total
[2017.06.01-10.19.57:224][  0]LogMemory: Virtual Memory: 621.47 MB used,  3146.29 MB free, 134217728.00 MB total
[2017.06.01-10.19.57:343][  0]LogTextLocalizationManager: No specific translations for ('en-US') exist, so ('en') translations will be used.
[2017.06.01-10.19.58:063][  0]LogD3D11RHI: D3D11 adapters:
[2017.06.01-10.19.58:089][  0]LogD3D11RHI:    0. 'NVIDIA GeForce 940M' (Feature Level 11_0)
[2017.06.01-10.19.58:089][  0]LogD3D11RHI:       1980/0/4054 MB DedicatedVideo/DedicatedSystem/SharedSystem, Outputs:1, VendorId:0x10de
[2017.06.01-10.19.58:096][  0]LogD3D11RHI:    1. 'Intel(R) HD Graphics 4600' (Feature Level 11_0)
[2017.06.01-10.19.58:096][  0]LogD3D11RHI:       0/0/1792 MB DedicatedVideo/DedicatedSystem/SharedSystem, Outputs:0, VendorId:0x8086
[2017.06.01-10.19.58:097][  0]LogD3D11RHI:    2. 'Microsoft Basic Render Driver' (Feature Level 11_0)
[2017.06.01-10.19.58:097][  0]LogD3D11RHI:       0/0/256 MB DedicatedVideo/DedicatedSystem/SharedSystem, Outputs:0, VendorId:0x1414
[2017.06.01-10.19.58:097][  0]LogD3D11RHI: Chosen D3D11 Adapter: 0
[2017.06.01-10.19.58:102][  0]LogD3D11RHI: Creating new Direct3DDevice
[2017.06.01-10.19.58:102][  0]LogD3D11RHI:     GPU DeviceId: 0x1347 (for the marketing name, search the web for "GPU Device Id")
[2017.06.01-10.19.58:102][  0]LogWindows: EnumDisplayDevices:
[2017.06.01-10.19.58:102][  0]LogWindows:    0. 'Intel(R) HD Graphics 4600' (P:1 D:1)
[2017.06.01-10.19.58:102][  0]LogWindows:    1. 'Intel(R) HD Graphics 4600' (P:0 D:0)
[2017.06.01-10.19.58:103][  0]LogWindows:    2. 'Intel(R) HD Graphics 4600' (P:0 D:0)
[2017.06.01-10.19.58:103][  0]LogWindows: DebugString: PrimaryIsNotTheChoosenAdapter PrimaryIsNotTheChoosenAdapter PrimaryIsNotTheChoosenAdapter FoundDriverCount:0 
[2017.06.01-10.19.58:103][  0]LogD3D11RHI:     Adapter Name: NVIDIA GeForce 940M
[2017.06.01-10.19.58:103][  0]LogD3D11RHI:   Driver Version: Unknown (internal:Unknown, unified:Unknown)
[2017.06.01-10.19.58:103][  0]LogD3D11RHI:      Driver Date: Unknown
[2017.06.01-10.19.58:103][  0]LogRHI: Texture pool is 1361 MB (70% of 1945 MB)
[2017.06.01-10.19.58:115][  0]LogD3D11RHI: [Aftermath] Aftermath enabled but failed to initialize due to reason: DriverVersionNotSupported
[2017.06.01-10.19.58:115][  0]LogD3D11RHI: Async texture creation enabled
[2017.06.01-10.19.58:132][  0]LogD3D11RHI: GPU Timing Frequency: 1000.000000 (Debug: 2 2)
[2017.06.01-10.19.58:132][  0]LogShaderCompilers: Guid format shader working directory is -40 characters bigger than the processId version (C:/Users/Dave/Desktop/School/Y2P4/Unreal Projects/NaturalisSPACE/Naturalis_MainMenu3D/Intermediate/Shaders/WorkingDirectory/9512/).
[2017.06.01-10.19.58:132][  0]LogShaderCompilers: Cleaned the shader compiler working directory 'C:/Users/Dave/AppData/Local/Temp/UnrealShaderWorkingDir/FC06C6E64BACE76273EBCA8C1B4DB1A4/'.
[2017.06.01-10.19.58:132][  0]LogShaderCompilers:Display: Using Local Shader Compiler.
[2017.06.01-10.19.59:185][  0]LogTemp:Display: Loaded TP WindowsClientTargetPlatform
[2017.06.01-10.19.59:223][  0]LogTemp:Display: Loaded TP WindowsNoEditorTargetPlatform
[2017.06.01-10.19.59:264][  0]LogTemp:Display: Loaded TP WindowsServerTargetPlatform
[2017.06.01-10.19.59:295][  0]LogTemp:Display: Loaded TP WindowsTargetPlatform
[2017.06.01-10.19.59:295][  0]LogTargetPlatformManager:Display: Building Assets For Windows
[2017.06.01-10.19.59:559][  0]LogDerivedDataCache:Display: Max Cache Size: 512 MB
[2017.06.01-10.19.59:617][  0]LogDerivedDataCache: Loaded boot cache 0.06s 50MB C:/Users/Dave/AppData/Local/UnrealEngine/4.15/DerivedDataCache/Boot.ddc.
[2017.06.01-10.19.59:617][  0]LogDerivedDataCache:Display: Loaded Boot cache: C:/Users/Dave/AppData/Local/UnrealEngine/4.15/DerivedDataCache/Boot.ddc
[2017.06.01-10.19.59:617][  0]LogDerivedDataCache: FDerivedDataBackendGraph:  Pak pak cache file C:/Users/Dave/Desktop/School/Y2P4/Unreal Projects/NaturalisSPACE/Naturalis_MainMenu3D/DerivedDataCache/DDC.ddp not found, will not use a pak cache.
[2017.06.01-10.19.59:617][  0]LogDerivedDataCache: Unable to find inner node Pak for hierarchical cache Hierarchy.
[2017.06.01-10.19.59:617][  0]LogDerivedDataCache: FDerivedDataBackendGraph:  CompressedPak pak cache file C:/Users/Dave/Desktop/School/Y2P4/Unreal Projects/NaturalisSPACE/Naturalis_MainMenu3D/DerivedDataCache/Compressed.ddp not found, will not use a pak cache.
[2017.06.01-10.19.59:617][  0]LogDerivedDataCache: Unable to find inner node CompressedPak for hierarchical cache Hierarchy.
[2017.06.01-10.19.59:636][  0]LogDerivedDataCache:Display: Pak cache opened for reading ../../../Engine/DerivedDataCache/Compressed.ddp.
[2017.06.01-10.19.59:648][  0]LogDerivedDataCache: Using Local data cache path C:/Users/Dave/AppData/Local/UnrealEngine/Common/DerivedDataCache: Writable
[2017.06.01-10.19.59:658][  0]LogSlate: Using Freetype 2.6.0
[2017.06.01-10.19.59:658][  0]LogSlate: SlateFontCache - WITH_FREETYPE: 1, WITH_HARFBUZZ: 1
[2017.06.01-10.19.59:658][  0]LogSlate: SlateFontCache - WITH_FREETYPE: 1, WITH_HARFBUZZ: 1
[2017.06.01-10.19.59:959][  0]LogAssetRegistry: FAssetRegistry took 0.0001 seconds to start up
[2017.06.01-10.19.59:965][  0]LogPackageLocalizationCache: Processed 3 localized package path(s) for 2 prioritized culture(s) in 0.006632 seconds
[2017.06.01-10.19.59:981][  0]LogInit: Selected Device Profile: [Windows]
[2017.06.01-10.19.59:982][  0]LogContentStreaming: Texture pool size is 1000.00 MB
[2017.06.01-10.20.00:145][  0]LogMeshUtilities: Using QuadricMeshReduction for automatic static mesh reduction
[2017.06.01-10.20.00:171][  0]LogSimplygon: Simplygon DLL not present - disabling.
[2017.06.01-10.20.00:199][  0]LogMeshUtilities: Using SimplygonSwarm for distributed automatic mesh merging
[2017.06.01-10.20.00:199][  0]LogMeshUtilities: No automatic skeletal mesh reduction module available
[2017.06.01-10.20.00:199][  0]LogMeshUtilities: No automatic mesh merging module available
[2017.06.01-10.20.00:639][  0]LogNetVersion: GetLocalNetworkVersion: CL: 3299760, ProjectName: naturalis_mainmenu3d, ProjectVersion: , EngineNetworkVersion: 2, GameNetworkVersion: 0, NetworkChecksum: 98191105
[2017.06.01-10.20.00:678][  0]LogInit: WinSock: version 1.1 (2.2), MaxSocks=32767, MaxUdp=65467
[2017.06.01-10.20.01:165][  0]LogMoviePlayer: Initializing movie player
[2017.06.01-10.20.01:481][  0]LogTcpMessaging: Initializing TcpMessaging bridge
[2017.06.01-10.20.01:510][  0]LogUdpMessaging: Initializing bridge on interface 0.0.0.0:0 to multicast group 230.0.0.1:6666.
[2017.06.01-10.20.01:721][  0]SourceControl: Info Source control is disabled
[2017.06.01-10.20.01:722][  0]SourceControl: Info Source control is disabled
[2017.06.01-10.20.01:751][  0]SourceControl: Info Source control is disabled
[2017.06.01-10.20.02:147][  0]LogUObjectArray: 34408 objects as part of root set at end of initial load.
[2017.06.01-10.20.02:147][  0]LogUObjectAllocator: 7639328 out of 0 bytes used by permanent object pool.
[2017.06.01-10.20.02:147][  0]LogUObjectArray: CloseDisregardForGC: 0/0 objects in disregard for GC pool
[2017.06.01-10.20.02:223][  0]LogEngine: Initializing Engine...
[2017.06.01-10.20.02:224][  0]LogHMD: Failed to initialize OpenVR with code 110
[2017.06.01-10.20.02:335][  0]LogStats: UGameplayTagsManager::ConstructGameplayTagTree: Construct from data asset -  0.000 s
[2017.06.01-10.20.02:335][  0]LogStats: UGameplayTagsManager::ConstructGameplayTagTree: GameplayTagTreeChangedEvent.Broadcast -  0.000 s
[2017.06.01-10.20.02:341][  0]LogInit: XAudio2 using 'Speakers (Realtek High Definition Audio)' : 2 channels at 48 kHz using 32 bits per sample (channel mask 0x3)
[2017.06.01-10.20.02:351][  0]LogInit: FAudioDevice initialized.
[2017.06.01-10.20.02:370][  0]LogInit: Texture streaming: Enabled
[2017.06.01-10.20.02:385][  0]LogMaterial: Uniform references updated for custom material expression Custom.
[2017.06.01-10.20.02:606][  0]LogInit:Display: Game Engine Initialized.
[2017.06.01-10.20.02:715][  0]LogInit:Display: Starting Game.
[2017.06.01-10.20.02:715][  0]LogNet: Browse: /Temp/Autosaves/Game/StarterContent/Maps/UEDPCMinimal_Default?Name=Player
[2017.06.01-10.20.02:715][  0]LogLoad: LoadMap: /Temp/Autosaves/Game/StarterContent/Maps/UEDPCMinimal_Default?Name=Player
[2017.06.01-10.20.02:741][  0]LogMemory: Platform Memory Stats for Windows
[2017.06.01-10.20.02:741][  0]LogMemory: Process Physical Memory: 648.65 MB used, 680.39 MB peak
[2017.06.01-10.20.02:741][  0]LogMemory: Process Virtual Memory: 728.73 MB used, 728.75 MB peak
[2017.06.01-10.20.02:741][  0]LogMemory: Physical Memory: 5311.89 MB used,  2797.47 MB free, 8109.36 MB total
[2017.06.01-10.20.02:741][  0]LogMemory: Virtual Memory: 1266.08 MB used,  2797.47 MB free, 134217728.00 MB total
[2017.06.01-10.20.02:741][  0]LogMemory: 
[2017.06.01-10.20.02:741][  0]Allocator Stats for TBB: (not implemented)
[2017.06.01-10.20.02:888][  0]LogAIModule: Creating AISystem for world Minimal_Default
[2017.06.01-10.20.03:001][  0]LogLoad: Game class is 'MainMenuMode_C'
[2017.06.01-10.20.03:004][  0]LogWorld: Bringing World /Temp/Autosaves/Game/StarterContent/Maps/UEDPCMinimal_Default.Minimal_Default up for play (max tick rate 0) at 2017.06.01-12.20.03
[2017.06.01-10.20.03:007][  0]LogWorld: Bringing up level for play took: 0.005350
[2017.06.01-10.20.03:014][  0]r.SetRes = "1920x1080f"
[2017.06.01-10.20.03:014][  0]r.Streaming.MipBias = "0"
[2017.06.01-10.20.03:015][  0]r.MaxAnisotropy = "8"
[2017.06.01-10.20.03:015][  0]r.Streaming.PoolSize = "1000"
[2017.06.01-10.20.03:015][  0]r.BloomQuality = "4"
[2017.06.01-10.20.03:015][  0]r.LightFunctionQuality = "1"
[2017.06.01-10.20.03:015][  0]r.ShadowQuality = "5"
[2017.06.01-10.20.03:015][  0]r.Shadow.CSM.MaxCascades = "4"
[2017.06.01-10.20.03:015][  0]r.Shadow.MaxResolution = "1024"
[2017.06.01-10.20.03:015][  0]r.Shadow.RadiusThreshold = "0.03"
[2017.06.01-10.20.03:015][  0]r.Shadow.DistanceScale = "1"
[2017.06.01-10.20.03:015][  0]r.Shadow.CSM.TransitionScale = "1"
[2017.06.01-10.20.03:015][  0]r.MotionBlurQuality = "4"
[2017.06.01-10.20.03:015][  0]Command not recognized: r.BlurGBuffer -1
[2017.06.01-10.20.03:015][  0]r.AmbientOcclusionLevels = "3"
[2017.06.01-10.20.03:015][  0]r.AmbientOcclusionRadiusScale = "1"
[2017.06.01-10.20.03:015][  0]r.DepthOfFieldQuality = "2"
[2017.06.01-10.20.03:015][  0]r.RenderTargetPoolMin = "400"
[2017.06.01-10.20.03:015][  0]r.LensFlareQuality = "2"
[2017.06.01-10.20.03:015][  0]r.SceneColorFringeQuality = "1"
[2017.06.01-10.20.03:015][  0]r.EyeAdaptationQuality = "2"
[2017.06.01-10.20.03:015][  0]r.FastBlurThreshold = "7"
[2017.06.01-10.20.03:015][  0]r.Upscale.Quality = "3"
[2017.06.01-10.20.03:015][  0]r.Tonemapper.GrainQuantization = "1"
[2017.06.01-10.20.03:015][  0]r.TranslucencyLightingVolumeDim = "64"
[2017.06.01-10.20.03:015][  0]r.RefractionQuality = "2"
[2017.06.01-10.20.03:015][  0]Command not recognized: r.SSR 1
[2017.06.01-10.20.03:015][  0]r.SceneColorFormat = "4"
[2017.06.01-10.20.03:015][  0]r.DetailMode = "2"
[2017.06.01-10.20.03:015][  0]r.TranslucencyVolumeBlur = "1"
[2017.06.01-10.20.03:015][  0]r.MaterialQualityLevel = "1"
[2017.06.01-10.20.03:015][  0]r.PostProcessAAQuality = "6"
[2017.06.01-10.20.03:015][  0]foliage.DensityScale = "1"
[2017.06.01-10.20.03:016][  0]grass.densityScale = "1"
[2017.06.01-10.20.03:016][  0]r.ViewDistanceScale = "1.25"
[2017.06.01-10.20.03:016][  0]r.StaticMeshLODDistanceScale = "1"
[2017.06.01-10.20.03:016][  0]LogLoad: Took 0.300762 seconds to LoadMap(/Temp/Autosaves/Game/StarterContent/Maps/UEDPCMinimal_Default)
[2017.06.01-10.20.04:818][  0]LogRenderer: Reallocating scene render targets to support 1920x1080 NumSamples 1 (Frame:2).
[2017.06.01-10.20.06:786][  0]LogLoad: (Engine Initialization) Total time: 12.07 seconds
[2017.06.01-10.20.06:787][  0]LogLoad: (Engine Initialization) Total Blueprint compile time: 0.10 seconds
[2017.06.01-10.20.06:787][  0]LogExternalProfiler: Found external profiler: VSPerf
[2017.06.01-10.20.06:787][  0]LogExternalProfiler: Using external profiler: VSPerf
[2017.06.01-10.20.06:804][  0]LogOcInput: OculusInput pre-init called
[2017.06.01-10.20.41:178][525]r.SetRes = "1920x1080f"
[2017.06.01-10.20.41:178][525]r.Streaming.MipBias = "2.5"
[2017.06.01-10.20.41:179][525]r.MaxAnisotropy = "0"
[2017.06.01-10.20.41:179][525]r.Streaming.PoolSize = "200"
[2017.06.01-10.20.41:179][525]r.BloomQuality = "0"
[2017.06.01-10.20.41:179][525]r.LightFunctionQuality = "0"
[2017.06.01-10.20.41:179][525]r.ShadowQuality = "0"
[2017.06.01-10.20.41:179][525]r.Shadow.CSM.MaxCascades = "1"
[2017.06.01-10.20.41:179][525]r.Shadow.MaxResolution = "512"
[2017.06.01-10.20.41:179][525]r.Shadow.RadiusThreshold = "0.03"
[2017.06.01-10.20.41:179][525]r.Shadow.DistanceScale = "0.6"
[2017.06.01-10.20.41:179][525]r.Shadow.CSM.TransitionScale = "0"
[2017.06.01-10.20.41:179][525]r.MotionBlurQuality = "0"
[2017.06.01-10.20.41:179][525]Command not recognized: r.BlurGBuffer 0
[2017.06.01-10.20.41:179][525]r.AmbientOcclusionLevels = "0"
[2017.06.01-10.20.41:179][525]r.AmbientOcclusionRadiusScale = "1.7"
[2017.06.01-10.20.41:179][525]r.DepthOfFieldQuality = "0"
[2017.06.01-10.20.41:179][525]r.RenderTargetPoolMin = "300"
[2017.06.01-10.20.41:179][525]r.LensFlareQuality = "0"
[2017.06.01-10.20.41:179][525]r.SceneColorFringeQuality = "0"
[2017.06.01-10.20.41:179][525]r.EyeAdaptationQuality = "0"
[2017.06.01-10.20.41:179][525]r.FastBlurThreshold = "0"
[2017.06.01-10.20.41:179][525]r.Upscale.Quality = "1"
[2017.06.01-10.20.41:179][525]r.Tonemapper.GrainQuantization = "0"
[2017.06.01-10.20.41:179][525]r.TranslucencyLightingVolumeDim = "24"
[2017.06.01-10.20.41:179][525]r.RefractionQuality = "0"
[2017.06.01-10.20.41:179][525]Command not recognized: r.SSR 0
[2017.06.01-10.20.41:179][525]r.SceneColorFormat = "3"
[2017.06.01-10.20.41:179][525]r.DetailMode = "0"
[2017.06.01-10.20.41:201][525]r.TranslucencyVolumeBlur = "0"
[2017.06.01-10.20.41:201][525]r.MaterialQualityLevel = "0"
[2017.06.01-10.20.41:382][525]r.PostProcessAAQuality = "0"
[2017.06.01-10.20.41:382][525]foliage.DensityScale = "0"
[2017.06.01-10.20.41:382][525]grass.densityScale = "0"
[2017.06.01-10.20.41:382][525]r.ViewDistanceScale = "0.5"
[2017.06.01-10.20.41:382][525]r.StaticMeshLODDistanceScale = "0.25"
[2017.06.01-10.20.41:383][526]LogRenderer: Reallocating scene render targets to support 1920x1080 NumSamples 1 (Frame:1528).
[2017.06.01-10.20.41:384][526]LogContentStreaming: Texture pool size now 200 MB
[2017.06.01-10.20.57:651][514]r.SetRes = "1920x1080f"
[2017.06.01-10.20.57:652][514]r.Streaming.MipBias = "2.5"
[2017.06.01-10.20.57:652][514]r.MaxAnisotropy = "0"
[2017.06.01-10.20.57:652][514]r.Streaming.PoolSize = "200"
[2017.06.01-10.20.57:652][514]r.BloomQuality = "5"
[2017.06.01-10.20.57:652][514]r.LightFunctionQuality = "0"
[2017.06.01-10.20.57:652][514]r.ShadowQuality = "0"
[2017.06.01-10.20.57:652][514]r.Shadow.CSM.MaxCascades = "1"
[2017.06.01-10.20.57:652][514]r.Shadow.MaxResolution = "512"
[2017.06.01-10.20.57:652][514]r.Shadow.RadiusThreshold = "0.06"
[2017.06.01-10.20.57:652][514]r.Shadow.DistanceScale = "0.6"
[2017.06.01-10.20.57:652][514]r.Shadow.CSM.TransitionScale = "0"
[2017.06.01-10.20.57:652][514]r.MotionBlurQuality = "0"
[2017.06.01-10.20.57:652][514]Command not recognized: r.BlurGBuffer 0
[2017.06.01-10.20.57:652][514]r.AmbientOcclusionLevels = "0"
[2017.06.01-10.20.57:652][514]r.AmbientOcclusionRadiusScale = "1.7"
[2017.06.01-10.20.57:652][514]r.DepthOfFieldQuality = "0"
[2017.06.01-10.20.57:652][514]r.RenderTargetPoolMin = "300"
[2017.06.01-10.20.57:652][514]r.LensFlareQuality = "0"
[2017.06.01-10.20.57:652][514]r.SceneColorFringeQuality = "0"
[2017.06.01-10.20.57:652][514]r.EyeAdaptationQuality = "0"
[2017.06.01-10.20.57:652][514]r.FastBlurThreshold = "0"
[2017.06.01-10.20.57:652][514]r.Upscale.Quality = "1"
[2017.06.01-10.20.57:652][514]r.Tonemapper.GrainQuantization = "0"
[2017.06.01-10.20.57:652][514]r.TranslucencyLightingVolumeDim = "24"
[2017.06.01-10.20.57:652][514]r.RefractionQuality = "0"
[2017.06.01-10.20.57:652][514]Command not recognized: r.SSR 0
[2017.06.01-10.20.57:652][514]r.SceneColorFormat = "3"
[2017.06.01-10.20.57:652][514]r.DetailMode = "0"
[2017.06.01-10.20.57:652][514]r.TranslucencyVolumeBlur = "0"
[2017.06.01-10.20.57:652][514]r.MaterialQualityLevel = "0"
[2017.06.01-10.20.57:653][514]r.PostProcessAAQuality = "0"
[2017.06.01-10.20.57:653][514]foliage.DensityScale = "0"
[2017.06.01-10.20.57:653][514]grass.densityScale = "0"
[2017.06.01-10.20.57:653][514]r.ViewDistanceScale = "0.5"
[2017.06.01-10.20.57:653][514]r.StaticMeshLODDistanceScale = "0.25"
[2017.06.01-10.21.03:078][850]r.SetRes = "1920x1080f"
[2017.06.01-10.21.03:078][850]r.Streaming.MipBias = "0"
[2017.06.01-10.21.03:078][850]r.MaxAnisotropy = "8"
[2017.06.01-10.21.03:078][850]r.Streaming.PoolSize = "1000"
[2017.06.01-10.21.03:078][850]r.BloomQuality = "5"
[2017.06.01-10.21.03:078][850]r.LightFunctionQuality = "1"
[2017.06.01-10.21.03:078][850]r.ShadowQuality = "5"
[2017.06.01-10.21.03:079][850]r.Shadow.CSM.MaxCascades = "4"
[2017.06.01-10.21.03:079][850]r.Shadow.MaxResolution = "1024"
[2017.06.01-10.21.03:079][850]r.Shadow.RadiusThreshold = "0.06"
[2017.06.01-10.21.03:079][850]r.Shadow.DistanceScale = "1"
[2017.06.01-10.21.03:079][850]r.Shadow.CSM.TransitionScale = "1"
[2017.06.01-10.21.03:079][850]r.MotionBlurQuality = "4"
[2017.06.01-10.21.03:079][850]Command not recognized: r.BlurGBuffer -1
[2017.06.01-10.21.03:079][850]r.AmbientOcclusionLevels = "3"
[2017.06.01-10.21.03:079][850]r.AmbientOcclusionRadiusScale = "1"
[2017.06.01-10.21.03:079][850]r.DepthOfFieldQuality = "2"
[2017.06.01-10.21.03:079][850]r.RenderTargetPoolMin = "400"
[2017.06.01-10.21.03:079][850]r.LensFlareQuality = "2"
[2017.06.01-10.21.03:079][850]r.SceneColorFringeQuality = "1"
[2017.06.01-10.21.03:079][850]r.EyeAdaptationQuality = "2"
[2017.06.01-10.21.03:079][850]r.FastBlurThreshold = "7"
[2017.06.01-10.21.03:079][850]r.Upscale.Quality = "3"
[2017.06.01-10.21.03:079][850]r.Tonemapper.GrainQuantization = "1"
[2017.06.01-10.21.03:079][850]r.TranslucencyLightingVolumeDim = "64"
[2017.06.01-10.21.03:079][850]r.RefractionQuality = "2"
[2017.06.01-10.21.03:079][850]Command not recognized: r.SSR 1
[2017.06.01-10.21.03:079][850]r.SceneColorFormat = "4"
[2017.06.01-10.21.03:079][850]r.DetailMode = "2"
[2017.06.01-10.21.03:080][850]r.TranslucencyVolumeBlur = "1"
[2017.06.01-10.21.03:080][850]r.MaterialQualityLevel = "1"
[2017.06.01-10.21.03:258][850]r.PostProcessAAQuality = "6"
[2017.06.01-10.21.03:259][850]foliage.DensityScale = "1"
[2017.06.01-10.21.03:259][850]grass.densityScale = "1"
[2017.06.01-10.21.03:259][850]r.ViewDistanceScale = "1.25"
[2017.06.01-10.21.03:259][850]r.StaticMeshLODDistanceScale = "1"
[2017.06.01-10.21.03:260][851]LogRenderer: Reallocating scene render targets to support 1920x1080 NumSamples 1 (Frame:2853).
[2017.06.01-10.21.03:387][856]LogContentStreaming: Texture pool size now 1000 MB
[2017.06.01-10.21.11:918][227]Closing by request
[2017.06.01-10.21.11:918][227]LogWindows: FPlatformMisc::RequestExit(0)
[2017.06.01-10.21.11:940][228]LogMoviePlayer: Shutting down movie player
[2017.06.01-10.21.12:516][228]LogWindowsTextInputMethodSystem:Display: IME system now deactivated.
[2017.06.01-10.21.12:524][228]LogWindowsTextInputMethodSystem:Display: IME system now deactivated.
[2017.06.01-10.21.12:531][228]LogExit: Preparing to exit.
[2017.06.01-10.21.13:664][228]LogExit: Game engine shut down
[2017.06.01-10.21.13:726][228]LogObj: Freed 0b from 0 cluster array pools.
[2017.06.01-10.21.13:726][228]LogExit: Object subsystem successfully closed.
[2017.06.01-10.21.13:740][228]LogD3D11RHI: Shutdown
[2017.06.01-10.21.13:740][228]LogD3D11RHI: CleanupD3DDevice
[2017.06.01-10.21.13:783][228]LogD3D11RHI: ~FD3D11DynamicRHI
[2017.06.01-10.21.13:785][228]LogModuleManager: Shutting down and abandoning module SequenceRecorderSections (264)
[2017.06.01-10.21.13:785][228]LogModuleManager: Shutting down and abandoning module SequenceRecorder (262)
[2017.06.01-10.21.13:785][228]LogModuleManager: Shutting down and abandoning module AutomationController (260)
[2017.06.01-10.21.13:785][228]LogModuleManager: Shutting down and abandoning module AutomationWorker (258)
[2017.06.01-10.21.13:785][228]LogModuleManager: Shutting down and abandoning module AIModule (256)
[2017.06.01-10.21.13:785][228]LogModuleManager: Shutting down and abandoning module GameplayDebugger (255)
[2017.06.01-10.21.13:785][228]LogModuleManager: Shutting down and abandoning module AITestSuite (253)
[2017.06.01-10.21.13:785][228]LogModuleManager: Shutting down and abandoning module WmfMediaFactory (250)
[2017.06.01-10.21.13:785][228]LogModuleManager: Shutting down and abandoning module MfMediaFactory (248)
[2017.06.01-10.21.13:785][228]LogModuleManager: Shutting down and abandoning module AvfMediaFactory (246)
[2017.06.01-10.21.13:785][228]LogModuleManager: Shutting down and abandoning module AndroidMediaFactory (244)
[2017.06.01-10.21.13:785][228]LogModuleManager: Shutting down and abandoning module Media (243)
[2017.06.01-10.21.13:785][228]LogModuleManager: Shutting down and abandoning module CharacterAI (240)
[2017.06.01-10.21.13:785][228]LogModuleManager: Shutting down and abandoning module SessionServices (238)
[2017.06.01-10.21.13:785][228]LogModuleManager: Shutting down and abandoning module MovieSceneCapture (236)
[2017.06.01-10.21.13:785][228]LogModuleManager: Shutting down and abandoning module GeometryCache (234)
[2017.06.01-10.21.13:785][228]LogModuleManager: Shutting down and abandoning module GeometryCacheEd (233)
[2017.06.01-10.21.13:785][228]LogModuleManager: Shutting down and abandoning module Niagara (230)
[2017.06.01-10.21.13:785][228]LogModuleManager: Shutting down and abandoning module StreamingPauseRendering (228)
[2017.06.01-10.21.13:785][228]LogModuleManager: Shutting down and abandoning module PortalServices (226)
[2017.06.01-10.21.13:785][228]LogModuleManager: Shutting down and abandoning module PortalRpc (224)
[2017.06.01-10.21.13:785][228]LogModuleManager: Shutting down and abandoning module MessagingRpc (222)
[2017.06.01-10.21.13:785][228]LogModuleManager: Shutting down and abandoning module ProfilerService (220)
[2017.06.01-10.21.14:026][228]LogModuleManager: Shutting down and abandoning module TaskGraph (218)
[2017.06.01-10.21.14:026][228]LogModuleManager: Shutting down and abandoning module SteamVRController (216)
[2017.06.01-10.21.14:026][228]LogModuleManager: Shutting down and abandoning module SteamVR (214)
[2017.06.01-10.21.14:026][228]LogModuleManager: Shutting down and abandoning module ProceduralMeshComponent (212)
[2017.06.01-10.21.14:026][228]LogModuleManager: Shutting down and abandoning module OculusLibrary (210)
[2017.06.01-10.21.14:026][228]LogModuleManager: Shutting down and abandoning module OculusInput (208)
[2017.06.01-10.21.14:026][228]LogModuleManager: Shutting down and abandoning module MobilePatchingUtils (206)
[2017.06.01-10.21.14:026][228]LogModuleManager: Shutting down and abandoning module CustomMeshComponent (204)
[2017.06.01-10.21.14:026][228]LogModuleManager: Shutting down and abandoning module CableComponent (202)
[2017.06.01-10.21.14:026][228]LogModuleManager: Shutting down and abandoning module ArchVisCharacter (200)
[2017.06.01-10.21.14:026][228]LogModuleManager: Shutting down and abandoning module HTML5Networking (196)
[2017.06.01-10.21.14:026][228]LogModuleManager: Shutting down and abandoning module VisualStudioSourceCodeAccess (194)
[2017.06.01-10.21.14:026][228]LogModuleManager: Shutting down and abandoning module DesktopPlatform (193)
[2017.06.01-10.21.14:026][228]LogModuleManager: Shutting down and abandoning module HotReload (191)
[2017.06.01-10.21.14:026][228]LogModuleManager: Shutting down and abandoning module DirectoryWatcher (190)
[2017.06.01-10.21.14:026][228]LogModuleManager: Shutting down and abandoning module UObjectPlugin (186)
[2017.06.01-10.21.14:026][228]LogModuleManager: Shutting down and abandoning module SubversionSourceControl (184)
[2017.06.01-10.21.14:026][228]LogModuleManager: Shutting down and abandoning module PerforceSourceControl (182)
[2017.06.01-10.21.14:026][228]LogModuleManager: Shutting down and abandoning module SourceControl (181)
[2017.06.01-10.21.14:026][228]LogModuleManager: Shutting down and abandoning module PhysXVehiclesEditor (178)
[2017.06.01-10.21.14:026][228]LogModuleManager: Shutting down and abandoning module PhysXVehicles (176)
[2017.06.01-10.21.14:026][228]LogModuleManager: Shutting down and abandoning module LocationServicesBPLibrary (174)
[2017.06.01-10.21.14:026][228]LogModuleManager: Shutting down and abandoning module UdpMessaging (172)
[2017.06.01-10.21.14:127][228]LogModuleManager: Shutting down and abandoning module TcpMessaging (170)
[2017.06.01-10.21.14:515][228]LogModuleManager: Shutting down and abandoning module GameplayTagsEditor (168)
[2017.06.01-10.21.14:515][228]LogModuleManager: Shutting down and abandoning module FacialAnimation (166)
[2017.06.01-10.21.14:515][228]LogModuleManager: Shutting down and abandoning module LightPropagationVolumeRuntime (164)
[2017.06.01-10.21.14:515][228]LogModuleManager: Shutting down and abandoning module Paper2D (162)
[2017.06.01-10.21.14:515][228]LogModuleManager: Shutting down and abandoning module WindowsMoviePlayer (160)
[2017.06.01-10.21.14:515][228]LogModuleManager: Shutting down and abandoning module WmfMedia (158)
[2017.06.01-10.21.14:515][228]LogModuleManager: Shutting down and abandoning module MfMedia (156)
[2017.06.01-10.21.14:515][228]LogModuleManager: Shutting down and abandoning module MediaAssets (154)
[2017.06.01-10.21.14:515][228]LogModuleManager: Shutting down and abandoning module GameLiveStreaming (152)
[2017.06.01-10.21.14:515][228]LogModuleManager: Shutting down and abandoning module VREditor (150)
[2017.06.01-10.21.14:515][228]LogModuleManager: Shutting down and abandoning module GameplayTasksEditor (148)
[2017.06.01-10.21.14:515][228]LogModuleManager: Shutting down and abandoning module BehaviorTreeEditor (146)
[2017.06.01-10.21.14:515][228]LogModuleManager: Shutting down and abandoning module FunctionalTesting (144)
[2017.06.01-10.21.14:515][228]LogModuleManager: Shutting down and abandoning module CollisionAnalyzer (142)
[2017.06.01-10.21.14:515][228]LogModuleManager: Shutting down and abandoning module UMG (140)
[2017.06.01-10.21.14:515][228]LogModuleManager: Shutting down and abandoning module UMGEditor (139)
[2017.06.01-10.21.14:515][228]LogModuleManager: Shutting down and abandoning module Sequencer (138)
[2017.06.01-10.21.14:515][228]LogModuleManager: Shutting down and abandoning module AssetTools (136)
[2017.06.01-10.21.14:515][228]LogModuleManager: Shutting down and abandoning module MessageLog (135)
[2017.06.01-10.21.14:515][228]LogModuleManager: Shutting down and abandoning module WorkspaceMenuStructure (134)
[2017.06.01-10.21.14:515][228]LogModuleManager: Shutting down and abandoning module SlateReflector (128)
[2017.06.01-10.21.14:515][228]LogModuleManager: Shutting down and abandoning module Slate (126)
[2017.06.01-10.21.14:515][228]LogModuleManager: Shutting down and abandoning module EditorStyle (124)
[2017.06.01-10.21.14:517][228]LogModuleManager: Shutting down and abandoning module Messaging (122)
[2017.06.01-10.21.14:517][228]LogModuleManager: Shutting down and abandoning module SourceCodeAccess (120)
[2017.06.01-10.21.14:517][228]LogModuleManager: Shutting down and abandoning module HeadMountedDisplay (118)
[2017.06.01-10.21.14:517][228]LogModuleManager: Shutting down and abandoning module XAudio2 (116)
[2017.06.01-10.21.14:517][228]LogModuleManager: Shutting down and abandoning module Networking (114)
[2017.06.01-10.21.14:517][228]LogModuleManager: Shutting down and abandoning module Core (110)
[2017.06.01-10.21.14:517][228]LogModuleManager: Shutting down and abandoning module KismetCompiler (108)
[2017.06.01-10.21.14:517][228]LogModuleManager: Shutting down and abandoning module PhysXFormats (106)
[2017.06.01-10.21.14:517][228]LogModuleManager: Shutting down and abandoning module MeshUtilities (104)
[2017.06.01-10.21.14:517][228]LogModuleManager: Shutting down and abandoning module SimplygonSwarm (103)
[2017.06.01-10.21.14:517][228]LogModuleManager: Shutting down and abandoning module SimplygonMeshReduction (101)
[2017.06.01-10.21.14:517][228]LogModuleManager: Shutting down and abandoning module QuadricMeshReduction (99)
[2017.06.01-10.21.14:517][228]LogModuleManager: Shutting down and abandoning module PropertyEditor (97)
[2017.06.01-10.21.14:517][228]LogModuleManager: Shutting down and abandoning module AssetRegistry (94)
[2017.06.01-10.21.14:517][228]LogModuleManager: Shutting down and abandoning module DerivedDataCache (92)
[2017.06.01-10.21.14:764][228]LogDerivedDataCache: Shutdown
[2017.06.01-10.21.14:764][228]LogModuleManager: Shutting down and abandoning module TargetPlatform (90)
[2017.06.01-10.21.14:764][228]LogModuleManager: Shutting down and abandoning module VulkanShaderFormat (89)
[2017.06.01-10.21.14:764][228]LogModuleManager: Shutting down and abandoning module ShaderFormatOpenGL (87)
[2017.06.01-10.21.14:764][228]LogModuleManager: Shutting down and abandoning module ShaderFormatD3D (85)
[2017.06.01-10.21.14:764][228]LogModuleManager: Shutting down and abandoning module MetalShaderFormat (83)
[2017.06.01-10.21.14:764][228]LogModuleManager: Shutting down and abandoning module TextureFormatUncompressed (81)
[2017.06.01-10.21.14:764][228]LogModuleManager: Shutting down and abandoning module TextureFormatPVR (79)
[2017.06.01-10.21.14:764][228]LogModuleManager: Shutting down and abandoning module TextureFormatDXT (77)
[2017.06.01-10.21.14:764][228]LogModuleManager: Shutting down and abandoning module TextureFormatIntelISPCTexComp (75)
[2017.06.01-10.21.14:765][228]LogModuleManager: Shutting down and abandoning module TextureFormatASTC (73)
[2017.06.01-10.21.14:765][228]LogModuleManager: Shutting down and abandoning module ImageWrapper (72)
[2017.06.01-10.21.14:765][228]LogModuleManager: Shutting down and abandoning module TextureFormatAndroid (69)
[2017.06.01-10.21.14:765][228]LogModuleManager: Shutting down and abandoning module AudioFormatOpus (67)
[2017.06.01-10.21.14:765][228]LogModuleManager: Shutting down and abandoning module AudioFormatOgg (65)
[2017.06.01-10.21.14:765][228]LogModuleManager: Shutting down and abandoning module AudioFormatADPCM (63)
[2017.06.01-10.21.14:765][228]LogModuleManager: Shutting down and abandoning module WindowsTargetPlatform (61)
[2017.06.01-10.21.14:765][228]LogModuleManager: Shutting down and abandoning module WindowsServerTargetPlatform (59)
[2017.06.01-10.21.14:765][228]LogModuleManager: Shutting down and abandoning module WindowsNoEditorTargetPlatform (57)
[2017.06.01-10.21.14:765][228]LogModuleManager: Shutting down and abandoning module WindowsClientTargetPlatform (55)
[2017.06.01-10.21.14:765][228]LogModuleManager: Shutting down and abandoning module InputCore (52)
[2017.06.01-10.21.14:765][228]LogModuleManager: Shutting down and abandoning module Settings (50)
[2017.06.01-10.21.14:765][228]LogModuleManager: Shutting down and abandoning module OculusRift (48)
[2017.06.01-10.21.14:765][228]LogModuleManager: Shutting down and abandoning module GearVR (46)
[2017.06.01-10.21.14:765][228]LogModuleManager: Shutting down and abandoning module ExampleDeviceProfileSelector (44)
[2017.06.01-10.21.14:765][228]LogModuleManager: Shutting down and abandoning module OnlineBlueprintSupport (42)
[2017.06.01-10.21.14:765][228]LogModuleManager: Shutting down and abandoning module OnlineSubsystem (38)
[2017.06.01-10.21.14:765][228]LogOnline:Display: Unloading online subsystem: NULL
[2017.06.01-10.21.14:765][228]LogModuleManager: Shutting down and abandoning module XMPP (37)
[2017.06.01-10.21.14:765][228]LogModuleManager: Shutting down and abandoning module HTTP (35)
[2017.06.01-10.21.14:776][228]LogModuleManager: Shutting down and abandoning module SSL (34)
[2017.06.01-10.21.14:777][228]LogModuleManager: Shutting down and abandoning module AudioEditor (30)
[2017.06.01-10.21.14:777][228]LogModuleManager: Shutting down and abandoning module TextureCompressor (28)
[2017.06.01-10.21.14:777][228]LogModuleManager: Shutting down and abandoning module ShaderCore (26)
[2017.06.01-10.21.14:777][228]LogModuleManager: Shutting down and abandoning module Landscape (24)
[2017.06.01-10.21.14:777][228]LogModuleManager: Shutting down and abandoning module SlateRHIRenderer (22)
[2017.06.01-10.21.14:778][228]LogModuleManager: Shutting down and abandoning module OpenGLDrv (20)
[2017.06.01-10.21.14:778][228]LogModuleManager: Shutting down and abandoning module D3D11RHI (18)
[2017.06.01-10.21.14:778][228]LogModuleManager: Shutting down and abandoning module AnimGraphRuntime (16)
[2017.06.01-10.21.14:778][228]LogModuleManager: Shutting down and abandoning module Renderer (14)
[2017.06.01-10.21.14:778][228]LogModuleManager: Shutting down and abandoning module Engine (12)
[2017.06.01-10.21.14:778][228]LogModuleManager: Shutting down and abandoning module CoreUObject (10)
[2017.06.01-10.21.14:778][228]LogModuleManager: Shutting down and abandoning module NetworkFile (8)
[2017.06.01-10.21.14:778][228]LogModuleManager: Shutting down and abandoning module StreamingFile (6)
[2017.06.01-10.21.14:778][228]LogModuleManager: Shutting down and abandoning module SandboxFile (4)
[2017.06.01-10.21.14:778][228]LogModuleManager: Shutting down and abandoning module PakFile (2)
[2017.06.01-10.21.14:779][228]LogExit: Exiting.
[2017.06.01-10.21.14:780][228]Log file closed, 06/01/17 12:21:14
