Log file open, 05/16/17 14:57:36
LogInit:Display: Running engine for game: Naturalis_NPC
LogPlatformFile: Not using cached read wrapper
LogInit:Display: RandInit(-1101810311) SRandInit(-1101810311).
LogTaskGraph: Started task graph with 5 named threads and 6 total threads with 1 sets of task threads.
LogStats: Stats thread started at 0.055558
LogInit: Using libcurl 7.47.1
LogInit:  - built for x86_64-pc-win32
LogInit:  - supports SSL with OpenSSL/1.0.2g
LogInit:  - supports HTTP deflate (compression) using libz 1.2.8
LogInit:  - other features:
LogInit:      CURL_VERSION_SSL
LogInit:      CURL_VERSION_LIBZ
LogInit:      CURL_VERSION_IPV6
LogInit:      CURL_VERSION_ASYNCHDNS
LogInit:      CURL_VERSION_LARGEFILE
LogInit:      CURL_VERSION_IDN
LogInit:  CurlRequestOptions (configurable via config and command line):
LogInit:  - bVerifyPeer = false  - Libcurl will NOT verify peer certificate
LogInit:  - bUseHttpProxy = false  - Libcurl will NOT use HTTP proxy
LogInit:  - bDontReuseConnections = false  - Libcurl will reuse connections
LogInit:  - CertBundlePath = nullptr  - Libcurl will use whatever was configured at build time.
LogInit: Build: ++UE4+Release-4.15-CL-3416026
LogInit: Engine Version: 4.15.2-3416026+++UE4+Release-4.15
LogInit: Compatible Engine Version: 4.15.0-3299760+++UE4+Release-4.15
LogInit: Net CL: 3299760
LogDevObjectVersion: Number of dev versions registered: 14
LogDevObjectVersion:   Dev-Blueprints (B0D832E4-1F89-4F0D-ACCF-7EB736FD4AA2): 8
LogDevObjectVersion:   Dev-Build (E1C64328-A22C-4D53-A36C-8E866417BD8C): 0
LogDevObjectVersion:   Dev-Core (375EC13C-06E4-48FB-B500-84F0262A717E): 2
LogDevObjectVersion:   Dev-Editor (E4B068ED-F494-42E9-A231-DA0B2E46BB41): 14
LogDevObjectVersion:   Dev-Framework (CFFC743F-43B0-4480-9391-14DF171D2073): 22
LogDevObjectVersion:   Dev-Mobile (B02B49B5-BB20-44E9-A304-32B752E40360): 0
LogDevObjectVersion:   Dev-Networking (A4E4105C-59A1-49B5-A7C5-40C4547EDFEE): 0
LogDevObjectVersion:   Dev-Online (39C831C9-5AE6-47DC-9A44-9C173E1C8E7C): 0
LogDevObjectVersion:   Dev-Physics (78F01B33-EBEA-4F98-B9B4-84EACCB95AA2): 0
LogDevObjectVersion:   Dev-Platform (6631380F-2D4D-43E0-8009-CF276956A95A): 0
LogDevObjectVersion:   Dev-Rendering (12F88B9F-8875-4AFC-A67C-D90C383ABD29): 12
LogDevObjectVersion:   Dev-Sequencer (7B5AE74C-D270-4C10-A958-57980B212A5A): 3
LogDevObjectVersion:   Dev-VR (D7296918-1DD6-4BDD-9DE2-64A83CC13884): 0
LogDevObjectVersion:   Dev-LoadTimes (C2A15278-BFE7-4AFE-6C17-90FF531DF755): 1
LogInit: Compiled (64-bit): May  1 2017 13:11:28
LogInit: Compiled with Visual C++: 19.00.23026.00
LogInit: Build Configuration: Development
LogInit: Branch Name: ++UE4+Release-4.15
LogInit: Command line:  
LogInit: Base directory: D:/Program Files (x86)/Epic Games/UE_4.15/Engine/Binaries/Win64/
LogInit: Installed Engine Build: 1
LogInit: Presizing for max 8388607 objects, including 0 objects not considered by GC, pre-allocating 0 bytes for permanent pool.
LogInit: Object subsystem initialized
[2017.05.16-12.57.37:492][  0]LogInit: Selected Device Profile: [Windows]
[2017.05.16-12.57.37:493][  0]LogInit: Applying CVar settings loaded from the selected device profile: [Windows]
[2017.05.16-12.57.37:505][  0]LogInit: Computer: MSI_DAVE
[2017.05.16-12.57.37:505][  0]LogInit: User: Dave
[2017.05.16-12.57.37:505][  0]LogInit: CPU Page size=65536, Cores=2
[2017.05.16-12.57.37:505][  0]LogInit: High frequency timer resolution =2.825494 MHz
[2017.05.16-12.57.37:505][  0]LogMemory: Memory total: Physical=7.9GB (8GB approx)
[2017.05.16-12.57.37:505][  0]LogMemory: Platform Memory Stats for Windows
[2017.05.16-12.57.37:505][  0]LogMemory: Process Physical Memory: 259.48 MB used, 259.48 MB peak
[2017.05.16-12.57.37:505][  0]LogMemory: Process Virtual Memory: 261.92 MB used, 261.92 MB peak
[2017.05.16-12.57.37:505][  0]LogMemory: Physical Memory: 2705.68 MB used,  5403.69 MB free, 8109.36 MB total
[2017.05.16-12.57.37:505][  0]LogMemory: Virtual Memory: 625.40 MB used,  5403.69 MB free, 134217728.00 MB total
[2017.05.16-12.57.37:571][  0]LogTextLocalizationManager: No specific translations for ('en-US') exist, so ('en') translations will be used.
[2017.05.16-12.57.38:226][  0]LogD3D11RHI: D3D11 adapters:
[2017.05.16-12.57.38:248][  0]LogD3D11RHI:    0. 'NVIDIA GeForce 940M' (Feature Level 11_0)
[2017.05.16-12.57.38:248][  0]LogD3D11RHI:       1980/0/4054 MB DedicatedVideo/DedicatedSystem/SharedSystem, Outputs:1, VendorId:0x10de
[2017.05.16-12.57.38:253][  0]LogD3D11RHI:    1. 'Intel(R) HD Graphics 4600' (Feature Level 11_0)
[2017.05.16-12.57.38:253][  0]LogD3D11RHI:       0/0/1792 MB DedicatedVideo/DedicatedSystem/SharedSystem, Outputs:0, VendorId:0x8086
[2017.05.16-12.57.38:254][  0]LogD3D11RHI:    2. 'Microsoft Basic Render Driver' (Feature Level 11_0)
[2017.05.16-12.57.38:254][  0]LogD3D11RHI:       0/0/256 MB DedicatedVideo/DedicatedSystem/SharedSystem, Outputs:0, VendorId:0x1414
[2017.05.16-12.57.38:254][  0]LogD3D11RHI: Chosen D3D11 Adapter: 0
[2017.05.16-12.57.38:261][  0]LogD3D11RHI: Creating new Direct3DDevice
[2017.05.16-12.57.38:261][  0]LogD3D11RHI:     GPU DeviceId: 0x1347 (for the marketing name, search the web for "GPU Device Id")
[2017.05.16-12.57.38:261][  0]LogWindows: EnumDisplayDevices:
[2017.05.16-12.57.38:261][  0]LogWindows:    0. 'Intel(R) HD Graphics 4600' (P:1 D:1)
[2017.05.16-12.57.38:261][  0]LogWindows:    1. 'Intel(R) HD Graphics 4600' (P:0 D:0)
[2017.05.16-12.57.38:261][  0]LogWindows:    2. 'Intel(R) HD Graphics 4600' (P:0 D:0)
[2017.05.16-12.57.38:261][  0]LogWindows: DebugString: PrimaryIsNotTheChoosenAdapter PrimaryIsNotTheChoosenAdapter PrimaryIsNotTheChoosenAdapter FoundDriverCount:0 
[2017.05.16-12.57.38:261][  0]LogD3D11RHI:     Adapter Name: NVIDIA GeForce 940M
[2017.05.16-12.57.38:261][  0]LogD3D11RHI:   Driver Version: Unknown (internal:Unknown, unified:Unknown)
[2017.05.16-12.57.38:261][  0]LogD3D11RHI:      Driver Date: Unknown
[2017.05.16-12.57.38:261][  0]LogRHI: Texture pool is 1361 MB (70% of 1945 MB)
[2017.05.16-12.57.38:273][  0]LogD3D11RHI: [Aftermath] Aftermath enabled but failed to initialize due to reason: DriverVersionNotSupported
[2017.05.16-12.57.38:273][  0]LogD3D11RHI: Async texture creation enabled
[2017.05.16-12.57.38:292][  0]LogD3D11RHI: GPU Timing Frequency: 1000.000000 (Debug: 2 2)
[2017.05.16-12.57.38:292][  0]LogShaderCompilers: Guid format shader working directory is -33 characters bigger than the processId version (C:/Users/Dave/Desktop/School/Y2P4/Unreal Projects/NaturalisSPACE/Naturalis_NPC/Intermediate/Shaders/WorkingDirectory/2800/).
[2017.05.16-12.57.38:292][  0]LogShaderCompilers: Cleaned the shader compiler working directory 'C:/Users/Dave/AppData/Local/Temp/UnrealShaderWorkingDir/E5C11B5B453BE5199CD3829B29BD82E7/'.
[2017.05.16-12.57.38:292][  0]LogShaderCompilers:Display: Using Local Shader Compiler.
[2017.05.16-12.57.39:630][  0]LogTemp:Display: Loaded TP AllDesktopTargetPlatform
[2017.05.16-12.57.39:685][  0]LogTemp:Display: Loaded TP MacClientTargetPlatform
[2017.05.16-12.57.39:741][  0]LogTemp:Display: Loaded TP MacNoEditorTargetPlatform
[2017.05.16-12.57.39:797][  0]LogTemp:Display: Loaded TP MacServerTargetPlatform
[2017.05.16-12.57.39:852][  0]LogTemp:Display: Loaded TP MacTargetPlatform
[2017.05.16-12.57.39:928][  0]LogTemp:Display: Loaded TP WindowsClientTargetPlatform
[2017.05.16-12.57.39:999][  0]LogTemp:Display: Loaded TP WindowsNoEditorTargetPlatform
[2017.05.16-12.57.40:048][  0]LogTemp:Display: Loaded TP WindowsServerTargetPlatform
[2017.05.16-12.57.40:079][  0]LogTemp:Display: Loaded TP WindowsTargetPlatform
[2017.05.16-12.57.40:123][  0]LogTemp:Display: Loaded TP AndroidTargetPlatform
[2017.05.16-12.57.40:165][  0]LogTemp:Display: Loaded TP Android_ASTCTargetPlatform
[2017.05.16-12.57.40:205][  0]LogTemp:Display: Loaded TP Android_ATCTargetPlatform
[2017.05.16-12.57.40:246][  0]LogTemp:Display: Loaded TP Android_DXTTargetPlatform
[2017.05.16-12.57.40:287][  0]LogTemp:Display: Loaded TP Android_ETC1TargetPlatform
[2017.05.16-12.57.40:328][  0]LogTemp:Display: Loaded TP Android_ETC2TargetPlatform
[2017.05.16-12.57.40:409][  0]LogTemp:Display: Loaded TP Android_MultiTargetPlatform
[2017.05.16-12.57.40:409][  0]LogTemp:Display: Loaded TP Android_PVRTCTargetPlatform
[2017.05.16-12.57.40:435][  0]LogTemp:Display: Loaded TP HTML5TargetPlatform
[2017.05.16-12.57.40:520][  0]LogTemp:Display: Loaded TP IOSTargetPlatform
[2017.05.16-12.57.40:554][  0]LogTemp:Display: Loaded TP TVOSTargetPlatform
[2017.05.16-12.57.40:596][  0]LogTemp:Display: Loaded TP LinuxClientTargetPlatform
[2017.05.16-12.57.40:641][  0]LogTemp:Display: Loaded TP LinuxNoEditorTargetPlatform
[2017.05.16-12.57.40:722][  0]LogTemp:Display: Loaded TP LinuxServerTargetPlatform
[2017.05.16-12.57.40:784][  0]LogTemp:Display: Loaded TP LinuxTargetPlatform
[2017.05.16-12.57.40:784][  0]LogTargetPlatformManager:Display: Building Assets For Windows
[2017.05.16-12.57.41:238][  0]LogDerivedDataCache:Display: Max Cache Size: 512 MB
[2017.05.16-12.57.41:334][  0]LogDerivedDataCache: Loaded boot cache 0.10s 50MB C:/Users/Dave/AppData/Local/UnrealEngine/4.15/DerivedDataCache/Boot.ddc.
[2017.05.16-12.57.41:334][  0]LogDerivedDataCache:Display: Loaded Boot cache: C:/Users/Dave/AppData/Local/UnrealEngine/4.15/DerivedDataCache/Boot.ddc
[2017.05.16-12.57.41:334][  0]LogDerivedDataCache: FDerivedDataBackendGraph:  Pak pak cache file C:/Users/Dave/Desktop/School/Y2P4/Unreal Projects/NaturalisSPACE/Naturalis_NPC/DerivedDataCache/DDC.ddp not found, will not use a pak cache.
[2017.05.16-12.57.41:334][  0]LogDerivedDataCache: Unable to find inner node Pak for hierarchical cache Hierarchy.
[2017.05.16-12.57.41:334][  0]LogDerivedDataCache: FDerivedDataBackendGraph:  CompressedPak pak cache file C:/Users/Dave/Desktop/School/Y2P4/Unreal Projects/NaturalisSPACE/Naturalis_NPC/DerivedDataCache/Compressed.ddp not found, will not use a pak cache.
[2017.05.16-12.57.41:334][  0]LogDerivedDataCache: Unable to find inner node CompressedPak for hierarchical cache Hierarchy.
[2017.05.16-12.57.41:377][  0]LogDerivedDataCache:Display: Pak cache opened for reading ../../../Engine/DerivedDataCache/Compressed.ddp.
[2017.05.16-12.57.41:391][  0]LogDerivedDataCache: Using Local data cache path C:/Users/Dave/AppData/Local/UnrealEngine/Common/DerivedDataCache: Writable
[2017.05.16-12.57.41:408][  0]LogSlate: Using Freetype 2.6.0
[2017.05.16-12.57.41:408][  0]LogSlate: SlateFontCache - WITH_FREETYPE: 1, WITH_HARFBUZZ: 1
[2017.05.16-12.57.41:408][  0]LogSlate: SlateFontCache - WITH_FREETYPE: 1, WITH_HARFBUZZ: 1
[2017.05.16-12.57.41:755][  0]LogInit: Selected Device Profile: [Windows]
[2017.05.16-12.57.41:760][  0]LogContentStreaming: Texture pool size is 0.00 MB
[2017.05.16-12.57.41:935][  0]LogMeshUtilities: Using QuadricMeshReduction for automatic static mesh reduction
[2017.05.16-12.57.41:964][  0]LogSimplygon: Simplygon DLL not present - disabling.
[2017.05.16-12.57.41:994][  0]LogMeshUtilities: Using SimplygonSwarm for distributed automatic mesh merging
[2017.05.16-12.57.41:994][  0]LogMeshUtilities: No automatic skeletal mesh reduction module available
[2017.05.16-12.57.41:994][  0]LogMeshUtilities: No automatic mesh merging module available
[2017.05.16-12.57.42:725][  0]LogNetVersion: GetLocalNetworkVersion: CL: 3299760, ProjectName: naturalis_npc, ProjectVersion: , EngineNetworkVersion: 2, GameNetworkVersion: 0, NetworkChecksum: 2670876085
[2017.05.16-12.57.42:766][  0]LogAssetRegistry: FAssetRegistry took 0.0228 seconds to start up
[2017.05.16-12.57.42:847][  0]LogPackageLocalizationCache: Processed 3 localized package path(s) for 2 prioritized culture(s) in 0.041558 seconds
[2017.05.16-12.57.42:856][  0]LogUObjectArray: 32493 objects as part of root set at end of initial load.
[2017.05.16-12.57.42:856][  0]LogUObjectAllocator: 7077024 out of 0 bytes used by permanent object pool.
[2017.05.16-12.57.42:856][  0]LogUObjectArray: CloseDisregardForGC: 0/0 objects in disregard for GC pool
[2017.05.16-12.57.42:901][  0]LogInit: WinSock: version 1.1 (2.2), MaxSocks=32767, MaxUdp=65467
[2017.05.16-12.57.44:117][  0]LogTcpMessaging: Initializing TcpMessaging bridge
[2017.05.16-12.57.44:146][  0]LogUdpMessaging: Initializing bridge on interface 0.0.0.0:0 to multicast group 230.0.0.1:6666.
[2017.05.16-12.57.44:728][  0]LogMaterial: Uniform references updated for custom material expression Custom.
[2017.05.16-12.57.45:221][  0]SourceControl: Info Source control is disabled
[2017.05.16-12.57.45:262][  0]SourceControl: Info Source control is disabled
[2017.05.16-12.57.45:302][  0]SourceControl: Info Source control is disabled
[2017.05.16-12.57.45:332][  0]SourceControl: Info Source control is disabled
[2017.05.16-12.57.46:209][  0]LogEngine: Initializing Engine...
[2017.05.16-12.57.46:209][  0]LogHMD: Failed to initialize OpenVR with code 110
[2017.05.16-12.57.46:323][  0]LogStats: UGameplayTagsManager::ConstructGameplayTagTree: Construct from data asset -  0.000 s
[2017.05.16-12.57.46:323][  0]LogStats: UGameplayTagsManager::ConstructGameplayTagTree: GameplayTagTreeChangedEvent.Broadcast -  0.000 s
[2017.05.16-12.57.46:404][  0]LogAIModule: Creating AISystem for world Untitled
[2017.05.16-12.57.46:411][  0]LogInit: XAudio2 using 'Speakers (Realtek High Definition Audio)' : 2 channels at 48 kHz using 32 bits per sample (channel mask 0x3)
[2017.05.16-12.57.46:432][  0]LogInit: FAudioDevice initialized.
[2017.05.16-12.57.46:465][  0]LogDerivedDataCache: Saved boot cache 0.03s 50MB C:/Users/Dave/AppData/Local/UnrealEngine/4.15/DerivedDataCache/Boot.ddc.
[2017.05.16-12.57.46:477][  0]LogInit: Texture streaming: Enabled
[2017.05.16-12.57.46:535][  0]LogEngineSessionManager: EngineSessionManager initialized
[2017.05.16-12.57.46:637][  0]LogInit: Transaction tracking system initialized
[2017.05.16-12.57.47:040][  0]BlueprintLog: New page: Editor Load
[2017.05.16-12.57.47:922][  0]LocalizationService: Info Localization service is disabled
[2017.05.16-12.57.48:376][  0]LogConsoleResponse:Display: 
[2017.05.16-12.57.48:519][  0]LogCook:Display: Max memory allowance for cook 16384mb min free memory 0mb
[2017.05.16-12.57.48:519][  0]LogCook:Display: Mobile HDR setting 1
[2017.05.16-12.57.49:209][  0]LogFileCache: Scanning file cache for directory 'C:/Users/Dave/Desktop/School/Y2P4/Unreal Projects/NaturalisSPACE/Naturalis_NPC/Content/' took 0.02s
[2017.05.16-12.57.49:209][  0]SourceControl: Info Source control is disabled
[2017.05.16-12.57.49:209][  0]Cmd: MAP LOAD FILE="C:/Users/Dave/Desktop/School/Y2P4/Unreal Projects/NaturalisSPACE/Naturalis_NPC/Content/ThirdPersonBP/Maps/ThirdPersonExampleMap.umap" TEMPLATE=0 SHOWPROGRESS=1 FEATURELEVEL=3
[2017.05.16-12.57.49:209][  0]LightingResults: New page: Lighting Build
[2017.05.16-12.57.49:235][  0]MapCheck: New page: Map Check
[2017.05.16-12.57.49:235][  0]LightingResults: New page: Lighting Build
[2017.05.16-12.57.49:912][  0]LogAIModule: Creating AISystem for world ThirdPersonExampleMap
[2017.05.16-12.57.49:958][  0]LogEditorServer: Finished looking for orphan Actors (0.000 secs)
[2017.05.16-12.57.49:959][  0]Cmd: MAP CHECKDEP NOCLEARLOG
[2017.05.16-12.57.50:017][  0]MapCheck: Info Map check complete: 0 Error(s), 0 Warning(s), took 57.957ms to complete.
[2017.05.16-12.57.50:017][  0]LogFileHelpers: Loading map 'ThirdPersonExampleMap' took 0.808
[2017.05.16-12.57.50:319][  0]LogCollectionManager: Loaded 0 collections in 0.001257 seconds
[2017.05.16-12.57.50:431][  0]LogFileCache: Scanning file cache for directory 'C:/Users/Dave/Desktop/School/Y2P4/Unreal Projects/NaturalisSPACE/Naturalis_NPC/Saved/Collections/' took 0.01s
[2017.05.16-12.57.50:431][  0]LogFileCache: Scanning file cache for directory 'C:/Users/Dave/Desktop/School/Y2P4/Unreal Projects/NaturalisSPACE/Naturalis_NPC/Content/Developers/Dave/Collections/' took 0.01s
[2017.05.16-12.57.50:431][  0]LogFileCache: Scanning file cache for directory 'C:/Users/Dave/Desktop/School/Y2P4/Unreal Projects/NaturalisSPACE/Naturalis_NPC/Content/Collections/' took 0.01s
[2017.05.16-12.57.50:431][  0]LogCollectionManager: Rebuilt the GUID cache for 0 collections in 0.000002 seconds
[2017.05.16-12.57.50:448][  0]LogContentBrowser: Native class hierarchy populated in 0.0166 seconds. Added 2245 classes and 453 folders.
[2017.05.16-12.57.50:536][  0]LogContentBrowser: Native class hierarchy updated for 'WidgetCarousel' in 0.0008 seconds. Added 0 classes and 0 folders.
[2017.05.16-12.57.50:589][  0]LogContentBrowser: Native class hierarchy updated for 'AddContentDialog' in 0.0023 seconds. Added 0 classes and 0 folders.
[2017.05.16-12.57.50:651][  0]LogContentBrowser: Native class hierarchy updated for 'SceneOutliner' in 0.0008 seconds. Added 1 classes and 2 folders.
[2017.05.16-12.57.50:735][  0]LogCrashTracker: Crashtracker disabled due to settings.
[2017.05.16-12.57.50:748][  0]LogUObjectGlobals:Warning: Failed to find object 'Class None.'
[2017.05.16-12.57.50:867][  0]LogContentBrowser: Native class hierarchy updated for 'HierarchicalLODOutliner' in 0.0007 seconds. Added 1 classes and 2 folders.
[2017.05.16-12.57.50:867][  0]LogLoad: (Engine Initialization) Total time: 14.99 seconds
[2017.05.16-12.57.50:867][  0]LogLoad: (Engine Initialization) Total Blueprint compile time: 0.20 seconds
[2017.05.16-12.57.50:867][  0]LogExternalProfiler: Found external profiler: VSPerf
[2017.05.16-12.57.50:867][  0]LogExternalProfiler: Using external profiler: VSPerf
[2017.05.16-12.57.50:887][  0]LogOcInput: OculusInput pre-init called
[2017.05.16-12.57.50:921][  0]LogContentStreaming: Texture pool size now 1000 MB
[2017.05.16-12.57.50:930][  0]LogSlate: Took 0.000340 seconds to synchronously load lazily loaded font '../../../Engine/Content/Slate/Fonts/Roboto-Regular.ttf' (155K)
[2017.05.16-12.57.50:935][  0]LogSlate: Took 0.000194 seconds to synchronously load lazily loaded font '../../../Engine/Content/Slate/Fonts/Roboto-Bold.ttf' (160K)
[2017.05.16-12.57.50:949][  0]LogSlate: Took 0.000240 seconds to synchronously load lazily loaded font '../../../Engine/Content/Editor/Slate/Fonts/FontAwesome.ttf' (139K)
[2017.05.16-12.57.51:150][  0]LogSlate: Took 0.000264 seconds to synchronously load lazily loaded font '../../../Engine/Content/Slate/Fonts/Roboto-Light.ttf' (159K)
[2017.05.16-12.57.51:208][  0]LogRenderer: Reallocating scene render targets to support 1208x576 NumSamples 1 (Frame:2).
[2017.05.16-12.57.51:420][  2]LogAssetRegistry: Asset discovery search completed in 8.6770 seconds
[2017.05.16-12.57.51:420][  2]LogCollectionManager: Rebuilt the object cache for 0 collections in 0.000009 seconds (found 0 objects)
[2017.05.16-12.57.51:420][  2]LogCollectionManager: Fixed up redirectors for 0 collections in 0.000047 seconds (updated 0 objects)
[2017.05.16-12.58.08:948][873]LogSlate: Took 0.000154 seconds to synchronously load lazily loaded font '../../../Engine/Content/Slate/Fonts/Roboto-Light.ttf' (159K)
[2017.05.16-12.58.09:649][873]LogSlate: Took 0.000140 seconds to synchronously load lazily loaded font '../../../Engine/Content/Slate/Fonts/Roboto-Regular.ttf' (155K)
[2017.05.16-12.58.09:834][873]LogContentBrowser: Native class hierarchy updated for 'BlueprintGraph' in 0.0011 seconds. Added 112 classes and 0 folders.
[2017.05.16-12.58.10:953][873]LogSlate: Took 0.023868 seconds to synchronously load lazily loaded font '../../../Engine/Content/Editor/Slate/Fonts/Roboto-BoldCondensed.ttf' (158K)
[2017.05.16-12.58.11:316][874]LogSlate: Took 0.005894 seconds to synchronously load lazily loaded font '../../../Engine/Content/Editor/Slate/Fonts/Roboto-Italic.ttf' (157K)
[2017.05.16-12.59.47:793][973]BlueprintLog: New page: Compile ThirdPersonCharacter_Interact
[2017.05.16-12.59.49:082][  3]LogSavePackage: Save=50.40ms
[2017.05.16-12.59.49:082][  3]LogSavePackage: Moving 'C:/Users/Dave/Desktop/School/Y2P4/Unreal Projects/NaturalisSPACE/Naturalis_NPC/Saved/ThirdPersonCharacter_Interact81D3363C4109429C25DB4590A2AE1922.tmp' to 'C:/Users/Dave/Desktop/School/Y2P4/Unreal Projects/NaturalisSPACE/Naturalis_NPC/Content/System/Interact/ThirdPersonCharacter_Interact.uasset'
[2017.05.16-12.59.49:085][  3]LogSavePackage:Display: Finished SavePackage C:/Users/Dave/Desktop/School/Y2P4/Unreal Projects/NaturalisSPACE/Naturalis_NPC/Content/System/Interact/ThirdPersonCharacter_Interact.uasset
[2017.05.16-13.02.39:400][803]BlueprintLog: New page: Compile ThirdPersonCharacter_Interact
[2017.05.16-13.02.40:515][825]LogSavePackage: Save=92.98ms
[2017.05.16-13.02.40:515][825]LogSavePackage: Moving 'C:/Users/Dave/Desktop/School/Y2P4/Unreal Projects/NaturalisSPACE/Naturalis_NPC/Saved/ThirdPersonCharacter_Interact078204424732F9DD46A953A5EA17014E.tmp' to 'C:/Users/Dave/Desktop/School/Y2P4/Unreal Projects/NaturalisSPACE/Naturalis_NPC/Content/System/Interact/ThirdPersonCharacter_Interact.uasset'
[2017.05.16-13.02.40:518][825]LogSavePackage:Display: Finished SavePackage C:/Users/Dave/Desktop/School/Y2P4/Unreal Projects/NaturalisSPACE/Naturalis_NPC/Content/System/Interact/ThirdPersonCharacter_Interact.uasset
[2017.05.16-13.07.10:433][124]LogSavePackage: Save=68.30ms
[2017.05.16-13.07.10:433][124]LogSavePackage: Moving 'C:/Users/Dave/Desktop/School/Y2P4/Unreal Projects/NaturalisSPACE/Naturalis_NPC/Saved/ThirdPersonCharacter_Interact18581D3648C4342E9FBE57A72F94E56A.tmp' to 'C:/Users/Dave/Desktop/School/Y2P4/Unreal Projects/NaturalisSPACE/Naturalis_NPC/Content/System/Interact/ThirdPersonCharacter_Interact.uasset'
[2017.05.16-13.07.10:436][124]LogSavePackage:Display: Finished SavePackage C:/Users/Dave/Desktop/School/Y2P4/Unreal Projects/NaturalisSPACE/Naturalis_NPC/Content/System/Interact/ThirdPersonCharacter_Interact.uasset
[2017.05.16-13.07.14:399][287]BlueprintLog: New page: Compile ThirdPersonCharacter_Interact
[2017.05.16-13.07.15:968][323]LogSavePackage: Save=108.37ms
[2017.05.16-13.07.15:968][323]LogSavePackage: Moving 'C:/Users/Dave/Desktop/School/Y2P4/Unreal Projects/NaturalisSPACE/Naturalis_NPC/Saved/ThirdPersonCharacter_Interact14B420AE4D3E51C32E35AC85CAB54136.tmp' to 'C:/Users/Dave/Desktop/School/Y2P4/Unreal Projects/NaturalisSPACE/Naturalis_NPC/Content/System/Interact/ThirdPersonCharacter_Interact.uasset'
[2017.05.16-13.07.15:969][323]LogSavePackage:Display: Finished SavePackage C:/Users/Dave/Desktop/School/Y2P4/Unreal Projects/NaturalisSPACE/Naturalis_NPC/Content/System/Interact/ThirdPersonCharacter_Interact.uasset
[2017.05.16-13.10.11:060][615]LogSlate: Took 0.034504 seconds to synchronously load lazily loaded font '../../../Engine/Content/Editor/Slate/Fonts/Roboto-BoldCondensedItalic.ttf' (160K)
[2017.05.16-13.15.18:987][116]BlueprintLog: New page: Compile ThirdPersonCharacter_Interact
[2017.05.16-13.15.20:920][155]LogSavePackage: Save=65.86ms
[2017.05.16-13.15.20:920][155]LogSavePackage: Moving 'C:/Users/Dave/Desktop/School/Y2P4/Unreal Projects/NaturalisSPACE/Naturalis_NPC/Saved/ThirdPersonCharacter_Interact3847E0A94AF7DFE1371A3CAC468AA776.tmp' to 'C:/Users/Dave/Desktop/School/Y2P4/Unreal Projects/NaturalisSPACE/Naturalis_NPC/Content/System/Interact/ThirdPersonCharacter_Interact.uasset'
[2017.05.16-13.15.20:923][155]LogSavePackage:Display: Finished SavePackage C:/Users/Dave/Desktop/School/Y2P4/Unreal Projects/NaturalisSPACE/Naturalis_NPC/Content/System/Interact/ThirdPersonCharacter_Interact.uasset
[2017.05.16-13.17.58:522][ 58]LogSlate: Took 0.000240 seconds to synchronously load lazily loaded font '../../../Engine/Content/Slate/Fonts/Roboto-Light.ttf' (159K)
[2017.05.16-13.18.10:745][593]LogFileHelpers: Editor autosave (incl. sublevels) for '/Game/ThirdPersonBP/Maps/ThirdPersonExampleMap' took 0.041
[2017.05.16-13.18.10:747][593]OBJ SavePackage: Generating thumbnails for [1] asset(s) in package [/Game/System/Interact/ThirdPersonCharacter_Interact] ([1] browsable assets)...
[2017.05.16-13.18.10:773][593]OBJ SavePackage:     Rendered thumbnail for [Blueprint /Game/System/Interact/ThirdPersonCharacter_Interact.ThirdPersonCharacter_Interact]
[2017.05.16-13.18.10:773][593]OBJ SavePackage: Finished generating thumbnails for package [/Game/System/Interact/ThirdPersonCharacter_Interact]
[2017.05.16-13.18.10:848][593]LogSavePackage: Save=69.29ms
[2017.05.16-13.18.10:848][593]LogSavePackage: Moving 'C:/Users/Dave/Desktop/School/Y2P4/Unreal Projects/NaturalisSPACE/Naturalis_NPC/Saved/ThirdPersonCharacter_Interact_Auto181DC04E6426C1B10B4116AB91484CE02.tmp' to 'C:/Users/Dave/Desktop/School/Y2P4/Unreal Projects/NaturalisSPACE/Naturalis_NPC/Saved/Autosaves/Game/System/Interact/ThirdPersonCharacter_Interact_Auto1.uasset'
[2017.05.16-13.18.10:850][593]LogSavePackage:Display: Finished SavePackage C:/Users/Dave/Desktop/School/Y2P4/Unreal Projects/NaturalisSPACE/Naturalis_NPC/Saved/Autosaves/Game/System/Interact/ThirdPersonCharacter_Interact_Auto1.uasset
[2017.05.16-13.18.10:850][593]LogFileHelpers: Auto-saving content packages took 0.104
[2017.05.16-13.25.21:120][316]LogSlate:Warning: Slate: Had to block on waiting for a draw buffer
[2017.05.16-13.25.21:193][316]LogSlate:Warning: Slate: Had to block on waiting for a draw buffer
[2017.05.16-13.25.21:227][316]LogSlate:Warning: Slate: Had to block on waiting for a draw buffer
[2017.05.16-13.25.21:235][316]LogSlate:Warning: Slate: Had to block on waiting for a draw buffer
[2017.05.16-13.25.21:240][316]LogSlate:Warning: Slate: Had to block on waiting for a draw buffer
[2017.05.16-13.25.21:247][316]LogSlate:Warning: Slate: Had to block on waiting for a draw buffer
[2017.05.16-13.25.21:253][316]LogSlate:Warning: Slate: Had to block on waiting for a draw buffer
[2017.05.16-13.25.21:255][316]LogSlate:Warning: Slate: Had to block on waiting for a draw buffer
[2017.05.16-13.25.21:269][316]LogSlate:Warning: Slate: Had to block on waiting for a draw buffer
[2017.05.16-13.25.21:272][316]LogSlate:Warning: Slate: Had to block on waiting for a draw buffer
[2017.05.16-13.25.21:274][316]LogSlate:Warning: Slate: Had to block on waiting for a draw buffer
[2017.05.16-13.25.21:277][316]LogSlate:Warning: Slate: Had to block on waiting for a draw buffer
[2017.05.16-13.25.21:284][316]LogSlate:Warning: Slate: Had to block on waiting for a draw buffer
[2017.05.16-13.25.21:297][316]LogSlate:Warning: Slate: Had to block on waiting for a draw buffer
[2017.05.16-13.25.21:299][316]LogSlate:Warning: Slate: Had to block on waiting for a draw buffer
[2017.05.16-13.25.21:306][316]LogSavePackage: Save=225.46ms
[2017.05.16-13.25.21:306][316]LogSlate:Warning: Slate: Had to block on waiting for a draw buffer
[2017.05.16-13.25.21:306][316]LogSavePackage: Moving 'C:/Users/Dave/Desktop/School/Y2P4/Unreal Projects/NaturalisSPACE/Naturalis_NPC/Saved/BP_LightStudio94F32D36450E07061BB2E9BA70E2B160.tmp' to 'C:/Users/Dave/Desktop/School/Y2P4/Unreal Projects/NaturalisSPACE/Naturalis_NPC/Content/StarterContent/Blueprints/BP_LightStudio.uasset'
[2017.05.16-13.25.21:311][316]LogSlate:Warning: Slate: Had to block on waiting for a draw buffer
[2017.05.16-13.25.21:312][316]LogSavePackage:Display: Finished SavePackage C:/Users/Dave/Desktop/School/Y2P4/Unreal Projects/NaturalisSPACE/Naturalis_NPC/Content/StarterContent/Blueprints/BP_LightStudio.uasset
[2017.05.16-13.25.21:552][317]LogSlate:Warning: Slate: Had to block on waiting for a draw buffer
[2017.05.16-13.25.21:557][317]LogSlate:Warning: Slate: Had to block on waiting for a draw buffer
[2017.05.16-13.25.21:563][317]LogSlate:Warning: Slate: Had to block on waiting for a draw buffer
[2017.05.16-13.25.21:566][317]LogSlate:Warning: Slate: Had to block on waiting for a draw buffer
[2017.05.16-13.25.21:572][317]LogSlate:Warning: Slate: Had to block on waiting for a draw buffer
[2017.05.16-13.25.21:575][317]LogSlate:Warning: Slate: Had to block on waiting for a draw buffer
[2017.05.16-13.25.21:578][317]LogSlate:Warning: Slate: Had to block on waiting for a draw buffer
[2017.05.16-13.25.21:581][317]LogSlate:Warning: Slate: Had to block on waiting for a draw buffer
[2017.05.16-13.25.21:588][317]LogSlate:Warning: Slate: Had to block on waiting for a draw buffer
[2017.05.16-13.25.21:591][317]LogSlate:Warning: Slate: Had to block on waiting for a draw buffer
[2017.05.16-13.25.21:594][317]LogSlate:Warning: Slate: Had to block on waiting for a draw buffer
[2017.05.16-13.25.21:597][317]LogSlate:Warning: Slate: Had to block on waiting for a draw buffer
[2017.05.16-13.25.21:602][317]LogSlate:Warning: Slate: Had to block on waiting for a draw buffer
[2017.05.16-13.25.21:605][317]LogSlate:Warning: Slate: Had to block on waiting for a draw buffer
[2017.05.16-13.25.21:608][317]LogSlate:Warning: Slate: Had to block on waiting for a draw buffer
[2017.05.16-13.25.21:612][317]LogSavePackage: Save=128.20ms
[2017.05.16-13.25.21:613][317]LogSavePackage: Moving 'C:/Users/Dave/Desktop/School/Y2P4/Unreal Projects/NaturalisSPACE/Naturalis_NPC/Saved/Blueprint_CeilingLight4EA3E0E54D386008D8E5D4A79CA3A000.tmp' to 'C:/Users/Dave/Desktop/School/Y2P4/Unreal Projects/NaturalisSPACE/Naturalis_NPC/Content/StarterContent/Blueprints/Blueprint_CeilingLight.uasset'
[2017.05.16-13.25.21:616][317]LogSlate:Warning: Slate: Had to block on waiting for a draw buffer
[2017.05.16-13.25.21:620][317]LogSlate:Warning: Slate: Had to block on waiting for a draw buffer
[2017.05.16-13.25.21:621][317]LogSavePackage:Display: Finished SavePackage C:/Users/Dave/Desktop/School/Y2P4/Unreal Projects/NaturalisSPACE/Naturalis_NPC/Content/StarterContent/Blueprints/Blueprint_CeilingLight.uasset
[2017.05.16-13.25.22:043][318]LogSlate:Warning: Slate: Had to block on waiting for a draw buffer
[2017.05.16-13.25.22:047][318]LogSlate:Warning: Slate: Had to block on waiting for a draw buffer
[2017.05.16-13.25.22:053][318]LogSlate:Warning: Slate: Had to block on waiting for a draw buffer
[2017.05.16-13.25.22:055][318]LogSlate:Warning: Slate: Had to block on waiting for a draw buffer
[2017.05.16-13.25.22:059][318]LogSlate:Warning: Slate: Had to block on waiting for a draw buffer
[2017.05.16-13.25.22:062][318]LogSlate:Warning: Slate: Had to block on waiting for a draw buffer
[2017.05.16-13.25.22:065][318]LogSlate:Warning: Slate: Had to block on waiting for a draw buffer
[2017.05.16-13.25.22:069][318]LogSlate:Warning: Slate: Had to block on waiting for a draw buffer
[2017.05.16-13.25.22:075][318]LogSlate:Warning: Slate: Had to block on waiting for a draw buffer
[2017.05.16-13.25.22:078][318]LogSlate:Warning: Slate: Had to block on waiting for a draw buffer
[2017.05.16-13.25.22:081][318]LogSlate:Warning: Slate: Had to block on waiting for a draw buffer
[2017.05.16-13.25.22:086][318]LogSlate:Warning: Slate: Had to block on waiting for a draw buffer
[2017.05.16-13.25.22:089][318]LogSlate:Warning: Slate: Had to block on waiting for a draw buffer
[2017.05.16-13.25.22:092][318]LogSlate:Warning: Slate: Had to block on waiting for a draw buffer
[2017.05.16-13.25.22:095][318]LogSlate:Warning: Slate: Had to block on waiting for a draw buffer
[2017.05.16-13.25.22:099][318]LogSavePackage: Save=102.39ms
[2017.05.16-13.25.22:100][318]LogSavePackage: Moving 'C:/Users/Dave/Desktop/School/Y2P4/Unreal Projects/NaturalisSPACE/Naturalis_NPC/Saved/Blueprint_Effect_Explosion409483C74AFB9DCC777B09B852875D0D.tmp' to 'C:/Users/Dave/Desktop/School/Y2P4/Unreal Projects/NaturalisSPACE/Naturalis_NPC/Content/StarterContent/Blueprints/Blueprint_Effect_Explosion.uasset'
[2017.05.16-13.25.22:104][318]LogSlate:Warning: Slate: Had to block on waiting for a draw buffer
[2017.05.16-13.25.22:107][318]LogSlate:Warning: Slate: Had to block on waiting for a draw buffer
[2017.05.16-13.25.22:107][318]LogSavePackage:Display: Finished SavePackage C:/Users/Dave/Desktop/School/Y2P4/Unreal Projects/NaturalisSPACE/Naturalis_NPC/Content/StarterContent/Blueprints/Blueprint_Effect_Explosion.uasset
[2017.05.16-13.25.22:426][319]LogSlate:Warning: Slate: Had to block on waiting for a draw buffer
[2017.05.16-13.25.22:431][319]LogSlate:Warning: Slate: Had to block on waiting for a draw buffer
[2017.05.16-13.25.22:435][319]LogSlate:Warning: Slate: Had to block on waiting for a draw buffer
[2017.05.16-13.25.22:438][319]LogSlate:Warning: Slate: Had to block on waiting for a draw buffer
[2017.05.16-13.25.22:441][319]LogSlate:Warning: Slate: Had to block on waiting for a draw buffer
[2017.05.16-13.25.22:445][319]LogSlate:Warning: Slate: Had to block on waiting for a draw buffer
[2017.05.16-13.25.22:448][319]LogSlate:Warning: Slate: Had to block on waiting for a draw buffer
[2017.05.16-13.25.22:452][319]LogSlate:Warning: Slate: Had to block on waiting for a draw buffer
[2017.05.16-13.25.22:458][319]LogSlate:Warning: Slate: Had to block on waiting for a draw buffer
[2017.05.16-13.25.22:461][319]LogSlate:Warning: Slate: Had to block on waiting for a draw buffer
[2017.05.16-13.25.22:464][319]LogSlate:Warning: Slate: Had to block on waiting for a draw buffer
[2017.05.16-13.25.22:467][319]LogSlate:Warning: Slate: Had to block on waiting for a draw buffer
[2017.05.16-13.25.22:471][319]LogSlate:Warning: Slate: Had to block on waiting for a draw buffer
[2017.05.16-13.25.22:474][319]LogSlate:Warning: Slate: Had to block on waiting for a draw buffer
[2017.05.16-13.25.22:478][319]LogSlate:Warning: Slate: Had to block on waiting for a draw buffer
[2017.05.16-13.25.22:483][319]LogSavePackage: Save=103.90ms
[2017.05.16-13.25.22:484][319]LogSavePackage: Moving 'C:/Users/Dave/Desktop/School/Y2P4/Unreal Projects/NaturalisSPACE/Naturalis_NPC/Saved/Blueprint_Effect_Fire4A72B8F0433B0B37982F3B82555024B4.tmp' to 'C:/Users/Dave/Desktop/School/Y2P4/Unreal Projects/NaturalisSPACE/Naturalis_NPC/Content/StarterContent/Blueprints/Blueprint_Effect_Fire.uasset'
[2017.05.16-13.25.22:486][319]LogSlate:Warning: Slate: Had to block on waiting for a draw buffer
[2017.05.16-13.25.22:489][319]LogSlate:Warning: Slate: Had to block on waiting for a draw buffer
[2017.05.16-13.25.22:490][319]LogSavePackage:Display: Finished SavePackage C:/Users/Dave/Desktop/School/Y2P4/Unreal Projects/NaturalisSPACE/Naturalis_NPC/Content/StarterContent/Blueprints/Blueprint_Effect_Fire.uasset
[2017.05.16-13.25.22:626][320]LogSlate:Warning: Slate: Had to block on waiting for a draw buffer
[2017.05.16-13.25.22:630][320]LogSlate:Warning: Slate: Had to block on waiting for a draw buffer
[2017.05.16-13.25.22:634][320]LogSlate:Warning: Slate: Had to block on waiting for a draw buffer
[2017.05.16-13.25.22:639][320]LogSlate:Warning: Slate: Had to block on waiting for a draw buffer
[2017.05.16-13.25.22:642][320]LogSlate:Warning: Slate: Had to block on waiting for a draw buffer
[2017.05.16-13.25.22:646][320]LogSlate:Warning: Slate: Had to block on waiting for a draw buffer
[2017.05.16-13.25.22:648][320]LogSlate:Warning: Slate: Had to block on waiting for a draw buffer
[2017.05.16-13.25.22:652][320]LogSlate:Warning: Slate: Had to block on waiting for a draw buffer
[2017.05.16-13.25.22:658][320]LogSlate:Warning: Slate: Had to block on waiting for a draw buffer
[2017.05.16-13.25.22:661][320]LogSlate:Warning: Slate: Had to block on waiting for a draw buffer
[2017.05.16-13.25.22:664][320]LogSlate:Warning: Slate: Had to block on waiting for a draw buffer
[2017.05.16-13.25.22:667][320]LogSlate:Warning: Slate: Had to block on waiting for a draw buffer
[2017.05.16-13.25.22:671][320]LogSlate:Warning: Slate: Had to block on waiting for a draw buffer
[2017.05.16-13.25.22:675][320]LogSlate:Warning: Slate: Had to block on waiting for a draw buffer
[2017.05.16-13.25.22:679][320]LogSlate:Warning: Slate: Had to block on waiting for a draw buffer
[2017.05.16-13.25.22:706][320]LogSavePackage: Save=119.89ms
[2017.05.16-13.25.22:707][320]LogSavePackage: Moving 'C:/Users/Dave/Desktop/School/Y2P4/Unreal Projects/NaturalisSPACE/Naturalis_NPC/Saved/Blueprint_Effect_Smoke32DAF88B4E219ADA8D734795384B1D81.tmp' to 'C:/Users/Dave/Desktop/School/Y2P4/Unreal Projects/NaturalisSPACE/Naturalis_NPC/Content/StarterContent/Blueprints/Blueprint_Effect_Smoke.uasset'
[2017.05.16-13.25.22:710][320]LogSlate:Warning: Slate: Had to block on waiting for a draw buffer
[2017.05.16-13.25.22:714][320]LogSlate:Warning: Slate: Had to block on waiting for a draw buffer
[2017.05.16-13.25.22:714][320]LogSavePackage:Display: Finished SavePackage C:/Users/Dave/Desktop/School/Y2P4/Unreal Projects/NaturalisSPACE/Naturalis_NPC/Content/StarterContent/Blueprints/Blueprint_Effect_Smoke.uasset
[2017.05.16-13.25.22:874][321]LogSlate:Warning: Slate: Had to block on waiting for a draw buffer
[2017.05.16-13.25.22:879][321]LogSlate:Warning: Slate: Had to block on waiting for a draw buffer
[2017.05.16-13.25.22:883][321]LogSlate:Warning: Slate: Had to block on waiting for a draw buffer
[2017.05.16-13.25.22:888][321]LogSlate:Warning: Slate: Had to block on waiting for a draw buffer
[2017.05.16-13.25.22:891][321]LogSlate:Warning: Slate: Had to block on waiting for a draw buffer
[2017.05.16-13.25.22:895][321]LogSlate:Warning: Slate: Had to block on waiting for a draw buffer
[2017.05.16-13.25.22:898][321]LogSlate:Warning: Slate: Had to block on waiting for a draw buffer
[2017.05.16-13.25.22:902][321]LogSlate:Warning: Slate: Had to block on waiting for a draw buffer
[2017.05.16-13.25.22:908][321]LogSlate:Warning: Slate: Had to block on waiting for a draw buffer
[2017.05.16-13.25.22:912][321]LogSlate:Warning: Slate: Had to block on waiting for a draw buffer
[2017.05.16-13.25.22:915][321]LogSlate:Warning: Slate: Had to block on waiting for a draw buffer
[2017.05.16-13.25.22:919][321]LogSlate:Warning: Slate: Had to block on waiting for a draw buffer
[2017.05.16-13.25.22:922][321]LogSlate:Warning: Slate: Had to block on waiting for a draw buffer
[2017.05.16-13.25.22:927][321]LogSlate:Warning: Slate: Had to block on waiting for a draw buffer
[2017.05.16-13.25.22:930][321]LogSlate:Warning: Slate: Had to block on waiting for a draw buffer
[2017.05.16-13.25.22:934][321]LogSavePackage: Save=113.06ms
[2017.05.16-13.25.22:935][321]LogSavePackage: Moving 'C:/Users/Dave/Desktop/School/Y2P4/Unreal Projects/NaturalisSPACE/Naturalis_NPC/Saved/Blueprint_Effect_Sparks29688D5743969AE85E2E80A9CB2695B1.tmp' to 'C:/Users/Dave/Desktop/School/Y2P4/Unreal Projects/NaturalisSPACE/Naturalis_NPC/Content/StarterContent/Blueprints/Blueprint_Effect_Sparks.uasset'
[2017.05.16-13.25.22:937][321]LogSlate:Warning: Slate: Had to block on waiting for a draw buffer
[2017.05.16-13.25.22:940][321]LogSlate:Warning: Slate: Had to block on waiting for a draw buffer
[2017.05.16-13.25.22:940][321]LogSavePackage:Display: Finished SavePackage C:/Users/Dave/Desktop/School/Y2P4/Unreal Projects/NaturalisSPACE/Naturalis_NPC/Content/StarterContent/Blueprints/Blueprint_Effect_Sparks.uasset
[2017.05.16-13.25.23:076][322]LogSlate:Warning: Slate: Had to block on waiting for a draw buffer
[2017.05.16-13.25.23:081][322]LogSlate:Warning: Slate: Had to block on waiting for a draw buffer
[2017.05.16-13.25.23:087][322]LogSlate:Warning: Slate: Had to block on waiting for a draw buffer
[2017.05.16-13.25.23:090][322]LogSlate:Warning: Slate: Had to block on waiting for a draw buffer
[2017.05.16-13.25.23:093][322]LogSlate:Warning: Slate: Had to block on waiting for a draw buffer
[2017.05.16-13.25.23:096][322]LogSlate:Warning: Slate: Had to block on waiting for a draw buffer
[2017.05.16-13.25.23:099][322]LogSlate:Warning: Slate: Had to block on waiting for a draw buffer
[2017.05.16-13.25.23:103][322]LogSlate:Warning: Slate: Had to block on waiting for a draw buffer
[2017.05.16-13.25.23:110][322]LogSlate:Warning: Slate: Had to block on waiting for a draw buffer
[2017.05.16-13.25.23:114][322]LogSlate:Warning: Slate: Had to block on waiting for a draw buffer
[2017.05.16-13.25.23:118][322]LogSlate:Warning: Slate: Had to block on waiting for a draw buffer
[2017.05.16-13.25.23:121][322]LogSlate:Warning: Slate: Had to block on waiting for a draw buffer
[2017.05.16-13.25.23:126][322]LogSlate:Warning: Slate: Had to block on waiting for a draw buffer
[2017.05.16-13.25.23:128][322]LogSlate:Warning: Slate: Had to block on waiting for a draw buffer
[2017.05.16-13.25.23:131][322]LogSlate:Warning: Slate: Had to block on waiting for a draw buffer
[2017.05.16-13.25.23:136][322]LogSavePackage: Save=99.99ms
[2017.05.16-13.25.23:137][322]LogSavePackage: Moving 'C:/Users/Dave/Desktop/School/Y2P4/Unreal Projects/NaturalisSPACE/Naturalis_NPC/Saved/Blueprint_Effect_SteamC8668F174EDAA61C7BEB2D8110C5AEA4.tmp' to 'C:/Users/Dave/Desktop/School/Y2P4/Unreal Projects/NaturalisSPACE/Naturalis_NPC/Content/StarterContent/Blueprints/Blueprint_Effect_Steam.uasset'
[2017.05.16-13.25.23:139][322]LogSlate:Warning: Slate: Had to block on waiting for a draw buffer
[2017.05.16-13.25.23:142][322]LogSlate:Warning: Slate: Had to block on waiting for a draw buffer
[2017.05.16-13.25.23:142][322]LogSavePackage:Display: Finished SavePackage C:/Users/Dave/Desktop/School/Y2P4/Unreal Projects/NaturalisSPACE/Naturalis_NPC/Content/StarterContent/Blueprints/Blueprint_Effect_Steam.uasset
[2017.05.16-13.25.23:255][323]LogSlate:Warning: Slate: Had to block on waiting for a draw buffer
[2017.05.16-13.25.23:261][323]LogSlate:Warning: Slate: Had to block on waiting for a draw buffer
[2017.05.16-13.25.23:267][323]LogSlate:Warning: Slate: Had to block on waiting for a draw buffer
[2017.05.16-13.25.23:270][323]LogSlate:Warning: Slate: Had to block on waiting for a draw buffer
[2017.05.16-13.25.23:273][323]LogSlate:Warning: Slate: Had to block on waiting for a draw buffer
[2017.05.16-13.25.23:276][323]LogSlate:Warning: Slate: Had to block on waiting for a draw buffer
[2017.05.16-13.25.23:279][323]LogSlate:Warning: Slate: Had to block on waiting for a draw buffer
[2017.05.16-13.25.23:283][323]LogSlate:Warning: Slate: Had to block on waiting for a draw buffer
[2017.05.16-13.25.23:290][323]LogSlate:Warning: Slate: Had to block on waiting for a draw buffer
[2017.05.16-13.25.23:292][323]LogSlate:Warning: Slate: Had to block on waiting for a draw buffer
[2017.05.16-13.25.23:296][323]LogSlate:Warning: Slate: Had to block on waiting for a draw buffer
[2017.05.16-13.25.23:298][323]LogSlate:Warning: Slate: Had to block on waiting for a draw buffer
[2017.05.16-13.25.23:303][323]LogSlate:Warning: Slate: Had to block on waiting for a draw buffer
[2017.05.16-13.25.23:306][323]LogSlate:Warning: Slate: Had to block on waiting for a draw buffer
[2017.05.16-13.25.23:309][323]LogSlate:Warning: Slate: Had to block on waiting for a draw buffer
[2017.05.16-13.25.23:313][323]LogSavePackage: Save=90.13ms
[2017.05.16-13.25.23:314][323]LogSavePackage: Moving 'C:/Users/Dave/Desktop/School/Y2P4/Unreal Projects/NaturalisSPACE/Naturalis_NPC/Saved/Blueprint_WallSconce6729986943A98E71C85D839EAEACF3C7.tmp' to 'C:/Users/Dave/Desktop/School/Y2P4/Unreal Projects/NaturalisSPACE/Naturalis_NPC/Content/StarterContent/Blueprints/Blueprint_WallSconce.uasset'
[2017.05.16-13.25.23:316][323]LogSlate:Warning: Slate: Had to block on waiting for a draw buffer
[2017.05.16-13.25.23:320][323]LogSlate:Warning: Slate: Had to block on waiting for a draw buffer
[2017.05.16-13.25.23:321][323]LogSavePackage:Display: Finished SavePackage C:/Users/Dave/Desktop/School/Y2P4/Unreal Projects/NaturalisSPACE/Naturalis_NPC/Content/StarterContent/Blueprints/Blueprint_WallSconce.uasset
[2017.05.16-13.28.58:761][729]LogFileHelpers: Editor autosave (incl. sublevels) for '/Game/ThirdPersonBP/Maps/ThirdPersonExampleMap' took 0.063
[2017.05.16-13.28.58:763][729]OBJ SavePackage: Generating thumbnails for [1] asset(s) in package [/Game/System/Interact/ThirdPersonCharacter_Interact] ([1] browsable assets)...
[2017.05.16-13.28.58:792][729]OBJ SavePackage:     Rendered thumbnail for [Blueprint /Game/System/Interact/ThirdPersonCharacter_Interact.ThirdPersonCharacter_Interact]
[2017.05.16-13.28.58:792][729]OBJ SavePackage: Finished generating thumbnails for package [/Game/System/Interact/ThirdPersonCharacter_Interact]
[2017.05.16-13.28.58:919][729]LogSavePackage: Save=102.83ms
[2017.05.16-13.28.58:919][729]LogSavePackage: Moving 'C:/Users/Dave/Desktop/School/Y2P4/Unreal Projects/NaturalisSPACE/Naturalis_NPC/Saved/ThirdPersonCharacter_Interact_Auto262AB5C7A411D54AA0EFF6898E5EC9494.tmp' to 'C:/Users/Dave/Desktop/School/Y2P4/Unreal Projects/NaturalisSPACE/Naturalis_NPC/Saved/Autosaves/Game/System/Interact/ThirdPersonCharacter_Interact_Auto2.uasset'
[2017.05.16-13.28.58:921][729]LogSavePackage:Display: Finished SavePackage C:/Users/Dave/Desktop/School/Y2P4/Unreal Projects/NaturalisSPACE/Naturalis_NPC/Saved/Autosaves/Game/System/Interact/ThirdPersonCharacter_Interact_Auto2.uasset
[2017.05.16-13.28.58:921][729]LogFileHelpers: Auto-saving content packages took 0.159
[2017.05.16-13.31.33:846][517]BlueprintLog: New page: Compile ThirdPersonCharacter_Interact
[2017.05.16-13.31.35:281][540]LogSavePackage: Save=69.82ms
[2017.05.16-13.31.35:281][540]LogSavePackage: Moving 'C:/Users/Dave/Desktop/School/Y2P4/Unreal Projects/NaturalisSPACE/Naturalis_NPC/Saved/ThirdPersonCharacter_Interact630395B341BEF8765A4474B79A51E6B1.tmp' to 'C:/Users/Dave/Desktop/School/Y2P4/Unreal Projects/NaturalisSPACE/Naturalis_NPC/Content/System/Interact/ThirdPersonCharacter_Interact.uasset'
[2017.05.16-13.31.35:283][540]LogSavePackage:Display: Finished SavePackage C:/Users/Dave/Desktop/School/Y2P4/Unreal Projects/NaturalisSPACE/Naturalis_NPC/Content/System/Interact/ThirdPersonCharacter_Interact.uasset
[2017.05.16-13.33.47:273][426]BlueprintLog: New page: Compile ThirdPersonCharacter_Interact
[2017.05.16-13.33.48:497][449]LogSavePackage: Save=73.66ms
[2017.05.16-13.33.48:498][449]LogSavePackage: Moving 'C:/Users/Dave/Desktop/School/Y2P4/Unreal Projects/NaturalisSPACE/Naturalis_NPC/Saved/ThirdPersonCharacter_InteractAA307E8D458AE6949F21CA89DDBF9A17.tmp' to 'C:/Users/Dave/Desktop/School/Y2P4/Unreal Projects/NaturalisSPACE/Naturalis_NPC/Content/System/Interact/ThirdPersonCharacter_Interact.uasset'
[2017.05.16-13.33.48:501][449]LogSavePackage:Display: Finished SavePackage C:/Users/Dave/Desktop/School/Y2P4/Unreal Projects/NaturalisSPACE/Naturalis_NPC/Content/System/Interact/ThirdPersonCharacter_Interact.uasset
[2017.05.16-13.34.21:444][812]BlueprintLog: New page: Compile ThirdPersonCharacter_Interact
[2017.05.16-13.34.22:465][826]LogSavePackage: Save=96.23ms
[2017.05.16-13.34.22:465][826]LogSavePackage: Moving 'C:/Users/Dave/Desktop/School/Y2P4/Unreal Projects/NaturalisSPACE/Naturalis_NPC/Saved/ThirdPersonCharacter_Interact937B33DC4C069DAE861E63BBA2D0B4EF.tmp' to 'C:/Users/Dave/Desktop/School/Y2P4/Unreal Projects/NaturalisSPACE/Naturalis_NPC/Content/System/Interact/ThirdPersonCharacter_Interact.uasset'
[2017.05.16-13.34.22:469][826]LogSavePackage:Display: Finished SavePackage C:/Users/Dave/Desktop/School/Y2P4/Unreal Projects/NaturalisSPACE/Naturalis_NPC/Content/System/Interact/ThirdPersonCharacter_Interact.uasset
[2017.05.16-13.34.26:058][987]LogTemp: Repeting last play command: Selected Viewport
[2017.05.16-13.34.26:184][987]LogBlueprintUserMessages: Early PlayInEditor Detection: Level '/Game/ThirdPersonBP/Maps/ThirdPersonExampleMap.ThirdPersonExampleMap:PersistentLevel' has LevelScriptBlueprint '/Game/ThirdPersonBP/Maps/ThirdPersonExampleMap.ThirdPersonExampleMap:PersistentLevel.ThirdPersonExampleMap' with GeneratedClass '/Game/ThirdPersonBP/Maps/ThirdPersonExampleMap.ThirdPersonExampleMap_C' with ClassGeneratedBy '/Game/ThirdPersonBP/Maps/ThirdPersonExampleMap.ThirdPersonExampleMap:PersistentLevel.ThirdPersonExampleMap'
[2017.05.16-13.34.26:184][987]LogPlayLevel: PlayLevel: No blueprints needed recompiling
[2017.05.16-13.34.26:217][987]PIE: New page: PIE session: ThirdPersonExampleMap (May 16, 2017, 5:34:26 PM)
[2017.05.16-13.34.26:217][987]LogPlayLevel: Creating play world package: /Game/ThirdPersonBP/Maps/UEDPIE_0_ThirdPersonExampleMap
[2017.05.16-13.34.26:247][987]LogPlayLevel: PIE: StaticDuplicateObject took: (0.029891s)
[2017.05.16-13.34.26:248][987]LogAIModule: Creating AISystem for world ThirdPersonExampleMap
[2017.05.16-13.34.26:248][987]LogPlayLevel: PIE: World Init took: (0.001358s)
[2017.05.16-13.34.26:249][987]LogPlayLevel: PIE: Created PIE world by copying editor world from /Game/ThirdPersonBP/Maps/ThirdPersonExampleMap.ThirdPersonExampleMap to /Game/ThirdPersonBP/Maps/UEDPIE_0_ThirdPersonExampleMap.ThirdPersonExampleMap (0.031747s)
[2017.05.16-13.34.26:294][987]LogInit: XAudio2 using 'Speakers (Realtek High Definition Audio)' : 2 channels at 48 kHz using 32 bits per sample (channel mask 0x3)
[2017.05.16-13.34.26:304][987]LogInit: FAudioDevice initialized.
[2017.05.16-13.34.26:479][987]LogLoad: Game class is 'ThirdPersonGameMode_C'
[2017.05.16-13.34.26:492][987]LogWorld: Bringing World /Game/ThirdPersonBP/Maps/UEDPIE_0_ThirdPersonExampleMap.ThirdPersonExampleMap up for play (max tick rate 60) at 2017.05.16-15.34.26
[2017.05.16-13.34.26:493][987]LogWorld: Bringing up level for play took: 0.003134
[2017.05.16-13.34.26:561][987]LogContentBrowser: Native class hierarchy updated for 'MovieSceneCapture' in 0.0007 seconds. Added 11 classes and 0 folders.
[2017.05.16-13.34.26:563][987]PIE: Info Play in editor start time for /Game/ThirdPersonBP/Maps/UEDPIE_0_ThirdPersonExampleMap -0.396
[2017.05.16-13.34.26:563][987]LogBlueprintUserMessages: Late PlayInEditor Detection: Level '/Game/ThirdPersonBP/Maps/ThirdPersonExampleMap.ThirdPersonExampleMap:PersistentLevel' has LevelScriptBlueprint '/Game/ThirdPersonBP/Maps/ThirdPersonExampleMap.ThirdPersonExampleMap:PersistentLevel.ThirdPersonExampleMap' with GeneratedClass '/Game/ThirdPersonBP/Maps/ThirdPersonExampleMap.ThirdPersonExampleMap_C' with ClassGeneratedBy '/Game/ThirdPersonBP/Maps/ThirdPersonExampleMap.ThirdPersonExampleMap:PersistentLevel.ThirdPersonExampleMap'
[2017.05.16-13.34.40:399][683]LogBlueprintUserMessages: Early EndPlayMap Detection: Level '/Game/ThirdPersonBP/Maps/ThirdPersonExampleMap.ThirdPersonExampleMap:PersistentLevel' has LevelScriptBlueprint '/Game/ThirdPersonBP/Maps/ThirdPersonExampleMap.ThirdPersonExampleMap:PersistentLevel.ThirdPersonExampleMap' with GeneratedClass '/Game/ThirdPersonBP/Maps/ThirdPersonExampleMap.ThirdPersonExampleMap_C' with ClassGeneratedBy '/Game/ThirdPersonBP/Maps/ThirdPersonExampleMap.ThirdPersonExampleMap:PersistentLevel.ThirdPersonExampleMap'
[2017.05.16-13.34.40:574][683]LogBlueprintUserMessages: Late EndPlayMap Detection: Level '/Game/ThirdPersonBP/Maps/ThirdPersonExampleMap.ThirdPersonExampleMap:PersistentLevel' has LevelScriptBlueprint '/Game/ThirdPersonBP/Maps/ThirdPersonExampleMap.ThirdPersonExampleMap:PersistentLevel.ThirdPersonExampleMap' with GeneratedClass '/Game/ThirdPersonBP/Maps/ThirdPersonExampleMap.ThirdPersonExampleMap_C' with ClassGeneratedBy '/Game/ThirdPersonBP/Maps/ThirdPersonExampleMap.ThirdPersonExampleMap:PersistentLevel.ThirdPersonExampleMap'
[2017.05.16-13.38.00:636][994]BlueprintLog: New page: Compile ThirdPersonCharacter_Interact
[2017.05.16-13.38.02:059][ 22]LogSavePackage: Save=148.52ms
[2017.05.16-13.38.02:059][ 22]LogSavePackage: Moving 'C:/Users/Dave/Desktop/School/Y2P4/Unreal Projects/NaturalisSPACE/Naturalis_NPC/Saved/ThirdPersonCharacter_InteractD21D779A43FD60AF66246A84EDE7475A.tmp' to 'C:/Users/Dave/Desktop/School/Y2P4/Unreal Projects/NaturalisSPACE/Naturalis_NPC/Content/System/Interact/ThirdPersonCharacter_Interact.uasset'
[2017.05.16-13.38.02:062][ 22]LogSavePackage:Display: Finished SavePackage C:/Users/Dave/Desktop/School/Y2P4/Unreal Projects/NaturalisSPACE/Naturalis_NPC/Content/System/Interact/ThirdPersonCharacter_Interact.uasset
[2017.05.16-13.38.14:392][550]LogEditorViewport: Clicking on Actor (LMB): BP_Interact_Parent_C (BP_Interact_Parent)
[2017.05.16-13.38.30:740][ 89]LogRenderer: Reallocating scene render targets to support 1208x696 NumSamples 1 (Frame:72796).
[2017.05.16-13.40.05:292][890]LogSavePackage: Save=152.79ms
[2017.05.16-13.40.05:292][890]LogSavePackage: Moving 'C:/Users/Dave/Desktop/School/Y2P4/Unreal Projects/NaturalisSPACE/Naturalis_NPC/Saved/ThirdPersonExampleMap_Auto3381186234C15932EC8F1D8B1CA010A1A.tmp' to 'C:/Users/Dave/Desktop/School/Y2P4/Unreal Projects/NaturalisSPACE/Naturalis_NPC/Saved/Autosaves/Game/ThirdPersonBP/Maps/ThirdPersonExampleMap_Auto3.umap'
[2017.05.16-13.40.05:306][890]LogSavePackage:Display: Finished SavePackage C:/Users/Dave/Desktop/School/Y2P4/Unreal Projects/NaturalisSPACE/Naturalis_NPC/Saved/Autosaves/Game/ThirdPersonBP/Maps/ThirdPersonExampleMap_Auto3.umap
[2017.05.16-13.40.05:308][890]LogFileHelpers: Editor autosave (incl. sublevels) for '/Game/ThirdPersonBP/Maps/ThirdPersonExampleMap' took 0.231
[2017.05.16-13.40.05:308][890]LogFileHelpers: Editor autosave (incl. sublevels) for all levels took 0.231
[2017.05.16-13.40.05:310][890]OBJ SavePackage: Generating thumbnails for [1] asset(s) in package [/Game/System/Interact/BP_Interact_Parent] ([1] browsable assets)...
[2017.05.16-13.40.05:337][890]OBJ SavePackage:     Rendered thumbnail for [Blueprint /Game/System/Interact/BP_Interact_Parent.BP_Interact_Parent]
[2017.05.16-13.40.05:337][890]OBJ SavePackage: Finished generating thumbnails for package [/Game/System/Interact/BP_Interact_Parent]
[2017.05.16-13.40.05:417][890]LogSavePackage: Save=51.36ms
[2017.05.16-13.40.05:417][890]LogSavePackage: Moving 'C:/Users/Dave/Desktop/School/Y2P4/Unreal Projects/NaturalisSPACE/Naturalis_NPC/Saved/BP_Interact_Parent_Auto3149F47774B40107093B60E9A7E07A282.tmp' to 'C:/Users/Dave/Desktop/School/Y2P4/Unreal Projects/NaturalisSPACE/Naturalis_NPC/Saved/Autosaves/Game/System/Interact/BP_Interact_Parent_Auto3.uasset'
[2017.05.16-13.40.05:419][890]LogSavePackage:Display: Finished SavePackage C:/Users/Dave/Desktop/School/Y2P4/Unreal Projects/NaturalisSPACE/Naturalis_NPC/Saved/Autosaves/Game/System/Interact/BP_Interact_Parent_Auto3.uasset
[2017.05.16-13.40.05:419][890]LogFileHelpers: Auto-saving content packages took 0.109
[2017.05.16-13.40.39:012][915]LogSavePackage: Save=11.33ms
[2017.05.16-13.40.39:012][915]LogSavePackage: Moving 'C:/Users/Dave/Desktop/School/Y2P4/Unreal Projects/NaturalisSPACE/Naturalis_NPC/Saved/BP_Interact_UICEDC3320428DF095612743B92E3C886C.tmp' to 'C:/Users/Dave/Desktop/School/Y2P4/Unreal Projects/NaturalisSPACE/Naturalis_NPC/Content/System/Interact/BP_Interact_UI.uasset'
[2017.05.16-13.40.39:015][915]LogSavePackage:Display: Finished SavePackage C:/Users/Dave/Desktop/School/Y2P4/Unreal Projects/NaturalisSPACE/Naturalis_NPC/Content/System/Interact/BP_Interact_UI.uasset
[2017.05.16-13.41.51:822][802]BlueprintLog: New page: Compile ThirdPersonCharacter_Interact
[2017.05.16-13.43.09:204][881]BlueprintLog: New page: Compile ThirdPersonCharacter_Interact
[2017.05.16-13.47.03:471][334]BlueprintLog: New page: Compile ThirdPersonCharacter_Interact
[2017.05.16-13.47.05:489][357]LogSavePackage: Save=82.14ms
[2017.05.16-13.47.05:489][357]LogSavePackage: Moving 'C:/Users/Dave/Desktop/School/Y2P4/Unreal Projects/NaturalisSPACE/Naturalis_NPC/Saved/ThirdPersonCharacter_Interact79427A7341D326DD487C59A17C724E76.tmp' to 'C:/Users/Dave/Desktop/School/Y2P4/Unreal Projects/NaturalisSPACE/Naturalis_NPC/Content/System/Interact/ThirdPersonCharacter_Interact.uasset'
[2017.05.16-13.47.05:492][357]LogSavePackage:Display: Finished SavePackage C:/Users/Dave/Desktop/School/Y2P4/Unreal Projects/NaturalisSPACE/Naturalis_NPC/Content/System/Interact/ThirdPersonCharacter_Interact.uasset
[2017.05.16-13.47.08:704][476]BlueprintLog: New page: Compile ThirdPersonCharacter_Interact
[2017.05.16-13.47.09:905][488]LogSavePackage: Save=100.40ms
[2017.05.16-13.47.09:905][488]LogSavePackage: Moving 'C:/Users/Dave/Desktop/School/Y2P4/Unreal Projects/NaturalisSPACE/Naturalis_NPC/Saved/ThirdPersonCharacter_InteractEC398E2D4BDF7FDFC661B6B9936FD88A.tmp' to 'C:/Users/Dave/Desktop/School/Y2P4/Unreal Projects/NaturalisSPACE/Naturalis_NPC/Content/System/Interact/ThirdPersonCharacter_Interact.uasset'
[2017.05.16-13.47.09:906][488]LogSavePackage:Display: Finished SavePackage C:/Users/Dave/Desktop/School/Y2P4/Unreal Projects/NaturalisSPACE/Naturalis_NPC/Content/System/Interact/ThirdPersonCharacter_Interact.uasset
[2017.05.16-13.47.15:881][712]LogTemp: Repeting last play command: Selected Viewport
[2017.05.16-13.47.15:987][712]LogBlueprintUserMessages: Early PlayInEditor Detection: Level '/Game/ThirdPersonBP/Maps/ThirdPersonExampleMap.ThirdPersonExampleMap:PersistentLevel' has LevelScriptBlueprint '/Game/ThirdPersonBP/Maps/ThirdPersonExampleMap.ThirdPersonExampleMap:PersistentLevel.ThirdPersonExampleMap' with GeneratedClass '/Game/ThirdPersonBP/Maps/ThirdPersonExampleMap.ThirdPersonExampleMap_C' with ClassGeneratedBy '/Game/ThirdPersonBP/Maps/ThirdPersonExampleMap.ThirdPersonExampleMap:PersistentLevel.ThirdPersonExampleMap'
[2017.05.16-13.47.15:987][712]BlueprintLog: New page: Pre-Play auto-recompile
[2017.05.16-13.47.15:987][712]LogPlayLevel: [PlayLevel] Compiling BP_Interact_UI before play...
[2017.05.16-13.47.16:165][712]LogPlayLevel: PlayLevel: Blueprint regeneration took 177 ms (1 blueprints)
[2017.05.16-13.47.16:165][712]PIE: New page: PIE session: ThirdPersonExampleMap (May 16, 2017, 5:47:16 PM)
[2017.05.16-13.47.16:165][712]LogPlayLevel: Creating play world package: /Game/ThirdPersonBP/Maps/UEDPIE_0_ThirdPersonExampleMap
[2017.05.16-13.47.16:189][712]LogPlayLevel: PIE: StaticDuplicateObject took: (0.024513s)
[2017.05.16-13.47.16:191][712]LogAIModule: Creating AISystem for world ThirdPersonExampleMap
[2017.05.16-13.47.16:191][712]LogPlayLevel: PIE: World Init took: (0.001427s)
[2017.05.16-13.47.16:191][712]LogPlayLevel: PIE: Created PIE world by copying editor world from /Game/ThirdPersonBP/Maps/ThirdPersonExampleMap.ThirdPersonExampleMap to /Game/ThirdPersonBP/Maps/UEDPIE_0_ThirdPersonExampleMap.ThirdPersonExampleMap (0.026429s)
[2017.05.16-13.47.16:238][712]LogInit: XAudio2 using 'Speakers (Realtek High Definition Audio)' : 2 channels at 48 kHz using 32 bits per sample (channel mask 0x3)
[2017.05.16-13.47.16:247][712]LogInit: FAudioDevice initialized.
[2017.05.16-13.47.16:281][712]LogLoad: Game class is 'ThirdPersonGameMode_C'
[2017.05.16-13.47.16:283][712]LogWorld: Bringing World /Game/ThirdPersonBP/Maps/UEDPIE_0_ThirdPersonExampleMap.ThirdPersonExampleMap up for play (max tick rate 60) at 2017.05.16-15.47.16
[2017.05.16-13.47.16:284][712]LogWorld: Bringing up level for play took: 0.002776
[2017.05.16-13.47.16:314][712]PIE: Info Play in editor start time for /Game/ThirdPersonBP/Maps/UEDPIE_0_ThirdPersonExampleMap -0.645
[2017.05.16-13.47.16:315][712]LogBlueprintUserMessages: Late PlayInEditor Detection: Level '/Game/ThirdPersonBP/Maps/ThirdPersonExampleMap.ThirdPersonExampleMap:PersistentLevel' has LevelScriptBlueprint '/Game/ThirdPersonBP/Maps/ThirdPersonExampleMap.ThirdPersonExampleMap:PersistentLevel.ThirdPersonExampleMap' with GeneratedClass '/Game/ThirdPersonBP/Maps/ThirdPersonExampleMap.ThirdPersonExampleMap_C' with ClassGeneratedBy '/Game/ThirdPersonBP/Maps/ThirdPersonExampleMap.ThirdPersonExampleMap:PersistentLevel.ThirdPersonExampleMap'
[2017.05.16-13.47.32:735][537]LogBlueprintUserMessages: Early EndPlayMap Detection: Level '/Game/ThirdPersonBP/Maps/ThirdPersonExampleMap.ThirdPersonExampleMap:PersistentLevel' has LevelScriptBlueprint '/Game/ThirdPersonBP/Maps/ThirdPersonExampleMap.ThirdPersonExampleMap:PersistentLevel.ThirdPersonExampleMap' with GeneratedClass '/Game/ThirdPersonBP/Maps/ThirdPersonExampleMap.ThirdPersonExampleMap_C' with ClassGeneratedBy '/Game/ThirdPersonBP/Maps/ThirdPersonExampleMap.ThirdPersonExampleMap:PersistentLevel.ThirdPersonExampleMap'
[2017.05.16-13.47.32:815][537]LogBlueprintUserMessages: Late EndPlayMap Detection: Level '/Game/ThirdPersonBP/Maps/ThirdPersonExampleMap.ThirdPersonExampleMap:PersistentLevel' has LevelScriptBlueprint '/Game/ThirdPersonBP/Maps/ThirdPersonExampleMap.ThirdPersonExampleMap:PersistentLevel.ThirdPersonExampleMap' with GeneratedClass '/Game/ThirdPersonBP/Maps/ThirdPersonExampleMap.ThirdPersonExampleMap_C' with ClassGeneratedBy '/Game/ThirdPersonBP/Maps/ThirdPersonExampleMap.ThirdPersonExampleMap:PersistentLevel.ThirdPersonExampleMap'
[2017.05.16-13.48.13:515][284]LogSavePackage: Save=141.10ms
[2017.05.16-13.48.13:515][284]LogSavePackage: Moving 'C:/Users/Dave/Desktop/School/Y2P4/Unreal Projects/NaturalisSPACE/Naturalis_NPC/Saved/ThirdPersonCharacter_Interact26C99AAC4C1223319172F7B487DA3073.tmp' to 'C:/Users/Dave/Desktop/School/Y2P4/Unreal Projects/NaturalisSPACE/Naturalis_NPC/Content/System/Interact/ThirdPersonCharacter_Interact.uasset'
[2017.05.16-13.48.13:519][284]LogSavePackage:Display: Finished SavePackage C:/Users/Dave/Desktop/School/Y2P4/Unreal Projects/NaturalisSPACE/Naturalis_NPC/Content/System/Interact/ThirdPersonCharacter_Interact.uasset
[2017.05.16-13.48.18:467][454]BlueprintLog: New page: Compile BP_Interact_Parent
[2017.05.16-13.48.19:561][471]LogSavePackage: Save=39.19ms
[2017.05.16-13.48.19:561][471]LogSavePackage: Moving 'C:/Users/Dave/Desktop/School/Y2P4/Unreal Projects/NaturalisSPACE/Naturalis_NPC/Saved/BP_Interact_ParentA96324EA4EF4AEE1BF397BAE408F5907.tmp' to 'C:/Users/Dave/Desktop/School/Y2P4/Unreal Projects/NaturalisSPACE/Naturalis_NPC/Content/System/Interact/BP_Interact_Parent.uasset'
[2017.05.16-13.48.19:590][471]LogSavePackage:Display: Finished SavePackage C:/Users/Dave/Desktop/School/Y2P4/Unreal Projects/NaturalisSPACE/Naturalis_NPC/Content/System/Interact/BP_Interact_Parent.uasset
[2017.05.16-13.48.27:764][756]LogTemp: Repeting last play command: Selected Viewport
[2017.05.16-13.48.27:795][756]LogBlueprintUserMessages: Early PlayInEditor Detection: Level '/Game/ThirdPersonBP/Maps/ThirdPersonExampleMap.ThirdPersonExampleMap:PersistentLevel' has LevelScriptBlueprint '/Game/ThirdPersonBP/Maps/ThirdPersonExampleMap.ThirdPersonExampleMap:PersistentLevel.ThirdPersonExampleMap' with GeneratedClass '/Game/ThirdPersonBP/Maps/ThirdPersonExampleMap.ThirdPersonExampleMap_C' with ClassGeneratedBy '/Game/ThirdPersonBP/Maps/ThirdPersonExampleMap.ThirdPersonExampleMap:PersistentLevel.ThirdPersonExampleMap'
[2017.05.16-13.48.27:795][756]BlueprintLog: New page: Pre-Play auto-recompile
[2017.05.16-13.48.27:795][756]LogPlayLevel: [PlayLevel] Compiling ThirdPersonCharacter_Interact before play...
[2017.05.16-13.48.28:042][756]LogPlayLevel: PlayLevel: Blueprint regeneration took 247 ms (1 blueprints)
[2017.05.16-13.48.28:042][756]PIE: New page: PIE session: ThirdPersonExampleMap (May 16, 2017, 5:48:28 PM)
[2017.05.16-13.48.28:042][756]LogPlayLevel: Creating play world package: /Game/ThirdPersonBP/Maps/UEDPIE_0_ThirdPersonExampleMap
[2017.05.16-13.48.28:067][756]LogPlayLevel: PIE: StaticDuplicateObject took: (0.024617s)
[2017.05.16-13.48.28:068][756]LogAIModule: Creating AISystem for world ThirdPersonExampleMap
[2017.05.16-13.48.28:068][756]LogPlayLevel: PIE: World Init took: (0.001371s)
[2017.05.16-13.48.28:069][756]LogPlayLevel: PIE: Created PIE world by copying editor world from /Game/ThirdPersonBP/Maps/ThirdPersonExampleMap.ThirdPersonExampleMap to /Game/ThirdPersonBP/Maps/UEDPIE_0_ThirdPersonExampleMap.ThirdPersonExampleMap (0.026437s)
[2017.05.16-13.48.28:116][756]LogInit: XAudio2 using 'Speakers (Realtek High Definition Audio)' : 2 channels at 48 kHz using 32 bits per sample (channel mask 0x3)
[2017.05.16-13.48.28:124][756]LogInit: FAudioDevice initialized.
[2017.05.16-13.48.28:160][756]LogLoad: Game class is 'ThirdPersonGameMode_C'
[2017.05.16-13.48.28:162][756]LogWorld: Bringing World /Game/ThirdPersonBP/Maps/UEDPIE_0_ThirdPersonExampleMap.ThirdPersonExampleMap up for play (max tick rate 60) at 2017.05.16-15.48.28
[2017.05.16-13.48.28:163][756]LogWorld: Bringing up level for play took: 0.002742
[2017.05.16-13.48.28:165][756]PIE: Info Play in editor start time for /Game/ThirdPersonBP/Maps/UEDPIE_0_ThirdPersonExampleMap 1.206
[2017.05.16-13.48.28:165][756]LogBlueprintUserMessages: Late PlayInEditor Detection: Level '/Game/ThirdPersonBP/Maps/ThirdPersonExampleMap.ThirdPersonExampleMap:PersistentLevel' has LevelScriptBlueprint '/Game/ThirdPersonBP/Maps/ThirdPersonExampleMap.ThirdPersonExampleMap:PersistentLevel.ThirdPersonExampleMap' with GeneratedClass '/Game/ThirdPersonBP/Maps/ThirdPersonExampleMap.ThirdPersonExampleMap_C' with ClassGeneratedBy '/Game/ThirdPersonBP/Maps/ThirdPersonExampleMap.ThirdPersonExampleMap:PersistentLevel.ThirdPersonExampleMap'
[2017.05.16-13.48.45:708][626]LogBlueprintUserMessages: [BP_Interact_Parent_182] INTERACTED
[2017.05.16-13.48.46:738][679]LogBlueprintUserMessages: [BP_Interact_Parent_182] INTERACTED
[2017.05.16-13.48.46:913][688]LogBlueprintUserMessages: [BP_Interact_Parent_182] INTERACTED
[2017.05.16-13.48.47:090][697]LogBlueprintUserMessages: [BP_Interact_Parent_182] INTERACTED
[2017.05.16-13.48.47:246][705]LogBlueprintUserMessages: [BP_Interact_Parent_182] INTERACTED
[2017.05.16-13.48.47:398][713]LogBlueprintUserMessages: [BP_Interact_Parent_182] INTERACTED
[2017.05.16-13.48.47:556][721]LogBlueprintUserMessages: [BP_Interact_Parent_182] INTERACTED
[2017.05.16-13.48.47:703][729]LogBlueprintUserMessages: [BP_Interact_Parent_182] INTERACTED
[2017.05.16-13.48.47:897][739]LogBlueprintUserMessages: [BP_Interact_Parent_182] INTERACTED
[2017.05.16-13.50.01:263][543]LogBlueprintUserMessages: [BP_Interact_Parent_182] INTERACTED
[2017.05.16-13.50.01:439][552]LogBlueprintUserMessages: [BP_Interact_Parent_182] INTERACTED
[2017.05.16-13.50.01:627][562]LogBlueprintUserMessages: [BP_Interact_Parent_182] INTERACTED
[2017.05.16-13.50.01:953][579]LogBlueprintUserMessages: [BP_Interact_Parent_182] INTERACTED
[2017.05.16-13.50.02:125][588]LogBlueprintUserMessages: [BP_Interact_Parent_182] INTERACTED
[2017.05.16-13.50.02:305][597]LogBlueprintUserMessages: [BP_Interact_Parent_182] INTERACTED
[2017.05.16-13.50.02:497][607]LogBlueprintUserMessages: [BP_Interact_Parent_182] INTERACTED
[2017.05.16-13.50.02:691][617]LogBlueprintUserMessages: [BP_Interact_Parent_182] INTERACTED
[2017.05.16-13.50.02:888][627]LogBlueprintUserMessages: [BP_Interact_Parent_182] INTERACTED
[2017.05.16-13.50.03:057][636]LogBlueprintUserMessages: [BP_Interact_Parent_182] INTERACTED
[2017.05.16-13.50.03:229][645]LogBlueprintUserMessages: [BP_Interact_Parent_182] INTERACTED
[2017.05.16-13.51.43:903][803]LogBlueprintUserMessages: Early EndPlayMap Detection: Level '/Game/ThirdPersonBP/Maps/ThirdPersonExampleMap.ThirdPersonExampleMap:PersistentLevel' has LevelScriptBlueprint '/Game/ThirdPersonBP/Maps/ThirdPersonExampleMap.ThirdPersonExampleMap:PersistentLevel.ThirdPersonExampleMap' with GeneratedClass '/Game/ThirdPersonBP/Maps/ThirdPersonExampleMap.ThirdPersonExampleMap_C' with ClassGeneratedBy '/Game/ThirdPersonBP/Maps/ThirdPersonExampleMap.ThirdPersonExampleMap:PersistentLevel.ThirdPersonExampleMap'
[2017.05.16-13.51.43:970][803]LogBlueprintUserMessages: Late EndPlayMap Detection: Level '/Game/ThirdPersonBP/Maps/ThirdPersonExampleMap.ThirdPersonExampleMap:PersistentLevel' has LevelScriptBlueprint '/Game/ThirdPersonBP/Maps/ThirdPersonExampleMap.ThirdPersonExampleMap:PersistentLevel.ThirdPersonExampleMap' with GeneratedClass '/Game/ThirdPersonBP/Maps/ThirdPersonExampleMap.ThirdPersonExampleMap_C' with ClassGeneratedBy '/Game/ThirdPersonBP/Maps/ThirdPersonExampleMap.ThirdPersonExampleMap:PersistentLevel.ThirdPersonExampleMap'
[2017.05.16-13.53.38:939][526]LogSavePackage: Save=165.42ms
[2017.05.16-13.53.38:939][526]LogSavePackage: Moving 'C:/Users/Dave/Desktop/School/Y2P4/Unreal Projects/NaturalisSPACE/Naturalis_NPC/Saved/ThirdPersonExampleMap_Auto4A51E27C14B81EAC35BE2E2B548EF664D.tmp' to 'C:/Users/Dave/Desktop/School/Y2P4/Unreal Projects/NaturalisSPACE/Naturalis_NPC/Saved/Autosaves/Game/ThirdPersonBP/Maps/ThirdPersonExampleMap_Auto4.umap'
[2017.05.16-13.53.38:941][526]LogSavePackage:Display: Finished SavePackage C:/Users/Dave/Desktop/School/Y2P4/Unreal Projects/NaturalisSPACE/Naturalis_NPC/Saved/Autosaves/Game/ThirdPersonBP/Maps/ThirdPersonExampleMap_Auto4.umap
[2017.05.16-13.53.38:943][526]LogFileHelpers: Editor autosave (incl. sublevels) for '/Game/ThirdPersonBP/Maps/ThirdPersonExampleMap' took 0.235
[2017.05.16-13.53.38:943][526]LogFileHelpers: Editor autosave (incl. sublevels) for all levels took 0.235
[2017.05.16-13.53.38:946][526]OBJ SavePackage: Generating thumbnails for [1] asset(s) in package [/Game/System/Interact/ThirdPersonCharacter_Interact] ([1] browsable assets)...
[2017.05.16-13.53.38:975][526]OBJ SavePackage:     Rendered thumbnail for [Blueprint /Game/System/Interact/ThirdPersonCharacter_Interact.ThirdPersonCharacter_Interact]
[2017.05.16-13.53.38:975][526]OBJ SavePackage: Finished generating thumbnails for package [/Game/System/Interact/ThirdPersonCharacter_Interact]
[2017.05.16-13.53.39:083][526]LogSavePackage: Save=97.01ms
[2017.05.16-13.53.39:083][526]LogSavePackage: Moving 'C:/Users/Dave/Desktop/School/Y2P4/Unreal Projects/NaturalisSPACE/Naturalis_NPC/Saved/ThirdPersonCharacter_Interact_Auto4C90E02F04049D22EFFEA43B0E78F3B65.tmp' to 'C:/Users/Dave/Desktop/School/Y2P4/Unreal Projects/NaturalisSPACE/Naturalis_NPC/Saved/Autosaves/Game/System/Interact/ThirdPersonCharacter_Interact_Auto4.uasset'
[2017.05.16-13.53.39:084][526]LogSavePackage:Display: Finished SavePackage C:/Users/Dave/Desktop/School/Y2P4/Unreal Projects/NaturalisSPACE/Naturalis_NPC/Saved/Autosaves/Game/System/Interact/ThirdPersonCharacter_Interact_Auto4.uasset
[2017.05.16-13.53.39:084][526]LogFileHelpers: Auto-saving content packages took 0.139
[2017.05.16-13.53.45:895][754]LogActorComponent: UnregisterComponent: (/Engine/Transient.EditorFloorComp) Not registered. Aborting.
[2017.05.16-13.53.50:222][930]LogSavePackage: Save=132.17ms
[2017.05.16-13.53.50:222][930]LogSavePackage: Moving 'C:/Users/Dave/Desktop/School/Y2P4/Unreal Projects/NaturalisSPACE/Naturalis_NPC/Saved/ThirdPersonExampleMapA0377735440622F58BE7B08D259D0F47.tmp' to 'C:/Users/Dave/Desktop/School/Y2P4/Unreal Projects/NaturalisSPACE/Naturalis_NPC/Content/ThirdPersonBP/Maps/ThirdPersonExampleMap.umap'
[2017.05.16-13.53.50:227][930]LogSavePackage:Display: Finished SavePackage C:/Users/Dave/Desktop/School/Y2P4/Unreal Projects/NaturalisSPACE/Naturalis_NPC/Content/ThirdPersonBP/Maps/ThirdPersonExampleMap.umap
[2017.05.16-13.53.50:254][930]LogFileHelpers: Saving map 'ThirdPersonExampleMap' took 0.253
[2017.05.16-13.53.50:331][930]LogSavePackage: Save=69.12ms
[2017.05.16-13.53.50:331][930]LogSavePackage: Moving 'C:/Users/Dave/Desktop/School/Y2P4/Unreal Projects/NaturalisSPACE/Naturalis_NPC/Saved/ThirdPersonCharacter_Interact4D1F90B34A94FCA9DAB397909C18B1F0.tmp' to 'C:/Users/Dave/Desktop/School/Y2P4/Unreal Projects/NaturalisSPACE/Naturalis_NPC/Content/System/Interact/ThirdPersonCharacter_Interact.uasset'
[2017.05.16-13.53.50:334][930]LogSavePackage:Display: Finished SavePackage C:/Users/Dave/Desktop/School/Y2P4/Unreal Projects/NaturalisSPACE/Naturalis_NPC/Content/System/Interact/ThirdPersonCharacter_Interact.uasset
[2017.05.16-13.53.57:730][280]LogWindowsTextInputMethodSystem:Display: IME system now deactivated.
[2017.05.16-13.53.57:971][281]Cmd: QUIT_EDITOR
[2017.05.16-13.53.58:997][281]LogExit: Preparing to exit.
[2017.05.16-13.54.00:074][281]LogExit: Editor shut down
[2017.05.16-13.54.00:075][281]LogExit: Transaction tracking system shut down
[2017.05.16-13.54.00:184][281]LogObj: Freed 0b from 0 cluster array pools.
[2017.05.16-13.54.00:184][281]LogExit: Object subsystem successfully closed.
[2017.05.16-13.54.00:201][281]LogD3D11RHI: Shutdown
[2017.05.16-13.54.00:201][281]LogD3D11RHI: CleanupD3DDevice
[2017.05.16-13.54.00:304][281]LogD3D11RHI: ~FD3D11DynamicRHI
[2017.05.16-13.54.00:319][281]LogModuleManager: Shutting down and abandoning module SequencerWidgets (506)
[2017.05.16-13.54.00:319][281]LogModuleManager: Shutting down and abandoning module MovieSceneCapture (504)
[2017.05.16-13.54.00:319][281]LogModuleManager: Shutting down and abandoning module BlueprintGraph (502)
[2017.05.16-13.54.00:319][281]LogModuleManager: Shutting down and abandoning module BlueprintProfiler (500)
[2017.05.16-13.54.00:321][281]LogModuleManager: Shutting down and abandoning module HierarchicalLODOutliner (498)
[2017.05.16-13.54.00:321][281]LogModuleManager: Shutting down and abandoning module CrashTracker (496)
[2017.05.16-13.54.00:321][281]LogModuleManager: Shutting down and abandoning module SceneOutliner (494)
[2017.05.16-13.54.00:321][281]LogModuleManager: Shutting down and abandoning module AddContentDialog (492)
[2017.05.16-13.54.00:321][281]LogDirectoryWatcher: A directory notification for 'D:/Program Files (x86)/Epic Games/UE_4.15/FeaturePacks/' was aborted.
[2017.05.16-13.54.00:323][281]LogModuleManager: Shutting down and abandoning module WidgetCarousel (491)
[2017.05.16-13.54.00:323][281]LogModuleManager: Shutting down and abandoning module EditorWidgets (488)
[2017.05.16-13.54.00:323][281]LogModuleManager: Shutting down and abandoning module CollectionManager (486)
[2017.05.16-13.54.00:323][281]LogDirectoryWatcher: A directory notification for 'C:/Users/Dave/Desktop/School/Y2P4/Unreal Projects/NaturalisSPACE/Naturalis_NPC/Content/Collections/' was aborted.
[2017.05.16-13.54.00:323][281]LogDirectoryWatcher: A directory notification for 'C:/Users/Dave/Desktop/School/Y2P4/Unreal Projects/NaturalisSPACE/Naturalis_NPC/Content/Developers/Dave/Collections/' was aborted.
[2017.05.16-13.54.00:324][281]LogDirectoryWatcher: A directory notification for 'C:/Users/Dave/Desktop/School/Y2P4/Unreal Projects/NaturalisSPACE/Naturalis_NPC/Saved/Collections/' was aborted.
[2017.05.16-13.54.00:324][281]LogModuleManager: Shutting down and abandoning module StatsViewer (484)
[2017.05.16-13.54.00:324][281]LogModuleManager: Shutting down and abandoning module FoliageEdit (482)
[2017.05.16-13.54.00:324][281]LogModuleManager: Shutting down and abandoning module LandscapeEditor (480)
[2017.05.16-13.54.00:324][281]LogModuleManager: Shutting down and abandoning module SceneDepthPickerMode (478)
[2017.05.16-13.54.00:324][281]LogModuleManager: Shutting down and abandoning module ActorPickerMode (476)
[2017.05.16-13.54.00:324][281]LogModuleManager: Shutting down and abandoning module GeometryMode (474)
[2017.05.16-13.54.00:324][281]LogModuleManager: Shutting down and abandoning module TextureAlignMode (472)
[2017.05.16-13.54.00:324][281]LogModuleManager: Shutting down and abandoning module BspMode (470)
[2017.05.16-13.54.00:324][281]LogModuleManager: Shutting down and abandoning module HardwareSurvey (468)
[2017.05.16-13.54.00:324][281]LogModuleManager: Shutting down and abandoning module SequenceRecorderSections (466)
[2017.05.16-13.54.00:324][281]LogModuleManager: Shutting down and abandoning module AutomationWorker (464)
[2017.05.16-13.54.00:324][281]LogModuleManager: Shutting down and abandoning module MatineeToLevelSequence (462)
[2017.05.16-13.54.00:324][281]LogModuleManager: Shutting down and abandoning module LevelSequenceEditor (460)
[2017.05.16-13.54.00:324][281]LogModuleManager: Shutting down and abandoning module PlacementMode (459)
[2017.05.16-13.54.00:324][281]LogModuleManager: Shutting down and abandoning module WmfMediaFactory (456)
[2017.05.16-13.54.00:324][281]LogModuleManager: Shutting down and abandoning module WmfMediaEditor (454)
[2017.05.16-13.54.00:324][281]LogModuleManager: Shutting down and abandoning module MfMediaFactory (452)
[2017.05.16-13.54.00:324][281]LogModuleManager: Shutting down and abandoning module MfMediaEditor (450)
[2017.05.16-13.54.00:324][281]LogModuleManager: Shutting down and abandoning module AvfMediaFactory (448)
[2017.05.16-13.54.00:324][281]LogModuleManager: Shutting down and abandoning module AvfMediaEditor (446)
[2017.05.16-13.54.00:324][281]LogModuleManager: Shutting down and abandoning module AndroidMediaFactory (444)
[2017.05.16-13.54.00:324][281]LogModuleManager: Shutting down and abandoning module Media (443)
[2017.05.16-13.54.00:324][281]LogModuleManager: Shutting down and abandoning module AndroidMediaEditor (440)
[2017.05.16-13.54.00:324][281]LogModuleManager: Shutting down and abandoning module CharacterAI (438)
[2017.05.16-13.54.00:324][281]LogModuleManager: Shutting down and abandoning module AudioCapture (436)
[2017.05.16-13.54.00:324][281]LogModuleManager: Shutting down and abandoning module SequenceRecorder (435)
[2017.05.16-13.54.00:324][281]LogModuleManager: Shutting down and abandoning module SmartSnapping (432)
[2017.05.16-13.54.00:324][281]LogModuleManager: Shutting down and abandoning module SessionServices (430)
[2017.05.16-13.54.00:324][281]LogModuleManager: Shutting down and abandoning module ViewportSnapping (428)
[2017.05.16-13.54.00:324][281]LogModuleManager: Shutting down and abandoning module ViewportInteraction (426)
[2017.05.16-13.54.00:324][281]LogModuleManager: Shutting down and abandoning module LogVisualizer (424)
[2017.05.16-13.54.00:324][281]LogModuleManager: Shutting down and abandoning module IntroTutorials (422)
[2017.05.16-13.54.00:324][281]LogModuleManager: Shutting down and abandoning module GameProjectGeneration (421)
[2017.05.16-13.54.00:324][281]LogModuleManager: Shutting down and abandoning module EditorLiveStreaming (418)
[2017.05.16-13.54.00:324][281]LogModuleManager: Shutting down and abandoning module IOSPlatformEditor (416)
[2017.05.16-13.54.00:324][281]LogModuleManager: Shutting down and abandoning module HTML5PlatformEditor (414)
[2017.05.16-13.54.00:324][281]LogModuleManager: Shutting down and abandoning module AndroidPlatformEditor (412)
[2017.05.16-13.54.00:324][281]LogModuleManager: Shutting down and abandoning module AndroidDeviceDetection (411)
[2017.05.16-13.54.00:448][281]LogModuleManager: Shutting down and abandoning module IOSRuntimeSettings (408)
[2017.05.16-13.54.00:448][281]LogModuleManager: Shutting down and abandoning module AndroidRuntimeSettings (406)
[2017.05.16-13.54.00:448][281]LogModuleManager: Shutting down and abandoning module InputBindingEditor (404)
[2017.05.16-13.54.00:448][281]LogModuleManager: Shutting down and abandoning module NiagaraEditor (402)
[2017.05.16-13.54.00:448][281]LogModuleManager: Shutting down and abandoning module MergeActors (400)
[2017.05.16-13.54.00:448][281]LogModuleManager: Shutting down and abandoning module SizeMap (398)
[2017.05.16-13.54.00:448][281]LogModuleManager: Shutting down and abandoning module TreeMap (396)
[2017.05.16-13.54.00:448][281]LogModuleManager: Shutting down and abandoning module ReferenceViewer (394)
[2017.05.16-13.54.00:448][281]LogModuleManager: Shutting down and abandoning module LocalizationDashboard (392)
[2017.05.16-13.54.00:448][281]LogModuleManager: Shutting down and abandoning module LocalizationService (391)
[2017.05.16-13.54.00:448][281]LogModuleManager: Shutting down and abandoning module HardwareTargeting (388)
[2017.05.16-13.54.00:448][281]LogModuleManager: Shutting down and abandoning module DeviceProfileEditor (386)
[2017.05.16-13.54.00:448][281]LogModuleManager: Shutting down and abandoning module UndoHistory (384)
[2017.05.16-13.54.00:448][281]LogModuleManager: Shutting down and abandoning module UserFeedback (382)
[2017.05.16-13.54.00:448][281]LogModuleManager: Shutting down and abandoning module XmlParser (380)
[2017.05.16-13.54.00:448][281]LogModuleManager: Shutting down and abandoning module Blutility (378)
[2017.05.16-13.54.00:448][281]LogModuleManager: Shutting down and abandoning module ProjectSettingsViewer (376)
[2017.05.16-13.54.00:448][281]LogModuleManager: Shutting down and abandoning module ProjectTargetPlatformEditor (375)
[2017.05.16-13.54.00:449][281]LogModuleManager: Shutting down and abandoning module EditorSettingsViewer (372)
[2017.05.16-13.54.00:449][281]LogModuleManager: Shutting down and abandoning module SettingsEditor (370)
[2017.05.16-13.54.00:449][281]LogModuleManager: Shutting down and abandoning module ProjectLauncher (368)
[2017.05.16-13.54.00:449][281]LogModuleManager: Shutting down and abandoning module SessionFrontend (366)
[2017.05.16-13.54.00:449][281]LogModuleManager: Shutting down and abandoning module ProfilerClient (364)
[2017.05.16-13.54.00:449][281]LogModuleManager: Shutting down and abandoning module DeviceManager (362)
[2017.05.16-13.54.00:449][281]LogModuleManager: Shutting down and abandoning module TargetDeviceServices (361)
[2017.05.16-13.54.00:491][281]LogModuleManager: Shutting down and abandoning module AutomationController (358)
[2017.05.16-13.54.00:491][281]LogModuleManager: Shutting down and abandoning module AutomationWindow (356)
[2017.05.16-13.54.00:491][281]LogModuleManager: Shutting down and abandoning module Layers (354)
[2017.05.16-13.54.00:491][281]LogModuleManager: Shutting down and abandoning module ComponentVisualizers (352)
[2017.05.16-13.54.00:491][281]LogModuleManager: Shutting down and abandoning module DetailCustomizations (350)
[2017.05.16-13.54.00:491][281]LogModuleManager: Shutting down and abandoning module PackagesDialog (348)
[2017.05.16-13.54.00:491][281]LogModuleManager: Shutting down and abandoning module Persona (346)
[2017.05.16-13.54.00:491][281]LogModuleManager: Shutting down and abandoning module AnimGraph (345)
[2017.05.16-13.54.00:491][281]LogModuleManager: Shutting down and abandoning module Kismet (342)
[2017.05.16-13.54.00:502][281]LogModuleManager: Shutting down and abandoning module GraphEditor (340)
[2017.05.16-13.54.00:502][281]LogModuleManager: Shutting down and abandoning module ClassViewer (338)
[2017.05.16-13.54.00:502][281]LogModuleManager: Shutting down and abandoning module Toolbox (336)
[2017.05.16-13.54.00:502][281]LogModuleManager: Shutting down and abandoning module ModuleUI (334)
[2017.05.16-13.54.00:502][281]LogModuleManager: Shutting down and abandoning module MovieSceneTools (332)
[2017.05.16-13.54.00:502][281]LogModuleManager: Shutting down and abandoning module OutputLog (330)
[2017.05.16-13.54.00:502][281]LogModuleManager: Shutting down and abandoning module GammaUI (328)
[2017.05.16-13.54.00:502][281]LogModuleManager: Shutting down and abandoning module Documentation (326)
[2017.05.16-13.54.00:502][281]LogModuleManager: Shutting down and abandoning module Niagara (324)
[2017.05.16-13.54.00:502][281]LogModuleManager: Shutting down and abandoning module StreamingPauseRendering (322)
[2017.05.16-13.54.00:502][281]LogModuleManager: Shutting down and abandoning module AnalyticsET (320)
[2017.05.16-13.54.00:502][281]LogModuleManager: Shutting down and abandoning module PortalServices (318)
[2017.05.16-13.54.00:502][281]LogModuleManager: Shutting down and abandoning module PortalRpc (316)
[2017.05.16-13.54.00:502][281]LogModuleManager: Shutting down and abandoning module MessagingRpc (314)
[2017.05.16-13.54.00:502][281]LogModuleManager: Shutting down and abandoning module AIModule (312)
[2017.05.16-13.54.00:502][281]LogModuleManager: Shutting down and abandoning module GameplayDebugger (311)
[2017.05.16-13.54.00:502][281]LogModuleManager: Shutting down and abandoning module AITestSuite (309)
[2017.05.16-13.54.00:502][281]LogModuleManager: Shutting down and abandoning module ProfilerService (306)
[2017.05.16-13.54.00:684][281]LogModuleManager: Shutting down and abandoning module TaskGraph (304)
[2017.05.16-13.54.00:684][281]LogModuleManager: Shutting down and abandoning module SteamVRController (302)
[2017.05.16-13.54.00:684][281]LogModuleManager: Shutting down and abandoning module SteamVR (300)
[2017.05.16-13.54.00:684][281]LogModuleManager: Shutting down and abandoning module ProceduralMeshComponentEditor (298)
[2017.05.16-13.54.00:684][281]LogModuleManager: Shutting down and abandoning module ProceduralMeshComponent (296)
[2017.05.16-13.54.00:684][281]LogModuleManager: Shutting down and abandoning module OculusLibrary (294)
[2017.05.16-13.54.00:684][281]LogModuleManager: Shutting down and abandoning module OculusInput (292)
[2017.05.16-13.54.00:684][281]LogModuleManager: Shutting down and abandoning module MobilePatchingUtils (290)
[2017.05.16-13.54.00:684][281]LogModuleManager: Shutting down and abandoning module CustomMeshComponent (288)
[2017.05.16-13.54.00:684][281]LogModuleManager: Shutting down and abandoning module CableComponent (286)
[2017.05.16-13.54.00:684][281]LogModuleManager: Shutting down and abandoning module ArchVisCharacter (284)
[2017.05.16-13.54.00:684][281]LogModuleManager: Shutting down and abandoning module MediaPlayerEditor (280)
[2017.05.16-13.54.00:684][281]LogModuleManager: Shutting down and abandoning module HTML5Networking (278)
[2017.05.16-13.54.00:684][281]LogModuleManager: Shutting down and abandoning module AlembicImporter (276)
[2017.05.16-13.54.00:684][281]LogModuleManager: Shutting down and abandoning module AlembicLibrary (275)
[2017.05.16-13.54.00:684][281]LogModuleManager: Shutting down and abandoning module GeometryCache (274)
[2017.05.16-13.54.00:684][281]LogModuleManager: Shutting down and abandoning module GeometryCacheEd (273)
[2017.05.16-13.54.00:684][281]LogModuleManager: Shutting down and abandoning module SuperSearchEditor (268)
[2017.05.16-13.54.00:684][281]LogModuleManager: Shutting down and abandoning module SuperSearch (267)
[2017.05.16-13.54.00:684][281]LogModuleManager: Shutting down and abandoning module SpeedTreeImporter (264)
[2017.05.16-13.54.00:684][281]LogModuleManager: Shutting down and abandoning module PluginBrowser (262)
[2017.05.16-13.54.00:684][281]LogModuleManager: Shutting down and abandoning module MobileLauncherProfileWizard (260)
[2017.05.16-13.54.00:684][281]LogModuleManager: Shutting down and abandoning module EpicSurvey (258)
[2017.05.16-13.54.00:684][281]LogModuleManager: Shutting down and abandoning module VisualStudioSourceCodeAccess (256)
[2017.05.16-13.54.00:684][281]LogModuleManager: Shutting down and abandoning module DesktopPlatform (255)
[2017.05.16-13.54.00:685][281]LogModuleManager: Shutting down and abandoning module UObjectPlugin (252)
[2017.05.16-13.54.00:685][281]LogModuleManager: Shutting down and abandoning module SubversionSourceControl (250)
[2017.05.16-13.54.00:685][281]LogModuleManager: Shutting down and abandoning module PerforceSourceControl (248)
[2017.05.16-13.54.00:685][281]LogModuleManager: Shutting down and abandoning module GitSourceControl (246)
[2017.05.16-13.54.00:685][281]LogModuleManager: Shutting down and abandoning module SourceControl (245)
[2017.05.16-13.54.00:685][281]LogModuleManager: Shutting down and abandoning module LightPropagationVolumeEditor (242)
[2017.05.16-13.54.00:685][281]LogModuleManager: Shutting down and abandoning module PaperTiledImporter (240)
[2017.05.16-13.54.00:685][281]LogModuleManager: Shutting down and abandoning module PaperSpriteSheetImporter (238)
[2017.05.16-13.54.00:685][281]LogModuleManager: Shutting down and abandoning module Paper2DEditor (236)
[2017.05.16-13.54.00:685][281]LogModuleManager: Shutting down and abandoning module MeshPaint (235)
[2017.05.16-13.54.00:685][281]LogModuleManager: Shutting down and abandoning module LevelEditor (233)
[2017.05.16-13.54.00:685][281]LogModuleManager: Shutting down and abandoning module PixelInspectorModule (232)
[2017.05.16-13.54.00:685][281]LogModuleManager: Shutting down and abandoning module MainFrame (230)
[2017.05.16-13.54.00:685][281]LogModuleManager: Shutting down and abandoning module HotReload (229)
[2017.05.16-13.54.00:686][281]LogModuleManager: Shutting down and abandoning module ContentBrowser (225)
[2017.05.16-13.54.00:687][281]LogModuleManager: Shutting down and abandoning module PhysXVehiclesEditor (222)
[2017.05.16-13.54.00:687][281]LogModuleManager: Shutting down and abandoning module PhysXVehicles (220)
[2017.05.16-13.54.00:687][281]LogModuleManager: Shutting down and abandoning module LocationServicesBPLibrary (218)
[2017.05.16-13.54.00:687][281]LogModuleManager: Shutting down and abandoning module UdpMessaging (216)
[2017.05.16-13.54.00:787][281]LogModuleManager: Shutting down and abandoning module TcpMessaging (214)
[2017.05.16-13.54.00:888][281]LogModuleManager: Shutting down and abandoning module GameplayTagsEditor (212)
[2017.05.16-13.54.00:888][281]LogModuleManager: Shutting down and abandoning module FacialAnimationEditor (210)
[2017.05.16-13.54.00:888][281]LogModuleManager: Shutting down and abandoning module FacialAnimation (208)
[2017.05.16-13.54.00:888][281]LogModuleManager: Shutting down and abandoning module LightPropagationVolumeRuntime (206)
[2017.05.16-13.54.00:888][281]LogModuleManager: Shutting down and abandoning module Paper2D (204)
[2017.05.16-13.54.00:888][281]LogModuleManager: Shutting down and abandoning module WindowsMoviePlayer (202)
[2017.05.16-13.54.00:888][281]LogModuleManager: Shutting down and abandoning module WmfMedia (200)
[2017.05.16-13.54.00:888][281]LogModuleManager: Shutting down and abandoning module MfMedia (198)
[2017.05.16-13.54.00:888][281]LogModuleManager: Shutting down and abandoning module MediaAssets (196)
[2017.05.16-13.54.00:888][281]LogModuleManager: Shutting down and abandoning module GameLiveStreaming (194)
[2017.05.16-13.54.00:888][281]LogModuleManager: Shutting down and abandoning module VREditor (192)
[2017.05.16-13.54.00:888][281]LogModuleManager: Shutting down and abandoning module GameplayTasksEditor (190)
[2017.05.16-13.54.00:888][281]LogModuleManager: Shutting down and abandoning module BehaviorTreeEditor (188)
[2017.05.16-13.54.00:888][281]LogModuleManager: Shutting down and abandoning module FunctionalTesting (186)
[2017.05.16-13.54.00:888][281]LogModuleManager: Shutting down and abandoning module CollisionAnalyzer (184)
[2017.05.16-13.54.00:888][281]LogModuleManager: Shutting down and abandoning module UMG (182)
[2017.05.16-13.54.00:888][281]LogModuleManager: Shutting down and abandoning module UMGEditor (181)
[2017.05.16-13.54.00:888][281]LogModuleManager: Shutting down and abandoning module Sequencer (180)
[2017.05.16-13.54.00:888][281]LogModuleManager: Shutting down and abandoning module AssetTools (178)
[2017.05.16-13.54.00:888][281]LogModuleManager: Shutting down and abandoning module MessageLog (177)
[2017.05.16-13.54.00:888][281]LogModuleManager: Shutting down and abandoning module WorkspaceMenuStructure (176)
[2017.05.16-13.54.00:888][281]LogModuleManager: Shutting down and abandoning module SlateReflector (170)
[2017.05.16-13.54.00:888][281]LogModuleManager: Shutting down and abandoning module Slate (168)
[2017.05.16-13.54.00:888][281]LogModuleManager: Shutting down and abandoning module EditorStyle (166)
[2017.05.16-13.54.00:890][281]LogModuleManager: Shutting down and abandoning module SourceCodeAccess (164)
[2017.05.16-13.54.00:890][281]LogModuleManager: Shutting down and abandoning module HeadMountedDisplay (162)
[2017.05.16-13.54.00:890][281]LogModuleManager: Shutting down and abandoning module XAudio2 (160)
[2017.05.16-13.54.00:890][281]LogModuleManager: Shutting down and abandoning module Networking (158)
[2017.05.16-13.54.00:890][281]LogModuleManager: Shutting down and abandoning module Core (154)
[2017.05.16-13.54.00:890][281]LogModuleManager: Shutting down and abandoning module AssetRegistry (152)
[2017.05.16-13.54.01:083][281]LogDirectoryWatcher: A directory notification for '../../../Engine/Content/' was aborted.
[2017.05.16-13.54.01:083][281]LogDirectoryWatcher: A directory notification for 'C:/Users/Dave/Desktop/School/Y2P4/Unreal Projects/NaturalisSPACE/Naturalis_NPC/Content/' was aborted.
[2017.05.16-13.54.01:083][281]LogDirectoryWatcher: A directory notification for '../../../Engine/Plugins/2D/Paper2D/Content/' was aborted.
[2017.05.16-13.54.01:083][281]LogModuleManager: Shutting down and abandoning module DirectoryWatcher (151)
[2017.05.16-13.54.01:084][281]LogModuleManager: Shutting down and abandoning module KismetCompiler (148)
[2017.05.16-13.54.01:084][281]LogModuleManager: Shutting down and abandoning module PhysXFormats (146)
[2017.05.16-13.54.01:084][281]LogModuleManager: Shutting down and abandoning module MeshUtilities (144)
[2017.05.16-13.54.01:084][281]LogModuleManager: Shutting down and abandoning module SimplygonSwarm (143)
[2017.05.16-13.54.01:084][281]LogModuleManager: Shutting down and abandoning module SimplygonMeshReduction (141)
[2017.05.16-13.54.01:084][281]LogModuleManager: Shutting down and abandoning module QuadricMeshReduction (139)
[2017.05.16-13.54.01:084][281]LogModuleManager: Shutting down and abandoning module PropertyEditor (137)
[2017.05.16-13.54.01:115][281]LogModuleManager: Shutting down and abandoning module DerivedDataCache (134)
[2017.05.16-13.54.01:176][281]LogDerivedDataCache: Shutdown
[2017.05.16-13.54.01:176][281]LogModuleManager: Shutting down and abandoning module TargetPlatform (132)
[2017.05.16-13.54.01:176][281]LogModuleManager: Shutting down and abandoning module VulkanShaderFormat (131)
[2017.05.16-13.54.01:176][281]LogModuleManager: Shutting down and abandoning module ShaderFormatOpenGL (129)
[2017.05.16-13.54.01:176][281]LogModuleManager: Shutting down and abandoning module ShaderFormatD3D (127)
[2017.05.16-13.54.01:176][281]LogModuleManager: Shutting down and abandoning module MetalShaderFormat (125)
[2017.05.16-13.54.01:176][281]LogModuleManager: Shutting down and abandoning module TextureFormatUncompressed (123)
[2017.05.16-13.54.01:176][281]LogModuleManager: Shutting down and abandoning module TextureFormatPVR (121)
[2017.05.16-13.54.01:176][281]LogModuleManager: Shutting down and abandoning module TextureFormatDXT (119)
[2017.05.16-13.54.01:176][281]LogModuleManager: Shutting down and abandoning module TextureFormatIntelISPCTexComp (117)
[2017.05.16-13.54.01:176][281]LogModuleManager: Shutting down and abandoning module TextureFormatASTC (115)
[2017.05.16-13.54.01:176][281]LogModuleManager: Shutting down and abandoning module ImageWrapper (114)
[2017.05.16-13.54.01:176][281]LogModuleManager: Shutting down and abandoning module TextureFormatAndroid (111)
[2017.05.16-13.54.01:176][281]LogModuleManager: Shutting down and abandoning module AudioFormatOpus (109)
[2017.05.16-13.54.01:177][281]LogModuleManager: Shutting down and abandoning module AudioFormatOgg (107)
[2017.05.16-13.54.01:177][281]LogModuleManager: Shutting down and abandoning module AudioFormatADPCM (105)
[2017.05.16-13.54.01:177][281]LogModuleManager: Shutting down and abandoning module LinuxTargetPlatform (103)
[2017.05.16-13.54.01:177][281]LogModuleManager: Shutting down and abandoning module LinuxServerTargetPlatform (101)
[2017.05.16-13.54.01:177][281]LogModuleManager: Shutting down and abandoning module LinuxNoEditorTargetPlatform (99)
[2017.05.16-13.54.01:177][281]LogModuleManager: Shutting down and abandoning module LinuxClientTargetPlatform (97)
[2017.05.16-13.54.01:177][281]LogModuleManager: Shutting down and abandoning module TVOSTargetPlatform (95)
[2017.05.16-13.54.01:177][281]LogModuleManager: Shutting down and abandoning module Messaging (93)
[2017.05.16-13.54.01:177][281]LogModuleManager: Shutting down and abandoning module IOSTargetPlatform (91)
[2017.05.16-13.54.01:177][281]LogModuleManager: Shutting down and abandoning module HTML5TargetPlatform (89)
[2017.05.16-13.54.01:177][281]LogModuleManager: Shutting down and abandoning module Android_PVRTCTargetPlatform (87)
[2017.05.16-13.54.01:177][281]LogModuleManager: Shutting down and abandoning module Android_MultiTargetPlatform (85)
[2017.05.16-13.54.01:177][281]LogModuleManager: Shutting down and abandoning module Android_ETC2TargetPlatform (83)
[2017.05.16-13.54.01:177][281]LogModuleManager: Shutting down and abandoning module Android_ETC1TargetPlatform (81)
[2017.05.16-13.54.01:177][281]LogModuleManager: Shutting down and abandoning module Android_DXTTargetPlatform (79)
[2017.05.16-13.54.01:177][281]LogModuleManager: Shutting down and abandoning module Android_ATCTargetPlatform (77)
[2017.05.16-13.54.01:177][281]LogModuleManager: Shutting down and abandoning module Android_ASTCTargetPlatform (75)
[2017.05.16-13.54.01:177][281]LogModuleManager: Shutting down and abandoning module AndroidTargetPlatform (73)
[2017.05.16-13.54.01:177][281]LogModuleManager: Shutting down and abandoning module WindowsTargetPlatform (71)
[2017.05.16-13.54.01:177][281]LogModuleManager: Shutting down and abandoning module WindowsServerTargetPlatform (69)
[2017.05.16-13.54.01:177][281]LogModuleManager: Shutting down and abandoning module WindowsNoEditorTargetPlatform (67)
[2017.05.16-13.54.01:177][281]LogModuleManager: Shutting down and abandoning module WindowsClientTargetPlatform (65)
[2017.05.16-13.54.01:177][281]LogModuleManager: Shutting down and abandoning module MacTargetPlatform (63)
[2017.05.16-13.54.01:177][281]LogModuleManager: Shutting down and abandoning module MacServerTargetPlatform (61)
[2017.05.16-13.54.01:177][281]LogModuleManager: Shutting down and abandoning module MacNoEditorTargetPlatform (59)
[2017.05.16-13.54.01:177][281]LogModuleManager: Shutting down and abandoning module MacClientTargetPlatform (57)
[2017.05.16-13.54.01:177][281]LogModuleManager: Shutting down and abandoning module AllDesktopTargetPlatform (55)
[2017.05.16-13.54.01:177][281]LogModuleManager: Shutting down and abandoning module InputCore (52)
[2017.05.16-13.54.01:177][281]LogModuleManager: Shutting down and abandoning module Settings (50)
[2017.05.16-13.54.01:177][281]LogModuleManager: Shutting down and abandoning module OculusRift (48)
[2017.05.16-13.54.01:177][281]LogModuleManager: Shutting down and abandoning module GearVR (46)
[2017.05.16-13.54.01:177][281]LogModuleManager: Shutting down and abandoning module ExampleDeviceProfileSelector (44)
[2017.05.16-13.54.01:177][281]LogModuleManager: Shutting down and abandoning module OnlineBlueprintSupport (42)
[2017.05.16-13.54.01:177][281]LogModuleManager: Shutting down and abandoning module OnlineSubsystem (38)
[2017.05.16-13.54.01:177][281]LogOnline:Display: Unloading online subsystem: NULL
[2017.05.16-13.54.01:177][281]LogModuleManager: Shutting down and abandoning module XMPP (37)
[2017.05.16-13.54.01:177][281]LogModuleManager: Shutting down and abandoning module HTTP (35)
[2017.05.16-13.54.01:177][281]LogHttp:Display: Http module shutting down, but needs to wait on 1 outstanding Http requests:
[2017.05.16-13.54.01:177][281]LogHttp:Display: 	verb=[POST] url=[https://datarouter.ol.epicgames.com/datarouter/api/v1/public/data?SessionID=%7B13278582-4F06-359C-F040-CDB8C61F1801%7D&AppID=UEEditor.Rocket.Release&AppVersion=4.15.2-3416026%2B%2B%2BUE4%2BRelease-4.15&UserID=fcfbc4aa4d85f6bf21276dabbb40bd3b%7Cb29e0076762942358c8c1714e3862d8d%7C0986a093-a08b-42c1-96a7-321ab03751d3&AppEnvironment=datacollector-binary&UploadType=eteventstream] status=Processing
[2017.05.16-13.54.01:199][281]LogModuleManager: Shutting down and abandoning module SSL (34)
[2017.05.16-13.54.01:200][281]LogModuleManager: Shutting down and abandoning module AudioEditor (30)
[2017.05.16-13.54.01:200][281]LogModuleManager: Shutting down and abandoning module TextureCompressor (28)
[2017.05.16-13.54.01:200][281]LogModuleManager: Shutting down and abandoning module ShaderCore (26)
[2017.05.16-13.54.01:200][281]LogModuleManager: Shutting down and abandoning module Landscape (24)
[2017.05.16-13.54.01:200][281]LogModuleManager: Shutting down and abandoning module SlateRHIRenderer (22)
[2017.05.16-13.54.01:203][281]LogModuleManager: Shutting down and abandoning module OpenGLDrv (20)
[2017.05.16-13.54.01:203][281]LogModuleManager: Shutting down and abandoning module D3D11RHI (18)
[2017.05.16-13.54.01:203][281]LogModuleManager: Shutting down and abandoning module AnimGraphRuntime (16)
[2017.05.16-13.54.01:204][281]LogModuleManager: Shutting down and abandoning module Renderer (14)
[2017.05.16-13.54.01:204][281]LogModuleManager: Shutting down and abandoning module Engine (12)
[2017.05.16-13.54.01:204][281]LogModuleManager: Shutting down and abandoning module CoreUObject (10)
[2017.05.16-13.54.01:204][281]LogModuleManager: Shutting down and abandoning module NetworkFile (8)
[2017.05.16-13.54.01:204][281]LogModuleManager: Shutting down and abandoning module StreamingFile (6)
[2017.05.16-13.54.01:204][281]LogModuleManager: Shutting down and abandoning module SandboxFile (4)
[2017.05.16-13.54.01:204][281]LogModuleManager: Shutting down and abandoning module PakFile (2)
[2017.05.16-13.54.01:205][281]LogExit: Exiting.
[2017.05.16-13.54.01:219][281]Log file closed, 05/16/17 15:54:01
