Log file open, 05/24/17 13:48:47
LogInit:Display: Running engine for game: MoonLevel
LogPlatformFile: Not using cached read wrapper
LogInit:Display: RandInit(-1057172860) SRandInit(-1057172860).
LogTaskGraph: Started task graph with 5 named threads and 6 total threads with 1 sets of task threads.
LogStats: Stats thread started at 0.055472
LogInit: Using libcurl 7.47.1
LogInit:  - built for x86_64-pc-win32
LogInit:  - supports SSL with OpenSSL/1.0.2g
LogInit:  - supports HTTP deflate (compression) using libz 1.2.8
LogInit:  - other features:
LogInit:      CURL_VERSION_SSL
LogInit:      CURL_VERSION_LIBZ
LogInit:      CURL_VERSION_IPV6
LogInit:      CURL_VERSION_ASYNCHDNS
LogInit:      CURL_VERSION_LARGEFILE
LogInit:      CURL_VERSION_IDN
LogInit:  CurlRequestOptions (configurable via config and command line):
LogInit:  - bVerifyPeer = false  - Libcurl will NOT verify peer certificate
LogInit:  - bUseHttpProxy = false  - Libcurl will NOT use HTTP proxy
LogInit:  - bDontReuseConnections = false  - Libcurl will reuse connections
LogInit:  - CertBundlePath = nullptr  - Libcurl will use whatever was configured at build time.
LogInit: Build: ++UE4+Release-4.15-CL-3416026
LogInit: Engine Version: 4.15.2-3416026+++UE4+Release-4.15
LogInit: Compatible Engine Version: 4.15.0-3299760+++UE4+Release-4.15
LogInit: Net CL: 3299760
LogDevObjectVersion: Number of dev versions registered: 14
LogDevObjectVersion:   Dev-Blueprints (B0D832E4-1F89-4F0D-ACCF-7EB736FD4AA2): 8
LogDevObjectVersion:   Dev-Build (E1C64328-A22C-4D53-A36C-8E866417BD8C): 0
LogDevObjectVersion:   Dev-Core (375EC13C-06E4-48FB-B500-84F0262A717E): 2
LogDevObjectVersion:   Dev-Editor (E4B068ED-F494-42E9-A231-DA0B2E46BB41): 14
LogDevObjectVersion:   Dev-Framework (CFFC743F-43B0-4480-9391-14DF171D2073): 22
LogDevObjectVersion:   Dev-Mobile (B02B49B5-BB20-44E9-A304-32B752E40360): 0
LogDevObjectVersion:   Dev-Networking (A4E4105C-59A1-49B5-A7C5-40C4547EDFEE): 0
LogDevObjectVersion:   Dev-Online (39C831C9-5AE6-47DC-9A44-9C173E1C8E7C): 0
LogDevObjectVersion:   Dev-Physics (78F01B33-EBEA-4F98-B9B4-84EACCB95AA2): 0
LogDevObjectVersion:   Dev-Platform (6631380F-2D4D-43E0-8009-CF276956A95A): 0
LogDevObjectVersion:   Dev-Rendering (12F88B9F-8875-4AFC-A67C-D90C383ABD29): 12
LogDevObjectVersion:   Dev-Sequencer (7B5AE74C-D270-4C10-A958-57980B212A5A): 3
LogDevObjectVersion:   Dev-VR (D7296918-1DD6-4BDD-9DE2-64A83CC13884): 0
LogDevObjectVersion:   Dev-LoadTimes (C2A15278-BFE7-4AFE-6C17-90FF531DF755): 1
LogInit: Compiled (64-bit): May  1 2017 13:11:28
LogInit: Compiled with Visual C++: 19.00.23026.00
LogInit: Build Configuration: Development
LogInit: Branch Name: ++UE4+Release-4.15
LogInit: Command line:  
LogInit: Base directory: D:/Program Files (x86)/Epic Games/UE_4.15/Engine/Binaries/Win64/
LogInit: Installed Engine Build: 1
LogInit: Presizing for max 8388607 objects, including 0 objects not considered by GC, pre-allocating 0 bytes for permanent pool.
LogInit: Object subsystem initialized
[2017.05.24-11.48.49:076][  0]LogInit: Selected Device Profile: [Windows]
[2017.05.24-11.48.49:076][  0]LogInit: Applying CVar settings loaded from the selected device profile: [Windows]
[2017.05.24-11.48.49:130][  0]LogInit: Computer: MSI_DAVE
[2017.05.24-11.48.49:130][  0]LogInit: User: Dave
[2017.05.24-11.48.49:130][  0]LogInit: CPU Page size=65536, Cores=2
[2017.05.24-11.48.49:130][  0]LogInit: High frequency timer resolution =2.825494 MHz
[2017.05.24-11.48.49:131][  0]LogMemory: Memory total: Physical=7.9GB (8GB approx)
[2017.05.24-11.48.49:131][  0]LogMemory: Platform Memory Stats for Windows
[2017.05.24-11.48.49:131][  0]LogMemory: Process Physical Memory: 259.46 MB used, 259.46 MB peak
[2017.05.24-11.48.49:131][  0]LogMemory: Process Virtual Memory: 261.97 MB used, 261.97 MB peak
[2017.05.24-11.48.49:131][  0]LogMemory: Physical Memory: 5407.35 MB used,  2702.02 MB free, 8109.36 MB total
[2017.05.24-11.48.49:131][  0]LogMemory: Virtual Memory: 621.47 MB used,  2702.02 MB free, 134217728.00 MB total
[2017.05.24-11.48.49:198][  0]LogTextLocalizationManager: No specific translations for ('en-US') exist, so ('en') translations will be used.
[2017.05.24-11.48.53:315][  0]LogD3D11RHI: D3D11 adapters:
[2017.05.24-11.48.53:358][  0]LogD3D11RHI:    0. 'NVIDIA GeForce 940M' (Feature Level 11_0)
[2017.05.24-11.48.53:358][  0]LogD3D11RHI:       1980/0/4054 MB DedicatedVideo/DedicatedSystem/SharedSystem, Outputs:1, VendorId:0x10de
[2017.05.24-11.48.53:365][  0]LogD3D11RHI:    1. 'Intel(R) HD Graphics 4600' (Feature Level 11_0)
[2017.05.24-11.48.53:365][  0]LogD3D11RHI:       0/0/1792 MB DedicatedVideo/DedicatedSystem/SharedSystem, Outputs:0, VendorId:0x8086
[2017.05.24-11.48.53:367][  0]LogD3D11RHI:    2. 'Microsoft Basic Render Driver' (Feature Level 11_0)
[2017.05.24-11.48.53:367][  0]LogD3D11RHI:       0/0/256 MB DedicatedVideo/DedicatedSystem/SharedSystem, Outputs:0, VendorId:0x1414
[2017.05.24-11.48.53:367][  0]LogD3D11RHI: Chosen D3D11 Adapter: 0
[2017.05.24-11.48.53:373][  0]LogD3D11RHI: Creating new Direct3DDevice
[2017.05.24-11.48.53:373][  0]LogD3D11RHI:     GPU DeviceId: 0x1347 (for the marketing name, search the web for "GPU Device Id")
[2017.05.24-11.48.53:373][  0]LogWindows: EnumDisplayDevices:
[2017.05.24-11.48.53:373][  0]LogWindows:    0. 'Intel(R) HD Graphics 4600' (P:1 D:1)
[2017.05.24-11.48.53:373][  0]LogWindows:    1. 'Intel(R) HD Graphics 4600' (P:0 D:0)
[2017.05.24-11.48.53:373][  0]LogWindows:    2. 'Intel(R) HD Graphics 4600' (P:0 D:0)
[2017.05.24-11.48.53:373][  0]LogWindows: DebugString: PrimaryIsNotTheChoosenAdapter PrimaryIsNotTheChoosenAdapter PrimaryIsNotTheChoosenAdapter FoundDriverCount:0 
[2017.05.24-11.48.53:373][  0]LogD3D11RHI:     Adapter Name: NVIDIA GeForce 940M
[2017.05.24-11.48.53:373][  0]LogD3D11RHI:   Driver Version: Unknown (internal:Unknown, unified:Unknown)
[2017.05.24-11.48.53:373][  0]LogD3D11RHI:      Driver Date: Unknown
[2017.05.24-11.48.53:373][  0]LogRHI: Texture pool is 1361 MB (70% of 1945 MB)
[2017.05.24-11.48.53:384][  0]LogD3D11RHI: [Aftermath] Aftermath enabled but failed to initialize due to reason: DriverVersionNotSupported
[2017.05.24-11.48.53:384][  0]LogD3D11RHI: Async texture creation enabled
[2017.05.24-11.48.53:401][  0]LogD3D11RHI: GPU Timing Frequency: 1000.000000 (Debug: 2 2)
[2017.05.24-11.48.53:401][  0]LogShaderCompilers: Guid format shader working directory is -39 characters bigger than the processId version (C:/Users/Dave/Desktop/School/Y2P4/Unreal Projects/NaturalisSPACE/Naturalis_MoonLevel/Intermediate/Shaders/WorkingDirectory/8224/).
[2017.05.24-11.48.53:401][  0]LogShaderCompilers: Cleaned the shader compiler working directory 'C:/Users/Dave/AppData/Local/Temp/UnrealShaderWorkingDir/DD0CB953499AFD7D5E94BAA9EEE84217/'.
[2017.05.24-11.48.53:401][  0]LogShaderCompilers:Display: Using Local Shader Compiler.
[2017.05.24-11.48.56:256][  0]LogTemp:Display: Loaded TP AllDesktopTargetPlatform
[2017.05.24-11.48.56:305][  0]LogTemp:Display: Loaded TP MacClientTargetPlatform
[2017.05.24-11.48.56:354][  0]LogTemp:Display: Loaded TP MacNoEditorTargetPlatform
[2017.05.24-11.48.56:404][  0]LogTemp:Display: Loaded TP MacServerTargetPlatform
[2017.05.24-11.48.56:481][  0]LogTemp:Display: Loaded TP MacTargetPlatform
[2017.05.24-11.48.56:528][  0]LogTemp:Display: Loaded TP WindowsClientTargetPlatform
[2017.05.24-11.48.56:576][  0]LogTemp:Display: Loaded TP WindowsNoEditorTargetPlatform
[2017.05.24-11.48.56:627][  0]LogTemp:Display: Loaded TP WindowsServerTargetPlatform
[2017.05.24-11.48.56:665][  0]LogTemp:Display: Loaded TP WindowsTargetPlatform
[2017.05.24-11.48.56:765][  0]LogTemp:Display: Loaded TP AndroidTargetPlatform
[2017.05.24-11.48.56:817][  0]LogTemp:Display: Loaded TP Android_ASTCTargetPlatform
[2017.05.24-11.48.56:860][  0]LogTemp:Display: Loaded TP Android_ATCTargetPlatform
[2017.05.24-11.48.56:908][  0]LogTemp:Display: Loaded TP Android_DXTTargetPlatform
[2017.05.24-11.48.56:957][  0]LogTemp:Display: Loaded TP Android_ETC1TargetPlatform
[2017.05.24-11.48.57:007][  0]LogTemp:Display: Loaded TP Android_ETC2TargetPlatform
[2017.05.24-11.48.57:104][  0]LogTemp:Display: Loaded TP Android_MultiTargetPlatform
[2017.05.24-11.48.57:104][  0]LogTemp:Display: Loaded TP Android_PVRTCTargetPlatform
[2017.05.24-11.48.57:131][  0]LogTemp:Display: Loaded TP HTML5TargetPlatform
[2017.05.24-11.48.57:257][  0]LogTemp:Display: Loaded TP IOSTargetPlatform
[2017.05.24-11.48.57:289][  0]LogTemp:Display: Loaded TP TVOSTargetPlatform
[2017.05.24-11.48.57:336][  0]LogTemp:Display: Loaded TP LinuxClientTargetPlatform
[2017.05.24-11.48.57:383][  0]LogTemp:Display: Loaded TP LinuxNoEditorTargetPlatform
[2017.05.24-11.48.57:428][  0]LogTemp:Display: Loaded TP LinuxServerTargetPlatform
[2017.05.24-11.48.57:494][  0]LogTemp:Display: Loaded TP LinuxTargetPlatform
[2017.05.24-11.48.57:494][  0]LogTargetPlatformManager:Display: Building Assets For Windows
[2017.05.24-11.48.57:848][  0]LogDerivedDataCache:Display: Max Cache Size: 512 MB
[2017.05.24-11.48.58:378][  0]LogDerivedDataCache: Loaded boot cache 0.53s 50MB C:/Users/Dave/AppData/Local/UnrealEngine/4.15/DerivedDataCache/Boot.ddc.
[2017.05.24-11.48.58:378][  0]LogDerivedDataCache:Display: Loaded Boot cache: C:/Users/Dave/AppData/Local/UnrealEngine/4.15/DerivedDataCache/Boot.ddc
[2017.05.24-11.48.58:378][  0]LogDerivedDataCache: FDerivedDataBackendGraph:  Pak pak cache file C:/Users/Dave/Desktop/School/Y2P4/Unreal Projects/NaturalisSPACE/Naturalis_MoonLevel/DerivedDataCache/DDC.ddp not found, will not use a pak cache.
[2017.05.24-11.48.58:378][  0]LogDerivedDataCache: Unable to find inner node Pak for hierarchical cache Hierarchy.
[2017.05.24-11.48.58:378][  0]LogDerivedDataCache: FDerivedDataBackendGraph:  CompressedPak pak cache file C:/Users/Dave/Desktop/School/Y2P4/Unreal Projects/NaturalisSPACE/Naturalis_MoonLevel/DerivedDataCache/Compressed.ddp not found, will not use a pak cache.
[2017.05.24-11.48.58:378][  0]LogDerivedDataCache: Unable to find inner node CompressedPak for hierarchical cache Hierarchy.
[2017.05.24-11.48.58:401][  0]LogDerivedDataCache:Display: Pak cache opened for reading ../../../Engine/DerivedDataCache/Compressed.ddp.
[2017.05.24-11.48.58:413][  0]LogDerivedDataCache: Using Local data cache path C:/Users/Dave/AppData/Local/UnrealEngine/Common/DerivedDataCache: Writable
[2017.05.24-11.48.58:425][  0]LogSlate: Using Freetype 2.6.0
[2017.05.24-11.48.58:461][  0]LogSlate: SlateFontCache - WITH_FREETYPE: 1, WITH_HARFBUZZ: 1
[2017.05.24-11.48.58:461][  0]LogSlate: SlateFontCache - WITH_FREETYPE: 1, WITH_HARFBUZZ: 1
[2017.05.24-11.48.59:193][  0]LogInit: Selected Device Profile: [Windows]
[2017.05.24-11.48.59:197][  0]LogContentStreaming: Texture pool size is 0.00 MB
[2017.05.24-11.48.59:393][  0]LogMeshUtilities: Using QuadricMeshReduction for automatic static mesh reduction
[2017.05.24-11.48.59:425][  0]LogSimplygon: Simplygon DLL not present - disabling.
[2017.05.24-11.48.59:461][  0]LogMeshUtilities: Using SimplygonSwarm for distributed automatic mesh merging
[2017.05.24-11.48.59:461][  0]LogMeshUtilities: No automatic skeletal mesh reduction module available
[2017.05.24-11.48.59:461][  0]LogMeshUtilities: No automatic mesh merging module available
[2017.05.24-11.49.00:122][  0]LogNetVersion: GetLocalNetworkVersion: CL: 3299760, ProjectName: moonlevel, ProjectVersion: , EngineNetworkVersion: 2, GameNetworkVersion: 0, NetworkChecksum: 3802628488
[2017.05.24-11.49.00:162][  0]LogAssetRegistry: FAssetRegistry took 0.0220 seconds to start up
[2017.05.24-11.49.00:220][  0]LogPackageLocalizationCache: Processed 3 localized package path(s) for 2 prioritized culture(s) in 0.036878 seconds
[2017.05.24-11.49.00:227][  0]LogUObjectArray: 32493 objects as part of root set at end of initial load.
[2017.05.24-11.49.00:227][  0]LogUObjectAllocator: 7077024 out of 0 bytes used by permanent object pool.
[2017.05.24-11.49.00:227][  0]LogUObjectArray: CloseDisregardForGC: 0/0 objects in disregard for GC pool
[2017.05.24-11.49.00:276][  0]LogInit: WinSock: version 1.1 (2.2), MaxSocks=32767, MaxUdp=65467
[2017.05.24-11.49.09:487][  0]LogTcpMessaging: Initializing TcpMessaging bridge
[2017.05.24-11.49.09:518][  0]LogUdpMessaging: Initializing bridge on interface 0.0.0.0:0 to multicast group 230.0.0.1:6666.
[2017.05.24-11.49.09:988][  0]LogMaterial: Uniform references updated for custom material expression Custom.
[2017.05.24-11.49.10:288][  0]SourceControl: Info Source control is disabled
[2017.05.24-11.49.10:397][  0]SourceControl: Info Source control is disabled
[2017.05.24-11.49.10:430][  0]SourceControl: Info Source control is disabled
[2017.05.24-11.49.10:481][  0]SourceControl: Info Source control is disabled
[2017.05.24-11.49.11:720][  0]LogEngine: Initializing Engine...
[2017.05.24-11.49.11:720][  0]LogHMD: Failed to initialize OpenVR with code 110
[2017.05.24-11.49.11:911][  0]LogStats: UGameplayTagsManager::ConstructGameplayTagTree: Construct from data asset -  0.000 s
[2017.05.24-11.49.11:911][  0]LogStats: UGameplayTagsManager::ConstructGameplayTagTree: GameplayTagTreeChangedEvent.Broadcast -  0.000 s
[2017.05.24-11.49.12:068][  0]LogAIModule: Creating AISystem for world Untitled
[2017.05.24-11.49.12:077][  0]LogInit: XAudio2 using 'Speakers (Realtek High Definition Audio)' : 2 channels at 48 kHz using 32 bits per sample (channel mask 0x3)
[2017.05.24-11.49.12:113][  0]LogInit: FAudioDevice initialized.
[2017.05.24-11.49.12:153][  0]LogDerivedDataCache: Saved boot cache 0.04s 50MB C:/Users/Dave/AppData/Local/UnrealEngine/4.15/DerivedDataCache/Boot.ddc.
[2017.05.24-11.49.12:171][  0]LogInit: Texture streaming: Enabled
[2017.05.24-11.49.12:287][  0]LogEngineSessionManager: EngineSessionManager initialized
[2017.05.24-11.49.12:399][  0]LogInit: Transaction tracking system initialized
[2017.05.24-11.49.12:762][  0]BlueprintLog: New page: Editor Load
[2017.05.24-11.49.13:501][  0]LocalizationService: Info Localization service is disabled
[2017.05.24-11.49.14:045][  0]LogConsoleResponse:Display: 
[2017.05.24-11.49.14:190][  0]LogCook:Display: Max memory allowance for cook 16384mb min free memory 0mb
[2017.05.24-11.49.14:190][  0]LogCook:Display: Mobile HDR setting 1
[2017.05.24-11.49.14:342][  0]LogFileCache: Scanning file cache for directory 'C:/Users/Dave/Desktop/School/Y2P4/Unreal Projects/NaturalisSPACE/Naturalis_MoonLevel/Content/' took 0.02s
[2017.05.24-11.49.15:000][  0]SourceControl: Info Source control is disabled
[2017.05.24-11.49.15:000][  0]Cmd: MAP LOAD FILE="C:/Users/Dave/Desktop/School/Y2P4/Unreal Projects/NaturalisSPACE/Naturalis_MoonLevel/Content/ThirdPersonBP/Maps/ThirdPersonExampleMap.umap" TEMPLATE=0 SHOWPROGRESS=1 FEATURELEVEL=3
[2017.05.24-11.49.15:004][  0]LightingResults: New page: Lighting Build
[2017.05.24-11.49.15:031][  0]MapCheck: New page: Map Check
[2017.05.24-11.49.15:031][  0]LightingResults: New page: Lighting Build
[2017.05.24-11.49.16:529][  0]LogAIModule: Creating AISystem for world ThirdPersonExampleMap
[2017.05.24-11.49.16:572][  0]LogEditorServer: Finished looking for orphan Actors (0.000 secs)
[2017.05.24-11.49.16:573][  0]Cmd: MAP CHECKDEP NOCLEARLOG
[2017.05.24-11.49.16:627][  0]MapCheck: Info Map check complete: 0 Error(s), 0 Warning(s), took 54.258ms to complete.
[2017.05.24-11.49.16:627][  0]LogFileHelpers: Loading map 'ThirdPersonExampleMap' took 1.628
[2017.05.24-11.49.16:997][  0]LogCollectionManager: Loaded 0 collections in 0.001272 seconds
[2017.05.24-11.49.17:083][  0]LogFileCache: Scanning file cache for directory 'C:/Users/Dave/Desktop/School/Y2P4/Unreal Projects/NaturalisSPACE/Naturalis_MoonLevel/Saved/Collections/' took 0.01s
[2017.05.24-11.49.17:083][  0]LogFileCache: Scanning file cache for directory 'C:/Users/Dave/Desktop/School/Y2P4/Unreal Projects/NaturalisSPACE/Naturalis_MoonLevel/Content/Developers/Dave/Collections/' took 0.01s
[2017.05.24-11.49.17:083][  0]LogFileCache: Scanning file cache for directory 'C:/Users/Dave/Desktop/School/Y2P4/Unreal Projects/NaturalisSPACE/Naturalis_MoonLevel/Content/Collections/' took 0.01s
[2017.05.24-11.49.17:083][  0]LogCollectionManager: Rebuilt the GUID cache for 0 collections in 0.000002 seconds
[2017.05.24-11.49.17:097][  0]LogContentBrowser: Native class hierarchy populated in 0.0135 seconds. Added 2245 classes and 453 folders.
[2017.05.24-11.49.17:160][  0]LogContentBrowser: Native class hierarchy updated for 'WidgetCarousel' in 0.0007 seconds. Added 0 classes and 0 folders.
[2017.05.24-11.49.17:612][  0]LogContentBrowser: Native class hierarchy updated for 'AddContentDialog' in 0.0006 seconds. Added 0 classes and 0 folders.
[2017.05.24-11.49.17:645][  0]LogContentBrowser: Native class hierarchy updated for 'SceneOutliner' in 0.0005 seconds. Added 1 classes and 2 folders.
[2017.05.24-11.49.17:692][  0]LogCrashTracker: Crashtracker disabled due to settings.
[2017.05.24-11.49.17:698][  0]LogUObjectGlobals:Warning: Failed to find object 'Class None.'
[2017.05.24-11.49.17:777][  0]LogContentBrowser: Native class hierarchy updated for 'HierarchicalLODOutliner' in 0.0010 seconds. Added 1 classes and 2 folders.
[2017.05.24-11.49.17:779][  0]LogLoad: (Engine Initialization) Total time: 31.24 seconds
[2017.05.24-11.49.17:779][  0]LogLoad: (Engine Initialization) Total Blueprint compile time: 0.30 seconds
[2017.05.24-11.49.17:779][  0]LogExternalProfiler: Found external profiler: VSPerf
[2017.05.24-11.49.17:779][  0]LogExternalProfiler: Using external profiler: VSPerf
[2017.05.24-11.49.17:800][  0]LogOcInput: OculusInput pre-init called
[2017.05.24-11.49.17:821][  0]LogContentStreaming: Texture pool size now 1000 MB
[2017.05.24-11.49.17:822][  0]LogSlate: Took 0.000237 seconds to synchronously load lazily loaded font '../../../Engine/Content/Slate/Fonts/Roboto-Regular.ttf' (155K)
[2017.05.24-11.49.17:835][  0]LogSlate: Took 0.002041 seconds to synchronously load lazily loaded font '../../../Engine/Content/Slate/Fonts/Roboto-Bold.ttf' (160K)
[2017.05.24-11.49.17:869][  0]LogSlate: Took 0.026894 seconds to synchronously load lazily loaded font '../../../Engine/Content/Editor/Slate/Fonts/FontAwesome.ttf' (139K)
[2017.05.24-11.49.18:039][  0]LogSlate: Took 0.000270 seconds to synchronously load lazily loaded font '../../../Engine/Content/Slate/Fonts/Roboto-Light.ttf' (159K)
[2017.05.24-11.49.18:108][  0]LogRenderer: Reallocating scene render targets to support 1208x576 NumSamples 1 (Frame:2).
[2017.05.24-11.49.18:218][  1]LogHttp:Warning: 000000BF47BF5600: request failed, libcurl error: 6 (Couldn't resolve host name)
[2017.05.24-11.49.18:218][  1]LogHttp:Warning: 000000BF47BF5600: libcurl info message cache 0 (Could not resolve host: cdn.unrealengine.com)
[2017.05.24-11.49.18:218][  1]LogHttp:Warning: 000000BF47BF5600: libcurl info message cache 1 (Closing connection 0)
[2017.05.24-11.49.18:338][  2]LogHttp:Warning: 000000BF4A790E80: request failed, libcurl error: 6 (Couldn't resolve host name)
[2017.05.24-11.49.18:338][  2]LogHttp:Warning: 000000BF4A790E80: libcurl info message cache 0 (Could not resolve host: cdn.unrealengine.com)
[2017.05.24-11.49.18:338][  2]LogHttp:Warning: 000000BF4A790E80: libcurl info message cache 1 (Closing connection 1)
[2017.05.24-11.49.18:342][  2]LogAssetRegistry: Asset discovery search completed in 18.2018 seconds
[2017.05.24-11.49.18:342][  2]LogCollectionManager: Rebuilt the object cache for 0 collections in 0.000007 seconds (found 0 objects)
[2017.05.24-11.49.18:342][  2]LogCollectionManager: Fixed up redirectors for 0 collections in 0.000028 seconds (updated 0 objects)
[2017.05.24-11.49.18:473][  3]LogHttp:Warning: 000000BF27F84D00: request failed, libcurl error: 6 (Couldn't resolve host name)
[2017.05.24-11.49.18:474][  3]LogHttp:Warning: 000000BF27F84D00: libcurl info message cache 0 (Could not resolve host: cdn.unrealengine.com)
[2017.05.24-11.49.18:474][  3]LogHttp:Warning: 000000BF27F84D00: libcurl info message cache 1 (Closing connection 2)
[2017.05.24-11.49.45:720][542]LogSlate: Took 0.000218 seconds to synchronously load lazily loaded font '../../../Engine/Content/Slate/Fonts/Roboto-Light.ttf' (159K)
[2017.05.24-11.49.45:904][542]LogAIModule: Creating AISystem for world PatternLevel
[2017.05.24-11.49.45:977][542]Cmd: MAP LOAD FILE="C:/Users/Dave/Desktop/School/Y2P4/Unreal Projects/NaturalisSPACE/Naturalis_MoonLevel/Content/PatternLevel.umap" TEMPLATE=0 SHOWPROGRESS=1 FEATURELEVEL=3
[2017.05.24-11.49.45:977][542]LightingResults: New page: Lighting Build
[2017.05.24-11.49.45:978][542]LoadErrors: New page: Loading map: PatternLevel.umap
[2017.05.24-11.49.45:979][542]MapCheck: New page: Map Check
[2017.05.24-11.49.45:979][542]LightingResults: New page: Lighting Build
[2017.05.24-11.49.46:006][542]LogEditorServer: Finished looking for orphan Actors (0.000 secs)
[2017.05.24-11.49.46:030][542]Cmd: MAP CHECKDEP NOCLEARLOG
[2017.05.24-11.49.46:069][542]MapCheck: Info Map check complete: 0 Error(s), 0 Warning(s), took 38.971ms to complete.
[2017.05.24-11.49.46:069][542]LogFileHelpers: Loading map 'PatternLevel' took 0.097
[2017.05.24-11.49.48:808][644]LogSlate: Took 0.000176 seconds to synchronously load lazily loaded font '../../../Engine/Content/Slate/Fonts/Roboto-Regular.ttf' (155K)
[2017.05.24-11.49.48:954][644]LogStaticMesh: Building static mesh RING...
[2017.05.24-11.49.49:078][644]LogMeshUtilities: Invalid vertex normals found for mesh. Forcing recomputation of vertex normals for MikkTSpace. Fix mesh or disable "Use MikkTSpace Tangent Space" to avoid forced recomputation of normals.
[2017.05.24-11.49.49:501][644]LogStaticMesh: Built static mesh [0.56s] /Game/RING.RING
[2017.05.24-11.49.49:650][644]LogAIModule: Creating AISystem for world SolarSystemLevel
[2017.05.24-11.49.49:679][644]Cmd: MAP LOAD FILE="C:/Users/Dave/Desktop/School/Y2P4/Unreal Projects/NaturalisSPACE/Naturalis_MoonLevel/Content/SolarSystemLevel.umap" TEMPLATE=0 SHOWPROGRESS=1 FEATURELEVEL=3
[2017.05.24-11.49.49:679][644]LightingResults: New page: Lighting Build
[2017.05.24-11.49.49:681][644]LoadErrors: New page: Loading map: SolarSystemLevel.umap
[2017.05.24-11.49.49:682][644]MapCheck: New page: Map Check
[2017.05.24-11.49.49:682][644]LightingResults: New page: Lighting Build
[2017.05.24-11.49.49:737][644]LogEditorServer: Finished looking for orphan Actors (0.000 secs)
[2017.05.24-11.49.49:760][644]Cmd: MAP CHECKDEP NOCLEARLOG
[2017.05.24-11.49.49:804][644]MapCheck: Info Map check complete: 0 Error(s), 0 Warning(s), took 44.276ms to complete.
[2017.05.24-11.49.49:804][644]LogFileHelpers: Loading map 'SolarSystemLevel' took 0.126
[2017.05.24-11.50.00:375][173]LogWindowsTextInputMethodSystem:Display: IME system now deactivated.
[2017.05.24-11.50.00:625][174]Cmd: QUIT_EDITOR
[2017.05.24-11.50.00:696][174]LogExit: Preparing to exit.
[2017.05.24-11.50.01:604][174]LogExit: Editor shut down
[2017.05.24-11.50.01:605][174]LogExit: Transaction tracking system shut down
[2017.05.24-11.50.01:688][174]LogObj: Freed 0b from 0 cluster array pools.
[2017.05.24-11.50.01:688][174]LogExit: Object subsystem successfully closed.
[2017.05.24-11.50.01:705][174]LogD3D11RHI: Shutdown
[2017.05.24-11.50.01:705][174]LogD3D11RHI: CleanupD3DDevice
[2017.05.24-11.50.01:768][174]LogD3D11RHI: ~FD3D11DynamicRHI
[2017.05.24-11.50.01:776][174]LogModuleManager: Shutting down and abandoning module HierarchicalLODOutliner (498)
[2017.05.24-11.50.01:776][174]LogModuleManager: Shutting down and abandoning module CrashTracker (496)
[2017.05.24-11.50.01:776][174]LogModuleManager: Shutting down and abandoning module SceneOutliner (494)
[2017.05.24-11.50.01:776][174]LogModuleManager: Shutting down and abandoning module AddContentDialog (492)
[2017.05.24-11.50.01:776][174]LogDirectoryWatcher: A directory notification for 'D:/Program Files (x86)/Epic Games/UE_4.15/FeaturePacks/' was aborted.
[2017.05.24-11.50.01:777][174]LogModuleManager: Shutting down and abandoning module WidgetCarousel (491)
[2017.05.24-11.50.01:777][174]LogModuleManager: Shutting down and abandoning module EditorWidgets (488)
[2017.05.24-11.50.01:777][174]LogModuleManager: Shutting down and abandoning module CollectionManager (486)
[2017.05.24-11.50.01:777][174]LogDirectoryWatcher: A directory notification for 'C:/Users/Dave/Desktop/School/Y2P4/Unreal Projects/NaturalisSPACE/Naturalis_MoonLevel/Content/Collections/' was aborted.
[2017.05.24-11.50.01:778][174]LogDirectoryWatcher: A directory notification for 'C:/Users/Dave/Desktop/School/Y2P4/Unreal Projects/NaturalisSPACE/Naturalis_MoonLevel/Content/Developers/Dave/Collections/' was aborted.
[2017.05.24-11.50.01:778][174]LogDirectoryWatcher: A directory notification for 'C:/Users/Dave/Desktop/School/Y2P4/Unreal Projects/NaturalisSPACE/Naturalis_MoonLevel/Saved/Collections/' was aborted.
[2017.05.24-11.50.01:778][174]LogModuleManager: Shutting down and abandoning module StatsViewer (484)
[2017.05.24-11.50.01:778][174]LogModuleManager: Shutting down and abandoning module FoliageEdit (482)
[2017.05.24-11.50.01:778][174]LogModuleManager: Shutting down and abandoning module LandscapeEditor (480)
[2017.05.24-11.50.01:778][174]LogModuleManager: Shutting down and abandoning module SceneDepthPickerMode (478)
[2017.05.24-11.50.01:778][174]LogModuleManager: Shutting down and abandoning module ActorPickerMode (476)
[2017.05.24-11.50.01:778][174]LogModuleManager: Shutting down and abandoning module GeometryMode (474)
[2017.05.24-11.50.01:778][174]LogModuleManager: Shutting down and abandoning module TextureAlignMode (472)
[2017.05.24-11.50.01:778][174]LogModuleManager: Shutting down and abandoning module BspMode (470)
[2017.05.24-11.50.01:778][174]LogModuleManager: Shutting down and abandoning module HardwareSurvey (468)
[2017.05.24-11.50.01:778][174]LogModuleManager: Shutting down and abandoning module SequenceRecorderSections (466)
[2017.05.24-11.50.01:778][174]LogModuleManager: Shutting down and abandoning module AutomationWorker (464)
[2017.05.24-11.50.01:778][174]LogModuleManager: Shutting down and abandoning module MatineeToLevelSequence (462)
[2017.05.24-11.50.01:778][174]LogModuleManager: Shutting down and abandoning module LevelSequenceEditor (460)
[2017.05.24-11.50.01:778][174]LogModuleManager: Shutting down and abandoning module PlacementMode (459)
[2017.05.24-11.50.01:778][174]LogModuleManager: Shutting down and abandoning module WmfMediaFactory (456)
[2017.05.24-11.50.01:778][174]LogModuleManager: Shutting down and abandoning module WmfMediaEditor (454)
[2017.05.24-11.50.01:778][174]LogModuleManager: Shutting down and abandoning module MfMediaFactory (452)
[2017.05.24-11.50.01:778][174]LogModuleManager: Shutting down and abandoning module MfMediaEditor (450)
[2017.05.24-11.50.01:778][174]LogModuleManager: Shutting down and abandoning module AvfMediaFactory (448)
[2017.05.24-11.50.01:778][174]LogModuleManager: Shutting down and abandoning module AvfMediaEditor (446)
[2017.05.24-11.50.01:778][174]LogModuleManager: Shutting down and abandoning module AndroidMediaFactory (444)
[2017.05.24-11.50.01:778][174]LogModuleManager: Shutting down and abandoning module Media (443)
[2017.05.24-11.50.01:778][174]LogModuleManager: Shutting down and abandoning module AndroidMediaEditor (440)
[2017.05.24-11.50.01:778][174]LogModuleManager: Shutting down and abandoning module CharacterAI (438)
[2017.05.24-11.50.01:778][174]LogModuleManager: Shutting down and abandoning module AudioCapture (436)
[2017.05.24-11.50.01:778][174]LogModuleManager: Shutting down and abandoning module SequenceRecorder (435)
[2017.05.24-11.50.01:778][174]LogModuleManager: Shutting down and abandoning module SmartSnapping (432)
[2017.05.24-11.50.01:778][174]LogModuleManager: Shutting down and abandoning module SessionServices (430)
[2017.05.24-11.50.01:778][174]LogModuleManager: Shutting down and abandoning module ViewportSnapping (428)
[2017.05.24-11.50.01:778][174]LogModuleManager: Shutting down and abandoning module ViewportInteraction (426)
[2017.05.24-11.50.01:778][174]LogModuleManager: Shutting down and abandoning module LogVisualizer (424)
[2017.05.24-11.50.01:778][174]LogModuleManager: Shutting down and abandoning module IntroTutorials (422)
[2017.05.24-11.50.01:778][174]LogModuleManager: Shutting down and abandoning module GameProjectGeneration (421)
[2017.05.24-11.50.01:778][174]LogModuleManager: Shutting down and abandoning module EditorLiveStreaming (418)
[2017.05.24-11.50.01:778][174]LogModuleManager: Shutting down and abandoning module IOSPlatformEditor (416)
[2017.05.24-11.50.01:778][174]LogModuleManager: Shutting down and abandoning module HTML5PlatformEditor (414)
[2017.05.24-11.50.01:778][174]LogModuleManager: Shutting down and abandoning module AndroidPlatformEditor (412)
[2017.05.24-11.50.01:778][174]LogModuleManager: Shutting down and abandoning module AndroidDeviceDetection (411)
[2017.05.24-11.50.01:795][174]LogModuleManager: Shutting down and abandoning module IOSRuntimeSettings (408)
[2017.05.24-11.50.01:795][174]LogModuleManager: Shutting down and abandoning module AndroidRuntimeSettings (406)
[2017.05.24-11.50.01:795][174]LogModuleManager: Shutting down and abandoning module InputBindingEditor (404)
[2017.05.24-11.50.01:795][174]LogModuleManager: Shutting down and abandoning module NiagaraEditor (402)
[2017.05.24-11.50.01:795][174]LogModuleManager: Shutting down and abandoning module MergeActors (400)
[2017.05.24-11.50.01:795][174]LogModuleManager: Shutting down and abandoning module SizeMap (398)
[2017.05.24-11.50.01:795][174]LogModuleManager: Shutting down and abandoning module TreeMap (396)
[2017.05.24-11.50.01:795][174]LogModuleManager: Shutting down and abandoning module ReferenceViewer (394)
[2017.05.24-11.50.01:795][174]LogModuleManager: Shutting down and abandoning module LocalizationDashboard (392)
[2017.05.24-11.50.01:795][174]LogModuleManager: Shutting down and abandoning module LocalizationService (391)
[2017.05.24-11.50.01:795][174]LogModuleManager: Shutting down and abandoning module HardwareTargeting (388)
[2017.05.24-11.50.01:795][174]LogModuleManager: Shutting down and abandoning module DeviceProfileEditor (386)
[2017.05.24-11.50.01:795][174]LogModuleManager: Shutting down and abandoning module UndoHistory (384)
[2017.05.24-11.50.01:795][174]LogModuleManager: Shutting down and abandoning module UserFeedback (382)
[2017.05.24-11.50.01:795][174]LogModuleManager: Shutting down and abandoning module XmlParser (380)
[2017.05.24-11.50.01:795][174]LogModuleManager: Shutting down and abandoning module Blutility (378)
[2017.05.24-11.50.01:795][174]LogModuleManager: Shutting down and abandoning module ProjectSettingsViewer (376)
[2017.05.24-11.50.01:795][174]LogModuleManager: Shutting down and abandoning module ProjectTargetPlatformEditor (375)
[2017.05.24-11.50.01:795][174]LogModuleManager: Shutting down and abandoning module EditorSettingsViewer (372)
[2017.05.24-11.50.01:795][174]LogModuleManager: Shutting down and abandoning module SettingsEditor (370)
[2017.05.24-11.50.01:795][174]LogModuleManager: Shutting down and abandoning module ProjectLauncher (368)
[2017.05.24-11.50.01:795][174]LogModuleManager: Shutting down and abandoning module SessionFrontend (366)
[2017.05.24-11.50.01:795][174]LogModuleManager: Shutting down and abandoning module ProfilerClient (364)
[2017.05.24-11.50.01:795][174]LogModuleManager: Shutting down and abandoning module DeviceManager (362)
[2017.05.24-11.50.01:795][174]LogModuleManager: Shutting down and abandoning module TargetDeviceServices (361)
[2017.05.24-11.50.01:840][174]LogModuleManager: Shutting down and abandoning module AutomationController (358)
[2017.05.24-11.50.01:840][174]LogModuleManager: Shutting down and abandoning module AutomationWindow (356)
[2017.05.24-11.50.01:840][174]LogModuleManager: Shutting down and abandoning module Layers (354)
[2017.05.24-11.50.01:840][174]LogModuleManager: Shutting down and abandoning module ComponentVisualizers (352)
[2017.05.24-11.50.01:840][174]LogModuleManager: Shutting down and abandoning module DetailCustomizations (350)
[2017.05.24-11.50.01:840][174]LogModuleManager: Shutting down and abandoning module PackagesDialog (348)
[2017.05.24-11.50.01:840][174]LogModuleManager: Shutting down and abandoning module Persona (346)
[2017.05.24-11.50.01:840][174]LogModuleManager: Shutting down and abandoning module AnimGraph (345)
[2017.05.24-11.50.01:840][174]LogModuleManager: Shutting down and abandoning module Kismet (342)
[2017.05.24-11.50.01:841][174]LogModuleManager: Shutting down and abandoning module GraphEditor (340)
[2017.05.24-11.50.01:841][174]LogModuleManager: Shutting down and abandoning module ClassViewer (338)
[2017.05.24-11.50.01:841][174]LogModuleManager: Shutting down and abandoning module Toolbox (336)
[2017.05.24-11.50.01:841][174]LogModuleManager: Shutting down and abandoning module ModuleUI (334)
[2017.05.24-11.50.01:841][174]LogModuleManager: Shutting down and abandoning module MovieSceneTools (332)
[2017.05.24-11.50.01:841][174]LogModuleManager: Shutting down and abandoning module OutputLog (330)
[2017.05.24-11.50.01:841][174]LogModuleManager: Shutting down and abandoning module GammaUI (328)
[2017.05.24-11.50.01:841][174]LogModuleManager: Shutting down and abandoning module Documentation (326)
[2017.05.24-11.50.01:841][174]LogModuleManager: Shutting down and abandoning module Niagara (324)
[2017.05.24-11.50.01:841][174]LogModuleManager: Shutting down and abandoning module StreamingPauseRendering (322)
[2017.05.24-11.50.01:841][174]LogModuleManager: Shutting down and abandoning module AnalyticsET (320)
[2017.05.24-11.50.01:841][174]LogModuleManager: Shutting down and abandoning module PortalServices (318)
[2017.05.24-11.50.01:841][174]LogModuleManager: Shutting down and abandoning module PortalRpc (316)
[2017.05.24-11.50.01:841][174]LogModuleManager: Shutting down and abandoning module MessagingRpc (314)
[2017.05.24-11.50.01:841][174]LogModuleManager: Shutting down and abandoning module AIModule (312)
[2017.05.24-11.50.01:841][174]LogModuleManager: Shutting down and abandoning module GameplayDebugger (311)
[2017.05.24-11.50.01:841][174]LogModuleManager: Shutting down and abandoning module AITestSuite (309)
[2017.05.24-11.50.01:841][174]LogModuleManager: Shutting down and abandoning module ProfilerService (306)
[2017.05.24-11.50.01:906][174]LogModuleManager: Shutting down and abandoning module TaskGraph (304)
[2017.05.24-11.50.01:906][174]LogModuleManager: Shutting down and abandoning module SteamVRController (302)
[2017.05.24-11.50.01:906][174]LogModuleManager: Shutting down and abandoning module SteamVR (300)
[2017.05.24-11.50.01:906][174]LogModuleManager: Shutting down and abandoning module ProceduralMeshComponentEditor (298)
[2017.05.24-11.50.01:906][174]LogModuleManager: Shutting down and abandoning module ProceduralMeshComponent (296)
[2017.05.24-11.50.01:906][174]LogModuleManager: Shutting down and abandoning module OculusLibrary (294)
[2017.05.24-11.50.01:906][174]LogModuleManager: Shutting down and abandoning module OculusInput (292)
[2017.05.24-11.50.01:906][174]LogModuleManager: Shutting down and abandoning module MobilePatchingUtils (290)
[2017.05.24-11.50.01:906][174]LogModuleManager: Shutting down and abandoning module CustomMeshComponent (288)
[2017.05.24-11.50.01:906][174]LogModuleManager: Shutting down and abandoning module CableComponent (286)
[2017.05.24-11.50.01:906][174]LogModuleManager: Shutting down and abandoning module ArchVisCharacter (284)
[2017.05.24-11.50.01:906][174]LogModuleManager: Shutting down and abandoning module MediaPlayerEditor (280)
[2017.05.24-11.50.01:906][174]LogModuleManager: Shutting down and abandoning module HTML5Networking (278)
[2017.05.24-11.50.01:906][174]LogModuleManager: Shutting down and abandoning module AlembicImporter (276)
[2017.05.24-11.50.01:906][174]LogModuleManager: Shutting down and abandoning module AlembicLibrary (275)
[2017.05.24-11.50.01:906][174]LogModuleManager: Shutting down and abandoning module GeometryCache (274)
[2017.05.24-11.50.01:906][174]LogModuleManager: Shutting down and abandoning module GeometryCacheEd (273)
[2017.05.24-11.50.01:906][174]LogModuleManager: Shutting down and abandoning module SuperSearchEditor (268)
[2017.05.24-11.50.01:906][174]LogModuleManager: Shutting down and abandoning module SuperSearch (267)
[2017.05.24-11.50.01:906][174]LogModuleManager: Shutting down and abandoning module SpeedTreeImporter (264)
[2017.05.24-11.50.01:906][174]LogModuleManager: Shutting down and abandoning module PluginBrowser (262)
[2017.05.24-11.50.01:906][174]LogModuleManager: Shutting down and abandoning module MobileLauncherProfileWizard (260)
[2017.05.24-11.50.01:906][174]LogModuleManager: Shutting down and abandoning module EpicSurvey (258)
[2017.05.24-11.50.01:906][174]LogModuleManager: Shutting down and abandoning module VisualStudioSourceCodeAccess (256)
[2017.05.24-11.50.01:906][174]LogModuleManager: Shutting down and abandoning module DesktopPlatform (255)
[2017.05.24-11.50.01:906][174]LogModuleManager: Shutting down and abandoning module UObjectPlugin (252)
[2017.05.24-11.50.01:906][174]LogModuleManager: Shutting down and abandoning module SubversionSourceControl (250)
[2017.05.24-11.50.01:906][174]LogModuleManager: Shutting down and abandoning module PerforceSourceControl (248)
[2017.05.24-11.50.01:906][174]LogModuleManager: Shutting down and abandoning module GitSourceControl (246)
[2017.05.24-11.50.01:906][174]LogModuleManager: Shutting down and abandoning module SourceControl (245)
[2017.05.24-11.50.01:906][174]LogModuleManager: Shutting down and abandoning module LightPropagationVolumeEditor (242)
[2017.05.24-11.50.01:906][174]LogModuleManager: Shutting down and abandoning module PaperTiledImporter (240)
[2017.05.24-11.50.01:906][174]LogModuleManager: Shutting down and abandoning module PaperSpriteSheetImporter (238)
[2017.05.24-11.50.01:906][174]LogModuleManager: Shutting down and abandoning module Paper2DEditor (236)
[2017.05.24-11.50.01:907][174]LogModuleManager: Shutting down and abandoning module MeshPaint (235)
[2017.05.24-11.50.01:907][174]LogModuleManager: Shutting down and abandoning module LevelEditor (233)
[2017.05.24-11.50.01:907][174]LogModuleManager: Shutting down and abandoning module PixelInspectorModule (232)
[2017.05.24-11.50.01:907][174]LogModuleManager: Shutting down and abandoning module MainFrame (230)
[2017.05.24-11.50.01:907][174]LogModuleManager: Shutting down and abandoning module HotReload (229)
[2017.05.24-11.50.01:908][174]LogModuleManager: Shutting down and abandoning module ContentBrowser (225)
[2017.05.24-11.50.01:908][174]LogModuleManager: Shutting down and abandoning module PhysXVehiclesEditor (222)
[2017.05.24-11.50.01:908][174]LogModuleManager: Shutting down and abandoning module PhysXVehicles (220)
[2017.05.24-11.50.01:908][174]LogModuleManager: Shutting down and abandoning module LocationServicesBPLibrary (218)
[2017.05.24-11.50.01:909][174]LogModuleManager: Shutting down and abandoning module UdpMessaging (216)
[2017.05.24-11.50.02:010][174]LogModuleManager: Shutting down and abandoning module TcpMessaging (214)
[2017.05.24-11.50.02:497][174]LogModuleManager: Shutting down and abandoning module GameplayTagsEditor (212)
[2017.05.24-11.50.02:497][174]LogModuleManager: Shutting down and abandoning module FacialAnimationEditor (210)
[2017.05.24-11.50.02:497][174]LogModuleManager: Shutting down and abandoning module FacialAnimation (208)
[2017.05.24-11.50.02:497][174]LogModuleManager: Shutting down and abandoning module LightPropagationVolumeRuntime (206)
[2017.05.24-11.50.02:497][174]LogModuleManager: Shutting down and abandoning module Paper2D (204)
[2017.05.24-11.50.02:497][174]LogModuleManager: Shutting down and abandoning module WindowsMoviePlayer (202)
[2017.05.24-11.50.02:497][174]LogModuleManager: Shutting down and abandoning module WmfMedia (200)
[2017.05.24-11.50.02:497][174]LogModuleManager: Shutting down and abandoning module MfMedia (198)
[2017.05.24-11.50.02:497][174]LogModuleManager: Shutting down and abandoning module MediaAssets (196)
[2017.05.24-11.50.02:497][174]LogModuleManager: Shutting down and abandoning module GameLiveStreaming (194)
[2017.05.24-11.50.02:497][174]LogModuleManager: Shutting down and abandoning module VREditor (192)
[2017.05.24-11.50.02:497][174]LogModuleManager: Shutting down and abandoning module GameplayTasksEditor (190)
[2017.05.24-11.50.02:497][174]LogModuleManager: Shutting down and abandoning module BehaviorTreeEditor (188)
[2017.05.24-11.50.02:497][174]LogModuleManager: Shutting down and abandoning module FunctionalTesting (186)
[2017.05.24-11.50.02:497][174]LogModuleManager: Shutting down and abandoning module CollisionAnalyzer (184)
[2017.05.24-11.50.02:497][174]LogModuleManager: Shutting down and abandoning module UMG (182)
[2017.05.24-11.50.02:498][174]LogModuleManager: Shutting down and abandoning module UMGEditor (181)
[2017.05.24-11.50.02:498][174]LogModuleManager: Shutting down and abandoning module Sequencer (180)
[2017.05.24-11.50.02:498][174]LogModuleManager: Shutting down and abandoning module AssetTools (178)
[2017.05.24-11.50.02:498][174]LogModuleManager: Shutting down and abandoning module MessageLog (177)
[2017.05.24-11.50.02:498][174]LogModuleManager: Shutting down and abandoning module WorkspaceMenuStructure (176)
[2017.05.24-11.50.02:498][174]LogModuleManager: Shutting down and abandoning module SlateReflector (170)
[2017.05.24-11.50.02:498][174]LogModuleManager: Shutting down and abandoning module Slate (168)
[2017.05.24-11.50.02:498][174]LogModuleManager: Shutting down and abandoning module EditorStyle (166)
[2017.05.24-11.50.02:500][174]LogModuleManager: Shutting down and abandoning module SourceCodeAccess (164)
[2017.05.24-11.50.02:500][174]LogModuleManager: Shutting down and abandoning module HeadMountedDisplay (162)
[2017.05.24-11.50.02:500][174]LogModuleManager: Shutting down and abandoning module XAudio2 (160)
[2017.05.24-11.50.02:500][174]LogModuleManager: Shutting down and abandoning module Networking (158)
[2017.05.24-11.50.02:500][174]LogModuleManager: Shutting down and abandoning module Core (154)
[2017.05.24-11.50.02:500][174]LogModuleManager: Shutting down and abandoning module AssetRegistry (152)
[2017.05.24-11.50.02:620][174]LogDirectoryWatcher: A directory notification for '../../../Engine/Content/' was aborted.
[2017.05.24-11.50.02:620][174]LogDirectoryWatcher: A directory notification for 'C:/Users/Dave/Desktop/School/Y2P4/Unreal Projects/NaturalisSPACE/Naturalis_MoonLevel/Content/' was aborted.
[2017.05.24-11.50.02:620][174]LogDirectoryWatcher: A directory notification for '../../../Engine/Plugins/2D/Paper2D/Content/' was aborted.
[2017.05.24-11.50.02:620][174]LogModuleManager: Shutting down and abandoning module DirectoryWatcher (151)
[2017.05.24-11.50.02:620][174]LogModuleManager: Shutting down and abandoning module KismetCompiler (148)
[2017.05.24-11.50.02:620][174]LogModuleManager: Shutting down and abandoning module PhysXFormats (146)
[2017.05.24-11.50.02:620][174]LogModuleManager: Shutting down and abandoning module MeshUtilities (144)
[2017.05.24-11.50.02:620][174]LogModuleManager: Shutting down and abandoning module SimplygonSwarm (143)
[2017.05.24-11.50.02:620][174]LogModuleManager: Shutting down and abandoning module SimplygonMeshReduction (141)
[2017.05.24-11.50.02:620][174]LogModuleManager: Shutting down and abandoning module QuadricMeshReduction (139)
[2017.05.24-11.50.02:620][174]LogModuleManager: Shutting down and abandoning module PropertyEditor (137)
[2017.05.24-11.50.02:620][174]LogModuleManager: Shutting down and abandoning module DerivedDataCache (134)
[2017.05.24-11.50.02:951][174]LogDerivedDataCache: Shutdown
[2017.05.24-11.50.02:951][174]LogModuleManager: Shutting down and abandoning module TargetPlatform (132)
[2017.05.24-11.50.02:951][174]LogModuleManager: Shutting down and abandoning module VulkanShaderFormat (131)
[2017.05.24-11.50.02:951][174]LogModuleManager: Shutting down and abandoning module ShaderFormatOpenGL (129)
[2017.05.24-11.50.02:951][174]LogModuleManager: Shutting down and abandoning module ShaderFormatD3D (127)
[2017.05.24-11.50.02:951][174]LogModuleManager: Shutting down and abandoning module MetalShaderFormat (125)
[2017.05.24-11.50.02:951][174]LogModuleManager: Shutting down and abandoning module TextureFormatUncompressed (123)
[2017.05.24-11.50.02:951][174]LogModuleManager: Shutting down and abandoning module TextureFormatPVR (121)
[2017.05.24-11.50.02:951][174]LogModuleManager: Shutting down and abandoning module TextureFormatDXT (119)
[2017.05.24-11.50.02:951][174]LogModuleManager: Shutting down and abandoning module TextureFormatIntelISPCTexComp (117)
[2017.05.24-11.50.02:952][174]LogModuleManager: Shutting down and abandoning module TextureFormatASTC (115)
[2017.05.24-11.50.02:952][174]LogModuleManager: Shutting down and abandoning module ImageWrapper (114)
[2017.05.24-11.50.02:952][174]LogModuleManager: Shutting down and abandoning module TextureFormatAndroid (111)
[2017.05.24-11.50.02:952][174]LogModuleManager: Shutting down and abandoning module AudioFormatOpus (109)
[2017.05.24-11.50.02:952][174]LogModuleManager: Shutting down and abandoning module AudioFormatOgg (107)
[2017.05.24-11.50.02:952][174]LogModuleManager: Shutting down and abandoning module AudioFormatADPCM (105)
[2017.05.24-11.50.02:952][174]LogModuleManager: Shutting down and abandoning module LinuxTargetPlatform (103)
[2017.05.24-11.50.02:952][174]LogModuleManager: Shutting down and abandoning module LinuxServerTargetPlatform (101)
[2017.05.24-11.50.02:952][174]LogModuleManager: Shutting down and abandoning module LinuxNoEditorTargetPlatform (99)
[2017.05.24-11.50.02:952][174]LogModuleManager: Shutting down and abandoning module LinuxClientTargetPlatform (97)
[2017.05.24-11.50.02:952][174]LogModuleManager: Shutting down and abandoning module TVOSTargetPlatform (95)
[2017.05.24-11.50.02:952][174]LogModuleManager: Shutting down and abandoning module Messaging (93)
[2017.05.24-11.50.02:952][174]LogModuleManager: Shutting down and abandoning module IOSTargetPlatform (91)
[2017.05.24-11.50.02:952][174]LogModuleManager: Shutting down and abandoning module HTML5TargetPlatform (89)
[2017.05.24-11.50.02:952][174]LogModuleManager: Shutting down and abandoning module Android_PVRTCTargetPlatform (87)
[2017.05.24-11.50.02:952][174]LogModuleManager: Shutting down and abandoning module Android_MultiTargetPlatform (85)
[2017.05.24-11.50.02:952][174]LogModuleManager: Shutting down and abandoning module Android_ETC2TargetPlatform (83)
[2017.05.24-11.50.02:952][174]LogModuleManager: Shutting down and abandoning module Android_ETC1TargetPlatform (81)
[2017.05.24-11.50.02:952][174]LogModuleManager: Shutting down and abandoning module Android_DXTTargetPlatform (79)
[2017.05.24-11.50.02:952][174]LogModuleManager: Shutting down and abandoning module Android_ATCTargetPlatform (77)
[2017.05.24-11.50.02:952][174]LogModuleManager: Shutting down and abandoning module Android_ASTCTargetPlatform (75)
[2017.05.24-11.50.02:952][174]LogModuleManager: Shutting down and abandoning module AndroidTargetPlatform (73)
[2017.05.24-11.50.02:952][174]LogModuleManager: Shutting down and abandoning module WindowsTargetPlatform (71)
[2017.05.24-11.50.02:952][174]LogModuleManager: Shutting down and abandoning module WindowsServerTargetPlatform (69)
[2017.05.24-11.50.02:952][174]LogModuleManager: Shutting down and abandoning module WindowsNoEditorTargetPlatform (67)
[2017.05.24-11.50.02:952][174]LogModuleManager: Shutting down and abandoning module WindowsClientTargetPlatform (65)
[2017.05.24-11.50.02:952][174]LogModuleManager: Shutting down and abandoning module MacTargetPlatform (63)
[2017.05.24-11.50.02:952][174]LogModuleManager: Shutting down and abandoning module MacServerTargetPlatform (61)
[2017.05.24-11.50.02:952][174]LogModuleManager: Shutting down and abandoning module MacNoEditorTargetPlatform (59)
[2017.05.24-11.50.02:952][174]LogModuleManager: Shutting down and abandoning module MacClientTargetPlatform (57)
[2017.05.24-11.50.02:952][174]LogModuleManager: Shutting down and abandoning module AllDesktopTargetPlatform (55)
[2017.05.24-11.50.02:952][174]LogModuleManager: Shutting down and abandoning module InputCore (52)
[2017.05.24-11.50.02:952][174]LogModuleManager: Shutting down and abandoning module Settings (50)
[2017.05.24-11.50.02:952][174]LogModuleManager: Shutting down and abandoning module OculusRift (48)
[2017.05.24-11.50.02:952][174]LogModuleManager: Shutting down and abandoning module GearVR (46)
[2017.05.24-11.50.02:952][174]LogModuleManager: Shutting down and abandoning module ExampleDeviceProfileSelector (44)
[2017.05.24-11.50.02:952][174]LogModuleManager: Shutting down and abandoning module OnlineBlueprintSupport (42)
[2017.05.24-11.50.02:952][174]LogModuleManager: Shutting down and abandoning module OnlineSubsystem (38)
[2017.05.24-11.50.02:952][174]LogOnline:Display: Unloading online subsystem: NULL
[2017.05.24-11.50.02:952][174]LogModuleManager: Shutting down and abandoning module XMPP (37)
[2017.05.24-11.50.02:952][174]LogModuleManager: Shutting down and abandoning module HTTP (35)
[2017.05.24-11.50.02:952][174]LogHttp:Display: Http module shutting down, but needs to wait on 1 outstanding Http requests:
[2017.05.24-11.50.02:952][174]LogHttp:Display: 	verb=[POST] url=[https://datarouter.ol.epicgames.com/datarouter/api/v1/public/data?SessionID=%7BB04958AD-40F1-E69C-B209-3795CF5FF2D0%7D&AppID=UEEditor.Rocket.Release&AppVersion=4.15.2-3416026%2B%2B%2BUE4%2BRelease-4.15&UserID=fcfbc4aa4d85f6bf21276dabbb40bd3b%7Cb29e0076762942358c8c1714e3862d8d%7C0986a093-a08b-42c1-96a7-321ab03751d3&AppEnvironment=datacollector-binary&UploadType=eteventstream] status=Processing
[2017.05.24-11.50.02:952][174]LogHttp:Warning: 000000BF24F0C100: request failed, libcurl error: 6 (Couldn't resolve host name)
[2017.05.24-11.50.02:952][174]LogHttp:Warning: 000000BF24F0C100: libcurl info message cache 0 (Could not resolve host: datarouter.ol.epicgames.com)
[2017.05.24-11.50.02:952][174]LogHttp:Warning: 000000BF24F0C100: libcurl info message cache 1 (Closing connection 3)
[2017.05.24-11.50.02:968][174]LogModuleManager: Shutting down and abandoning module SSL (34)
[2017.05.24-11.50.02:970][174]LogModuleManager: Shutting down and abandoning module AudioEditor (30)
[2017.05.24-11.50.02:970][174]LogModuleManager: Shutting down and abandoning module TextureCompressor (28)
[2017.05.24-11.50.02:970][174]LogModuleManager: Shutting down and abandoning module ShaderCore (26)
[2017.05.24-11.50.02:970][174]LogModuleManager: Shutting down and abandoning module Landscape (24)
[2017.05.24-11.50.02:970][174]LogModuleManager: Shutting down and abandoning module SlateRHIRenderer (22)
[2017.05.24-11.50.02:971][174]LogModuleManager: Shutting down and abandoning module OpenGLDrv (20)
[2017.05.24-11.50.02:971][174]LogModuleManager: Shutting down and abandoning module D3D11RHI (18)
[2017.05.24-11.50.02:971][174]LogModuleManager: Shutting down and abandoning module AnimGraphRuntime (16)
[2017.05.24-11.50.02:971][174]LogModuleManager: Shutting down and abandoning module Renderer (14)
[2017.05.24-11.50.02:971][174]LogModuleManager: Shutting down and abandoning module Engine (12)
[2017.05.24-11.50.02:971][174]LogModuleManager: Shutting down and abandoning module CoreUObject (10)
[2017.05.24-11.50.02:971][174]LogModuleManager: Shutting down and abandoning module NetworkFile (8)
[2017.05.24-11.50.02:971][174]LogModuleManager: Shutting down and abandoning module StreamingFile (6)
[2017.05.24-11.50.02:971][174]LogModuleManager: Shutting down and abandoning module SandboxFile (4)
[2017.05.24-11.50.02:971][174]LogModuleManager: Shutting down and abandoning module PakFile (2)
[2017.05.24-11.50.02:973][174]LogExit: Exiting.
[2017.05.24-11.50.03:008][174]Log file closed, 05/24/17 13:50:03
