Log file open, 05/24/17 13:01:06
LogInit:Display: Running engine for game: MoonLevel
LogPlatformFile: Not using cached read wrapper
LogInit:Display: RandInit(1595193152) SRandInit(1595193152).
LogTaskGraph: Started task graph with 5 named threads and 8 total threads with 1 sets of task threads.
LogStats: Stats thread started at 0.115469
LogInit: Using libcurl 7.47.1
LogInit:  - built for x86_64-pc-win32
LogInit:  - supports SSL with OpenSSL/1.0.2g
LogInit:  - supports HTTP deflate (compression) using libz 1.2.8
LogInit:  - other features:
LogInit:      CURL_VERSION_SSL
LogInit:      CURL_VERSION_LIBZ
LogInit:      CURL_VERSION_IPV6
LogInit:      CURL_VERSION_ASYNCHDNS
LogInit:      CURL_VERSION_LARGEFILE
LogInit:      CURL_VERSION_IDN
LogInit:  CurlRequestOptions (configurable via config and command line):
LogInit:  - bVerifyPeer = false  - Libcurl will NOT verify peer certificate
LogInit:  - bUseHttpProxy = false  - Libcurl will NOT use HTTP proxy
LogInit:  - bDontReuseConnections = false  - Libcurl will reuse connections
LogInit:  - CertBundlePath = nullptr  - Libcurl will use whatever was configured at build time.
LogInit: Build: ++UE4+Release-4.15-CL-3416026
LogInit: Engine Version: 4.15.2-3416026+++UE4+Release-4.15
LogInit: Compatible Engine Version: 4.15.0-3299760+++UE4+Release-4.15
LogInit: Net CL: 3299760
LogDevObjectVersion: Number of dev versions registered: 14
LogDevObjectVersion:   Dev-Blueprints (B0D832E4-1F89-4F0D-ACCF-7EB736FD4AA2): 8
LogDevObjectVersion:   Dev-Build (E1C64328-A22C-4D53-A36C-8E866417BD8C): 0
LogDevObjectVersion:   Dev-Core (375EC13C-06E4-48FB-B500-84F0262A717E): 2
LogDevObjectVersion:   Dev-Editor (E4B068ED-F494-42E9-A231-DA0B2E46BB41): 14
LogDevObjectVersion:   Dev-Framework (CFFC743F-43B0-4480-9391-14DF171D2073): 22
LogDevObjectVersion:   Dev-Mobile (B02B49B5-BB20-44E9-A304-32B752E40360): 0
LogDevObjectVersion:   Dev-Networking (A4E4105C-59A1-49B5-A7C5-40C4547EDFEE): 0
LogDevObjectVersion:   Dev-Online (39C831C9-5AE6-47DC-9A44-9C173E1C8E7C): 0
LogDevObjectVersion:   Dev-Physics (78F01B33-EBEA-4F98-B9B4-84EACCB95AA2): 0
LogDevObjectVersion:   Dev-Platform (6631380F-2D4D-43E0-8009-CF276956A95A): 0
LogDevObjectVersion:   Dev-Rendering (12F88B9F-8875-4AFC-A67C-D90C383ABD29): 12
LogDevObjectVersion:   Dev-Sequencer (7B5AE74C-D270-4C10-A958-57980B212A5A): 3
LogDevObjectVersion:   Dev-VR (D7296918-1DD6-4BDD-9DE2-64A83CC13884): 0
LogDevObjectVersion:   Dev-LoadTimes (C2A15278-BFE7-4AFE-6C17-90FF531DF755): 1
LogInit: Compiled (64-bit): May  1 2017 13:11:28
LogInit: Compiled with Visual C++: 19.00.23026.00
LogInit: Build Configuration: Development
LogInit: Branch Name: ++UE4+Release-4.15
LogInit: Command line:  
LogInit: Base directory: D:/UE_4.15/Engine/Binaries/Win64/
LogInit: Installed Engine Build: 1
LogInit: Presizing for max 8388607 objects, including 0 objects not considered by GC, pre-allocating 0 bytes for permanent pool.
LogInit: Object subsystem initialized
[2017.05.24-11.01.08:469][  0]LogInit: Selected Device Profile: [Windows]
[2017.05.24-11.01.08:469][  0]LogInit: Applying CVar settings loaded from the selected device profile: [Windows]
[2017.05.24-11.01.08:483][  0]LogInit: Computer: MSI-DARKSTAR
[2017.05.24-11.01.08:483][  0]LogInit: User: Ruben
[2017.05.24-11.01.08:483][  0]LogInit: CPU Page size=65536, Cores=4
[2017.05.24-11.01.08:483][  0]LogInit: High frequency timer resolution =2.533202 MHz
[2017.05.24-11.01.08:484][  0]LogMemory: Memory total: Physical=7.9GB (8GB approx)
[2017.05.24-11.01.08:484][  0]LogMemory: Platform Memory Stats for Windows
[2017.05.24-11.01.08:484][  0]LogMemory: Process Physical Memory: 263.55 MB used, 263.55 MB peak
[2017.05.24-11.01.08:484][  0]LogMemory: Process Virtual Memory: 262.50 MB used, 262.50 MB peak
[2017.05.24-11.01.08:484][  0]LogMemory: Physical Memory: 5509.09 MB used,  2600.71 MB free, 8109.81 MB total
[2017.05.24-11.01.08:484][  0]LogMemory: Virtual Memory: 645.10 MB used,  2600.71 MB free, 134217728.00 MB total
[2017.05.24-11.01.08:579][  0]LogTextLocalizationManager: No specific translations for ('en-US') exist, so ('en') translations will be used.
[2017.05.24-11.01.09:715][  0]LogD3D11RHI: D3D11 adapters:
[2017.05.24-11.01.10:488][  0]LogD3D11RHI:    0. 'NVIDIA GeForce GTX 950M' (Feature Level 11_0)
[2017.05.24-11.01.10:488][  0]LogD3D11RHI:       2019/0/4054 MB DedicatedVideo/DedicatedSystem/SharedSystem, Outputs:1, VendorId:0x10de
[2017.05.24-11.01.10:496][  0]LogD3D11RHI:    1. 'Intel(R) HD Graphics 4600' (Feature Level 11_0)
[2017.05.24-11.01.10:496][  0]LogD3D11RHI:       112/0/2048 MB DedicatedVideo/DedicatedSystem/SharedSystem, Outputs:0, VendorId:0x8086
[2017.05.24-11.01.10:498][  0]LogD3D11RHI:    2. 'Microsoft Basic Render Driver' (Feature Level 11_0)
[2017.05.24-11.01.10:498][  0]LogD3D11RHI:       0/0/4054 MB DedicatedVideo/DedicatedSystem/SharedSystem, Outputs:0, VendorId:0x1414
[2017.05.24-11.01.10:498][  0]LogD3D11RHI: Chosen D3D11 Adapter: 0
[2017.05.24-11.01.10:509][  0]LogD3D11RHI: Creating new Direct3DDevice
[2017.05.24-11.01.10:509][  0]LogD3D11RHI:     GPU DeviceId: 0x139a (for the marketing name, search the web for "GPU Device Id")
[2017.05.24-11.01.10:509][  0]LogWindows: EnumDisplayDevices:
[2017.05.24-11.01.10:509][  0]LogWindows:    0. 'Intel(R) HD Graphics 4600' (P:1 D:1)
[2017.05.24-11.01.10:510][  0]LogWindows:    1. 'Intel(R) HD Graphics 4600' (P:0 D:0)
[2017.05.24-11.01.10:510][  0]LogWindows:    2. 'Intel(R) HD Graphics 4600' (P:0 D:0)
[2017.05.24-11.01.10:510][  0]LogWindows: DebugString: PrimaryIsNotTheChoosenAdapter PrimaryIsNotTheChoosenAdapter PrimaryIsNotTheChoosenAdapter FoundDriverCount:0 
[2017.05.24-11.01.10:510][  0]LogD3D11RHI:     Adapter Name: NVIDIA GeForce GTX 950M
[2017.05.24-11.01.10:510][  0]LogD3D11RHI:   Driver Version: Unknown (internal:Unknown, unified:Unknown)
[2017.05.24-11.01.10:510][  0]LogD3D11RHI:      Driver Date: Unknown
[2017.05.24-11.01.10:510][  0]LogRHI: Texture pool is 1361 MB (70% of 1945 MB)
[2017.05.24-11.01.11:247][  0]LogD3D11RHI: [Aftermath] Aftermath enabled and primed
[2017.05.24-11.01.11:247][  0]LogD3D11RHI: Async texture creation enabled
[2017.05.24-11.01.11:295][  0]LogD3D11RHI: GPU Timing Frequency: 1000.000000 (Debug: 2 1)
[2017.05.24-11.01.11:296][  0]LogShaderCompilers: Guid format shader working directory is -29 characters bigger than the processId version (C:/Users/Ruben/Desktop/Unreal projects/MoonLevel/Intermediate/Shaders/WorkingDirectory/12764/).
[2017.05.24-11.01.11:297][  0]LogShaderCompilers: Cleaned the shader compiler working directory 'D:/Temp/UnrealShaderWorkingDir/30255F9F48B113FF1390838389F704A1/'.
[2017.05.24-11.01.11:297][  0]LogShaderCompilers:Display: Using Local Shader Compiler.
[2017.05.24-11.01.12:736][  0]LogTemp:Display: Loaded TP AllDesktopTargetPlatform
[2017.05.24-11.01.12:808][  0]LogTemp:Display: Loaded TP MacClientTargetPlatform
[2017.05.24-11.01.12:885][  0]LogTemp:Display: Loaded TP MacNoEditorTargetPlatform
[2017.05.24-11.01.12:964][  0]LogTemp:Display: Loaded TP MacServerTargetPlatform
[2017.05.24-11.01.13:030][  0]LogTemp:Display: Loaded TP MacTargetPlatform
[2017.05.24-11.01.13:095][  0]LogTemp:Display: Loaded TP WindowsClientTargetPlatform
[2017.05.24-11.01.13:167][  0]LogTemp:Display: Loaded TP WindowsNoEditorTargetPlatform
[2017.05.24-11.01.13:234][  0]LogTemp:Display: Loaded TP WindowsServerTargetPlatform
[2017.05.24-11.01.13:291][  0]LogTemp:Display: Loaded TP WindowsTargetPlatform
[2017.05.24-11.01.13:354][  0]LogTemp:Display: Loaded TP AndroidTargetPlatform
[2017.05.24-11.01.13:418][  0]LogTemp:Display: Loaded TP Android_ASTCTargetPlatform
[2017.05.24-11.01.13:484][  0]LogTemp:Display: Loaded TP Android_ATCTargetPlatform
[2017.05.24-11.01.13:557][  0]LogTemp:Display: Loaded TP Android_DXTTargetPlatform
[2017.05.24-11.01.13:636][  0]LogTemp:Display: Loaded TP Android_ETC1TargetPlatform
[2017.05.24-11.01.13:717][  0]LogTemp:Display: Loaded TP Android_ETC2TargetPlatform
[2017.05.24-11.01.13:889][  0]LogTemp:Display: Loaded TP Android_MultiTargetPlatform
[2017.05.24-11.01.13:889][  0]LogTemp:Display: Loaded TP Android_PVRTCTargetPlatform
[2017.05.24-11.01.13:943][  0]LogTemp:Display: Loaded TP HTML5TargetPlatform
[2017.05.24-11.01.14:056][  0]LogTemp:Display: Loaded TP IOSTargetPlatform
[2017.05.24-11.01.14:089][  0]LogTemp:Display: Loaded TP TVOSTargetPlatform
[2017.05.24-11.01.14:156][  0]LogTemp:Display: Loaded TP LinuxClientTargetPlatform
[2017.05.24-11.01.14:214][  0]LogTemp:Display: Loaded TP LinuxNoEditorTargetPlatform
[2017.05.24-11.01.14:290][  0]LogTemp:Display: Loaded TP LinuxServerTargetPlatform
[2017.05.24-11.01.14:362][  0]LogTemp:Display: Loaded TP LinuxTargetPlatform
[2017.05.24-11.01.14:362][  0]LogTargetPlatformManager:Display: Building Assets For Windows
[2017.05.24-11.01.14:886][  0]LogDerivedDataCache:Display: Max Cache Size: 512 MB
[2017.05.24-11.01.14:958][  0]LogDerivedDataCache: Loaded boot cache 0.07s 50MB C:/Users/Ruben/AppData/Local/UnrealEngine/4.15/DerivedDataCache/Boot.ddc.
[2017.05.24-11.01.14:958][  0]LogDerivedDataCache:Display: Loaded Boot cache: C:/Users/Ruben/AppData/Local/UnrealEngine/4.15/DerivedDataCache/Boot.ddc
[2017.05.24-11.01.14:958][  0]LogDerivedDataCache: FDerivedDataBackendGraph:  Pak pak cache file C:/Users/Ruben/Desktop/Unreal projects/MoonLevel/DerivedDataCache/DDC.ddp not found, will not use a pak cache.
[2017.05.24-11.01.14:958][  0]LogDerivedDataCache: Unable to find inner node Pak for hierarchical cache Hierarchy.
[2017.05.24-11.01.14:958][  0]LogDerivedDataCache: FDerivedDataBackendGraph:  CompressedPak pak cache file C:/Users/Ruben/Desktop/Unreal projects/MoonLevel/DerivedDataCache/Compressed.ddp not found, will not use a pak cache.
[2017.05.24-11.01.14:958][  0]LogDerivedDataCache: Unable to find inner node CompressedPak for hierarchical cache Hierarchy.
[2017.05.24-11.01.14:986][  0]LogDerivedDataCache:Display: Pak cache opened for reading ../../../Engine/DerivedDataCache/Compressed.ddp.
[2017.05.24-11.01.15:002][  0]LogDerivedDataCache: Using Local data cache path C:/Users/Ruben/AppData/Local/UnrealEngine/Common/DerivedDataCache: Writable
[2017.05.24-11.01.15:014][  0]LogSlate: Using Freetype 2.6.0
[2017.05.24-11.01.15:016][  0]LogSlate: SlateFontCache - WITH_FREETYPE: 1, WITH_HARFBUZZ: 1
[2017.05.24-11.01.15:017][  0]LogSlate: SlateFontCache - WITH_FREETYPE: 1, WITH_HARFBUZZ: 1
[2017.05.24-11.01.15:486][  0]LogInit: Selected Device Profile: [Windows]
[2017.05.24-11.01.15:490][  0]LogContentStreaming: Texture pool size is 0.00 MB
[2017.05.24-11.01.15:805][  0]LogMeshUtilities: Using QuadricMeshReduction for automatic static mesh reduction
[2017.05.24-11.01.15:888][  0]LogSimplygon: Simplygon DLL not present - disabling.
[2017.05.24-11.01.15:966][  0]LogMeshUtilities: Using SimplygonSwarm for distributed automatic mesh merging
[2017.05.24-11.01.15:966][  0]LogMeshUtilities: No automatic skeletal mesh reduction module available
[2017.05.24-11.01.15:966][  0]LogMeshUtilities: No automatic mesh merging module available
[2017.05.24-11.01.16:775][  0]LogNetVersion: GetLocalNetworkVersion: CL: 3299760, ProjectName: moonlevel, ProjectVersion: , EngineNetworkVersion: 2, GameNetworkVersion: 0, NetworkChecksum: 3802628488
[2017.05.24-11.01.16:814][  0]LogAssetRegistry: FAssetRegistry took 0.0224 seconds to start up
[2017.05.24-11.01.16:929][  0]LogPackageLocalizationCache: Processed 3 localized package path(s) for 2 prioritized culture(s) in 0.091478 seconds
[2017.05.24-11.01.16:936][  0]LogUObjectArray: 32493 objects as part of root set at end of initial load.
[2017.05.24-11.01.16:936][  0]LogUObjectAllocator: 7077024 out of 0 bytes used by permanent object pool.
[2017.05.24-11.01.16:936][  0]LogUObjectArray: CloseDisregardForGC: 0/0 objects in disregard for GC pool
[2017.05.24-11.01.17:004][  0]LogInit: WinSock: version 1.1 (2.2), MaxSocks=32767, MaxUdp=65467
[2017.05.24-11.01.19:338][  0]LogTcpMessaging: Initializing TcpMessaging bridge
[2017.05.24-11.01.19:380][  0]LogUdpMessaging: Initializing bridge on interface 0.0.0.0:0 to multicast group 230.0.0.1:6666.
[2017.05.24-11.01.20:095][  0]LogMaterial: Uniform references updated for custom material expression Custom.
[2017.05.24-11.01.20:740][  0]SourceControl: Info Source control is disabled
[2017.05.24-11.01.20:742][  0]SourceControl: Info Source control is disabled
[2017.05.24-11.01.20:829][  0]SourceControl: Info Source control is disabled
[2017.05.24-11.01.20:917][  0]SourceControl: Info Source control is disabled
[2017.05.24-11.01.23:154][  0]LogEngine: Initializing Engine...
[2017.05.24-11.01.23:155][  0]LogHMD: Failed to initialize OpenVR with code 110
[2017.05.24-11.01.23:351][  0]LogStats: UGameplayTagsManager::ConstructGameplayTagTree: Construct from data asset -  0.000 s
[2017.05.24-11.01.23:351][  0]LogStats: UGameplayTagsManager::ConstructGameplayTagTree: GameplayTagTreeChangedEvent.Broadcast -  0.000 s
[2017.05.24-11.01.23:554][  0]LogAIModule: Creating AISystem for world Untitled
[2017.05.24-11.01.23:571][  0]LogInit: XAudio2 using 'Speakers (Realtek High Definition Audio)' : 2 channels at 48 kHz using 32 bits per sample (channel mask 0x3)
[2017.05.24-11.01.23:702][  0]LogInit: FAudioDevice initialized.
[2017.05.24-11.01.23:749][  0]LogDerivedDataCache: Saved boot cache 0.05s 50MB C:/Users/Ruben/AppData/Local/UnrealEngine/4.15/DerivedDataCache/Boot.ddc.
[2017.05.24-11.01.23:765][  0]LogInit: Texture streaming: Enabled
[2017.05.24-11.01.23:886][  0]LogEngineSessionManager: EngineSessionManager initialized
[2017.05.24-11.01.24:046][  0]LogInit: Transaction tracking system initialized
[2017.05.24-11.01.24:475][  0]BlueprintLog: New page: Editor Load
[2017.05.24-11.01.25:518][  0]LocalizationService: Info Localization service is disabled
[2017.05.24-11.01.26:291][  0]LogConsoleResponse:Display: 
[2017.05.24-11.01.26:441][  0]LogCook:Display: Max memory allowance for cook 16384mb min free memory 0mb
[2017.05.24-11.01.26:441][  0]LogCook:Display: Mobile HDR setting 1
[2017.05.24-11.01.27:352][  0]LogFileCache: Scanning file cache for directory 'C:/Users/Ruben/Desktop/Unreal projects/MoonLevel/Content/' took 0.02s
[2017.05.24-11.01.27:679][  0]SourceControl: Info Source control is disabled
[2017.05.24-11.01.27:679][  0]Cmd: MAP LOAD FILE="C:/Users/Ruben/Desktop/Unreal projects/MoonLevel/Content/ThirdPersonBP/Maps/ThirdPersonExampleMap.umap" TEMPLATE=0 SHOWPROGRESS=1 FEATURELEVEL=3
[2017.05.24-11.01.27:680][  0]LightingResults: New page: Lighting Build
[2017.05.24-11.01.27:726][  0]MapCheck: New page: Map Check
[2017.05.24-11.01.27:726][  0]LightingResults: New page: Lighting Build
[2017.05.24-11.01.28:215][  0]LogAIModule: Creating AISystem for world ThirdPersonExampleMap
[2017.05.24-11.01.28:249][  0]LogEditorServer: Finished looking for orphan Actors (0.000 secs)
[2017.05.24-11.01.28:249][  0]Cmd: MAP CHECKDEP NOCLEARLOG
[2017.05.24-11.01.28:342][  0]MapCheck: Info Map check complete: 0 Error(s), 0 Warning(s), took 92.468ms to complete.
[2017.05.24-11.01.28:342][  0]LogFileHelpers: Loading map 'ThirdPersonExampleMap' took 0.663
[2017.05.24-11.01.28:548][  0]LogCollectionManager: Loaded 0 collections in 0.001109 seconds
[2017.05.24-11.01.28:636][  0]LogFileCache: Scanning file cache for directory 'C:/Users/Ruben/Desktop/Unreal projects/MoonLevel/Saved/Collections/' took 0.01s
[2017.05.24-11.01.28:636][  0]LogFileCache: Scanning file cache for directory 'C:/Users/Ruben/Desktop/Unreal projects/MoonLevel/Content/Developers/Ruben/Collections/' took 0.01s
[2017.05.24-11.01.28:636][  0]LogFileCache: Scanning file cache for directory 'C:/Users/Ruben/Desktop/Unreal projects/MoonLevel/Content/Collections/' took 0.01s
[2017.05.24-11.01.28:636][  0]LogCollectionManager: Rebuilt the GUID cache for 0 collections in 0.000004 seconds
[2017.05.24-11.01.28:647][  0]LogContentBrowser: Native class hierarchy populated in 0.0108 seconds. Added 2245 classes and 453 folders.
[2017.05.24-11.01.28:722][  0]LogContentBrowser: Native class hierarchy updated for 'WidgetCarousel' in 0.0010 seconds. Added 0 classes and 0 folders.
[2017.05.24-11.01.28:811][  0]LogContentBrowser: Native class hierarchy updated for 'AddContentDialog' in 0.0009 seconds. Added 0 classes and 0 folders.
[2017.05.24-11.01.28:868][  0]LogContentBrowser: Native class hierarchy updated for 'SceneOutliner' in 0.0006 seconds. Added 1 classes and 2 folders.
[2017.05.24-11.01.28:918][  0]LogCrashTracker: Crashtracker disabled due to settings.
[2017.05.24-11.01.28:927][  0]LogUObjectGlobals:Warning: Failed to find object 'Class None.'
[2017.05.24-11.01.29:031][  0]LogContentBrowser: Native class hierarchy updated for 'HierarchicalLODOutliner' in 0.0007 seconds. Added 1 classes and 2 folders.
[2017.05.24-11.01.29:031][  0]LogLoad: (Engine Initialization) Total time: 23.97 seconds
[2017.05.24-11.01.29:031][  0]LogLoad: (Engine Initialization) Total Blueprint compile time: 0.18 seconds
[2017.05.24-11.01.29:031][  0]LogExternalProfiler: Found external profiler: VSPerf
[2017.05.24-11.01.29:031][  0]LogExternalProfiler: Using external profiler: VSPerf
[2017.05.24-11.01.29:370][  0]LogOcInput: OculusInput pre-init called
[2017.05.24-11.01.29:394][  0]LogContentStreaming: Texture pool size now 1000 MB
[2017.05.24-11.01.29:396][  0]LogSlate: Took 0.000457 seconds to synchronously load lazily loaded font '../../../Engine/Content/Slate/Fonts/Roboto-Regular.ttf' (155K)
[2017.05.24-11.01.29:401][  0]LogSlate: Took 0.000383 seconds to synchronously load lazily loaded font '../../../Engine/Content/Slate/Fonts/Roboto-Bold.ttf' (160K)
[2017.05.24-11.01.29:407][  0]LogSlate: Took 0.000409 seconds to synchronously load lazily loaded font '../../../Engine/Content/Editor/Slate/Fonts/FontAwesome.ttf' (139K)
[2017.05.24-11.01.29:539][  0]LogSlate: Took 0.000399 seconds to synchronously load lazily loaded font '../../../Engine/Content/Slate/Fonts/Roboto-Light.ttf' (159K)
[2017.05.24-11.01.29:610][  0]LogRenderer: Reallocating scene render targets to support 1208x568 NumSamples 1 (Frame:2).
[2017.05.24-11.01.29:722][  1]LogAssetRegistry: Asset discovery search completed in 12.9300 seconds
[2017.05.24-11.01.29:722][  1]LogCollectionManager: Rebuilt the object cache for 0 collections in 0.000056 seconds (found 0 objects)
[2017.05.24-11.01.29:722][  1]LogCollectionManager: Fixed up redirectors for 0 collections in 0.000099 seconds (updated 0 objects)
[2017.05.24-11.01.43:608][601]LogSlate:Warning: Prevented a slow task dialog from being summoned while a context menu was open
[2017.05.24-11.01.48:080][601]LogTexture:Display: Building textures: T_Cliff01_N (BC5, 8192X8192) - 102 MB total VRAM
[2017.05.24-11.02.07:147][601]LogTexture:Display: Building textures: T_Cliff01_D_CC_R (AutoDXT, 8192X8192) - 102 MB total VRAM
[2017.05.24-11.03.05:461][601]LogMaterial: Missing cached shader map for material M_Photoscan_Master, compiling. 
[2017.05.24-11.03.05:495][601]LogTemp:Display: Added material ShaderMap 0x000001BFD22A9D00 with Material 0x000001BFC98A0880 to ShaderMapsBeingCompiled
[2017.05.24-11.03.05:747][601]LogTemp:Display: Kicking off shader compilation for M_Photoscan_Master, GameThreadShaderMap 0x000001BFD22A9D00
[2017.05.24-11.03.05:821][601]LogStaticMesh: Building static mesh SM_Cliff01...
[2017.05.24-11.03.06:428][601]LogMeshUtilities: Invalid vertex normals found for mesh. Forcing recomputation of vertex normals for MikkTSpace. Fix mesh or disable "Use MikkTSpace Tangent Space" to avoid forced recomputation of normals.
[2017.05.24-11.03.06:580][601]LogMeshUtilities: Invalid vertex normals found for mesh. Forcing recomputation of vertex normals for MikkTSpace. Fix mesh or disable "Use MikkTSpace Tangent Space" to avoid forced recomputation of normals.
[2017.05.24-11.03.06:642][601]LogMeshUtilities: Invalid vertex normals found for mesh. Forcing recomputation of vertex normals for MikkTSpace. Fix mesh or disable "Use MikkTSpace Tangent Space" to avoid forced recomputation of normals.
[2017.05.24-11.03.07:181][601]LogStaticMesh: Built static mesh [1.36s] /Game/KiteDemo/Environments/Cliffs/Cliff01/SM_Cliff01.SM_Cliff01
[2017.05.24-11.03.08:368][601]LogTexture:Display: Building textures: BogMyrtleBush_01_Atlas_Billboards_Tex (AutoDXT, 2048X2048) - 102 MB total VRAM
[2017.05.24-11.03.10:458][601]LogTexture:Display: Building textures: BogMyrtleBush_01_Atlas_Billboards_Normal_Tex (BC5, 2048X2048) - 102 MB total VRAM
[2017.05.24-11.03.11:332][601]LogTexture:Display: Building textures: BogMyrtle_01_Atlas_Billboards_Tex (AutoDXT, 2048X2048) - 102 MB total VRAM
[2017.05.24-11.03.13:185][601]LogTexture:Display: Building textures: BogMyrtle_01_Atlas_Billboards_Normal_Tex (BC5, 2048X2048) - 102 MB total VRAM
[2017.05.24-11.03.14:418][601]LogTexture:Display: Building textures: BogMyrtle_01_Atlas_Normal_Tex (BC5, 4096X4096) - 102 MB total VRAM
[2017.05.24-11.03.17:711][601]LogTexture:Display: Building textures: BogMyrtle_01_Atlas_Tex (AutoDXT, 4096X4096) - 102 MB total VRAM
[2017.05.24-11.03.23:059][601]LogTexture:Display: Building textures: T_BogMyrtleBtm_01_D (AutoDXT, 4096X4096) - 102 MB total VRAM
[2017.05.24-11.03.27:889][601]LogTexture:Display: Building textures: T_BogMyrtleBtm_01_N (BC5, 4096X4096) - 102 MB total VRAM
[2017.05.24-11.03.29:685][601]LogMaterial: Missing cached shader map for material BogMyrtle_01_Fronds_Mat, compiling. 
[2017.05.24-11.03.29:687][601]LogTemp:Display: Added material ShaderMap 0x000001BF82C6BC80 with Material 0x000001BF81BF5780 to ShaderMapsBeingCompiled
[2017.05.24-11.03.29:802][601]LogTemp:Display: Kicking off shader compilation for BogMyrtle_01_Fronds_Mat, GameThreadShaderMap 0x000001BF82C6BC80
[2017.05.24-11.03.29:816][601]LogStaticMesh: Building static mesh BogMyrtleBush_01...
[2017.05.24-11.03.30:354][601]LogStaticMesh: Built static mesh [0.54s] /Game/KiteDemo/Environments/Foliage/BogMyrtleBush_01/BogMyrtleBush_01.BogMyrtleBush_01
[2017.05.24-11.03.30:363][601]LogMaterial: Missing cached shader map for material BogMyrtle_01_Billboard_Mat, compiling. 
[2017.05.24-11.03.30:364][601]LogTemp:Display: Added material ShaderMap 0x000001BF8F500800 with Material 0x000001BF83675180 to ShaderMapsBeingCompiled
[2017.05.24-11.03.30:482][601]LogTemp:Display: Kicking off shader compilation for BogMyrtle_01_Billboard_Mat, GameThreadShaderMap 0x000001BF8F500800
[2017.05.24-11.03.30:801][601]LogTexture:Display: Building textures: BogMyrtleBush_02_Atlas_Billboards_Normal_Tex (BC5, 2048X2048) - 102 MB total VRAM
[2017.05.24-11.03.31:665][601]LogTexture:Display: Building textures: BogMyrtleBush_02_Atlas_Billboards_Tex (AutoDXT, 2048X2048) - 102 MB total VRAM
[2017.05.24-11.03.33:579][601]LogStaticMesh: Building static mesh BogMyrtleBush_02...
[2017.05.24-11.03.34:680][601]LogStaticMesh: Built static mesh [1.10s] /Game/KiteDemo/Environments/Foliage/BogMyrtleBush_02/BogMyrtleBush_02.BogMyrtleBush_02
[2017.05.24-11.03.34:736][601]LogStaticMesh: Building static mesh BogMyrtle_01...
[2017.05.24-11.03.35:163][601]LogStaticMesh: Built static mesh [0.43s] /Game/KiteDemo/Environments/Foliage/BogMyrtle_01/BogMyrtle_01.BogMyrtle_01
[2017.05.24-11.03.35:814][601]LogTexture:Display: Building textures: T_Fern_01_D (AutoDXT, 2048X2048) - 102 MB total VRAM
[2017.05.24-11.03.37:706][601]LogTexture:Display: Building textures: T_Fern_01_N (BC5, 2048X2048) - 102 MB total VRAM
[2017.05.24-11.03.38:379][601]LogTexture:Display: Building textures: T_Ice_Noise_N (BC5, 1024X1024) - 102 MB total VRAM
[2017.05.24-11.03.38:773][601]LogTexture:Display: Building textures: T_TilingNoise06_N (BC5, 2048X2048) - 103 MB total VRAM
[2017.05.24-11.03.39:494][601]LogTexture:Display: Building textures: T_Water_Screen_Noise_Soft2 (AutoDXT, 1024X1024) - 103 MB total VRAM
[2017.05.24-11.03.39:859][601]LogMaterial: Missing cached shader map for material M_Fern_01, compiling. 
[2017.05.24-11.03.39:862][601]LogTemp:Display: Added material ShaderMap 0x000001BF8CC71280 with Material 0x000001BF8CC3AF80 to ShaderMapsBeingCompiled
[2017.05.24-11.03.39:993][601]LogTemp:Display: Kicking off shader compilation for M_Fern_01, GameThreadShaderMap 0x000001BF8CC71280
[2017.05.24-11.03.40:092][601]LogTexture:Display: Building textures: T_Water_Screen_Noise_Soft (AutoDXT, 1024X1024) - 103 MB total VRAM
[2017.05.24-11.03.40:440][601]LogMaterial: Missing cached shader map for material M_Fern_01, compiling. 
[2017.05.24-11.03.40:444][601]LogTemp:Display: Added material ShaderMap 0x000001BF91C05980 with Material 0x000001BF8CD50E80 to ShaderMapsBeingCompiled
[2017.05.24-11.03.40:574][601]LogTemp:Display: Kicking off shader compilation for M_Fern_01, GameThreadShaderMap 0x000001BF91C05980
[2017.05.24-11.03.40:614][601]LogStaticMesh: Building static mesh SM_Fern_01...
[2017.05.24-11.03.40:650][601]LogMeshUtilities: Invalid vertex normals found for mesh. Forcing recomputation of vertex normals for MikkTSpace. Fix mesh or disable "Use MikkTSpace Tangent Space" to avoid forced recomputation of normals.
[2017.05.24-11.03.40:706][601]LogMeshUtilities: Invalid vertex normals found for mesh. Forcing recomputation of vertex normals for MikkTSpace. Fix mesh or disable "Use MikkTSpace Tangent Space" to avoid forced recomputation of normals.
[2017.05.24-11.03.40:851][601]LogStaticMesh: Built static mesh [0.24s] /Game/KiteDemo/Environments/Foliage/Ferns/SM_Fern_01.SM_Fern_01
[2017.05.24-11.03.40:887][601]LogStaticMesh: Building static mesh SM_Fern_02...
[2017.05.24-11.03.40:928][601]LogMeshUtilities: Invalid vertex normals found for mesh. Forcing recomputation of vertex normals for MikkTSpace. Fix mesh or disable "Use MikkTSpace Tangent Space" to avoid forced recomputation of normals.
[2017.05.24-11.03.40:987][601]LogMeshUtilities: Invalid vertex normals found for mesh. Forcing recomputation of vertex normals for MikkTSpace. Fix mesh or disable "Use MikkTSpace Tangent Space" to avoid forced recomputation of normals.
[2017.05.24-11.03.41:080][601]LogStaticMesh: Built static mesh [0.19s] /Game/KiteDemo/Environments/Foliage/Ferns/SM_Fern_02.SM_Fern_02
[2017.05.24-11.03.41:125][601]LogStaticMesh: Building static mesh SM_Fern_03...
[2017.05.24-11.03.41:158][601]LogMeshUtilities: Invalid vertex normals found for mesh. Forcing recomputation of vertex normals for MikkTSpace. Fix mesh or disable "Use MikkTSpace Tangent Space" to avoid forced recomputation of normals.
[2017.05.24-11.03.41:208][601]LogMeshUtilities: Invalid vertex normals found for mesh. Forcing recomputation of vertex normals for MikkTSpace. Fix mesh or disable "Use MikkTSpace Tangent Space" to avoid forced recomputation of normals.
[2017.05.24-11.03.41:305][601]LogStaticMesh: Built static mesh [0.18s] /Game/KiteDemo/Environments/Foliage/Ferns/SM_Fern_03.SM_Fern_03
[2017.05.24-11.03.41:524][601]LogMaterial: Uniform references updated for custom material expression TemporalAA SampleID.
[2017.05.24-11.03.41:528][601]LogMaterial: Uniform references updated for custom material expression Custom.
[2017.05.24-11.03.41:560][601]LogTexture:Display: Building textures: T_SwirlNoise (G8, 512X512) - 103 MB total VRAM
[2017.05.24-11.03.41:746][601]LogTexture:Display: Building textures: T_Buttercup_Patch_01_M (AutoDXT, 2048X2048) - 103 MB total VRAM
[2017.05.24-11.03.43:950][601]LogTexture:Display: Building textures: T_Buttercup_Patch_01_D (AutoDXT, 2048X2048) - 103 MB total VRAM
[2017.05.24-11.03.45:534][601]LogMaterial: Missing cached shader map for material M_Buttercup_Patch_01, compiling. 
[2017.05.24-11.03.45:540][601]LogTemp:Display: Added material ShaderMap 0x000001BF92844F00 with Material 0x000001BF9284D300 to ShaderMapsBeingCompiled
[2017.05.24-11.03.45:664][601]LogTemp:Display: Kicking off shader compilation for M_Buttercup_Patch_01, GameThreadShaderMap 0x000001BF92844F00
[2017.05.24-11.03.45:730][601]LogMaterial: Missing cached shader map for material M_Buttercup_Patch_01, compiling. 
[2017.05.24-11.03.45:733][601]LogTemp:Display: Added material ShaderMap 0x000001BF9AD2D280 with Material 0x000001BF880A2B00 to ShaderMapsBeingCompiled
[2017.05.24-11.03.45:859][601]LogTemp:Display: Kicking off shader compilation for M_Buttercup_Patch_01, GameThreadShaderMap 0x000001BF9AD2D280
[2017.05.24-11.03.46:528][601]LogStaticMesh: Building static mesh SM_Buttercup_Patch_01...
[2017.05.24-11.03.46:661][601]LogStaticMesh: Built static mesh [0.13s] /Game/KiteDemo/Environments/Foliage/Flowers/Buttercup/SM_Buttercup_Patch_01.SM_Buttercup_Patch_01
[2017.05.24-11.03.47:499][601]LogTexture:Display: Building textures: T_FieldScabious01_N (BC5, 2048X2048) - 105 MB total VRAM
[2017.05.24-11.03.48:286][601]LogTexture:Display: Building textures: T_FieldScabious01_M (AutoDXT, 2048X2048) - 105 MB total VRAM
[2017.05.24-11.03.49:491][601]LogTexture:Display: Building textures: T_FieldScabious01_D (AutoDXT, 2048X2048) - 105 MB total VRAM
[2017.05.24-11.03.51:590][601]LogMaterial: Missing cached shader map for material M_FieldScabious_01, compiling. 
[2017.05.24-11.03.51:609][601]LogTemp:Display: Added material ShaderMap 0x000001BF9BA41600 with Material 0x000001BF9BA5DD80 to ShaderMapsBeingCompiled
[2017.05.24-11.03.51:752][601]LogTemp:Display: Kicking off shader compilation for M_FieldScabious_01, GameThreadShaderMap 0x000001BF9BA41600
[2017.05.24-11.03.51:822][601]LogMaterial: Missing cached shader map for material M_FieldScabious_01, compiling. 
[2017.05.24-11.03.51:828][601]LogTemp:Display: Added material ShaderMap 0x000001C0009A9600 with Material 0x000001BF880A1A80 to ShaderMapsBeingCompiled
[2017.05.24-11.03.51:964][601]LogTemp:Display: Kicking off shader compilation for M_FieldScabious_01, GameThreadShaderMap 0x000001C0009A9600
[2017.05.24-11.03.51:992][601]LogStaticMesh: Building static mesh SM_FieldScabious_01...
[2017.05.24-11.03.52:326][601]LogStaticMesh: Built static mesh [0.33s] /Game/KiteDemo/Environments/Foliage/Flowers/FieldScabious/SM_FieldScabious_01.SM_FieldScabious_01
[2017.05.24-11.03.52:510][601]LogTexture:Display: Building textures: T_Ice_Noise (AutoDXT, 1024X1024) - 105 MB total VRAM
[2017.05.24-11.03.53:503][601]LogTexture:Display: Building textures: T_HeatherBranch4_D (AutoDXT, 2048X2048) - 105 MB total VRAM
[2017.05.24-11.03.56:146][601]LogTexture:Display: Building textures: T_HeatherBranch4_N (BC5, 2048X2048) - 105 MB total VRAM
[2017.05.24-11.03.56:834][601]LogTexture:Display: Building textures: T_HeatherBranch4_Mask2 (AutoDXT, 1024X1024) - 105 MB total VRAM
[2017.05.24-11.03.57:019][601]LogMaterial: Missing cached shader map for material M_HeatherNew_Master, compiling. 
[2017.05.24-11.03.57:030][601]LogTemp:Display: Added material ShaderMap 0x000001C001695980 with Material 0x000001C00095D600 to ShaderMapsBeingCompiled
[2017.05.24-11.03.57:154][601]LogTemp:Display: Kicking off shader compilation for M_HeatherNew_Master, GameThreadShaderMap 0x000001C001695980
[2017.05.24-11.03.57:521][601]LogTexture:Display: Building textures: T_Grass_Blobby_Height_01 (AutoDXT, 2048X2048) - 105 MB total VRAM
[2017.05.24-11.04.00:526][601]LogMaterial: Missing cached shader map for material M_HeatherNew_MasterWorldColorVarience, compiling. 
[2017.05.24-11.04.00:531][601]LogTemp:Display: Added material ShaderMap 0x000001C00355AB00 with Material 0x000001C00164FE80 to ShaderMapsBeingCompiled
[2017.05.24-11.04.00:663][601]LogTemp:Display: Kicking off shader compilation for M_HeatherNew_MasterWorldColorVarience, GameThreadShaderMap 0x000001C00355AB00
[2017.05.24-11.04.00:771][601]LogTexture:Display: Building textures: T_GDC_TilingRocks_01_DispMask (AutoDXT, 1024X1024) - 105 MB total VRAM
[2017.05.24-11.04.01:044][601]LogMaterial: Missing cached shader map for material M_HeatherNew_Master, compiling. 
[2017.05.24-11.04.01:049][601]LogTemp:Display: Added material ShaderMap 0x000001C004A5B580 with Material 0x000001C003534700 to ShaderMapsBeingCompiled
[2017.05.24-11.04.01:184][601]LogTemp:Display: Kicking off shader compilation for M_HeatherNew_Master, GameThreadShaderMap 0x000001C004A5B580
[2017.05.24-11.04.01:230][601]LogMaterial: Missing cached shader map for material M_HeatherNew_MasterWorldColorVarience, compiling. 
[2017.05.24-11.04.01:236][601]LogTemp:Display: Added material ShaderMap 0x000001C005A34B80 with Material 0x000001C00164C280 to ShaderMapsBeingCompiled
[2017.05.24-11.04.01:374][601]LogTemp:Display: Kicking off shader compilation for M_HeatherNew_MasterWorldColorVarience, GameThreadShaderMap 0x000001C005A34B80
[2017.05.24-11.04.01:403][601]LogMaterial: Missing cached shader map for material M_HeatherNew_MasterWorldColorVarience, compiling. 
[2017.05.24-11.04.01:406][601]LogTemp:Display: Added material ShaderMap 0x000001C006A31280 with Material 0x000001C0059D6080 to ShaderMapsBeingCompiled
[2017.05.24-11.04.01:582][601]LogTemp:Display: Kicking off shader compilation for M_HeatherNew_MasterWorldColorVarience, GameThreadShaderMap 0x000001C006A31280
[2017.05.24-11.04.01:602][601]LogStaticMesh: Building static mesh SM_Heather_Mesh_Clumps2...
[2017.05.24-11.04.01:604][601]LogMeshUtilities: Invalid vertex normals found for mesh. Forcing recomputation of vertex normals for MikkTSpace. Fix mesh or disable "Use MikkTSpace Tangent Space" to avoid forced recomputation of normals.
[2017.05.24-11.04.01:605][601]LogMeshUtilities: Invalid vertex normals found for mesh. Forcing recomputation of vertex normals for MikkTSpace. Fix mesh or disable "Use MikkTSpace Tangent Space" to avoid forced recomputation of normals.
[2017.05.24-11.04.01:646][601]LogStaticMesh: Built static mesh [0.04s] /Game/KiteDemo/Environments/Foliage/Flowers/Heather/SM_Heather_Mesh_Clumps2.SM_Heather_Mesh_Clumps2
[2017.05.24-11.04.01:665][601]LogStaticMesh: Building static mesh SM_Heather_Mesh_Clumps2_WorldPopulate...
[2017.05.24-11.04.01:734][601]LogMeshUtilities: Invalid vertex normals found for mesh. Forcing recomputation of vertex normals for MikkTSpace. Fix mesh or disable "Use MikkTSpace Tangent Space" to avoid forced recomputation of normals.
[2017.05.24-11.04.01:735][601]LogMeshUtilities: Invalid vertex normals found for mesh. Forcing recomputation of vertex normals for MikkTSpace. Fix mesh or disable "Use MikkTSpace Tangent Space" to avoid forced recomputation of normals.
[2017.05.24-11.04.01:773][601]LogStaticMesh: Built static mesh [0.11s] /Game/KiteDemo/Environments/Foliage/Flowers/Heather/SM_Heather_Mesh_Clumps2_WorldPopulate.SM_Heather_Mesh_Clumps2_WorldPopulate
[2017.05.24-11.04.02:115][601]LogTexture:Display: Building textures: T_Yarrow_D (AutoDXT, 2048X2048) - 105 MB total VRAM
[2017.05.24-11.04.05:065][601]LogTexture:Display: Building textures: T_Yarrow_N (BC5, 2048X2048) - 105 MB total VRAM
[2017.05.24-11.04.05:708][601]LogMaterial: Missing cached shader map for material M_HeatherNew_Master, compiling. 
[2017.05.24-11.04.05:713][601]LogTemp:Display: Added material ShaderMap 0x000001C0079F5D00 with Material 0x000001BFF00ED600 to ShaderMapsBeingCompiled
[2017.05.24-11.04.05:853][601]LogTemp:Display: Kicking off shader compilation for M_HeatherNew_Master, GameThreadShaderMap 0x000001C0079F5D00
[2017.05.24-11.04.05:967][601]LogTexture:Display: Building textures: T_Yarrow_M (AutoDXT, 2048X2048) - 105 MB total VRAM
[2017.05.24-11.04.06:642][601]LogTemp:Display: Added shader map 0x000001C0079F5D00 from material 0x000001BFF15BE080
[2017.05.24-11.04.06:642][601]LogTemp:Display: Found existing compiling shader for material M_HeatherNew_Master, linking to other GameThreadShaderMap 0x000001C0079F5D00
[2017.05.24-11.04.06:665][601]LogStaticMesh: Building static mesh SM_Yarrow...
[2017.05.24-11.04.06:827][601]LogMeshUtilities: Invalid vertex normals found for mesh. Forcing recomputation of vertex normals for MikkTSpace. Fix mesh or disable "Use MikkTSpace Tangent Space" to avoid forced recomputation of normals.
[2017.05.24-11.04.06:938][601]LogMeshUtilities: Invalid vertex normals found for mesh. Forcing recomputation of vertex normals for MikkTSpace. Fix mesh or disable "Use MikkTSpace Tangent Space" to avoid forced recomputation of normals.
[2017.05.24-11.04.06:990][601]LogStaticMesh: Built static mesh [0.33s] /Game/KiteDemo/Environments/Foliage/Flowers/Yarrow/SM_Yarrow.SM_Yarrow
[2017.05.24-11.04.07:027][601]LogStaticMesh: Building static mesh SM_Yarrow3...
[2017.05.24-11.04.07:361][601]LogStaticMesh: Built static mesh [0.34s] /Game/KiteDemo/Environments/Foliage/Flowers/Yarrow/SM_Yarrow3.SM_Yarrow3
[2017.05.24-11.04.07:524][601]LogTexture:Display: Building textures: T_FieldGrass_02_M (AutoDXT, 1024X1024) - 105 MB total VRAM
[2017.05.24-11.04.08:126][601]LogTexture:Display: Building textures: T_FieldGrass_01_D (AutoDXT, 1024X1024) - 105 MB total VRAM
[2017.05.24-11.04.09:020][601]LogMaterial: Missing cached shader map for material M_FieldGrass_01, compiling. 
[2017.05.24-11.04.09:024][601]LogTemp:Display: Added material ShaderMap 0x000001BF9816A400 with Material 0x000001BFF00E2B00 to ShaderMapsBeingCompiled
[2017.05.24-11.04.09:162][601]LogTemp:Display: Kicking off shader compilation for M_FieldGrass_01, GameThreadShaderMap 0x000001BF9816A400
[2017.05.24-11.04.09:216][601]LogMaterial: Missing cached shader map for material M_FieldGrass_01, compiling. 
[2017.05.24-11.04.09:220][601]LogTemp:Display: Added material ShaderMap 0x000001BF99007900 with Material 0x000001BF982D5A80 to ShaderMapsBeingCompiled
[2017.05.24-11.04.09:353][601]LogTemp:Display: Kicking off shader compilation for M_FieldGrass_01, GameThreadShaderMap 0x000001BF99007900
[2017.05.24-11.04.09:377][601]LogMaterial: Missing cached shader map for material M_FieldGrass_01, compiling. 
[2017.05.24-11.04.09:380][601]LogTemp:Display: Added material ShaderMap 0x000001BF9A058B80 with Material 0x000001BF99FEFE80 to ShaderMapsBeingCompiled
[2017.05.24-11.04.09:549][601]LogTemp:Display: Kicking off shader compilation for M_FieldGrass_01, GameThreadShaderMap 0x000001BF9A058B80
[2017.05.24-11.04.09:574][601]LogStaticMesh: Building static mesh SM_FieldGrass_01...
[2017.05.24-11.04.09:656][601]LogStaticMesh: Built static mesh [0.08s] /Game/KiteDemo/Environments/Foliage/Grass/FieldGrass/SM_FieldGrass_01.SM_FieldGrass_01
[2017.05.24-11.04.10:529][601]LogTexture:Display: Building textures: T_DeadLeavesAtlasTop_01_D (AutoDXT, 4096X4096) - 105 MB total VRAM
[2017.05.24-11.04.19:942][601]LogTexture:Display: Building textures: T_DeadLeavesAtlas_01_N (BC5, 4096X4096) - 105 MB total VRAM
[2017.05.24-11.04.23:647][601]LogTexture:Display: Building textures: T_DeadLeavesAtlas_01_D (AutoDXT, 4096X4096) - 105 MB total VRAM
[2017.05.24-11.04.34:368][601]LogMaterial: Missing cached shader map for material M_DeadLeaves, compiling. 
[2017.05.24-11.04.34:371][601]LogTemp:Display: Added material ShaderMap 0x000001C0091B0100 with Material 0x000001BF99FEE500 to ShaderMapsBeingCompiled
[2017.05.24-11.04.34:548][601]LogTemp:Display: Kicking off shader compilation for M_DeadLeaves, GameThreadShaderMap 0x000001C0091B0100
[2017.05.24-11.04.34:593][601]LogStaticMesh: Building static mesh SM_DeadLeaves...
[2017.05.24-11.04.34:610][601]LogMeshUtilities: Invalid vertex normals found for mesh. Forcing recomputation of vertex normals for MikkTSpace. Fix mesh or disable "Use MikkTSpace Tangent Space" to avoid forced recomputation of normals.
[2017.05.24-11.04.34:805][601]LogMeshUtilities: Invalid vertex normals found for mesh. Forcing recomputation of vertex normals for MikkTSpace. Fix mesh or disable "Use MikkTSpace Tangent Space" to avoid forced recomputation of normals.
[2017.05.24-11.04.34:919][601]LogMeshUtilities: Invalid vertex normals found for mesh. Forcing recomputation of vertex normals for MikkTSpace. Fix mesh or disable "Use MikkTSpace Tangent Space" to avoid forced recomputation of normals.
[2017.05.24-11.04.35:050][601]LogStaticMesh: Built static mesh [0.46s] /Game/KiteDemo/Environments/Foliage/Leaves/SM_DeadLeaves.SM_DeadLeaves
[2017.05.24-11.04.35:104][601]LogStaticMesh: Building static mesh SM_DeadLeaves_Flat...
[2017.05.24-11.04.35:117][601]LogMeshUtilities: Invalid vertex normals found for mesh. Forcing recomputation of vertex normals for MikkTSpace. Fix mesh or disable "Use MikkTSpace Tangent Space" to avoid forced recomputation of normals.
[2017.05.24-11.04.35:293][601]LogMeshUtilities: Invalid vertex normals found for mesh. Forcing recomputation of vertex normals for MikkTSpace. Fix mesh or disable "Use MikkTSpace Tangent Space" to avoid forced recomputation of normals.
[2017.05.24-11.04.35:410][601]LogMeshUtilities: Invalid vertex normals found for mesh. Forcing recomputation of vertex normals for MikkTSpace. Fix mesh or disable "Use MikkTSpace Tangent Space" to avoid forced recomputation of normals.
[2017.05.24-11.04.35:558][601]LogStaticMesh: Built static mesh [0.45s] /Game/KiteDemo/Environments/Foliage/Leaves/SM_DeadLeaves_Flat.SM_DeadLeaves_Flat
[2017.05.24-11.04.41:756][601]LogTexture:Display: Building textures: T_AlpinePatch001_N (BC5, 8192X8192) - 105 MB total VRAM
[2017.05.24-11.05.07:143][601]LogTexture:Display: Building textures: T_AlpinePatch001_D_R (AutoDXT, 8192X8192) - 105 MB total VRAM
[2017.05.24-11.06.35:275][601]LogTexture:Display: Building textures: T_AlpinePatch001_D_alt_R (AutoDXT, 8192X8192) - 105 MB total VRAM
[2017.05.24-11.07.55:126][601]LogTemp:Display: Added shader map 0x000001BFD22A9D00 from material 0x000001C01ACB4D00
[2017.05.24-11.07.55:126][601]LogTemp:Display: Found existing compiling shader for material M_Photoscan_Master, linking to other GameThreadShaderMap 0x000001BFD22A9D00
[2017.05.24-11.07.58:382][601]LogTexture:Display: Building textures: T_Forest_Path_001A_D_R (AutoDXT, 4096X4096) - 105 MB total VRAM
[2017.05.24-11.08.17:577][601]LogTexture:Display: Building textures: T_Forest_Path_001A_N (BC5, 4096X4096) - 105 MB total VRAM
[2017.05.24-11.08.20:707][601]LogTemp:Display: Added shader map 0x000001BFD22A9D00 from material 0x000001BFFB3DBA00
[2017.05.24-11.08.20:707][601]LogTemp:Display: Found existing compiling shader for material M_Photoscan_Master, linking to other GameThreadShaderMap 0x000001BFD22A9D00
[2017.05.24-11.08.25:788][601]LogTexture:Display: Building textures: T_Forest_Path_001B_N (BC5, 8192X8192) - 105 MB total VRAM
[2017.05.24-11.08.41:530][601]LogTexture:Display: Building textures: T_Forest_Path_001B_D_R (AutoDXT, 8192X8192) - 105 MB total VRAM
[2017.05.24-11.09.37:622][601]LogTemp:Display: Added shader map 0x000001BFD22A9D00 from material 0x000001BFFB3D8100
[2017.05.24-11.09.37:622][601]LogTemp:Display: Found existing compiling shader for material M_Photoscan_Master, linking to other GameThreadShaderMap 0x000001BFD22A9D00
[2017.05.24-11.09.42:040][601]LogTexture:Display: Building textures: T_Tile_PebblyRiverbank_H (AutoDXT, 8192X8192) - 105 MB total VRAM
[2017.05.24-11.09.59:145][601]LogTexture:Display: Building textures: T_Tile_PebblyRiverbank_N (BC5, 8192X8192) - 105 MB total VRAM
[2017.05.24-11.10.15:132][601]LogTexture:Display: Building textures: T_Tile_PebblyRiverbank_D_R (AutoDXT, 8192X8192) - 105 MB total VRAM
[2017.05.24-11.11.11:288][601]LogTexture:Display: Building textures: T_GDC_Tiling_LeafPathStones_H (AutoDXT, 4096X4096) - 105 MB total VRAM
[2017.05.24-11.11.15:800][601]LogTexture:Display: Building textures: T_GDC_Tiling_LeafpathStones_N (BC5, 4096X4096) - 105 MB total VRAM
[2017.05.24-11.11.19:732][601]LogTexture:Display: Building textures: T_GDC_Tiling_LeafPathStones_D_R (AutoDXT, 4096X4096) - 105 MB total VRAM
[2017.05.24-11.11.33:348][601]LogTexture:Display: Building textures: T_MacroVariation (AutoDXT, 2048X2048) - 105 MB total VRAM
[2017.05.24-11.11.36:341][601]LogTexture:Display: Building textures: T_Ground_Grass_N (BC5, 2048X2048) - 105 MB total VRAM
[2017.05.24-11.11.37:276][601]LogTexture:Display: Building textures: T_GDC_Grass01_D_NoisyAlpha (AutoDXT, 2048X2048) - 105 MB total VRAM
[2017.05.24-11.11.41:705][601]LogMaterial: Missing cached shader map for material M_AssetPlatform_Grass, compiling. 
[2017.05.24-11.11.41:800][601]LogTemp:Display: Added material ShaderMap 0x000001BFFB33AE80 with Material 0x000001BFFB369600 to ShaderMapsBeingCompiled
[2017.05.24-11.11.42:191][601]LogTemp:Display: Kicking off shader compilation for M_AssetPlatform_Grass, GameThreadShaderMap 0x000001BFFB33AE80
[2017.05.24-11.11.42:669][601]LogMaterial: Missing cached shader map for material M_Ground_Grass2, compiling. 
[2017.05.24-11.11.42:712][601]LogTemp:Display: Added material ShaderMap 0x000001C036374480 with Material 0x000001BFFB3D9F00 to ShaderMapsBeingCompiled
[2017.05.24-11.11.42:729][601]LogTemp:Display: Kicking off shader compilation for M_Ground_Grass2, GameThreadShaderMap 0x000001C036374480
[2017.05.24-11.11.43:047][601]LogTexture:Display: Building textures: T_ground_Moss_D (AutoDXT, 2048X2048) - 105 MB total VRAM
[2017.05.24-11.11.47:553][601]LogTexture:Display: Building textures: T_gravelTile_01_H (AutoDXT, 4096X4096) - 105 MB total VRAM
[2017.05.24-11.11.56:472][601]LogTexture:Display: Building textures: T_gravelTile_01_N (BC5, 8192X8192) - 105 MB total VRAM
[2017.05.24-11.12.10:312][601]LogTexture:Display: Building textures: T_gravelTile_01_D_R (AutoDXT, 4096X4096) - 105 MB total VRAM
[2017.05.24-11.12.31:762][601]LogTexture:Display: Building textures: T_GDC_StonePath_Tile_H (AutoDXT, 8192X8192) - 105 MB total VRAM
[2017.05.24-11.12.44:112][601]LogMaterial: Missing cached shader map for material M_Photoscan_Master_Displacement, compiling. 
[2017.05.24-11.12.44:145][601]LogTemp:Display: Added material ShaderMap 0x000001C02D79F900 with Material 0x000001C02D7CAF80 to ShaderMapsBeingCompiled
[2017.05.24-11.12.44:367][601]LogTemp:Display: Kicking off shader compilation for M_Photoscan_Master_Displacement, GameThreadShaderMap 0x000001C02D79F900
[2017.05.24-11.12.44:392][601]LogMaterial: Missing cached shader map for material M_Photoscan_Master_Displacement, compiling. 
[2017.05.24-11.12.44:428][601]LogTemp:Display: Added material ShaderMap 0x000001BF8701FC80 with Material 0x000001C012FF2680 to ShaderMapsBeingCompiled
[2017.05.24-11.12.44:752][601]LogTemp:Display: Kicking off shader compilation for M_Photoscan_Master_Displacement, GameThreadShaderMap 0x000001BF8701FC80
[2017.05.24-11.12.47:836][601]LogTexture:Display: Building textures: T_gravelTile_01A_D_R (AutoDXT, 4096X4096) - 105 MB total VRAM
[2017.05.24-11.13.07:159][601]LogTexture:Display: Building textures: T_gravelTile_01A_N (BC5, 4096X4096) - 105 MB total VRAM
[2017.05.24-11.13.10:909][601]LogTexture:Display: Building textures: T_gravelTile_01A_H (AutoDXT, 4096X4096) - 105 MB total VRAM
[2017.05.24-11.13.15:474][601]LogTemp:Display: Added shader map 0x000001BF8701FC80 from material 0x000001BFFB359900
[2017.05.24-11.13.15:474][601]LogTemp:Display: Found existing compiling shader for material M_Photoscan_Master_Displacement, linking to other GameThreadShaderMap 0x000001BF8701FC80
[2017.05.24-11.13.16:137][601]LogTexture:Display: Building textures: T_Tiling_LavaFlow002_H (AutoDXT, 4096X4096) - 105 MB total VRAM
[2017.05.24-11.13.21:458][601]LogTexture:Display: Building textures: T_Tiling_LavaFlow002_N (BC5, 4096X4096) - 105 MB total VRAM
[2017.05.24-11.13.26:414][601]LogTexture:Display: Building textures: T_LavaFlow002_D_R (AutoDXT, 4096X4096) - 105 MB total VRAM
[2017.05.24-11.13.44:608][601]LogTemp:Display: Added shader map 0x000001BF8701FC80 from material 0x000001BF96D91600
[2017.05.24-11.13.44:608][601]LogTemp:Display: Found existing compiling shader for material M_Photoscan_Master_Displacement, linking to other GameThreadShaderMap 0x000001BF8701FC80
[2017.05.24-11.13.45:354][601]LogTexture:Display: Building textures: T_GDC_Tiling_LeafPath_H (AutoDXT, 4096X4096) - 105 MB total VRAM
[2017.05.24-11.13.51:547][601]LogTexture:Display: Building textures: T_GDC_Tiling_LeafPath_N (BC5, 4096X4096) - 105 MB total VRAM
[2017.05.24-11.13.56:977][601]LogTexture:Display: Building textures: T_GDC_Tiling_LeafPath_D_R (AutoDXT, 4096X4096) - 105 MB total VRAM
[2017.05.24-11.14.10:775][601]LogTemp:Display: Added shader map 0x000001BF8701FC80 from material 0x000001C012FF1900
[2017.05.24-11.14.10:775][601]LogTemp:Display: Found existing compiling shader for material M_Photoscan_Master_Displacement, linking to other GameThreadShaderMap 0x000001BF8701FC80
[2017.05.24-11.14.10:888][601]LogTemp:Display: Added shader map 0x000001BF8701FC80 from material 0x000001C0610C6380
[2017.05.24-11.14.10:888][601]LogTemp:Display: Found existing compiling shader for material M_Photoscan_Master_Displacement, linking to other GameThreadShaderMap 0x000001BF8701FC80
[2017.05.24-11.14.10:943][601]LogTemp:Display: Added shader map 0x000001BF8701FC80 from material 0x000001C0610C4A00
[2017.05.24-11.14.10:943][601]LogTemp:Display: Found existing compiling shader for material M_Photoscan_Master_Displacement, linking to other GameThreadShaderMap 0x000001BF8701FC80
[2017.05.24-11.14.12:655][601]LogTexture:Display: Building textures: T_Tile_RiverPebbles_H (AutoDXT, 8192X8192) - 105 MB total VRAM
[2017.05.24-11.14.25:736][601]LogTexture:Display: Building textures: T_Tile_RiverPebbles_N (BC5, 8192X8192) - 105 MB total VRAM
[2017.05.24-11.14.41:313][601]LogTexture:Display: Building textures: T_RiverPebbles_001_D_R (AutoDXT, 8192X8192) - 105 MB total VRAM
