Log file open, 05/17/17 15:17:23
LogInit:Display: Running engine for game: Naturalis_Level
LogPlatformFile: Not using cached read wrapper
LogInit:Display: RandInit(-524970582) SRandInit(-524970582).
LogTaskGraph: Started task graph with 5 named threads and 6 total threads with 1 sets of task threads.
LogStats: Stats thread started at 0.114508
LogInit: Using libcurl 7.47.1
LogInit:  - built for x86_64-pc-win32
LogInit:  - supports SSL with OpenSSL/1.0.2g
LogInit:  - supports HTTP deflate (compression) using libz 1.2.8
LogInit:  - other features:
LogInit:      CURL_VERSION_SSL
LogInit:      CURL_VERSION_LIBZ
LogInit:      CURL_VERSION_IPV6
LogInit:      CURL_VERSION_ASYNCHDNS
LogInit:      CURL_VERSION_LARGEFILE
LogInit:      CURL_VERSION_IDN
LogInit:  CurlRequestOptions (configurable via config and command line):
LogInit:  - bVerifyPeer = false  - Libcurl will NOT verify peer certificate
LogInit:  - bUseHttpProxy = false  - Libcurl will NOT use HTTP proxy
LogInit:  - bDontReuseConnections = false  - Libcurl will reuse connections
LogInit:  - CertBundlePath = nullptr  - Libcurl will use whatever was configured at build time.
LogInit: Build: ++UE4+Release-4.15-CL-3416026
LogInit: Engine Version: 4.15.2-3416026+++UE4+Release-4.15
LogInit: Compatible Engine Version: 4.15.0-3299760+++UE4+Release-4.15
LogInit: Net CL: 3299760
LogDevObjectVersion: Number of dev versions registered: 14
LogDevObjectVersion:   Dev-Blueprints (B0D832E4-1F89-4F0D-ACCF-7EB736FD4AA2): 8
LogDevObjectVersion:   Dev-Build (E1C64328-A22C-4D53-A36C-8E866417BD8C): 0
LogDevObjectVersion:   Dev-Core (375EC13C-06E4-48FB-B500-84F0262A717E): 2
LogDevObjectVersion:   Dev-Editor (E4B068ED-F494-42E9-A231-DA0B2E46BB41): 14
LogDevObjectVersion:   Dev-Framework (CFFC743F-43B0-4480-9391-14DF171D2073): 22
LogDevObjectVersion:   Dev-Mobile (B02B49B5-BB20-44E9-A304-32B752E40360): 0
LogDevObjectVersion:   Dev-Networking (A4E4105C-59A1-49B5-A7C5-40C4547EDFEE): 0
LogDevObjectVersion:   Dev-Online (39C831C9-5AE6-47DC-9A44-9C173E1C8E7C): 0
LogDevObjectVersion:   Dev-Physics (78F01B33-EBEA-4F98-B9B4-84EACCB95AA2): 0
LogDevObjectVersion:   Dev-Platform (6631380F-2D4D-43E0-8009-CF276956A95A): 0
LogDevObjectVersion:   Dev-Rendering (12F88B9F-8875-4AFC-A67C-D90C383ABD29): 12
LogDevObjectVersion:   Dev-Sequencer (7B5AE74C-D270-4C10-A958-57980B212A5A): 3
LogDevObjectVersion:   Dev-VR (D7296918-1DD6-4BDD-9DE2-64A83CC13884): 0
LogDevObjectVersion:   Dev-LoadTimes (C2A15278-BFE7-4AFE-6C17-90FF531DF755): 1
LogInit: Compiled (64-bit): May  1 2017 13:11:28
LogInit: Compiled with Visual C++: 19.00.23026.00
LogInit: Build Configuration: Development
LogInit: Branch Name: ++UE4+Release-4.15
LogInit: Command line: -EpicPortal 
LogInit: Base directory: C:/Program Files/Epic Games/UE_4.15/Engine/Binaries/Win64/
LogInit: Installed Engine Build: 1
LogInit: Presizing for max 8388607 objects, including 0 objects not considered by GC, pre-allocating 0 bytes for permanent pool.
LogInit: Object subsystem initialized
[2017.05.17-13.17.26:930][  0]LogInit: Selected Device Profile: [Windows]
[2017.05.17-13.17.26:930][  0]LogInit: Applying CVar settings loaded from the selected device profile: [Windows]
[2017.05.17-13.17.26:953][  0]LogInit: Computer: DESKTOP-MFDNLR5
[2017.05.17-13.17.26:953][  0]LogInit: User: Nicthestick
[2017.05.17-13.17.26:953][  0]LogInit: CPU Page size=65536, Cores=2
[2017.05.17-13.17.26:953][  0]LogInit: High frequency timer resolution =2.338335 MHz
[2017.05.17-13.17.26:953][  0]LogMemory: Memory total: Physical=7.9GB (8GB approx)
[2017.05.17-13.17.26:953][  0]LogMemory: Platform Memory Stats for Windows
[2017.05.17-13.17.26:953][  0]LogMemory: Process Physical Memory: 263.59 MB used, 263.59 MB peak
[2017.05.17-13.17.26:953][  0]LogMemory: Process Virtual Memory: 262.34 MB used, 262.34 MB peak
[2017.05.17-13.17.26:953][  0]LogMemory: Physical Memory: 5479.87 MB used,  2626.27 MB free, 8106.14 MB total
[2017.05.17-13.17.26:953][  0]LogMemory: Virtual Memory: 643.10 MB used,  2626.27 MB free, 134217728.00 MB total
[2017.05.17-13.17.27:545][  0]LogTextLocalizationManager: No translations for ('fr-FR') exist, falling back to 'en' for localization and internationalization data.
[2017.05.17-13.17.29:086][  0]LogD3D11RHI: D3D11 adapters:
[2017.05.17-13.17.29:127][  0]LogD3D11RHI:    0. 'NVIDIA GeForce 930M' (Feature Level 11_0)
[2017.05.17-13.17.29:127][  0]LogD3D11RHI:       2019/0/4053 MB DedicatedVideo/DedicatedSystem/SharedSystem, Outputs:1, VendorId:0x10de
[2017.05.17-13.17.29:139][  0]LogD3D11RHI:    1. 'Intel(R) HD Graphics 5500' (Feature Level 11_0)
[2017.05.17-13.17.29:139][  0]LogD3D11RHI:       128/0/4053 MB DedicatedVideo/DedicatedSystem/SharedSystem, Outputs:0, VendorId:0x8086
[2017.05.17-13.17.29:142][  0]LogD3D11RHI:    2. 'Microsoft Basic Render Driver' (Feature Level 11_0)
[2017.05.17-13.17.29:142][  0]LogD3D11RHI:       0/0/4053 MB DedicatedVideo/DedicatedSystem/SharedSystem, Outputs:0, VendorId:0x1414
[2017.05.17-13.17.29:142][  0]LogD3D11RHI: Chosen D3D11 Adapter: 0
[2017.05.17-13.17.29:150][  0]LogD3D11RHI: Creating new Direct3DDevice
[2017.05.17-13.17.29:150][  0]LogD3D11RHI:     GPU DeviceId: 0x1346 (for the marketing name, search the web for "GPU Device Id")
[2017.05.17-13.17.29:150][  0]LogWindows: EnumDisplayDevices:
[2017.05.17-13.17.29:151][  0]LogWindows:    0. 'Intel(R) HD Graphics 5500' (P:1 D:1)
[2017.05.17-13.17.29:152][  0]LogWindows:    1. 'Intel(R) HD Graphics 5500' (P:0 D:0)
[2017.05.17-13.17.29:153][  0]LogWindows:    2. 'Intel(R) HD Graphics 5500' (P:0 D:0)
[2017.05.17-13.17.29:153][  0]LogWindows: DebugString: PrimaryIsNotTheChoosenAdapter PrimaryIsNotTheChoosenAdapter PrimaryIsNotTheChoosenAdapter FoundDriverCount:0 
[2017.05.17-13.17.29:153][  0]LogD3D11RHI:     Adapter Name: NVIDIA GeForce 930M
[2017.05.17-13.17.29:153][  0]LogD3D11RHI:   Driver Version: Unknown (internal:Unknown, unified:Unknown)
[2017.05.17-13.17.29:153][  0]LogD3D11RHI:      Driver Date: Unknown
[2017.05.17-13.17.29:153][  0]LogRHI: Texture pool is 1361 MB (70% of 1945 MB)
[2017.05.17-13.17.29:188][  0]LogD3D11RHI: [Aftermath] Aftermath enabled but failed to initialize due to reason: DriverVersionNotSupported
[2017.05.17-13.17.29:188][  0]LogD3D11RHI: Async texture creation enabled
[2017.05.17-13.17.29:208][  0]LogD3D11RHI: GPU Timing Frequency: 1000.000000 (Debug: 2 2)
[2017.05.17-13.17.29:208][  0]LogShaderCompilers: Guid format shader working directory is -25 characters bigger than the processId version (../../../../../../Users/Nicthestick/Documents/NaturalisSPACE/Naturalis_Level/Intermediate/Shaders/WorkingDirectory/16984/).
[2017.05.17-13.17.29:209][  0]LogShaderCompilers: Cleaned the shader compiler working directory 'C:/Users/Nicthestick/AppData/Local/Temp/UnrealShaderWorkingDir/FCBF45B84D689A83E6F83990B3946B74/'.
[2017.05.17-13.17.29:209][  0]LogShaderCompilers:Display: Using Local Shader Compiler.
[2017.05.17-13.17.32:989][  0]LogTemp:Display: Loaded TP AllDesktopTargetPlatform
[2017.05.17-13.17.33:440][  0]LogTemp:Display: Loaded TP MacClientTargetPlatform
[2017.05.17-13.17.34:634][  0]LogTemp:Display: Loaded TP MacNoEditorTargetPlatform
[2017.05.17-13.17.35:121][  0]LogTemp:Display: Loaded TP MacServerTargetPlatform
[2017.05.17-13.17.35:513][  0]LogTemp:Display: Loaded TP MacTargetPlatform
[2017.05.17-13.17.35:946][  0]LogTemp:Display: Loaded TP WindowsClientTargetPlatform
[2017.05.17-13.17.36:858][  0]LogTemp:Display: Loaded TP WindowsNoEditorTargetPlatform
[2017.05.17-13.17.37:185][  0]LogTemp:Display: Loaded TP WindowsServerTargetPlatform
[2017.05.17-13.17.37:493][  0]LogTemp:Display: Loaded TP WindowsTargetPlatform
[2017.05.17-13.17.37:800][  0]LogTemp:Display: Loaded TP AndroidTargetPlatform
[2017.05.17-13.17.38:113][  0]LogTemp:Display: Loaded TP Android_ASTCTargetPlatform
[2017.05.17-13.17.38:565][  0]LogTemp:Display: Loaded TP Android_ATCTargetPlatform
[2017.05.17-13.17.39:120][  0]LogTemp:Display: Loaded TP Android_DXTTargetPlatform
[2017.05.17-13.17.39:443][  0]LogTemp:Display: Loaded TP Android_ETC1TargetPlatform
[2017.05.17-13.17.39:761][  0]LogTemp:Display: Loaded TP Android_ETC2TargetPlatform
[2017.05.17-13.17.40:384][  0]LogTemp:Display: Loaded TP Android_MultiTargetPlatform
[2017.05.17-13.17.40:384][  0]LogTemp:Display: Loaded TP Android_PVRTCTargetPlatform
[2017.05.17-13.17.40:856][  0]LogTemp:Display: Loaded TP HTML5TargetPlatform
[2017.05.17-13.17.41:987][  0]LogTemp:Display: Loaded TP IOSTargetPlatform
[2017.05.17-13.17.42:218][  0]LogTemp:Display: Loaded TP TVOSTargetPlatform
[2017.05.17-13.17.42:549][  0]LogTemp:Display: Loaded TP LinuxClientTargetPlatform
[2017.05.17-13.17.42:900][  0]LogTemp:Display: Loaded TP LinuxNoEditorTargetPlatform
[2017.05.17-13.17.44:007][  0]LogTemp:Display: Loaded TP LinuxServerTargetPlatform
[2017.05.17-13.17.44:408][  0]LogTemp:Display: Loaded TP LinuxTargetPlatform
[2017.05.17-13.17.44:409][  0]LogTargetPlatformManager:Display: Building Assets For Windows
[2017.05.17-13.17.48:695][  0]LogDerivedDataCache:Display: Max Cache Size: 512 MB
[2017.05.17-13.17.48:794][  0]LogDerivedDataCache: Loaded boot cache 0.10s 60MB C:/Users/Nicthestick/AppData/Local/UnrealEngine/4.15/DerivedDataCache/Boot.ddc.
[2017.05.17-13.17.48:794][  0]LogDerivedDataCache:Display: Loaded Boot cache: C:/Users/Nicthestick/AppData/Local/UnrealEngine/4.15/DerivedDataCache/Boot.ddc
[2017.05.17-13.17.48:794][  0]LogDerivedDataCache: FDerivedDataBackendGraph:  Pak pak cache file ../../../../../../Users/Nicthestick/Documents/NaturalisSPACE/Naturalis_Level/DerivedDataCache/DDC.ddp not found, will not use a pak cache.
[2017.05.17-13.17.48:794][  0]LogDerivedDataCache: Unable to find inner node Pak for hierarchical cache Hierarchy.
[2017.05.17-13.17.48:794][  0]LogDerivedDataCache: FDerivedDataBackendGraph:  CompressedPak pak cache file ../../../../../../Users/Nicthestick/Documents/NaturalisSPACE/Naturalis_Level/DerivedDataCache/Compressed.ddp not found, will not use a pak cache.
[2017.05.17-13.17.48:794][  0]LogDerivedDataCache: Unable to find inner node CompressedPak for hierarchical cache Hierarchy.
[2017.05.17-13.17.48:825][  0]LogDerivedDataCache:Display: Pak cache opened for reading ../../../Engine/DerivedDataCache/Compressed.ddp.
[2017.05.17-13.17.48:844][  0]LogDerivedDataCache: Using Local data cache path C:/Users/Nicthestick/AppData/Local/UnrealEngine/Common/DerivedDataCache: Writable
[2017.05.17-13.17.48:858][  0]LogSlate: Using Freetype 2.6.0
[2017.05.17-13.17.48:860][  0]LogSlate: SlateFontCache - WITH_FREETYPE: 1, WITH_HARFBUZZ: 1
[2017.05.17-13.17.48:860][  0]LogSlate: SlateFontCache - WITH_FREETYPE: 1, WITH_HARFBUZZ: 1
[2017.05.17-13.17.49:532][  0]LogInit: Selected Device Profile: [Windows]
[2017.05.17-13.17.49:535][  0]LogContentStreaming: Texture pool size is 0.00 MB
[2017.05.17-13.17.51:301][  0]LogMeshUtilities: Using QuadricMeshReduction for automatic static mesh reduction
[2017.05.17-13.17.51:608][  0]LogSimplygon: Simplygon DLL not present - disabling.
[2017.05.17-13.17.51:924][  0]LogMeshUtilities: Using SimplygonSwarm for distributed automatic mesh merging
[2017.05.17-13.17.51:924][  0]LogMeshUtilities: No automatic skeletal mesh reduction module available
[2017.05.17-13.17.51:924][  0]LogMeshUtilities: No automatic mesh merging module available
[2017.05.17-13.17.54:445][  0]LogNetVersion: GetLocalNetworkVersion: CL: 3299760, ProjectName: naturalis_level, ProjectVersion: , EngineNetworkVersion: 2, GameNetworkVersion: 0, NetworkChecksum: 1687650718
[2017.05.17-13.17.54:665][  0]LogAssetRegistry: FAssetRegistry took 0.0224 seconds to start up
[2017.05.17-13.17.54:979][  0]LogPackageLocalizationCache: Processed 3 localized package path(s) for 1 prioritized culture(s) in 0.048769 seconds
[2017.05.17-13.17.54:989][  0]LogUObjectArray: 32493 objects as part of root set at end of initial load.
[2017.05.17-13.17.54:989][  0]LogUObjectAllocator: 7077024 out of 0 bytes used by permanent object pool.
[2017.05.17-13.17.54:989][  0]LogUObjectArray: CloseDisregardForGC: 0/0 objects in disregard for GC pool
[2017.05.17-13.17.55:701][  0]LogInit: WinSock: version 1.1 (2.2), MaxSocks=32767, MaxUdp=65467
[2017.05.17-13.18.07:452][  0]LogTcpMessaging: Initializing TcpMessaging bridge
[2017.05.17-13.18.07:649][  0]LogUdpMessaging: Initializing bridge on interface 0.0.0.0:0 to multicast group 230.0.0.1:6666.
[2017.05.17-13.18.10:123][  0]LogMaterial: Uniform references updated for custom material expression Custom.
[2017.05.17-13.18.12:635][  0]SourceControl: Info Source control is disabled
[2017.05.17-13.18.13:028][  0]SourceControl: Info Source control is disabled
[2017.05.17-13.18.13:439][  0]SourceControl: Info Source control is disabled
[2017.05.17-13.18.13:796][  0]SourceControl: Info Source control is disabled
[2017.05.17-13.18.24:621][  0]LogEngine: Initializing Engine...
[2017.05.17-13.18.24:623][  0]LogHMD: Failed to initialize OpenVR with code 110
[2017.05.17-13.18.24:783][  0]LogStats: UGameplayTagsManager::ConstructGameplayTagTree: Construct from data asset -  0.000 s
[2017.05.17-13.18.24:783][  0]LogStats: UGameplayTagsManager::ConstructGameplayTagTree: GameplayTagTreeChangedEvent.Broadcast -  0.000 s
[2017.05.17-13.18.25:646][  0]LogAIModule: Creating AISystem for world Untitled
[2017.05.17-13.18.25:679][  0]LogInit: XAudio2 using 'Speakers (Conexant SmartAudio HD)' : 2 channels at 48 kHz using 32 bits per sample (channel mask 0x3)
[2017.05.17-13.18.25:841][  0]LogInit: FAudioDevice initialized.
[2017.05.17-13.18.25:900][  0]LogDerivedDataCache: Saved boot cache 0.06s 60MB C:/Users/Nicthestick/AppData/Local/UnrealEngine/4.15/DerivedDataCache/Boot.ddc.
[2017.05.17-13.18.25:913][  0]LogInit: Texture streaming: Enabled
[2017.05.17-13.18.26:633][  0]LogEngineSessionManager: EngineSessionManager initialized
[2017.05.17-13.18.27:246][  0]LogInit: Transaction tracking system initialized
[2017.05.17-13.18.29:671][  0]BlueprintLog: New page: Editor Load
[2017.05.17-13.18.36:045][  0]LocalizationService: Info Localization service is disabled
[2017.05.17-13.18.41:933][  0]LogConsoleResponse:Display: 
[2017.05.17-13.18.42:465][  0]LogCook:Display: Max memory allowance for cook 16384mb min free memory 0mb
[2017.05.17-13.18.42:465][  0]LogCook:Display: Mobile HDR setting 1
[2017.05.17-13.18.43:641][  0]LogFileCache: Scanning file cache for directory 'C:/Users/Nicthestick/Documents/NaturalisSPACE/Naturalis_Level/Content/' took 0.09s
[2017.05.17-13.18.51:359][  0]SourceControl: Info Source control is disabled
[2017.05.17-13.18.51:359][  0]Cmd: MAP LOAD FILE="../../../../../../Users/Nicthestick/Documents/NaturalisSPACE/Naturalis_Level/Content/NewMap.umap" TEMPLATE=0 SHOWPROGRESS=1 FEATURELEVEL=3
[2017.05.17-13.18.51:360][  0]LightingResults: New page: Lighting Build
[2017.05.17-13.18.51:634][  0]MapCheck: New page: Map Check
[2017.05.17-13.18.51:634][  0]LightingResults: New page: Lighting Build
[2017.05.17-13.18.53:083][  0]LogAIModule: Creating AISystem for world NewMap
[2017.05.17-13.18.53:166][  0]LogEditorServer: Finished looking for orphan Actors (0.000 secs)
[2017.05.17-13.18.53:171][  0]Cmd: MAP CHECKDEP NOCLEARLOG
[2017.05.17-13.18.53:445][  0]MapCheck: Info Map check complete: 0 Error(s), 0 Warning(s), took 273.758ms to complete.
[2017.05.17-13.18.53:446][  0]LogFileHelpers: Loading map 'NewMap' took 2.087
[2017.05.17-13.18.53:880][  0]LogCollectionManager: Loaded 0 collections in 0.002526 seconds
[2017.05.17-13.18.54:259][  0]LogFileCache: Scanning file cache for directory 'C:/Users/Nicthestick/Documents/NaturalisSPACE/Naturalis_Level/Saved/Collections/' took 0.01s
[2017.05.17-13.18.54:259][  0]LogFileCache: Scanning file cache for directory 'C:/Users/Nicthestick/Documents/NaturalisSPACE/Naturalis_Level/Content/Developers/Nicthestick/Collections/' took 0.01s
[2017.05.17-13.18.54:259][  0]LogFileCache: Scanning file cache for directory 'C:/Users/Nicthestick/Documents/NaturalisSPACE/Naturalis_Level/Content/Collections/' took 0.01s
[2017.05.17-13.18.54:259][  0]LogCollectionManager: Rebuilt the GUID cache for 0 collections in 0.000003 seconds
[2017.05.17-13.18.54:273][  0]LogContentBrowser: Native class hierarchy populated in 0.0144 seconds. Added 2251 classes and 458 folders.
[2017.05.17-13.18.54:838][  0]LogContentBrowser: Native class hierarchy updated for 'WidgetCarousel' in 0.0012 seconds. Added 0 classes and 0 folders.
[2017.05.17-13.18.55:064][  0]LogContentBrowser: Native class hierarchy updated for 'AddContentDialog' in 0.0010 seconds. Added 0 classes and 0 folders.
[2017.05.17-13.18.55:457][  0]LogContentBrowser: Native class hierarchy updated for 'SceneOutliner' in 0.0011 seconds. Added 1 classes and 2 folders.
[2017.05.17-13.18.55:759][  0]LogCrashTracker: Crashtracker disabled due to settings.
[2017.05.17-13.18.55:778][  0]LogUObjectGlobals:Warning: Failed to find object 'Class None.'
[2017.05.17-13.18.56:311][  0]LogContentBrowser: Native class hierarchy updated for 'HierarchicalLODOutliner' in 0.0012 seconds. Added 1 classes and 2 folders.
[2017.05.17-13.18.56:311][  0]LogLoad: (Engine Initialization) Total time: 95.15 seconds
[2017.05.17-13.18.56:311][  0]LogLoad: (Engine Initialization) Total Blueprint compile time: 0.90 seconds
[2017.05.17-13.18.56:311][  0]LogExternalProfiler: No external profilers were discovered.  External profiling features will not be available.
[2017.05.17-13.18.56:651][  0]LogOcInput: OculusInput pre-init called
[2017.05.17-13.18.56:685][  0]LogContentStreaming: Texture pool size now 800 MB
[2017.05.17-13.18.56:688][  0]LogSlate: Took 0.000401 seconds to synchronously load lazily loaded font '../../../Engine/Content/Slate/Fonts/Roboto-Regular.ttf' (155K)
[2017.05.17-13.18.56:694][  0]LogSlate: Took 0.000546 seconds to synchronously load lazily loaded font '../../../Engine/Content/Slate/Fonts/Roboto-Bold.ttf' (160K)
[2017.05.17-13.18.56:704][  0]LogSlate: Took 0.001671 seconds to synchronously load lazily loaded font '../../../Engine/Content/Editor/Slate/Fonts/FontAwesome.ttf' (139K)
[2017.05.17-13.18.56:920][  0]LogSlate: Took 0.001744 seconds to synchronously load lazily loaded font '../../../Engine/Content/Slate/Fonts/Roboto-Light.ttf' (159K)
[2017.05.17-13.18.57:006][  0]LogRenderer: Reallocating scene render targets to support 1208x568 NumSamples 1 (Frame:2).
[2017.05.17-13.18.57:147][  1]LogFileCache: Retrieving MD5 hashes for directory 'C:/Users/Nicthestick/Documents/NaturalisSPACE/Naturalis_Level/Content/' took 0.49s
[2017.05.17-13.18.57:830][  3]LogSlate: Took 0.000629 seconds to synchronously load lazily loaded font '../../../Engine/Content/Slate/Fonts/Roboto-Light.ttf' (159K)
[2017.05.17-13.18.58:148][  4]LogAssetRegistry: Asset discovery search completed in 63.5047 seconds
[2017.05.17-13.18.58:148][  4]LogCollectionManager: Rebuilt the object cache for 0 collections in 0.000007 seconds (found 0 objects)
[2017.05.17-13.18.58:148][  4]LogCollectionManager: Fixed up redirectors for 0 collections in 0.000024 seconds (updated 0 objects)
[2017.05.17-13.19.25:356][721]LogSlate: Took 0.000452 seconds to synchronously load lazily loaded font '../../../Engine/Content/Slate/Fonts/Roboto-Light.ttf' (159K)
[2017.05.17-13.19.26:256][721]LogSlate: Took 0.000426 seconds to synchronously load lazily loaded font '../../../Engine/Content/Slate/Fonts/Roboto-Regular.ttf' (155K)
[2017.05.17-13.19.27:074][721]LogAIModule: Creating AISystem for world Moon_Base
[2017.05.17-13.19.27:202][721]Cmd: MAP LOAD FILE="../../../../../../Users/Nicthestick/Documents/NaturalisSPACE/Naturalis_Level/Content/Levels/Moon_Base.umap" TEMPLATE=0 SHOWPROGRESS=1 FEATURELEVEL=3
[2017.05.17-13.19.27:202][721]LightingResults: New page: Lighting Build
[2017.05.17-13.19.27:204][721]LoadErrors: New page: Loading map: Moon_Base.umap
[2017.05.17-13.19.27:206][721]MapCheck: New page: Map Check
[2017.05.17-13.19.27:206][721]LightingResults: New page: Lighting Build
[2017.05.17-13.19.27:381][721]LogEditorServer: Finished looking for orphan Actors (0.000 secs)
[2017.05.17-13.19.27:458][721]Cmd: MAP CHECKDEP NOCLEARLOG
[2017.05.17-13.19.27:696][721]MapCheck: Info Map check complete: 0 Error(s), 0 Warning(s), took 237.34ms to complete.
[2017.05.17-13.19.27:697][721]LogFileHelpers: Loading map 'Moon_Base' took 0.496
[2017.05.17-13.19.38:965][143]LogEditorViewport: Clicking on Actor (LMB): TriggerVolume (reset life)
[2017.05.17-13.20.02:038][118]Cmd: TRANSACTION UNDO
[2017.05.17-13.20.02:038][118]LogEditorTransaction: Undo Set actor scale
[2017.05.17-13.20.14:996][635]LogTemp: Repeting last play command: Selected Viewport
[2017.05.17-13.20.15:038][635]LogBlueprintUserMessages: Early PlayInEditor Detection: Level '/Game/Levels/Moon_Base.Moon_Base:PersistentLevel' has LevelScriptBlueprint '/Game/Levels/Moon_Base.Moon_Base:PersistentLevel.Moon_Base' with GeneratedClass '/Game/Levels/Moon_Base.Moon_Base_C' with ClassGeneratedBy '/Game/Levels/Moon_Base.Moon_Base:PersistentLevel.Moon_Base'
[2017.05.17-13.20.15:038][635]LogPlayLevel: PlayLevel: No blueprints needed recompiling
[2017.05.17-13.20.15:041][635]PIE: New page: PIE session: Moon_Base (May 17, 2017, 5:20:15 PM)
[2017.05.17-13.20.15:042][635]LogPlayLevel: Creating play world package: /Game/Levels/UEDPIE_0_Moon_Base
[2017.05.17-13.20.15:266][635]LogPlayLevel: PIE: StaticDuplicateObject took: (0.224349s)
[2017.05.17-13.20.15:267][635]LogAIModule: Creating AISystem for world Moon_Base
[2017.05.17-13.20.15:268][635]LogPlayLevel: PIE: World Init took: (0.002125s)
[2017.05.17-13.20.15:269][635]LogPlayLevel: PIE: Created PIE world by copying editor world from /Game/Levels/Moon_Base.Moon_Base to /Game/Levels/UEDPIE_0_Moon_Base.Moon_Base (0.227266s)
[2017.05.17-13.20.15:341][635]LogInit: XAudio2 using 'Speakers (Conexant SmartAudio HD)' : 2 channels at 48 kHz using 32 bits per sample (channel mask 0x3)
[2017.05.17-13.20.15:386][635]LogInit: FAudioDevice initialized.
[2017.05.17-13.20.15:460][635]LogLoad: Game class is 'ThirdPersonGameMode_C'
[2017.05.17-13.20.15:515][635]LogWorld: Bringing World /Game/Levels/UEDPIE_0_Moon_Base.Moon_Base up for play (max tick rate 60) at 2017.05.17-15.20.15
[2017.05.17-13.20.15:546][635]LogWorld: Bringing up level for play took: 0.078310
[2017.05.17-13.20.16:040][635]LogContentBrowser: Native class hierarchy updated for 'MovieSceneCapture' in 0.0016 seconds. Added 11 classes and 0 folders.
[2017.05.17-13.20.16:046][635]PIE: Info Play in editor start time for /Game/Levels/UEDPIE_0_Moon_Base 0.166
[2017.05.17-13.20.16:046][635]LogBlueprintUserMessages: Late PlayInEditor Detection: Level '/Game/Levels/Moon_Base.Moon_Base:PersistentLevel' has LevelScriptBlueprint '/Game/Levels/Moon_Base.Moon_Base:PersistentLevel.Moon_Base' with GeneratedClass '/Game/Levels/Moon_Base.Moon_Base_C' with ClassGeneratedBy '/Game/Levels/Moon_Base.Moon_Base:PersistentLevel.Moon_Base'
[2017.05.17-13.20.42:438][818]LogBlueprintUserMessages: [Moon_Base_C_5] Low Gravity
[2017.05.17-13.21.00:245][549]LogBlueprintUserMessages: Early EndPlayMap Detection: Level '/Game/Levels/Moon_Base.Moon_Base:PersistentLevel' has LevelScriptBlueprint '/Game/Levels/Moon_Base.Moon_Base:PersistentLevel.Moon_Base' with GeneratedClass '/Game/Levels/Moon_Base.Moon_Base_C' with ClassGeneratedBy '/Game/Levels/Moon_Base.Moon_Base:PersistentLevel.Moon_Base'
[2017.05.17-13.21.00:350][549]LogBlueprintUserMessages: Late EndPlayMap Detection: Level '/Game/Levels/Moon_Base.Moon_Base:PersistentLevel' has LevelScriptBlueprint '/Game/Levels/Moon_Base.Moon_Base:PersistentLevel.Moon_Base' with GeneratedClass '/Game/Levels/Moon_Base.Moon_Base_C' with ClassGeneratedBy '/Game/Levels/Moon_Base.Moon_Base:PersistentLevel.Moon_Base'
[2017.05.17-13.21.36:628][825]LogContentBrowser: Native class hierarchy updated for 'Cascade' in 0.0026 seconds. Added 2 classes and 2 folders.
[2017.05.17-13.24.27:150][879]LogAssetTools:Warning: Failed to import 'C:\Users\Nicthestick\Desktop\ForceRing/Materials/M_Basic_Dots.uasset'. Unknown extension 'uasset'.
[2017.05.17-13.24.27:167][879]LogAssetTools:Warning: Failed to import 'C:\Users\Nicthestick\Desktop\ForceRing/Materials/M_VFX_RingFX_01.uasset'. Unknown extension 'uasset'.
[2017.05.17-13.24.27:185][879]LogAssetTools:Warning: Failed to import 'C:\Users\Nicthestick\Desktop\ForceRing/Mat_Functions/Luos_RadialUVDistortion.uasset'. Unknown extension 'uasset'.
[2017.05.17-13.24.27:204][879]LogAssetTools:Warning: Failed to import 'C:\Users\Nicthestick\Desktop\ForceRing/Mat_Functions/Lu_RadialGradient.uasset'. Unknown extension 'uasset'.
[2017.05.17-13.24.27:223][879]LogAssetTools:Warning: Failed to import 'C:\Users\Nicthestick\Desktop\ForceRing/ParticleSystems/Par_VFX_Ring_01.uasset'. Unknown extension 'uasset'.
[2017.05.17-13.24.27:243][879]LogAssetTools:Warning: Failed to import 'C:\Users\Nicthestick\Desktop\ForceRing/ParticleSystems/Par_VFX_Ring_02.uasset'. Unknown extension 'uasset'.
[2017.05.17-13.24.27:263][879]LogAssetTools:Warning: Failed to import 'C:\Users\Nicthestick\Desktop\ForceRing/StaticMeshes/SM_PlayerSize.uasset'. Unknown extension 'uasset'.
[2017.05.17-13.24.27:285][879]LogAssetTools:Warning: Failed to import 'C:\Users\Nicthestick\Desktop\ForceRing/StaticMeshes/SM_RingVFX_01.uasset'. Unknown extension 'uasset'.
[2017.05.17-13.24.27:308][879]LogAssetTools:Warning: Failed to import 'C:\Users\Nicthestick\Desktop\ForceRing/Textures/T_GlowIceShimmer01.uasset'. Unknown extension 'uasset'.
[2017.05.17-13.24.27:330][879]LogAssetTools:Warning: Failed to import 'C:\Users\Nicthestick\Desktop\ForceRing/Textures/T_RingNoiseMask_01.uasset'. Unknown extension 'uasset'.
[2017.05.17-13.24.27:355][879]LogAssetTools:Warning: Failed to import 'C:\Users\Nicthestick\Desktop\ForceRing/Textures/T_Trail_Ramp_C.uasset'. Unknown extension 'uasset'.
[2017.05.17-13.24.27:383][879]LogAssetTools:Warning: Failed to import 'C:\Users\Nicthestick\Desktop\ForceRing/VectorFields/noise94.uasset'. Unknown extension 'uasset'.
[2017.05.17-13.24.37:581][ 90]LogTemp: Repeting last play command: Selected Viewport
[2017.05.17-13.24.37:621][ 90]LogBlueprintUserMessages: Early PlayInEditor Detection: Level '/Game/Levels/Moon_Base.Moon_Base:PersistentLevel' has LevelScriptBlueprint '/Game/Levels/Moon_Base.Moon_Base:PersistentLevel.Moon_Base' with GeneratedClass '/Game/Levels/Moon_Base.Moon_Base_C' with ClassGeneratedBy '/Game/Levels/Moon_Base.Moon_Base:PersistentLevel.Moon_Base'
[2017.05.17-13.24.37:621][ 90]LogPlayLevel: PlayLevel: No blueprints needed recompiling
[2017.05.17-13.24.37:621][ 90]PIE: New page: PIE session: Moon_Base (May 17, 2017, 5:24:37 PM)
[2017.05.17-13.24.37:621][ 90]LogPlayLevel: Creating play world package: /Game/Levels/UEDPIE_0_Moon_Base
[2017.05.17-13.24.37:816][ 90]LogPlayLevel: PIE: StaticDuplicateObject took: (0.194025s)
[2017.05.17-13.24.37:817][ 90]LogAIModule: Creating AISystem for world Moon_Base
[2017.05.17-13.24.37:818][ 90]LogPlayLevel: PIE: World Init took: (0.001569s)
[2017.05.17-13.24.37:818][ 90]LogPlayLevel: PIE: Created PIE world by copying editor world from /Game/Levels/Moon_Base.Moon_Base to /Game/Levels/UEDPIE_0_Moon_Base.Moon_Base (0.196303s)
[2017.05.17-13.24.37:879][ 90]LogInit: XAudio2 using 'Speakers (Conexant SmartAudio HD)' : 2 channels at 48 kHz using 32 bits per sample (channel mask 0x3)
[2017.05.17-13.24.37:918][ 90]LogInit: FAudioDevice initialized.
[2017.05.17-13.24.37:952][ 90]LogLoad: Game class is 'ThirdPersonGameMode_C'
[2017.05.17-13.24.37:988][ 90]LogWorld: Bringing World /Game/Levels/UEDPIE_0_Moon_Base.Moon_Base up for play (max tick rate 60) at 2017.05.17-15.24.37
[2017.05.17-13.24.37:996][ 90]LogWorld: Bringing up level for play took: 0.043005
[2017.05.17-13.24.38:021][ 90]PIE: Info Play in editor start time for /Game/Levels/UEDPIE_0_Moon_Base 0.141
[2017.05.17-13.24.38:022][ 90]LogBlueprintUserMessages: Late PlayInEditor Detection: Level '/Game/Levels/Moon_Base.Moon_Base:PersistentLevel' has LevelScriptBlueprint '/Game/Levels/Moon_Base.Moon_Base:PersistentLevel.Moon_Base' with GeneratedClass '/Game/Levels/Moon_Base.Moon_Base_C' with ClassGeneratedBy '/Game/Levels/Moon_Base.Moon_Base:PersistentLevel.Moon_Base'
[2017.05.17-13.24.42:316][273]LogBlueprintUserMessages: [Moon_Base_C_5] Low Gravity
[2017.05.17-13.24.46:116][411]LogBlueprintUserMessages: Early EndPlayMap Detection: Level '/Game/Levels/Moon_Base.Moon_Base:PersistentLevel' has LevelScriptBlueprint '/Game/Levels/Moon_Base.Moon_Base:PersistentLevel.Moon_Base' with GeneratedClass '/Game/Levels/Moon_Base.Moon_Base_C' with ClassGeneratedBy '/Game/Levels/Moon_Base.Moon_Base:PersistentLevel.Moon_Base'
[2017.05.17-13.24.46:229][411]LogBlueprintUserMessages: Late EndPlayMap Detection: Level '/Game/Levels/Moon_Base.Moon_Base:PersistentLevel' has LevelScriptBlueprint '/Game/Levels/Moon_Base.Moon_Base:PersistentLevel.Moon_Base' with GeneratedClass '/Game/Levels/Moon_Base.Moon_Base_C' with ClassGeneratedBy '/Game/Levels/Moon_Base.Moon_Base:PersistentLevel.Moon_Base'
[2017.05.17-14.00.05:434][558]LogHttp:Warning: 0000018ED070FE80: request failed, libcurl error: 6 (Couldn't resolve host name)
[2017.05.17-14.00.05:434][558]LogHttp:Warning: 0000018ED070FE80: libcurl info message cache 0 (Connection 2 seems to be dead!)
[2017.05.17-14.00.05:434][558]LogHttp:Warning: 0000018ED070FE80: libcurl info message cache 1 (Closing connection 2)
[2017.05.17-14.00.05:434][558]LogHttp:Warning: 0000018ED070FE80: libcurl info message cache 2 (Could not resolve host: datarouter.ol.epicgames.com)
[2017.05.17-14.00.05:434][558]LogHttp:Warning: 0000018ED070FE80: libcurl info message cache 3 (Closing connection 3)
[2017.05.17-14.00.22:818][568]LogSavePackage: Save=3990.98ms
[2017.05.17-14.00.22:818][568]LogSavePackage: Moving '../../../../../../Users/Nicthestick/Documents/NaturalisSPACE/Naturalis_Level/Saved/Moon_Base_Auto1F000817F412B45440A092C8CE338ABE5.tmp' to '../../../../../../Users/Nicthestick/Documents/NaturalisSPACE/Naturalis_Level/Saved/Autosaves/Game/Levels/Moon_Base_Auto1.umap'
[2017.05.17-14.00.22:850][568]LogSavePackage:Display: Finished SavePackage ../../../../../../Users/Nicthestick/Documents/NaturalisSPACE/Naturalis_Level/Saved/Autosaves/Game/Levels/Moon_Base_Auto1.umap
[2017.05.17-14.00.22:937][568]LogFileHelpers: Editor autosave (incl. sublevels) for '/Game/Levels/Moon_Base' took 4.680
[2017.05.17-14.00.22:937][568]LogFileHelpers: Editor autosave (incl. sublevels) for all levels took 4.680
[2017.05.17-14.00.22:945][568]OBJ SavePackage: Generating thumbnails for [1] asset(s) in package [/Game/Down] ([1] browsable assets)...
[2017.05.17-14.00.22:987][568]OBJ SavePackage:     Rendered thumbnail for [ParticleSystem /Game/Down.Down]
[2017.05.17-14.00.22:987][568]OBJ SavePackage: Finished generating thumbnails for package [/Game/Down]
[2017.05.17-14.00.22:987][568]Cmd: OBJ SAVEPACKAGE PACKAGE="/Game/Down" FILE="../../../../../../Users/Nicthestick/Documents/NaturalisSPACE/Naturalis_Level/Saved/Autosaves/Game/Down_Auto1.uasset" SILENT=false AUTOSAVING=true
[2017.05.17-14.00.23:136][568]LogSavePackage: Save=68.46ms
[2017.05.17-14.00.23:239][568]LogSavePackage: Moving '../../../../../../Users/Nicthestick/Documents/NaturalisSPACE/Naturalis_Level/Saved/Down_Auto1B94FF404459F507C2E38AAB6BC092D17.tmp' to '../../../../../../Users/Nicthestick/Documents/NaturalisSPACE/Naturalis_Level/Saved/Autosaves/Game/Down_Auto1.uasset'
[2017.05.17-14.00.23:253][568]LogSavePackage:Display: Finished SavePackage ../../../../../../Users/Nicthestick/Documents/NaturalisSPACE/Naturalis_Level/Saved/Autosaves/Game/Down_Auto1.uasset
[2017.05.17-14.00.23:254][568]LogFileHelpers: Auto-saving content packages took 0.316
[2017.05.17-14.00.46:444][234]LogTemp: Repeting last play command: Selected Viewport
[2017.05.17-14.00.46:497][234]LogBlueprintUserMessages: Early PlayInEditor Detection: Level '/Game/Levels/Moon_Base.Moon_Base:PersistentLevel' has LevelScriptBlueprint '/Game/Levels/Moon_Base.Moon_Base:PersistentLevel.Moon_Base' with GeneratedClass '/Game/Levels/Moon_Base.Moon_Base_C' with ClassGeneratedBy '/Game/Levels/Moon_Base.Moon_Base:PersistentLevel.Moon_Base'
[2017.05.17-14.00.46:497][234]LogPlayLevel: PlayLevel: No blueprints needed recompiling
[2017.05.17-14.00.46:498][234]PIE: New page: PIE session: Moon_Base (May 17, 2017, 6:00:46 PM)
[2017.05.17-14.00.46:498][234]LogPlayLevel: Creating play world package: /Game/Levels/UEDPIE_0_Moon_Base
[2017.05.17-14.00.46:730][234]LogPlayLevel: PIE: StaticDuplicateObject took: (0.231269s)
[2017.05.17-14.00.46:731][234]LogAIModule: Creating AISystem for world Moon_Base
[2017.05.17-14.00.46:732][234]LogPlayLevel: PIE: World Init took: (0.001870s)
[2017.05.17-14.00.46:732][234]LogPlayLevel: PIE: Created PIE world by copying editor world from /Game/Levels/Moon_Base.Moon_Base to /Game/Levels/UEDPIE_0_Moon_Base.Moon_Base (0.234235s)
[2017.05.17-14.00.46:810][234]LogInit: XAudio2 using 'Speakers (Conexant SmartAudio HD)' : 2 channels at 48 kHz using 32 bits per sample (channel mask 0x3)
[2017.05.17-14.00.46:859][234]LogInit: FAudioDevice initialized.
[2017.05.17-14.00.46:901][234]LogLoad: Game class is 'ThirdPersonGameMode_C'
[2017.05.17-14.00.46:945][234]LogWorld: Bringing World /Game/Levels/UEDPIE_0_Moon_Base.Moon_Base up for play (max tick rate 60) at 2017.05.17-16.00.46
[2017.05.17-14.00.46:956][234]LogWorld: Bringing up level for play took: 0.053303
[2017.05.17-14.00.46:985][234]PIE: Info Play in editor start time for /Game/Levels/UEDPIE_0_Moon_Base 1.111
[2017.05.17-14.00.46:986][234]LogBlueprintUserMessages: Late PlayInEditor Detection: Level '/Game/Levels/Moon_Base.Moon_Base:PersistentLevel' has LevelScriptBlueprint '/Game/Levels/Moon_Base.Moon_Base:PersistentLevel.Moon_Base' with GeneratedClass '/Game/Levels/Moon_Base.Moon_Base_C' with ClassGeneratedBy '/Game/Levels/Moon_Base.Moon_Base:PersistentLevel.Moon_Base'
[2017.05.17-14.01.15:962][419]LogBlueprintUserMessages: Early EndPlayMap Detection: Level '/Game/Levels/Moon_Base.Moon_Base:PersistentLevel' has LevelScriptBlueprint '/Game/Levels/Moon_Base.Moon_Base:PersistentLevel.Moon_Base' with GeneratedClass '/Game/Levels/Moon_Base.Moon_Base_C' with ClassGeneratedBy '/Game/Levels/Moon_Base.Moon_Base:PersistentLevel.Moon_Base'
[2017.05.17-14.01.16:068][419]LogBlueprintUserMessages: Late EndPlayMap Detection: Level '/Game/Levels/Moon_Base.Moon_Base:PersistentLevel' has LevelScriptBlueprint '/Game/Levels/Moon_Base.Moon_Base:PersistentLevel.Moon_Base' with GeneratedClass '/Game/Levels/Moon_Base.Moon_Base_C' with ClassGeneratedBy '/Game/Levels/Moon_Base.Moon_Base:PersistentLevel.Moon_Base'
[2017.05.17-14.01.30:892][879]LogClass:Warning: Enum '/Game/EpicContent/DemoRoom/BluePrint/BP_DemoDisplay_Enum.BP_DemoDisplay_Enum' was upgraded to use FText to store its display name data. Please re-save this asset to avoid issues with localization and determinstic cooking.
[2017.05.17-14.01.31:601][879]LogContentBrowser: Native class hierarchy updated for 'BlueprintGraph' in 0.0023 seconds. Added 112 classes and 0 folders.
[2017.05.17-14.01.32:683][879]LogSlate: Took 0.001869 seconds to synchronously load lazily loaded font '../../../Engine/Content/Editor/Slate/Fonts/Roboto-BoldCondensed.ttf' (158K)
[2017.05.17-14.01.35:609][941]LogSlate: Took 0.002269 seconds to synchronously load lazily loaded font '../../../Engine/Content/Editor/Slate/Fonts/Roboto-Italic.ttf' (157K)
[2017.05.17-14.02.36:868][513]LogCascade: Quitting Cascade. FXSystem=0x0000018EE2921620
[2017.05.17-14.07.22:967][593]LogEditorViewport: Clicking on Actor (LMB): ThirdPersonCharacter_C (Player)
[2017.05.17-14.07.24:130][607]LogEditorViewport: Clicking on Actor (LMB): ThirdPersonCharacter_C (Player)
[2017.05.17-14.08.01:710][404]LogTemp: Repeting last play command: Selected Viewport
[2017.05.17-14.08.01:745][404]LogBlueprintUserMessages: Early PlayInEditor Detection: Level '/Game/Levels/Moon_Base.Moon_Base:PersistentLevel' has LevelScriptBlueprint '/Game/Levels/Moon_Base.Moon_Base:PersistentLevel.Moon_Base' with GeneratedClass '/Game/Levels/Moon_Base.Moon_Base_C' with ClassGeneratedBy '/Game/Levels/Moon_Base.Moon_Base:PersistentLevel.Moon_Base'
[2017.05.17-14.08.01:745][404]BlueprintLog: New page: Pre-Play auto-recompile
[2017.05.17-14.08.01:745][404]LogPlayLevel: [PlayLevel] Compiling Moon_Base before play...
[2017.05.17-14.08.02:067][404]LogPlayLevel: PlayLevel: Blueprint regeneration took 321 ms (1 blueprints)
[2017.05.17-14.08.02:067][404]PIE: New page: PIE session: Moon_Base (May 17, 2017, 6:08:02 PM)
[2017.05.17-14.08.02:067][404]LogPlayLevel: Creating play world package: /Game/Levels/UEDPIE_0_Moon_Base
[2017.05.17-14.08.02:192][404]LogPlayLevel: PIE: StaticDuplicateObject took: (0.124837s)
[2017.05.17-14.08.02:192][404]LogAIModule: Creating AISystem for world Moon_Base
[2017.05.17-14.08.02:193][404]LogPlayLevel: PIE: World Init took: (0.001567s)
[2017.05.17-14.08.02:194][404]LogPlayLevel: PIE: Created PIE world by copying editor world from /Game/Levels/Moon_Base.Moon_Base to /Game/Levels/UEDPIE_0_Moon_Base.Moon_Base (0.127121s)
[2017.05.17-14.08.02:282][404]LogInit: XAudio2 using 'Speakers (Conexant SmartAudio HD)' : 2 channels at 48 kHz using 32 bits per sample (channel mask 0x3)
[2017.05.17-14.08.02:311][404]LogInit: FAudioDevice initialized.
[2017.05.17-14.08.02:346][404]LogLoad: Game class is 'ThirdPersonGameMode_C'
[2017.05.17-14.08.02:379][404]LogWorld: Bringing World /Game/Levels/UEDPIE_0_Moon_Base.Moon_Base up for play (max tick rate 0) at 2017.05.17-16.08.02
[2017.05.17-14.08.02:387][404]LogWorld: Bringing up level for play took: 0.040277
[2017.05.17-14.08.02:406][404]PIE: Info Play in editor start time for /Game/Levels/UEDPIE_0_Moon_Base 0.532
[2017.05.17-14.08.02:406][404]LogBlueprintUserMessages: Late PlayInEditor Detection: Level '/Game/Levels/Moon_Base.Moon_Base:PersistentLevel' has LevelScriptBlueprint '/Game/Levels/Moon_Base.Moon_Base:PersistentLevel.Moon_Base' with GeneratedClass '/Game/Levels/Moon_Base.Moon_Base_C' with ClassGeneratedBy '/Game/Levels/Moon_Base.Moon_Base:PersistentLevel.Moon_Base'
[2017.05.17-14.08.03:797][440]LogBlueprintUserMessages: Early EndPlayMap Detection: Level '/Game/Levels/Moon_Base.Moon_Base:PersistentLevel' has LevelScriptBlueprint '/Game/Levels/Moon_Base.Moon_Base:PersistentLevel.Moon_Base' with GeneratedClass '/Game/Levels/Moon_Base.Moon_Base_C' with ClassGeneratedBy '/Game/Levels/Moon_Base.Moon_Base:PersistentLevel.Moon_Base'
[2017.05.17-14.08.04:005][440]LogBlueprintUserMessages: Late EndPlayMap Detection: Level '/Game/Levels/Moon_Base.Moon_Base:PersistentLevel' has LevelScriptBlueprint '/Game/Levels/Moon_Base.Moon_Base:PersistentLevel.Moon_Base' with GeneratedClass '/Game/Levels/Moon_Base.Moon_Base_C' with ClassGeneratedBy '/Game/Levels/Moon_Base.Moon_Base:PersistentLevel.Moon_Base'
[2017.05.17-14.08.06:854][499]LogTemp: Repeting last play command: Selected Viewport
[2017.05.17-14.08.06:889][499]LogBlueprintUserMessages: Early PlayInEditor Detection: Level '/Game/Levels/Moon_Base.Moon_Base:PersistentLevel' has LevelScriptBlueprint '/Game/Levels/Moon_Base.Moon_Base:PersistentLevel.Moon_Base' with GeneratedClass '/Game/Levels/Moon_Base.Moon_Base_C' with ClassGeneratedBy '/Game/Levels/Moon_Base.Moon_Base:PersistentLevel.Moon_Base'
[2017.05.17-14.08.06:889][499]LogPlayLevel: PlayLevel: No blueprints needed recompiling
[2017.05.17-14.08.06:889][499]PIE: New page: PIE session: Moon_Base (May 17, 2017, 6:08:06 PM)
[2017.05.17-14.08.06:889][499]LogPlayLevel: Creating play world package: /Game/Levels/UEDPIE_0_Moon_Base
[2017.05.17-14.08.07:041][499]LogPlayLevel: PIE: StaticDuplicateObject took: (0.151804s)
[2017.05.17-14.08.07:041][499]LogAIModule: Creating AISystem for world Moon_Base
[2017.05.17-14.08.07:042][499]LogPlayLevel: PIE: World Init took: (0.000958s)
[2017.05.17-14.08.07:042][499]LogPlayLevel: PIE: Created PIE world by copying editor world from /Game/Levels/Moon_Base.Moon_Base to /Game/Levels/UEDPIE_0_Moon_Base.Moon_Base (0.153234s)
[2017.05.17-14.08.07:109][499]LogInit: XAudio2 using 'Speakers (Conexant SmartAudio HD)' : 2 channels at 48 kHz using 32 bits per sample (channel mask 0x3)
[2017.05.17-14.08.07:134][499]LogInit: FAudioDevice initialized.
[2017.05.17-14.08.07:169][499]LogLoad: Game class is 'ThirdPersonGameMode_C'
[2017.05.17-14.08.07:195][499]LogWorld: Bringing World /Game/Levels/UEDPIE_0_Moon_Base.Moon_Base up for play (max tick rate 0) at 2017.05.17-16.08.07
[2017.05.17-14.08.07:206][499]LogWorld: Bringing up level for play took: 0.036400
[2017.05.17-14.08.07:223][499]PIE: Info Play in editor start time for /Game/Levels/UEDPIE_0_Moon_Base -0.651
[2017.05.17-14.08.07:244][499]LogBlueprintUserMessages: Late PlayInEditor Detection: Level '/Game/Levels/Moon_Base.Moon_Base:PersistentLevel' has LevelScriptBlueprint '/Game/Levels/Moon_Base.Moon_Base:PersistentLevel.Moon_Base' with GeneratedClass '/Game/Levels/Moon_Base.Moon_Base_C' with ClassGeneratedBy '/Game/Levels/Moon_Base.Moon_Base:PersistentLevel.Moon_Base'
[2017.05.17-14.08.40:283][898]LogBlueprintUserMessages: Early EndPlayMap Detection: Level '/Game/Levels/Moon_Base.Moon_Base:PersistentLevel' has LevelScriptBlueprint '/Game/Levels/Moon_Base.Moon_Base:PersistentLevel.Moon_Base' with GeneratedClass '/Game/Levels/Moon_Base.Moon_Base_C' with ClassGeneratedBy '/Game/Levels/Moon_Base.Moon_Base:PersistentLevel.Moon_Base'
[2017.05.17-14.08.40:381][898]LogBlueprintUserMessages: Late EndPlayMap Detection: Level '/Game/Levels/Moon_Base.Moon_Base:PersistentLevel' has LevelScriptBlueprint '/Game/Levels/Moon_Base.Moon_Base:PersistentLevel.Moon_Base' with GeneratedClass '/Game/Levels/Moon_Base.Moon_Base_C' with ClassGeneratedBy '/Game/Levels/Moon_Base.Moon_Base:PersistentLevel.Moon_Base'
[2017.05.17-14.08.43:243][  2]LogBlueprintUserMessages: Early PlayInEditor Detection: Level '/Game/Levels/Moon_Base.Moon_Base:PersistentLevel' has LevelScriptBlueprint '/Game/Levels/Moon_Base.Moon_Base:PersistentLevel.Moon_Base' with GeneratedClass '/Game/Levels/Moon_Base.Moon_Base_C' with ClassGeneratedBy '/Game/Levels/Moon_Base.Moon_Base:PersistentLevel.Moon_Base'
[2017.05.17-14.08.43:243][  2]LogPlayLevel: PlayLevel: No blueprints needed recompiling
[2017.05.17-14.08.43:243][  2]PIE: New page: PIE session: Moon_Base (May 17, 2017, 6:08:43 PM)
[2017.05.17-14.08.43:243][  2]LogPlayLevel: Creating play world package: /Game/Levels/UEDPIE_0_Moon_Base
[2017.05.17-14.08.43:366][  2]LogPlayLevel: PIE: StaticDuplicateObject took: (0.122712s)
[2017.05.17-14.08.43:366][  2]LogAIModule: Creating AISystem for world Moon_Base
[2017.05.17-14.08.43:367][  2]LogPlayLevel: PIE: World Init took: (0.001351s)
[2017.05.17-14.08.43:368][  2]LogPlayLevel: PIE: Created PIE world by copying editor world from /Game/Levels/Moon_Base.Moon_Base to /Game/Levels/UEDPIE_0_Moon_Base.Moon_Base (0.124858s)
[2017.05.17-14.08.43:429][  2]LogInit: XAudio2 using 'Speakers (Conexant SmartAudio HD)' : 2 channels at 48 kHz using 32 bits per sample (channel mask 0x3)
[2017.05.17-14.08.43:460][  2]LogInit: FAudioDevice initialized.
[2017.05.17-14.08.43:519][  2]LogLoad: Game class is 'ThirdPersonGameMode_C'
[2017.05.17-14.08.43:552][  2]LogWorld: Bringing World /Game/Levels/UEDPIE_0_Moon_Base.Moon_Base up for play (max tick rate 0) at 2017.05.17-16.08.43
[2017.05.17-14.08.43:560][  2]LogWorld: Bringing up level for play took: 0.040327
[2017.05.17-14.08.43:587][  2]PIE: Info Play in editor start time for /Game/Levels/UEDPIE_0_Moon_Base -0.287
[2017.05.17-14.08.43:588][  2]LogBlueprintUserMessages: Late PlayInEditor Detection: Level '/Game/Levels/Moon_Base.Moon_Base:PersistentLevel' has LevelScriptBlueprint '/Game/Levels/Moon_Base.Moon_Base:PersistentLevel.Moon_Base' with GeneratedClass '/Game/Levels/Moon_Base.Moon_Base_C' with ClassGeneratedBy '/Game/Levels/Moon_Base.Moon_Base:PersistentLevel.Moon_Base'
[2017.05.17-14.08.43:651][  2]LogRenderer: Reallocating scene render targets to support 1208x656 NumSamples 1 (Frame:24807).
[2017.05.17-14.09.24:889][938]LogBlueprintUserMessages: Early EndPlayMap Detection: Level '/Game/Levels/Moon_Base.Moon_Base:PersistentLevel' has LevelScriptBlueprint '/Game/Levels/Moon_Base.Moon_Base:PersistentLevel.Moon_Base' with GeneratedClass '/Game/Levels/Moon_Base.Moon_Base_C' with ClassGeneratedBy '/Game/Levels/Moon_Base.Moon_Base:PersistentLevel.Moon_Base'
[2017.05.17-14.09.25:030][938]LogBlueprintUserMessages: Late EndPlayMap Detection: Level '/Game/Levels/Moon_Base.Moon_Base:PersistentLevel' has LevelScriptBlueprint '/Game/Levels/Moon_Base.Moon_Base:PersistentLevel.Moon_Base' with GeneratedClass '/Game/Levels/Moon_Base.Moon_Base_C' with ClassGeneratedBy '/Game/Levels/Moon_Base.Moon_Base:PersistentLevel.Moon_Base'
[2017.05.17-14.09.56:394][968]LogEditorViewport: Clicking on Actor (LMB): ThirdPersonCharacter_C (Player)
[2017.05.17-14.12.05:230][183]LogEditorTransaction: Undo Create Pin Link
[2017.05.17-14.12.05:524][192]LogEditorTransaction: Undo Move Node
[2017.05.17-14.12.06:333][213]LogEditorTransaction: Undo Create Pin Link
[2017.05.17-14.12.49:767][494]BlueprintLog: New page: Compile Moon_Base
[2017.05.17-14.12.54:126][581]LogTemp: Repeting last play command: New Editor Window (PIE)
[2017.05.17-14.12.54:153][581]LogBlueprintUserMessages: Early PlayInEditor Detection: Level '/Game/Levels/Moon_Base.Moon_Base:PersistentLevel' has LevelScriptBlueprint '/Game/Levels/Moon_Base.Moon_Base:PersistentLevel.Moon_Base' with GeneratedClass '/Game/Levels/Moon_Base.Moon_Base_C' with ClassGeneratedBy '/Game/Levels/Moon_Base.Moon_Base:PersistentLevel.Moon_Base'
[2017.05.17-14.12.54:153][581]LogPlayLevel: PlayLevel: No blueprints needed recompiling
[2017.05.17-14.12.54:153][581]PIE: New page: PIE session: Moon_Base (May 17, 2017, 6:12:54 PM)
[2017.05.17-14.12.54:153][581]LogPlayLevel: Creating play world package: /Game/Levels/UEDPIE_0_Moon_Base
[2017.05.17-14.12.54:282][581]LogPlayLevel: PIE: StaticDuplicateObject took: (0.129012s)
[2017.05.17-14.12.54:283][581]LogAIModule: Creating AISystem for world Moon_Base
[2017.05.17-14.12.54:284][581]LogPlayLevel: PIE: World Init took: (0.001289s)
[2017.05.17-14.12.54:285][581]LogPlayLevel: PIE: Created PIE world by copying editor world from /Game/Levels/Moon_Base.Moon_Base to /Game/Levels/UEDPIE_0_Moon_Base.Moon_Base (0.130953s)
[2017.05.17-14.12.54:370][581]LogInit: XAudio2 using 'Speakers (Conexant SmartAudio HD)' : 2 channels at 48 kHz using 32 bits per sample (channel mask 0x3)
[2017.05.17-14.12.54:396][581]LogInit: FAudioDevice initialized.
[2017.05.17-14.12.54:455][581]LogLoad: Game class is 'ThirdPersonGameMode_C'
[2017.05.17-14.12.54:486][581]LogWorld: Bringing World /Game/Levels/UEDPIE_0_Moon_Base.Moon_Base up for play (max tick rate 0) at 2017.05.17-16.12.54
[2017.05.17-14.12.54:493][581]LogWorld: Bringing up level for play took: 0.037922
[2017.05.17-14.12.54:523][581]PIE: Info Play in editor start time for /Game/Levels/UEDPIE_0_Moon_Base 0.649
[2017.05.17-14.12.54:524][581]LogBlueprintUserMessages: Late PlayInEditor Detection: Level '/Game/Levels/Moon_Base.Moon_Base:PersistentLevel' has LevelScriptBlueprint '/Game/Levels/Moon_Base.Moon_Base:PersistentLevel.Moon_Base' with GeneratedClass '/Game/Levels/Moon_Base.Moon_Base_C' with ClassGeneratedBy '/Game/Levels/Moon_Base.Moon_Base:PersistentLevel.Moon_Base'
[2017.05.17-14.13.25:869][333]LogBlueprintUserMessages: Early EndPlayMap Detection: Level '/Game/Levels/Moon_Base.Moon_Base:PersistentLevel' has LevelScriptBlueprint '/Game/Levels/Moon_Base.Moon_Base:PersistentLevel.Moon_Base' with GeneratedClass '/Game/Levels/Moon_Base.Moon_Base_C' with ClassGeneratedBy '/Game/Levels/Moon_Base.Moon_Base:PersistentLevel.Moon_Base'
[2017.05.17-14.13.26:075][333]LogBlueprintUserMessages: Late EndPlayMap Detection: Level '/Game/Levels/Moon_Base.Moon_Base:PersistentLevel' has LevelScriptBlueprint '/Game/Levels/Moon_Base.Moon_Base:PersistentLevel.Moon_Base' with GeneratedClass '/Game/Levels/Moon_Base.Moon_Base_C' with ClassGeneratedBy '/Game/Levels/Moon_Base.Moon_Base:PersistentLevel.Moon_Base'
[2017.05.17-14.14.28:025][ 75]BlueprintLog: New page: Compile Moon_Base
[2017.05.17-14.14.28:843][ 86]LogTemp: Repeting last play command: New Editor Window (PIE)
[2017.05.17-14.14.28:879][ 86]LogBlueprintUserMessages: Early PlayInEditor Detection: Level '/Game/Levels/Moon_Base.Moon_Base:PersistentLevel' has LevelScriptBlueprint '/Game/Levels/Moon_Base.Moon_Base:PersistentLevel.Moon_Base' with GeneratedClass '/Game/Levels/Moon_Base.Moon_Base_C' with ClassGeneratedBy '/Game/Levels/Moon_Base.Moon_Base:PersistentLevel.Moon_Base'
[2017.05.17-14.14.28:879][ 86]LogPlayLevel: PlayLevel: No blueprints needed recompiling
[2017.05.17-14.14.28:879][ 86]PIE: New page: PIE session: Moon_Base (May 17, 2017, 6:14:28 PM)
[2017.05.17-14.14.28:879][ 86]LogPlayLevel: Creating play world package: /Game/Levels/UEDPIE_0_Moon_Base
[2017.05.17-14.14.29:039][ 86]LogPlayLevel: PIE: StaticDuplicateObject took: (0.159914s)
[2017.05.17-14.14.29:040][ 86]LogAIModule: Creating AISystem for world Moon_Base
[2017.05.17-14.14.29:041][ 86]LogPlayLevel: PIE: World Init took: (0.001559s)
[2017.05.17-14.14.29:041][ 86]LogPlayLevel: PIE: Created PIE world by copying editor world from /Game/Levels/Moon_Base.Moon_Base to /Game/Levels/UEDPIE_0_Moon_Base.Moon_Base (0.162134s)
[2017.05.17-14.14.29:132][ 86]LogInit: XAudio2 using 'Speakers (Conexant SmartAudio HD)' : 2 channels at 48 kHz using 32 bits per sample (channel mask 0x3)
[2017.05.17-14.14.29:161][ 86]LogInit: FAudioDevice initialized.
[2017.05.17-14.14.29:226][ 86]LogLoad: Game class is 'ThirdPersonGameMode_C'
[2017.05.17-14.14.29:263][ 86]LogWorld: Bringing World /Game/Levels/UEDPIE_0_Moon_Base.Moon_Base up for play (max tick rate 0) at 2017.05.17-16.14.29
[2017.05.17-14.14.29:274][ 86]LogWorld: Bringing up level for play took: 0.047212
[2017.05.17-14.14.29:308][ 86]PIE: Info Play in editor start time for /Game/Levels/UEDPIE_0_Moon_Base -0.565
[2017.05.17-14.14.29:310][ 86]LogBlueprintUserMessages: Late PlayInEditor Detection: Level '/Game/Levels/Moon_Base.Moon_Base:PersistentLevel' has LevelScriptBlueprint '/Game/Levels/Moon_Base.Moon_Base:PersistentLevel.Moon_Base' with GeneratedClass '/Game/Levels/Moon_Base.Moon_Base_C' with ClassGeneratedBy '/Game/Levels/Moon_Base.Moon_Base:PersistentLevel.Moon_Base'
[2017.05.17-14.14.59:604][816]LogBlueprintUserMessages: Early EndPlayMap Detection: Level '/Game/Levels/Moon_Base.Moon_Base:PersistentLevel' has LevelScriptBlueprint '/Game/Levels/Moon_Base.Moon_Base:PersistentLevel.Moon_Base' with GeneratedClass '/Game/Levels/Moon_Base.Moon_Base_C' with ClassGeneratedBy '/Game/Levels/Moon_Base.Moon_Base:PersistentLevel.Moon_Base'
[2017.05.17-14.14.59:856][816]LogBlueprintUserMessages: Late EndPlayMap Detection: Level '/Game/Levels/Moon_Base.Moon_Base:PersistentLevel' has LevelScriptBlueprint '/Game/Levels/Moon_Base.Moon_Base:PersistentLevel.Moon_Base' with GeneratedClass '/Game/Levels/Moon_Base.Moon_Base_C' with ClassGeneratedBy '/Game/Levels/Moon_Base.Moon_Base:PersistentLevel.Moon_Base'
[2017.05.17-14.16.04:999][753]BlueprintLog: New page: Compile Moon_Base
[2017.05.17-14.16.52:690][543]LogSlate: Took 0.001637 seconds to synchronously load lazily loaded font '../../../Engine/Content/Editor/Slate/Fonts/Roboto-BoldCondensedItalic.ttf' (160K)
[2017.05.17-14.17.26:310][487]BlueprintLog: New page: Compile Moon_Base
[2017.05.17-14.17.27:323][503]LogTemp: Repeting last play command: New Editor Window (PIE)
[2017.05.17-14.17.27:353][503]LogBlueprintUserMessages: Early PlayInEditor Detection: Level '/Game/Levels/Moon_Base.Moon_Base:PersistentLevel' has LevelScriptBlueprint '/Game/Levels/Moon_Base.Moon_Base:PersistentLevel.Moon_Base' with GeneratedClass '/Game/Levels/Moon_Base.Moon_Base_C' with ClassGeneratedBy '/Game/Levels/Moon_Base.Moon_Base:PersistentLevel.Moon_Base'
[2017.05.17-14.17.27:353][503]LogPlayLevel: PlayLevel: No blueprints needed recompiling
[2017.05.17-14.17.27:354][503]PIE: New page: PIE session: Moon_Base (May 17, 2017, 6:17:27 PM)
[2017.05.17-14.17.27:354][503]LogPlayLevel: Creating play world package: /Game/Levels/UEDPIE_0_Moon_Base
[2017.05.17-14.17.27:514][503]LogPlayLevel: PIE: StaticDuplicateObject took: (0.159972s)
[2017.05.17-14.17.27:515][503]LogAIModule: Creating AISystem for world Moon_Base
[2017.05.17-14.17.27:516][503]LogPlayLevel: PIE: World Init took: (0.001843s)
[2017.05.17-14.17.27:516][503]LogPlayLevel: PIE: Created PIE world by copying editor world from /Game/Levels/Moon_Base.Moon_Base to /Game/Levels/UEDPIE_0_Moon_Base.Moon_Base (0.162476s)
[2017.05.17-14.17.27:609][503]LogInit: XAudio2 using 'Speakers (Conexant SmartAudio HD)' : 2 channels at 48 kHz using 32 bits per sample (channel mask 0x3)
[2017.05.17-14.17.27:639][503]LogInit: FAudioDevice initialized.
[2017.05.17-14.17.27:702][503]LogLoad: Game class is 'ThirdPersonGameMode_C'
[2017.05.17-14.17.27:737][503]LogWorld: Bringing World /Game/Levels/UEDPIE_0_Moon_Base.Moon_Base up for play (max tick rate 0) at 2017.05.17-16.17.27
[2017.05.17-14.17.27:744][503]LogWorld: Bringing up level for play took: 0.041650
[2017.05.17-14.17.27:774][503]PIE: Info Play in editor start time for /Game/Levels/UEDPIE_0_Moon_Base -0.1
[2017.05.17-14.17.27:775][503]LogBlueprintUserMessages: Late PlayInEditor Detection: Level '/Game/Levels/Moon_Base.Moon_Base:PersistentLevel' has LevelScriptBlueprint '/Game/Levels/Moon_Base.Moon_Base:PersistentLevel.Moon_Base' with GeneratedClass '/Game/Levels/Moon_Base.Moon_Base_C' with ClassGeneratedBy '/Game/Levels/Moon_Base.Moon_Base:PersistentLevel.Moon_Base'
[2017.05.17-14.18.04:956][404]LogBlueprintUserMessages: Early EndPlayMap Detection: Level '/Game/Levels/Moon_Base.Moon_Base:PersistentLevel' has LevelScriptBlueprint '/Game/Levels/Moon_Base.Moon_Base:PersistentLevel.Moon_Base' with GeneratedClass '/Game/Levels/Moon_Base.Moon_Base_C' with ClassGeneratedBy '/Game/Levels/Moon_Base.Moon_Base:PersistentLevel.Moon_Base'
[2017.05.17-14.18.05:161][404]LogBlueprintUserMessages: Late EndPlayMap Detection: Level '/Game/Levels/Moon_Base.Moon_Base:PersistentLevel' has LevelScriptBlueprint '/Game/Levels/Moon_Base.Moon_Base:PersistentLevel.Moon_Base' with GeneratedClass '/Game/Levels/Moon_Base.Moon_Base_C' with ClassGeneratedBy '/Game/Levels/Moon_Base.Moon_Base:PersistentLevel.Moon_Base'
[2017.05.17-14.18.22:517][851]LogSavePackage: Save=1088.20ms
[2017.05.17-14.18.22:517][851]LogSavePackage: Moving '../../../../../../Users/Nicthestick/Documents/NaturalisSPACE/Naturalis_Level/Saved/Moon_Base3ABBF9164E3D462819411794E55696D5.tmp' to '../../../../../../Users/Nicthestick/Documents/NaturalisSPACE/Naturalis_Level/Content/Levels/Moon_Base.umap'
[2017.05.17-14.18.22:529][851]LogSavePackage:Display: Finished SavePackage ../../../../../../Users/Nicthestick/Documents/NaturalisSPACE/Naturalis_Level/Content/Levels/Moon_Base.umap
[2017.05.17-14.18.22:588][851]LogFileHelpers: Saving map 'Moon_Base' took 1.545
[2017.05.17-14.18.22:600][851]Cmd: OBJ SAVEPACKAGE PACKAGE="/Game/Down" FILE="../../../../../../Users/Nicthestick/Documents/NaturalisSPACE/Naturalis_Level/Content/Down.uasset" SILENT=true
[2017.05.17-14.18.22:625][851]LogSavePackage: Save=20.07ms
[2017.05.17-14.18.22:625][851]LogSavePackage: Moving '../../../../../../Users/Nicthestick/Documents/NaturalisSPACE/Naturalis_Level/Saved/DownE42BED14498EA7B412D6A6BCA8A14962.tmp' to '../../../../../../Users/Nicthestick/Documents/NaturalisSPACE/Naturalis_Level/Content/Down.uasset'
[2017.05.17-14.18.22:634][851]LogSavePackage:Display: Finished SavePackage ../../../../../../Users/Nicthestick/Documents/NaturalisSPACE/Naturalis_Level/Content/Down.uasset
[2017.05.17-14.18.29:683][ 32]LogWindowsTextInputMethodSystem:Display: IME system now deactivated.
[2017.05.17-14.18.30:071][ 33]Cmd: QUIT_EDITOR
[2017.05.17-14.18.30:283][ 33]LogExit: Preparing to exit.
[2017.05.17-14.18.32:056][ 33]LogDirectoryWatcher: A directory notification for 'C:/Users/Nicthestick/Documents/NaturalisSPACE/Naturalis_Level/Content/' was aborted.
[2017.05.17-14.18.33:300][ 33]LogExit: Editor shut down
[2017.05.17-14.18.33:317][ 33]LogExit: Transaction tracking system shut down
[2017.05.17-14.18.33:999][ 33]LogObj: Freed 0b from 0 cluster array pools.
[2017.05.17-14.18.34:000][ 33]LogExit: Object subsystem successfully closed.
[2017.05.17-14.18.34:110][ 33]LogD3D11RHI: Shutdown
[2017.05.17-14.18.34:110][ 33]LogD3D11RHI: CleanupD3DDevice
[2017.05.17-14.18.34:645][ 33]LogD3D11RHI: ~FD3D11DynamicRHI
[2017.05.17-14.18.34:800][ 33]LogModuleManager: Shutting down and abandoning module BlueprintGraph (510)
[2017.05.17-14.18.34:800][ 33]LogModuleManager: Shutting down and abandoning module BlueprintProfiler (508)
[2017.05.17-14.18.34:802][ 33]LogModuleManager: Shutting down and abandoning module DistCurveEditor (506)
[2017.05.17-14.18.34:802][ 33]LogModuleManager: Shutting down and abandoning module Cascade (504)
[2017.05.17-14.18.34:802][ 33]LogModuleManager: Shutting down and abandoning module MovieSceneCapture (502)
[2017.05.17-14.18.34:802][ 33]LogModuleManager: Shutting down and abandoning module HierarchicalLODOutliner (500)
[2017.05.17-14.18.34:802][ 33]LogModuleManager: Shutting down and abandoning module CrashTracker (498)
[2017.05.17-14.18.34:803][ 33]LogModuleManager: Shutting down and abandoning module SceneOutliner (496)
[2017.05.17-14.18.34:803][ 33]LogModuleManager: Shutting down and abandoning module AddContentDialog (494)
[2017.05.17-14.18.34:807][ 33]LogDirectoryWatcher: A directory notification for 'C:/Program Files/Epic Games/UE_4.15/FeaturePacks/' was aborted.
[2017.05.17-14.18.34:817][ 33]LogModuleManager: Shutting down and abandoning module WidgetCarousel (493)
[2017.05.17-14.18.34:817][ 33]LogModuleManager: Shutting down and abandoning module EditorWidgets (490)
[2017.05.17-14.18.34:818][ 33]LogModuleManager: Shutting down and abandoning module CollectionManager (488)
[2017.05.17-14.18.34:819][ 33]LogDirectoryWatcher: A directory notification for 'C:/Users/Nicthestick/Documents/NaturalisSPACE/Naturalis_Level/Content/Collections/' was aborted.
[2017.05.17-14.18.34:819][ 33]LogDirectoryWatcher: A directory notification for 'C:/Users/Nicthestick/Documents/NaturalisSPACE/Naturalis_Level/Content/Developers/Nicthestick/Collections/' was aborted.
[2017.05.17-14.18.34:819][ 33]LogDirectoryWatcher: A directory notification for 'C:/Users/Nicthestick/Documents/NaturalisSPACE/Naturalis_Level/Saved/Collections/' was aborted.
[2017.05.17-14.18.34:819][ 33]LogModuleManager: Shutting down and abandoning module StatsViewer (486)
[2017.05.17-14.18.34:820][ 33]LogModuleManager: Shutting down and abandoning module FoliageEdit (484)
[2017.05.17-14.18.34:820][ 33]LogModuleManager: Shutting down and abandoning module LandscapeEditor (482)
[2017.05.17-14.18.34:820][ 33]LogModuleManager: Shutting down and abandoning module SceneDepthPickerMode (480)
[2017.05.17-14.18.34:820][ 33]LogModuleManager: Shutting down and abandoning module ActorPickerMode (478)
[2017.05.17-14.18.34:820][ 33]LogModuleManager: Shutting down and abandoning module GeometryMode (476)
[2017.05.17-14.18.34:820][ 33]LogModuleManager: Shutting down and abandoning module TextureAlignMode (474)
[2017.05.17-14.18.34:820][ 33]LogModuleManager: Shutting down and abandoning module BspMode (472)
[2017.05.17-14.18.34:821][ 33]LogModuleManager: Shutting down and abandoning module HardwareSurvey (470)
[2017.05.17-14.18.34:821][ 33]LogModuleManager: Shutting down and abandoning module SequenceRecorderSections (468)
[2017.05.17-14.18.34:821][ 33]LogModuleManager: Shutting down and abandoning module AutomationWorker (466)
[2017.05.17-14.18.34:822][ 33]LogModuleManager: Shutting down and abandoning module MatineeToLevelSequence (464)
[2017.05.17-14.18.34:823][ 33]LogModuleManager: Shutting down and abandoning module LevelSequenceEditor (462)
[2017.05.17-14.18.34:827][ 33]LogModuleManager: Shutting down and abandoning module PlacementMode (461)
[2017.05.17-14.18.34:827][ 33]LogModuleManager: Shutting down and abandoning module WmfMediaFactory (458)
[2017.05.17-14.18.34:827][ 33]LogModuleManager: Shutting down and abandoning module WmfMediaEditor (456)
[2017.05.17-14.18.34:827][ 33]LogModuleManager: Shutting down and abandoning module MfMediaFactory (454)
[2017.05.17-14.18.34:827][ 33]LogModuleManager: Shutting down and abandoning module MfMediaEditor (452)
[2017.05.17-14.18.34:827][ 33]LogModuleManager: Shutting down and abandoning module AvfMediaFactory (450)
[2017.05.17-14.18.34:827][ 33]LogModuleManager: Shutting down and abandoning module AvfMediaEditor (448)
[2017.05.17-14.18.34:827][ 33]LogModuleManager: Shutting down and abandoning module AndroidMediaFactory (446)
[2017.05.17-14.18.34:827][ 33]LogModuleManager: Shutting down and abandoning module Media (445)
[2017.05.17-14.18.34:827][ 33]LogModuleManager: Shutting down and abandoning module AndroidMediaEditor (442)
[2017.05.17-14.18.34:827][ 33]LogModuleManager: Shutting down and abandoning module CharacterAI (440)
[2017.05.17-14.18.34:827][ 33]LogModuleManager: Shutting down and abandoning module AudioCapture (438)
[2017.05.17-14.18.34:828][ 33]LogModuleManager: Shutting down and abandoning module SequenceRecorder (437)
[2017.05.17-14.18.34:829][ 33]LogModuleManager: Shutting down and abandoning module SmartSnapping (434)
[2017.05.17-14.18.34:830][ 33]LogModuleManager: Shutting down and abandoning module SessionServices (432)
[2017.05.17-14.18.34:830][ 33]LogModuleManager: Shutting down and abandoning module ViewportSnapping (430)
[2017.05.17-14.18.34:830][ 33]LogModuleManager: Shutting down and abandoning module ViewportInteraction (428)
[2017.05.17-14.18.34:830][ 33]LogModuleManager: Shutting down and abandoning module LogVisualizer (426)
[2017.05.17-14.18.34:831][ 33]LogModuleManager: Shutting down and abandoning module IntroTutorials (424)
[2017.05.17-14.18.34:833][ 33]LogModuleManager: Shutting down and abandoning module GameProjectGeneration (423)
[2017.05.17-14.18.34:835][ 33]LogModuleManager: Shutting down and abandoning module EditorLiveStreaming (420)
[2017.05.17-14.18.34:835][ 33]LogModuleManager: Shutting down and abandoning module IOSPlatformEditor (418)
[2017.05.17-14.18.34:835][ 33]LogModuleManager: Shutting down and abandoning module HTML5PlatformEditor (416)
[2017.05.17-14.18.34:835][ 33]LogModuleManager: Shutting down and abandoning module AndroidPlatformEditor (414)
[2017.05.17-14.18.34:836][ 33]LogModuleManager: Shutting down and abandoning module AndroidDeviceDetection (413)
[2017.05.17-14.18.35:050][ 33]LogModuleManager: Shutting down and abandoning module IOSRuntimeSettings (410)
[2017.05.17-14.18.35:050][ 33]LogModuleManager: Shutting down and abandoning module AndroidRuntimeSettings (408)
[2017.05.17-14.18.35:050][ 33]LogModuleManager: Shutting down and abandoning module InputBindingEditor (406)
[2017.05.17-14.18.35:051][ 33]LogModuleManager: Shutting down and abandoning module NiagaraEditor (404)
[2017.05.17-14.18.35:106][ 33]LogModuleManager: Shutting down and abandoning module MergeActors (402)
[2017.05.17-14.18.35:107][ 33]LogModuleManager: Shutting down and abandoning module SizeMap (400)
[2017.05.17-14.18.35:108][ 33]LogModuleManager: Shutting down and abandoning module TreeMap (398)
[2017.05.17-14.18.35:109][ 33]LogModuleManager: Shutting down and abandoning module ReferenceViewer (396)
[2017.05.17-14.18.35:109][ 33]LogModuleManager: Shutting down and abandoning module LocalizationDashboard (394)
[2017.05.17-14.18.35:109][ 33]LogModuleManager: Shutting down and abandoning module LocalizationService (393)
[2017.05.17-14.18.35:110][ 33]LogModuleManager: Shutting down and abandoning module HardwareTargeting (390)
[2017.05.17-14.18.35:111][ 33]LogModuleManager: Shutting down and abandoning module DeviceProfileEditor (388)
[2017.05.17-14.18.35:111][ 33]LogModuleManager: Shutting down and abandoning module UndoHistory (386)
[2017.05.17-14.18.35:111][ 33]LogModuleManager: Shutting down and abandoning module UserFeedback (384)
[2017.05.17-14.18.35:111][ 33]LogModuleManager: Shutting down and abandoning module XmlParser (382)
[2017.05.17-14.18.35:112][ 33]LogModuleManager: Shutting down and abandoning module Blutility (380)
[2017.05.17-14.18.35:112][ 33]LogModuleManager: Shutting down and abandoning module ProjectSettingsViewer (378)
[2017.05.17-14.18.35:113][ 33]LogModuleManager: Shutting down and abandoning module ProjectTargetPlatformEditor (377)
[2017.05.17-14.18.35:113][ 33]LogModuleManager: Shutting down and abandoning module EditorSettingsViewer (374)
[2017.05.17-14.18.35:113][ 33]LogModuleManager: Shutting down and abandoning module SettingsEditor (372)
[2017.05.17-14.18.35:115][ 33]LogModuleManager: Shutting down and abandoning module ProjectLauncher (370)
[2017.05.17-14.18.35:116][ 33]LogModuleManager: Shutting down and abandoning module SessionFrontend (368)
[2017.05.17-14.18.35:117][ 33]LogModuleManager: Shutting down and abandoning module ProfilerClient (366)
[2017.05.17-14.18.35:118][ 33]LogModuleManager: Shutting down and abandoning module DeviceManager (364)
[2017.05.17-14.18.35:119][ 33]LogModuleManager: Shutting down and abandoning module TargetDeviceServices (363)
[2017.05.17-14.18.35:163][ 33]LogModuleManager: Shutting down and abandoning module AutomationController (360)
[2017.05.17-14.18.35:167][ 33]LogModuleManager: Shutting down and abandoning module AutomationWindow (358)
[2017.05.17-14.18.35:171][ 33]LogModuleManager: Shutting down and abandoning module Layers (356)
[2017.05.17-14.18.35:174][ 33]LogModuleManager: Shutting down and abandoning module ComponentVisualizers (354)
[2017.05.17-14.18.35:174][ 33]LogModuleManager: Shutting down and abandoning module DetailCustomizations (352)
[2017.05.17-14.18.35:175][ 33]LogModuleManager: Shutting down and abandoning module PackagesDialog (350)
[2017.05.17-14.18.35:175][ 33]LogModuleManager: Shutting down and abandoning module Persona (348)
[2017.05.17-14.18.35:177][ 33]LogModuleManager: Shutting down and abandoning module AnimGraph (347)
[2017.05.17-14.18.35:177][ 33]LogModuleManager: Shutting down and abandoning module Kismet (344)
[2017.05.17-14.18.35:194][ 33]LogModuleManager: Shutting down and abandoning module GraphEditor (342)
[2017.05.17-14.18.35:194][ 33]LogModuleManager: Shutting down and abandoning module ClassViewer (340)
[2017.05.17-14.18.35:194][ 33]LogModuleManager: Shutting down and abandoning module Toolbox (338)
[2017.05.17-14.18.35:195][ 33]LogModuleManager: Shutting down and abandoning module ModuleUI (336)
[2017.05.17-14.18.35:196][ 33]LogModuleManager: Shutting down and abandoning module MovieSceneTools (334)
[2017.05.17-14.18.35:197][ 33]LogModuleManager: Shutting down and abandoning module OutputLog (332)
[2017.05.17-14.18.35:199][ 33]LogModuleManager: Shutting down and abandoning module GammaUI (330)
[2017.05.17-14.18.35:199][ 33]LogModuleManager: Shutting down and abandoning module Documentation (328)
[2017.05.17-14.18.35:200][ 33]LogModuleManager: Shutting down and abandoning module Niagara (326)
[2017.05.17-14.18.35:200][ 33]LogModuleManager: Shutting down and abandoning module StreamingPauseRendering (324)
[2017.05.17-14.18.35:200][ 33]LogModuleManager: Shutting down and abandoning module AnalyticsET (322)
[2017.05.17-14.18.35:200][ 33]LogModuleManager: Shutting down and abandoning module PortalServices (320)
[2017.05.17-14.18.35:200][ 33]LogModuleManager: Shutting down and abandoning module PortalRpc (318)
[2017.05.17-14.18.35:200][ 33]LogModuleManager: Shutting down and abandoning module MessagingRpc (316)
[2017.05.17-14.18.35:200][ 33]LogModuleManager: Shutting down and abandoning module AIModule (314)
[2017.05.17-14.18.35:201][ 33]LogModuleManager: Shutting down and abandoning module GameplayDebugger (313)
[2017.05.17-14.18.35:202][ 33]LogModuleManager: Shutting down and abandoning module AITestSuite (311)
[2017.05.17-14.18.35:202][ 33]LogModuleManager: Shutting down and abandoning module ProfilerService (308)
[2017.05.17-14.18.35:350][ 33]LogModuleManager: Shutting down and abandoning module TaskGraph (306)
[2017.05.17-14.18.35:358][ 33]LogModuleManager: Shutting down and abandoning module SteamVRController (304)
[2017.05.17-14.18.35:358][ 33]LogModuleManager: Shutting down and abandoning module SteamVR (302)
[2017.05.17-14.18.35:358][ 33]LogModuleManager: Shutting down and abandoning module ProceduralMeshComponentEditor (300)
[2017.05.17-14.18.35:358][ 33]LogModuleManager: Shutting down and abandoning module ProceduralMeshComponent (298)
[2017.05.17-14.18.35:360][ 33]LogModuleManager: Shutting down and abandoning module OculusLibrary (296)
[2017.05.17-14.18.35:360][ 33]LogModuleManager: Shutting down and abandoning module OculusInput (294)
[2017.05.17-14.18.35:360][ 33]LogModuleManager: Shutting down and abandoning module MobilePatchingUtils (292)
[2017.05.17-14.18.35:362][ 33]LogModuleManager: Shutting down and abandoning module CustomMeshComponent (290)
[2017.05.17-14.18.35:362][ 33]LogModuleManager: Shutting down and abandoning module CableComponent (288)
[2017.05.17-14.18.35:364][ 33]LogModuleManager: Shutting down and abandoning module ArchVisCharacter (286)
[2017.05.17-14.18.35:364][ 33]LogModuleManager: Shutting down and abandoning module MediaPlayerEditor (282)
[2017.05.17-14.18.35:379][ 33]LogModuleManager: Shutting down and abandoning module HTML5Networking (280)
[2017.05.17-14.18.35:383][ 33]LogModuleManager: Shutting down and abandoning module AlembicImporter (278)
[2017.05.17-14.18.35:385][ 33]LogModuleManager: Shutting down and abandoning module AlembicLibrary (277)
[2017.05.17-14.18.35:392][ 33]LogModuleManager: Shutting down and abandoning module GeometryCache (276)
[2017.05.17-14.18.35:392][ 33]LogModuleManager: Shutting down and abandoning module GeometryCacheEd (275)
[2017.05.17-14.18.35:392][ 33]LogModuleManager: Shutting down and abandoning module SuperSearchEditor (270)
[2017.05.17-14.18.35:392][ 33]LogModuleManager: Shutting down and abandoning module SuperSearch (269)
[2017.05.17-14.18.35:392][ 33]LogModuleManager: Shutting down and abandoning module SpeedTreeImporter (266)
[2017.05.17-14.18.35:392][ 33]LogModuleManager: Shutting down and abandoning module PluginBrowser (264)
[2017.05.17-14.18.35:417][ 33]LogModuleManager: Shutting down and abandoning module MobileLauncherProfileWizard (262)
[2017.05.17-14.18.35:429][ 33]LogModuleManager: Shutting down and abandoning module EpicSurvey (260)
[2017.05.17-14.18.35:447][ 33]LogModuleManager: Shutting down and abandoning module DonAINavigation (258)
[2017.05.17-14.18.35:447][ 33]LogModuleManager: Shutting down and abandoning module VisualStudioSourceCodeAccess (256)
[2017.05.17-14.18.35:456][ 33]LogModuleManager: Shutting down and abandoning module DesktopPlatform (255)
[2017.05.17-14.18.35:463][ 33]LogModuleManager: Shutting down and abandoning module UObjectPlugin (252)
[2017.05.17-14.18.35:463][ 33]LogModuleManager: Shutting down and abandoning module SubversionSourceControl (250)
[2017.05.17-14.18.35:465][ 33]LogModuleManager: Shutting down and abandoning module PerforceSourceControl (248)
[2017.05.17-14.18.35:473][ 33]LogModuleManager: Shutting down and abandoning module GitSourceControl (246)
[2017.05.17-14.18.35:496][ 33]LogModuleManager: Shutting down and abandoning module SourceControl (245)
[2017.05.17-14.18.35:500][ 33]LogModuleManager: Shutting down and abandoning module LightPropagationVolumeEditor (242)
[2017.05.17-14.18.35:504][ 33]LogModuleManager: Shutting down and abandoning module PaperTiledImporter (240)
[2017.05.17-14.18.35:504][ 33]LogModuleManager: Shutting down and abandoning module PaperSpriteSheetImporter (238)
[2017.05.17-14.18.35:504][ 33]LogModuleManager: Shutting down and abandoning module Paper2DEditor (236)
[2017.05.17-14.18.35:513][ 33]LogModuleManager: Shutting down and abandoning module MeshPaint (235)
[2017.05.17-14.18.35:513][ 33]LogModuleManager: Shutting down and abandoning module LevelEditor (233)
[2017.05.17-14.18.35:524][ 33]LogModuleManager: Shutting down and abandoning module PixelInspectorModule (232)
[2017.05.17-14.18.35:539][ 33]LogModuleManager: Shutting down and abandoning module MainFrame (230)
[2017.05.17-14.18.35:539][ 33]LogModuleManager: Shutting down and abandoning module HotReload (229)
[2017.05.17-14.18.35:542][ 33]LogModuleManager: Shutting down and abandoning module ContentBrowser (225)
[2017.05.17-14.18.35:650][ 33]LogModuleManager: Shutting down and abandoning module PhysXVehiclesEditor (222)
[2017.05.17-14.18.35:656][ 33]LogModuleManager: Shutting down and abandoning module PhysXVehicles (220)
[2017.05.17-14.18.35:656][ 33]LogModuleManager: Shutting down and abandoning module LocationServicesBPLibrary (218)
[2017.05.17-14.18.35:656][ 33]LogModuleManager: Shutting down and abandoning module UdpMessaging (216)
[2017.05.17-14.18.36:097][ 33]LogModuleManager: Shutting down and abandoning module TcpMessaging (214)
[2017.05.17-14.18.36:198][ 33]LogModuleManager: Shutting down and abandoning module GameplayTagsEditor (212)
[2017.05.17-14.18.36:201][ 33]LogModuleManager: Shutting down and abandoning module FacialAnimationEditor (210)
[2017.05.17-14.18.36:210][ 33]LogModuleManager: Shutting down and abandoning module FacialAnimation (208)
[2017.05.17-14.18.36:210][ 33]LogModuleManager: Shutting down and abandoning module LightPropagationVolumeRuntime (206)
[2017.05.17-14.18.36:210][ 33]LogModuleManager: Shutting down and abandoning module Paper2D (204)
[2017.05.17-14.18.36:210][ 33]LogModuleManager: Shutting down and abandoning module WindowsMoviePlayer (202)
[2017.05.17-14.18.36:212][ 33]LogModuleManager: Shutting down and abandoning module WmfMedia (200)
[2017.05.17-14.18.36:276][ 33]LogModuleManager: Shutting down and abandoning module MfMedia (198)
[2017.05.17-14.18.36:277][ 33]LogModuleManager: Shutting down and abandoning module MediaAssets (196)
[2017.05.17-14.18.36:277][ 33]LogModuleManager: Shutting down and abandoning module GameLiveStreaming (194)
[2017.05.17-14.18.36:278][ 33]LogModuleManager: Shutting down and abandoning module VREditor (192)
[2017.05.17-14.18.36:279][ 33]LogModuleManager: Shutting down and abandoning module GameplayTasksEditor (190)
[2017.05.17-14.18.36:279][ 33]LogModuleManager: Shutting down and abandoning module BehaviorTreeEditor (188)
[2017.05.17-14.18.36:281][ 33]LogModuleManager: Shutting down and abandoning module FunctionalTesting (186)
[2017.05.17-14.18.36:282][ 33]LogModuleManager: Shutting down and abandoning module CollisionAnalyzer (184)
[2017.05.17-14.18.36:284][ 33]LogModuleManager: Shutting down and abandoning module UMG (182)
[2017.05.17-14.18.36:285][ 33]LogModuleManager: Shutting down and abandoning module UMGEditor (181)
[2017.05.17-14.18.36:296][ 33]LogModuleManager: Shutting down and abandoning module Sequencer (180)
[2017.05.17-14.18.36:309][ 33]LogModuleManager: Shutting down and abandoning module AssetTools (178)
[2017.05.17-14.18.36:316][ 33]LogModuleManager: Shutting down and abandoning module MessageLog (177)
[2017.05.17-14.18.36:316][ 33]LogModuleManager: Shutting down and abandoning module WorkspaceMenuStructure (176)
[2017.05.17-14.18.36:316][ 33]LogModuleManager: Shutting down and abandoning module SlateReflector (170)
[2017.05.17-14.18.36:343][ 33]LogModuleManager: Shutting down and abandoning module Slate (168)
[2017.05.17-14.18.36:343][ 33]LogModuleManager: Shutting down and abandoning module EditorStyle (166)
[2017.05.17-14.18.36:427][ 33]LogModuleManager: Shutting down and abandoning module SourceCodeAccess (164)
[2017.05.17-14.18.36:432][ 33]LogModuleManager: Shutting down and abandoning module HeadMountedDisplay (162)
[2017.05.17-14.18.36:432][ 33]LogModuleManager: Shutting down and abandoning module XAudio2 (160)
[2017.05.17-14.18.36:432][ 33]LogModuleManager: Shutting down and abandoning module Networking (158)
[2017.05.17-14.18.36:432][ 33]LogModuleManager: Shutting down and abandoning module Core (154)
[2017.05.17-14.18.36:432][ 33]LogModuleManager: Shutting down and abandoning module AssetRegistry (152)
[2017.05.17-14.18.36:794][ 33]LogDirectoryWatcher: A directory notification for '../../../Engine/Content/' was aborted.
[2017.05.17-14.18.36:794][ 33]LogDirectoryWatcher: A directory notification for '../../../../../../Users/Nicthestick/Documents/NaturalisSPACE/Naturalis_Level/Content/' was aborted.
[2017.05.17-14.18.36:794][ 33]LogDirectoryWatcher: A directory notification for '../../../Engine/Plugins/2D/Paper2D/Content/' was aborted.
[2017.05.17-14.18.36:795][ 33]LogModuleManager: Shutting down and abandoning module DirectoryWatcher (151)
[2017.05.17-14.18.36:803][ 33]LogModuleManager: Shutting down and abandoning module KismetCompiler (148)
[2017.05.17-14.18.36:803][ 33]LogModuleManager: Shutting down and abandoning module PhysXFormats (146)
[2017.05.17-14.18.36:803][ 33]LogModuleManager: Shutting down and abandoning module MeshUtilities (144)
[2017.05.17-14.18.36:806][ 33]LogModuleManager: Shutting down and abandoning module SimplygonSwarm (143)
[2017.05.17-14.18.36:806][ 33]LogModuleManager: Shutting down and abandoning module SimplygonMeshReduction (141)
[2017.05.17-14.18.36:807][ 33]LogModuleManager: Shutting down and abandoning module QuadricMeshReduction (139)
[2017.05.17-14.18.36:807][ 33]LogModuleManager: Shutting down and abandoning module PropertyEditor (137)
[2017.05.17-14.18.36:808][ 33]LogModuleManager: Shutting down and abandoning module DerivedDataCache (134)
[2017.05.17-14.18.36:824][ 33]LogDerivedDataCache: Shutdown
[2017.05.17-14.18.36:824][ 33]LogModuleManager: Shutting down and abandoning module TargetPlatform (132)
[2017.05.17-14.18.36:824][ 33]LogModuleManager: Shutting down and abandoning module VulkanShaderFormat (131)
[2017.05.17-14.18.36:829][ 33]LogModuleManager: Shutting down and abandoning module ShaderFormatOpenGL (129)
[2017.05.17-14.18.36:830][ 33]LogModuleManager: Shutting down and abandoning module ShaderFormatD3D (127)
[2017.05.17-14.18.36:831][ 33]LogModuleManager: Shutting down and abandoning module MetalShaderFormat (125)
[2017.05.17-14.18.36:831][ 33]LogModuleManager: Shutting down and abandoning module TextureFormatUncompressed (123)
[2017.05.17-14.18.36:832][ 33]LogModuleManager: Shutting down and abandoning module TextureFormatPVR (121)
[2017.05.17-14.18.36:832][ 33]LogModuleManager: Shutting down and abandoning module TextureFormatDXT (119)
[2017.05.17-14.18.36:832][ 33]LogModuleManager: Shutting down and abandoning module TextureFormatIntelISPCTexComp (117)
[2017.05.17-14.18.36:834][ 33]LogModuleManager: Shutting down and abandoning module TextureFormatASTC (115)
[2017.05.17-14.18.36:834][ 33]LogModuleManager: Shutting down and abandoning module ImageWrapper (114)
[2017.05.17-14.18.36:834][ 33]LogModuleManager: Shutting down and abandoning module TextureFormatAndroid (111)
[2017.05.17-14.18.36:835][ 33]LogModuleManager: Shutting down and abandoning module AudioFormatOpus (109)
[2017.05.17-14.18.36:835][ 33]LogModuleManager: Shutting down and abandoning module AudioFormatOgg (107)
[2017.05.17-14.18.36:836][ 33]LogModuleManager: Shutting down and abandoning module AudioFormatADPCM (105)
[2017.05.17-14.18.36:836][ 33]LogModuleManager: Shutting down and abandoning module LinuxTargetPlatform (103)
[2017.05.17-14.18.36:836][ 33]LogModuleManager: Shutting down and abandoning module LinuxServerTargetPlatform (101)
[2017.05.17-14.18.36:836][ 33]LogModuleManager: Shutting down and abandoning module LinuxNoEditorTargetPlatform (99)
[2017.05.17-14.18.36:836][ 33]LogModuleManager: Shutting down and abandoning module LinuxClientTargetPlatform (97)
[2017.05.17-14.18.36:836][ 33]LogModuleManager: Shutting down and abandoning module TVOSTargetPlatform (95)
[2017.05.17-14.18.36:836][ 33]LogModuleManager: Shutting down and abandoning module Messaging (93)
[2017.05.17-14.18.36:836][ 33]LogModuleManager: Shutting down and abandoning module IOSTargetPlatform (91)
[2017.05.17-14.18.36:836][ 33]LogModuleManager: Shutting down and abandoning module HTML5TargetPlatform (89)
[2017.05.17-14.18.36:837][ 33]LogModuleManager: Shutting down and abandoning module Android_PVRTCTargetPlatform (87)
[2017.05.17-14.18.36:837][ 33]LogModuleManager: Shutting down and abandoning module Android_MultiTargetPlatform (85)
[2017.05.17-14.18.36:837][ 33]LogModuleManager: Shutting down and abandoning module Android_ETC2TargetPlatform (83)
[2017.05.17-14.18.36:837][ 33]LogModuleManager: Shutting down and abandoning module Android_ETC1TargetPlatform (81)
[2017.05.17-14.18.36:837][ 33]LogModuleManager: Shutting down and abandoning module Android_DXTTargetPlatform (79)
[2017.05.17-14.18.36:837][ 33]LogModuleManager: Shutting down and abandoning module Android_ATCTargetPlatform (77)
[2017.05.17-14.18.36:837][ 33]LogModuleManager: Shutting down and abandoning module Android_ASTCTargetPlatform (75)
[2017.05.17-14.18.36:838][ 33]LogModuleManager: Shutting down and abandoning module AndroidTargetPlatform (73)
[2017.05.17-14.18.36:838][ 33]LogModuleManager: Shutting down and abandoning module WindowsTargetPlatform (71)
[2017.05.17-14.18.36:838][ 33]LogModuleManager: Shutting down and abandoning module WindowsServerTargetPlatform (69)
[2017.05.17-14.18.36:838][ 33]LogModuleManager: Shutting down and abandoning module WindowsNoEditorTargetPlatform (67)
[2017.05.17-14.18.36:839][ 33]LogModuleManager: Shutting down and abandoning module WindowsClientTargetPlatform (65)
[2017.05.17-14.18.36:839][ 33]LogModuleManager: Shutting down and abandoning module MacTargetPlatform (63)
[2017.05.17-14.18.36:839][ 33]LogModuleManager: Shutting down and abandoning module MacServerTargetPlatform (61)
[2017.05.17-14.18.36:840][ 33]LogModuleManager: Shutting down and abandoning module MacNoEditorTargetPlatform (59)
[2017.05.17-14.18.36:840][ 33]LogModuleManager: Shutting down and abandoning module MacClientTargetPlatform (57)
[2017.05.17-14.18.36:840][ 33]LogModuleManager: Shutting down and abandoning module AllDesktopTargetPlatform (55)
[2017.05.17-14.18.36:840][ 33]LogModuleManager: Shutting down and abandoning module InputCore (52)
[2017.05.17-14.18.36:840][ 33]LogModuleManager: Shutting down and abandoning module Settings (50)
[2017.05.17-14.18.36:841][ 33]LogModuleManager: Shutting down and abandoning module OculusRift (48)
[2017.05.17-14.18.36:841][ 33]LogModuleManager: Shutting down and abandoning module GearVR (46)
[2017.05.17-14.18.36:841][ 33]LogModuleManager: Shutting down and abandoning module ExampleDeviceProfileSelector (44)
[2017.05.17-14.18.36:841][ 33]LogModuleManager: Shutting down and abandoning module OnlineBlueprintSupport (42)
[2017.05.17-14.18.36:841][ 33]LogModuleManager: Shutting down and abandoning module OnlineSubsystem (38)
[2017.05.17-14.18.36:841][ 33]LogOnline:Display: Unloading online subsystem: NULL
[2017.05.17-14.18.36:843][ 33]LogModuleManager: Shutting down and abandoning module XMPP (37)
[2017.05.17-14.18.36:846][ 33]LogModuleManager: Shutting down and abandoning module HTTP (35)
[2017.05.17-14.18.36:846][ 33]LogHttp:Display: Http module shutting down, but needs to wait on 1 outstanding Http requests:
[2017.05.17-14.18.36:846][ 33]LogHttp:Display: 	verb=[POST] url=[https://datarouter.ol.epicgames.com/datarouter/api/v1/public/data?SessionID=%7B60B21529-46C9-AF4C-DE57-6F9289F4AFBE%7D&AppID=UEEditor.Rocket.Release&AppVersion=4.15.2-3416026%2B%2B%2BUE4%2BRelease-4.15&UserID=9be180554b43aaedf6cdc4a31e89117d%7C468af3e7d9dc43f7b3bd8eb27dec4101%7Ca1f47758-3b18-412d-afd1-3a9f1ac9cd47&AppEnvironment=datacollector-binary&UploadType=eteventstream] status=Processing
[2017.05.17-14.18.36:866][ 33]LogModuleManager: Shutting down and abandoning module SSL (34)
[2017.05.17-14.18.36:891][ 33]LogModuleManager: Shutting down and abandoning module AudioEditor (30)
[2017.05.17-14.18.36:892][ 33]LogModuleManager: Shutting down and abandoning module TextureCompressor (28)
[2017.05.17-14.18.36:896][ 33]LogModuleManager: Shutting down and abandoning module ShaderCore (26)
[2017.05.17-14.18.36:896][ 33]LogModuleManager: Shutting down and abandoning module Landscape (24)
[2017.05.17-14.18.36:896][ 33]LogModuleManager: Shutting down and abandoning module SlateRHIRenderer (22)
[2017.05.17-14.18.36:928][ 33]LogModuleManager: Shutting down and abandoning module OpenGLDrv (20)
[2017.05.17-14.18.36:929][ 33]LogModuleManager: Shutting down and abandoning module D3D11RHI (18)
[2017.05.17-14.18.36:929][ 33]LogModuleManager: Shutting down and abandoning module AnimGraphRuntime (16)
[2017.05.17-14.18.36:930][ 33]LogModuleManager: Shutting down and abandoning module Renderer (14)
[2017.05.17-14.18.36:930][ 33]LogModuleManager: Shutting down and abandoning module Engine (12)
[2017.05.17-14.18.36:930][ 33]LogModuleManager: Shutting down and abandoning module CoreUObject (10)
[2017.05.17-14.18.36:930][ 33]LogModuleManager: Shutting down and abandoning module NetworkFile (8)
[2017.05.17-14.18.36:933][ 33]LogModuleManager: Shutting down and abandoning module StreamingFile (6)
[2017.05.17-14.18.36:935][ 33]LogModuleManager: Shutting down and abandoning module SandboxFile (4)
[2017.05.17-14.18.36:936][ 33]LogModuleManager: Shutting down and abandoning module PakFile (2)
[2017.05.17-14.18.36:944][ 33]LogExit: Exiting.
[2017.05.17-14.18.36:998][ 33]Log file closed, 05/17/17 16:18:36
