Log file open, 05/03/17 10:25:39
LogInit:Display: Running engine for game: Naturalis_Functions
LogPlatformFile: Not using cached read wrapper
LogInit:Display: RandInit(-1185566417) SRandInit(-1185566416).
LogTaskGraph: Started task graph with 5 named threads and 6 total threads with 1 sets of task threads.
LogStats: Stats thread started at 0.057791
LogInit: Using libcurl 7.47.1
LogInit:  - built for x86_64-pc-win32
LogInit:  - supports SSL with OpenSSL/1.0.2g
LogInit:  - supports HTTP deflate (compression) using libz 1.2.8
LogInit:  - other features:
LogInit:      CURL_VERSION_SSL
LogInit:      CURL_VERSION_LIBZ
LogInit:      CURL_VERSION_IPV6
LogInit:      CURL_VERSION_ASYNCHDNS
LogInit:      CURL_VERSION_LARGEFILE
LogInit:      CURL_VERSION_IDN
LogInit:  CurlRequestOptions (configurable via config and command line):
LogInit:  - bVerifyPeer = false  - Libcurl will NOT verify peer certificate
LogInit:  - bUseHttpProxy = false  - Libcurl will NOT use HTTP proxy
LogInit:  - bDontReuseConnections = false  - Libcurl will reuse connections
LogInit:  - CertBundlePath = nullptr  - Libcurl will use whatever was configured at build time.
LogInit: Build: ++UE4+Release-4.15-CL-3416026
LogInit: Engine Version: 4.15.2-3416026+++UE4+Release-4.15
LogInit: Compatible Engine Version: 4.15.0-3299760+++UE4+Release-4.15
LogInit: Net CL: 3299760
LogDevObjectVersion: Number of dev versions registered: 14
LogDevObjectVersion:   Dev-Blueprints (B0D832E4-1F89-4F0D-ACCF-7EB736FD4AA2): 8
LogDevObjectVersion:   Dev-Build (E1C64328-A22C-4D53-A36C-8E866417BD8C): 0
LogDevObjectVersion:   Dev-Core (375EC13C-06E4-48FB-B500-84F0262A717E): 2
LogDevObjectVersion:   Dev-Editor (E4B068ED-F494-42E9-A231-DA0B2E46BB41): 14
LogDevObjectVersion:   Dev-Framework (CFFC743F-43B0-4480-9391-14DF171D2073): 22
LogDevObjectVersion:   Dev-Mobile (B02B49B5-BB20-44E9-A304-32B752E40360): 0
LogDevObjectVersion:   Dev-Networking (A4E4105C-59A1-49B5-A7C5-40C4547EDFEE): 0
LogDevObjectVersion:   Dev-Online (39C831C9-5AE6-47DC-9A44-9C173E1C8E7C): 0
LogDevObjectVersion:   Dev-Physics (78F01B33-EBEA-4F98-B9B4-84EACCB95AA2): 0
LogDevObjectVersion:   Dev-Platform (6631380F-2D4D-43E0-8009-CF276956A95A): 0
LogDevObjectVersion:   Dev-Rendering (12F88B9F-8875-4AFC-A67C-D90C383ABD29): 12
LogDevObjectVersion:   Dev-Sequencer (7B5AE74C-D270-4C10-A958-57980B212A5A): 3
LogDevObjectVersion:   Dev-VR (D7296918-1DD6-4BDD-9DE2-64A83CC13884): 0
LogDevObjectVersion:   Dev-LoadTimes (C2A15278-BFE7-4AFE-6C17-90FF531DF755): 1
LogInit: Compiled (64-bit): May  1 2017 13:11:28
LogInit: Compiled with Visual C++: 19.00.23026.00
LogInit: Build Configuration: Development
LogInit: Branch Name: ++UE4+Release-4.15
LogInit: Command line: -EpicPortal 
LogInit: Base directory: D:/Program Files (x86)/Epic Games/UE_4.15/Engine/Binaries/Win64/
LogInit: Installed Engine Build: 1
LogInit: Presizing for max 8388607 objects, including 0 objects not considered by GC, pre-allocating 0 bytes for permanent pool.
LogInit: Object subsystem initialized
[2017.05.03-08.25.40:985][  0]LogInit: Selected Device Profile: [Windows]
[2017.05.03-08.25.40:985][  0]LogInit: Applying CVar settings loaded from the selected device profile: [Windows]
[2017.05.03-08.25.41:079][  0]LogInit: Computer: MSI_DAVE
[2017.05.03-08.25.41:079][  0]LogInit: User: Dave
[2017.05.03-08.25.41:079][  0]LogInit: CPU Page size=65536, Cores=2
[2017.05.03-08.25.41:079][  0]LogInit: High frequency timer resolution =2.825494 MHz
[2017.05.03-08.25.41:079][  0]LogMemory: Memory total: Physical=7.9GB (8GB approx)
[2017.05.03-08.25.41:079][  0]LogMemory: Platform Memory Stats for Windows
[2017.05.03-08.25.41:079][  0]LogMemory: Process Physical Memory: 260.63 MB used, 260.63 MB peak
[2017.05.03-08.25.41:079][  0]LogMemory: Process Virtual Memory: 261.95 MB used, 261.95 MB peak
[2017.05.03-08.25.41:079][  0]LogMemory: Physical Memory: 3713.84 MB used,  4395.52 MB free, 8109.36 MB total
[2017.05.03-08.25.41:079][  0]LogMemory: Virtual Memory: 625.36 MB used,  4395.52 MB free, 134217728.00 MB total
[2017.05.03-08.25.41:138][  0]LogTextLocalizationManager: No specific translations for ('en-US') exist, so ('en') translations will be used.
[2017.05.03-08.25.41:781][  0]LogD3D11RHI: D3D11 adapters:
[2017.05.03-08.25.41:807][  0]LogD3D11RHI:    0. 'NVIDIA GeForce 940M' (Feature Level 11_0)
[2017.05.03-08.25.41:808][  0]LogD3D11RHI:       1980/0/4054 MB DedicatedVideo/DedicatedSystem/SharedSystem, Outputs:1, VendorId:0x10de
[2017.05.03-08.25.41:814][  0]LogD3D11RHI:    1. 'Intel(R) HD Graphics 4600' (Feature Level 11_0)
[2017.05.03-08.25.41:814][  0]LogD3D11RHI:       0/0/1792 MB DedicatedVideo/DedicatedSystem/SharedSystem, Outputs:0, VendorId:0x8086
[2017.05.03-08.25.41:815][  0]LogD3D11RHI:    2. 'Microsoft Basic Render Driver' (Feature Level 11_0)
[2017.05.03-08.25.41:815][  0]LogD3D11RHI:       0/0/256 MB DedicatedVideo/DedicatedSystem/SharedSystem, Outputs:0, VendorId:0x1414
[2017.05.03-08.25.41:815][  0]LogD3D11RHI: Chosen D3D11 Adapter: 0
[2017.05.03-08.25.41:819][  0]LogD3D11RHI: Creating new Direct3DDevice
[2017.05.03-08.25.41:819][  0]LogD3D11RHI:     GPU DeviceId: 0x1347 (for the marketing name, search the web for "GPU Device Id")
[2017.05.03-08.25.41:819][  0]LogWindows: EnumDisplayDevices:
[2017.05.03-08.25.41:819][  0]LogWindows:    0. 'Intel(R) HD Graphics 4600' (P:1 D:1)
[2017.05.03-08.25.41:819][  0]LogWindows:    1. 'Intel(R) HD Graphics 4600' (P:0 D:0)
[2017.05.03-08.25.41:820][  0]LogWindows:    2. 'Intel(R) HD Graphics 4600' (P:0 D:0)
[2017.05.03-08.25.41:820][  0]LogWindows: DebugString: PrimaryIsNotTheChoosenAdapter PrimaryIsNotTheChoosenAdapter PrimaryIsNotTheChoosenAdapter FoundDriverCount:0 
[2017.05.03-08.25.41:820][  0]LogD3D11RHI:     Adapter Name: NVIDIA GeForce 940M
[2017.05.03-08.25.41:820][  0]LogD3D11RHI:   Driver Version: Unknown (internal:Unknown, unified:Unknown)
[2017.05.03-08.25.41:820][  0]LogD3D11RHI:      Driver Date: Unknown
[2017.05.03-08.25.41:820][  0]LogRHI: Texture pool is 1361 MB (70% of 1945 MB)
[2017.05.03-08.25.41:833][  0]LogD3D11RHI: [Aftermath] Aftermath enabled but failed to initialize due to reason: DriverVersionNotSupported
[2017.05.03-08.25.41:833][  0]LogD3D11RHI: Async texture creation enabled
[2017.05.03-08.25.41:850][  0]LogD3D11RHI: GPU Timing Frequency: 1000.000000 (Debug: 2 2)
[2017.05.03-08.25.41:850][  0]LogShaderCompilers: Guid format shader working directory is 1 characters bigger than the processId version (../../../../../../Unreal/Naturalis_Functions/Intermediate/Shaders/WorkingDirectory/3280/).
[2017.05.03-08.25.41:850][  0]LogShaderCompilers: Cleaned the shader compiler working directory 'C:/Users/Dave/AppData/Local/Temp/UnrealShaderWorkingDir/3279DDBD43D2DF48FF9817A9B8312CD5/'.
[2017.05.03-08.25.41:850][  0]LogShaderCompilers:Display: Using Local Shader Compiler.
[2017.05.03-08.25.42:955][  0]LogTemp:Display: Loaded TP AllDesktopTargetPlatform
[2017.05.03-08.25.42:997][  0]LogTemp:Display: Loaded TP MacClientTargetPlatform
[2017.05.03-08.25.43:036][  0]LogTemp:Display: Loaded TP MacNoEditorTargetPlatform
[2017.05.03-08.25.43:078][  0]LogTemp:Display: Loaded TP MacServerTargetPlatform
[2017.05.03-08.25.43:118][  0]LogTemp:Display: Loaded TP MacTargetPlatform
[2017.05.03-08.25.43:160][  0]LogTemp:Display: Loaded TP WindowsClientTargetPlatform
[2017.05.03-08.25.43:201][  0]LogTemp:Display: Loaded TP WindowsNoEditorTargetPlatform
[2017.05.03-08.25.43:250][  0]LogTemp:Display: Loaded TP WindowsServerTargetPlatform
[2017.05.03-08.25.43:281][  0]LogTemp:Display: Loaded TP WindowsTargetPlatform
[2017.05.03-08.25.43:320][  0]LogTemp:Display: Loaded TP AndroidTargetPlatform
[2017.05.03-08.25.43:362][  0]LogTemp:Display: Loaded TP Android_ASTCTargetPlatform
[2017.05.03-08.25.43:453][  0]LogTemp:Display: Loaded TP Android_ATCTargetPlatform
[2017.05.03-08.25.43:503][  0]LogTemp:Display: Loaded TP Android_DXTTargetPlatform
[2017.05.03-08.25.43:741][  0]LogTemp:Display: Loaded TP Android_ETC1TargetPlatform
[2017.05.03-08.25.43:802][  0]LogTemp:Display: Loaded TP Android_ETC2TargetPlatform
[2017.05.03-08.25.43:932][  0]LogTemp:Display: Loaded TP Android_MultiTargetPlatform
[2017.05.03-08.25.43:932][  0]LogTemp:Display: Loaded TP Android_PVRTCTargetPlatform
[2017.05.03-08.25.43:981][  0]LogTemp:Display: Loaded TP HTML5TargetPlatform
[2017.05.03-08.25.44:082][  0]LogTemp:Display: Loaded TP IOSTargetPlatform
[2017.05.03-08.25.44:109][  0]LogTemp:Display: Loaded TP TVOSTargetPlatform
[2017.05.03-08.25.44:148][  0]LogTemp:Display: Loaded TP LinuxClientTargetPlatform
[2017.05.03-08.25.44:188][  0]LogTemp:Display: Loaded TP LinuxNoEditorTargetPlatform
[2017.05.03-08.25.44:229][  0]LogTemp:Display: Loaded TP LinuxServerTargetPlatform
[2017.05.03-08.25.44:269][  0]LogTemp:Display: Loaded TP LinuxTargetPlatform
[2017.05.03-08.25.44:269][  0]LogTargetPlatformManager:Display: Building Assets For Windows
[2017.05.03-08.25.44:544][  0]LogDerivedDataCache:Display: Max Cache Size: 512 MB
[2017.05.03-08.25.44:604][  0]LogDerivedDataCache: Loaded boot cache 0.06s 50MB C:/Users/Dave/AppData/Local/UnrealEngine/4.15/DerivedDataCache/Boot.ddc.
[2017.05.03-08.25.44:604][  0]LogDerivedDataCache:Display: Loaded Boot cache: C:/Users/Dave/AppData/Local/UnrealEngine/4.15/DerivedDataCache/Boot.ddc
[2017.05.03-08.25.44:604][  0]LogDerivedDataCache: FDerivedDataBackendGraph:  Pak pak cache file ../../../../../../Unreal/Naturalis_Functions/DerivedDataCache/DDC.ddp not found, will not use a pak cache.
[2017.05.03-08.25.44:604][  0]LogDerivedDataCache: Unable to find inner node Pak for hierarchical cache Hierarchy.
[2017.05.03-08.25.44:604][  0]LogDerivedDataCache: FDerivedDataBackendGraph:  CompressedPak pak cache file ../../../../../../Unreal/Naturalis_Functions/DerivedDataCache/Compressed.ddp not found, will not use a pak cache.
[2017.05.03-08.25.44:604][  0]LogDerivedDataCache: Unable to find inner node CompressedPak for hierarchical cache Hierarchy.
[2017.05.03-08.25.44:627][  0]LogDerivedDataCache:Display: Pak cache opened for reading ../../../Engine/DerivedDataCache/Compressed.ddp.
[2017.05.03-08.25.44:639][  0]LogDerivedDataCache: Using Local data cache path C:/Users/Dave/AppData/Local/UnrealEngine/Common/DerivedDataCache: Writable
[2017.05.03-08.25.44:650][  0]LogSlate: Using Freetype 2.6.0
[2017.05.03-08.25.44:650][  0]LogSlate: SlateFontCache - WITH_FREETYPE: 1, WITH_HARFBUZZ: 1
[2017.05.03-08.25.44:650][  0]LogSlate: SlateFontCache - WITH_FREETYPE: 1, WITH_HARFBUZZ: 1
[2017.05.03-08.25.44:963][  0]LogInit: Selected Device Profile: [Windows]
[2017.05.03-08.25.44:965][  0]LogContentStreaming: Texture pool size is 0.00 MB
[2017.05.03-08.25.45:136][  0]LogMeshUtilities: Using QuadricMeshReduction for automatic static mesh reduction
[2017.05.03-08.25.45:164][  0]LogSimplygon: Simplygon DLL not present - disabling.
[2017.05.03-08.25.45:193][  0]LogMeshUtilities: Using SimplygonSwarm for distributed automatic mesh merging
[2017.05.03-08.25.45:193][  0]LogMeshUtilities: No automatic skeletal mesh reduction module available
[2017.05.03-08.25.45:193][  0]LogMeshUtilities: No automatic mesh merging module available
[2017.05.03-08.25.45:724][  0]LogNetVersion: GetLocalNetworkVersion: CL: 3299760, ProjectName: naturalis_functions, ProjectVersion: , EngineNetworkVersion: 2, GameNetworkVersion: 0, NetworkChecksum: 582023535
[2017.05.03-08.25.45:764][  0]LogAssetRegistry: FAssetRegistry took 0.0216 seconds to start up
[2017.05.03-08.25.45:815][  0]LogPackageLocalizationCache: Processed 3 localized package path(s) for 2 prioritized culture(s) in 0.036818 seconds
[2017.05.03-08.25.45:821][  0]LogUObjectArray: 32493 objects as part of root set at end of initial load.
[2017.05.03-08.25.45:821][  0]LogUObjectAllocator: 7077032 out of 0 bytes used by permanent object pool.
[2017.05.03-08.25.45:821][  0]LogUObjectArray: CloseDisregardForGC: 0/0 objects in disregard for GC pool
[2017.05.03-08.25.45:868][  0]LogInit: WinSock: version 1.1 (2.2), MaxSocks=32767, MaxUdp=65467
[2017.05.03-08.25.47:171][  0]LogTcpMessaging: Initializing TcpMessaging bridge
[2017.05.03-08.25.47:201][  0]LogUdpMessaging: Initializing bridge on interface 0.0.0.0:0 to multicast group 230.0.0.1:6666.
[2017.05.03-08.25.47:532][  0]LogMaterial: Uniform references updated for custom material expression Custom.
[2017.05.03-08.25.47:802][  0]SourceControl: Info Source control is disabled
[2017.05.03-08.25.47:839][  0]SourceControl: Info Source control is disabled
[2017.05.03-08.25.47:871][  0]SourceControl: Info Source control is disabled
[2017.05.03-08.25.47:900][  0]SourceControl: Info Source control is disabled
[2017.05.03-08.25.48:817][  0]LogEngine: Initializing Engine...
[2017.05.03-08.25.48:817][  0]LogHMD: Failed to initialize OpenVR with code 110
[2017.05.03-08.25.48:933][  0]LogStats: UGameplayTagsManager::ConstructGameplayTagTree: Construct from data asset -  0.000 s
[2017.05.03-08.25.48:933][  0]LogStats: UGameplayTagsManager::ConstructGameplayTagTree: GameplayTagTreeChangedEvent.Broadcast -  0.000 s
[2017.05.03-08.25.49:013][  0]LogAIModule: Creating AISystem for world Untitled
[2017.05.03-08.25.49:018][  0]LogInit: XAudio2 using 'Speakers (Realtek High Definition Audio)' : 2 channels at 48 kHz using 32 bits per sample (channel mask 0x3)
[2017.05.03-08.25.49:038][  0]LogInit: FAudioDevice initialized.
[2017.05.03-08.25.49:069][  0]LogDerivedDataCache: Saved boot cache 0.03s 50MB C:/Users/Dave/AppData/Local/UnrealEngine/4.15/DerivedDataCache/Boot.ddc.
[2017.05.03-08.25.49:077][  0]LogInit: Texture streaming: Enabled
[2017.05.03-08.25.49:137][  0]LogEngineSessionManager: EngineSessionManager initialized
[2017.05.03-08.25.49:236][  0]LogInit: Transaction tracking system initialized
[2017.05.03-08.25.49:514][  0]BlueprintLog: New page: Editor Load
[2017.05.03-08.25.50:129][  0]LocalizationService: Info Localization service is disabled
[2017.05.03-08.25.50:577][  0]LogConsoleResponse:Display: 
[2017.05.03-08.25.50:752][  0]LogCook:Display: Max memory allowance for cook 16384mb min free memory 0mb
[2017.05.03-08.25.50:752][  0]LogCook:Display: Mobile HDR setting 1
[2017.05.03-08.25.50:968][  0]LogFileCache: Scanning file cache for directory 'D:/Unreal/Naturalis_Functions/Content/' took 0.02s
[2017.05.03-08.25.51:417][  0]SourceControl: Info Source control is disabled
[2017.05.03-08.25.51:417][  0]Cmd: MAP LOAD FILE="../../../../../../Unreal/Naturalis_Functions/Content/ThirdPersonBP/Maps/ThirdPersonExampleMap.umap" TEMPLATE=0 SHOWPROGRESS=1 FEATURELEVEL=3
[2017.05.03-08.25.51:417][  0]LightingResults: New page: Lighting Build
[2017.05.03-08.25.51:445][  0]MapCheck: New page: Map Check
[2017.05.03-08.25.51:445][  0]LightingResults: New page: Lighting Build
[2017.05.03-08.25.54:080][  0]LogAIModule: Creating AISystem for world ThirdPersonExampleMap
[2017.05.03-08.25.54:435][  0]LogEditorServer: Finished looking for orphan Actors (0.000 secs)
[2017.05.03-08.25.54:495][  0]Cmd: MAP CHECKDEP NOCLEARLOG
[2017.05.03-08.25.54:529][  0]MapCheck: Info Map check complete: 0 Error(s), 0 Warning(s), took 33.968ms to complete.
[2017.05.03-08.25.54:529][  0]LogFileHelpers: Loading map 'ThirdPersonExampleMap' took 3.112
[2017.05.03-08.25.55:052][  0]LogCollectionManager: Loaded 0 collections in 0.000870 seconds
[2017.05.03-08.25.55:163][  0]LogFileCache: Scanning file cache for directory 'D:/Unreal/Naturalis_Functions/Saved/Collections/' took 0.01s
[2017.05.03-08.25.55:163][  0]LogFileCache: Scanning file cache for directory 'D:/Unreal/Naturalis_Functions/Content/Developers/Dave/Collections/' took 0.01s
[2017.05.03-08.25.55:163][  0]LogFileCache: Scanning file cache for directory 'D:/Unreal/Naturalis_Functions/Content/Collections/' took 0.01s
[2017.05.03-08.25.55:163][  0]LogCollectionManager: Rebuilt the GUID cache for 0 collections in 0.000002 seconds
[2017.05.03-08.25.55:191][  0]LogContentBrowser: Native class hierarchy populated in 0.0269 seconds. Added 2245 classes and 453 folders.
[2017.05.03-08.25.55:249][  0]LogContentBrowser: Native class hierarchy updated for 'WidgetCarousel' in 0.0005 seconds. Added 0 classes and 0 folders.
[2017.05.03-08.25.55:913][  0]LogContentBrowser: Native class hierarchy updated for 'AddContentDialog' in 0.0005 seconds. Added 0 classes and 0 folders.
[2017.05.03-08.25.55:944][  0]LogContentBrowser: Native class hierarchy updated for 'SceneOutliner' in 0.0005 seconds. Added 1 classes and 2 folders.
[2017.05.03-08.25.56:209][  0]LogCrashTracker: Crashtracker disabled due to settings.
[2017.05.03-08.25.56:274][  0]LogUObjectGlobals:Warning: Failed to find object 'Class None.'
[2017.05.03-08.25.56:334][  0]LogContentBrowser: Native class hierarchy updated for 'HierarchicalLODOutliner' in 0.0006 seconds. Added 1 classes and 2 folders.
[2017.05.03-08.25.56:335][  0]LogLoad: (Engine Initialization) Total time: 17.31 seconds
[2017.05.03-08.25.56:335][  0]LogLoad: (Engine Initialization) Total Blueprint compile time: 0.32 seconds
[2017.05.03-08.25.56:335][  0]LogExternalProfiler: Found external profiler: VSPerf
[2017.05.03-08.25.56:335][  0]LogExternalProfiler: Using external profiler: VSPerf
[2017.05.03-08.25.56:355][  0]LogOcInput: OculusInput pre-init called
[2017.05.03-08.25.56:425][  0]LogContentStreaming: Texture pool size now 1000 MB
[2017.05.03-08.25.56:426][  0]LogSlate: Took 0.000190 seconds to synchronously load lazily loaded font '../../../Engine/Content/Slate/Fonts/Roboto-Regular.ttf' (155K)
[2017.05.03-08.25.56:431][  0]LogSlate: Took 0.000209 seconds to synchronously load lazily loaded font '../../../Engine/Content/Slate/Fonts/Roboto-Bold.ttf' (160K)
[2017.05.03-08.25.56:463][  0]LogSlate: Took 0.015900 seconds to synchronously load lazily loaded font '../../../Engine/Content/Editor/Slate/Fonts/FontAwesome.ttf' (139K)
[2017.05.03-08.25.57:789][  0]LogRenderer: Reallocating scene render targets to support 1208x576 NumSamples 1 (Frame:2).
[2017.05.03-08.25.57:789][  0]LogSlate: Took 0.111460 seconds to synchronously load lazily loaded font '../../../Engine/Content/Slate/Fonts/Roboto-Light.ttf' (159K)
[2017.05.03-08.25.58:028][  2]LogAssetRegistry: Asset discovery search completed in 12.2862 seconds
[2017.05.03-08.25.58:028][  2]LogCollectionManager: Rebuilt the object cache for 0 collections in 0.000007 seconds (found 0 objects)
[2017.05.03-08.25.58:028][  2]LogCollectionManager: Fixed up redirectors for 0 collections in 0.000020 seconds (updated 0 objects)
[2017.05.03-08.26.02:908][244]LogSlate: Took 0.000138 seconds to synchronously load lazily loaded font '../../../Engine/Content/Slate/Fonts/Roboto-Light.ttf' (159K)
[2017.05.03-08.26.03:590][244]LogSlate: Took 0.000177 seconds to synchronously load lazily loaded font '../../../Engine/Content/Slate/Fonts/Roboto-Regular.ttf' (155K)
[2017.05.03-08.26.03:942][244]LogContentBrowser: Native class hierarchy updated for 'BlueprintGraph' in 0.0009 seconds. Added 112 classes and 0 folders.
[2017.05.03-08.26.05:514][244]LogSlate: Took 0.018390 seconds to synchronously load lazily loaded font '../../../Engine/Content/Editor/Slate/Fonts/Roboto-BoldCondensed.ttf' (158K)
[2017.05.03-08.26.19:495][830]LogEditorTransaction: Undo Delete current selection
[2017.05.03-08.26.19:531][830]LogSlate: Took 0.000315 seconds to synchronously load lazily loaded font '../../../Engine/Content/Slate/Fonts/Roboto-Light.ttf' (159K)
[2017.05.03-08.28.48:476][877]LogSlate: Took 0.042161 seconds to synchronously load lazily loaded font '../../../Engine/Content/Editor/Slate/Fonts/Roboto-Italic.ttf' (157K)
[2017.05.03-08.35.54:891][945]LogObjectTools:Warning: ForceReplaceReferences replaced references for a transient object 'DEADCLASS_door_C_0' or package '/Engine/Transient'.
[2017.05.03-08.35.54:892][945]LogObjectTools:Warning: ForceReplaceReferences replaced references for a transient object 'SimpleConstructionScript_0' or package '/Engine/Transient'.
[2017.05.03-08.35.54:901][945]LogObjectTools:Warning: ForceReplaceReferences replaced references for a transient object 'DefaultSceneRoot_GEN_VARIABLE' or package '/Engine/Transient'.
[2017.05.03-08.35.54:901][945]LogObjectTools:Warning: ForceReplaceReferences replaced references for a transient object 'Door_GEN_VARIABLE' or package '/Engine/Transient'.
[2017.05.03-08.35.54:901][945]LogObjectTools:Warning: ForceReplaceReferences replaced references for a transient object 'DoorTrigger_GEN_VARIABLE' or package '/Engine/Transient'.
[2017.05.03-08.35.54:901][945]LogObjectTools:Warning: ForceReplaceReferences replaced references for a transient object 'DEADCLASS_door_C_1' or package '/Engine/Transient'.
[2017.05.03-08.35.54:901][945]LogObjectTools:Warning: ForceReplaceReferences replaced references for a transient object 'ExecuteUbergraph_door' or package '/Game/Blueprints/door'.
[2017.05.03-08.35.54:901][945]LogObjectTools:Warning: ForceReplaceReferences replaced references for a transient object 'DefaultSceneRoot' or package '/Engine/Transient'.
[2017.05.03-08.35.54:901][945]LogObjectTools:Warning: ForceReplaceReferences replaced references for a transient object 'Door' or package '/Engine/Transient'.
[2017.05.03-08.35.54:901][945]LogObjectTools:Warning: ForceReplaceReferences replaced references for a transient object 'DoorTrigger' or package '/Engine/Transient'.
[2017.05.03-08.35.54:901][945]LogObjectTools:Warning: ForceReplaceReferences replaced references for a transient object 'ExecuteUbergraph_door' or package '/Engine/Transient'.
[2017.05.03-08.35.54:901][945]LogObjectTools:Warning: ForceReplaceReferences replaced references for a transient object 'BndEvt__DoorTrigger_K2Node_ComponentBoundEvent_1_ComponentBeginOverlapSignature__DelegateSignature' or package '/Engine/Transient'.
[2017.05.03-08.35.54:901][945]LogObjectTools:Warning: ForceReplaceReferences replaced references for a transient object 'UserConstructionScript' or package '/Engine/Transient'.
[2017.05.03-08.35.54:901][945]LogObjectTools:Warning: ForceReplaceReferences replaced references for a transient object 'UberGraphFrame' or package '/Engine/Transient'.
[2017.05.03-08.35.54:901][945]LogObjectTools:Warning: ForceReplaceReferences replaced references for a transient object 'ComponentDelegateBinding_2' or package '/Engine/Transient'.
[2017.05.03-08.35.54:901][945]LogObjectTools:Warning: ForceReplaceReferences replaced references for a transient object 'REINST_SKEL_door_C_42' or package '/Engine/Transient'.
[2017.05.03-08.35.54:901][945]LogObjectTools:Warning: ForceReplaceReferences replaced references for a transient object 'REINST_door_C_41' or package '/Engine/Transient'.
[2017.05.03-08.36.01:011][193]LogActorFactory: Actor Factory created Cube
[2017.05.03-08.36.02:000][239]LogActorFactory: Actor Factory created Cube
[2017.05.03-08.36.31:951][745]LogEditorViewport: Clicking on Actor (LMB): StaticMeshActor (Wall_Door_400x400)
[2017.05.03-08.36.33:576][821]LogEditorViewport: Clicking on Actor (LMB): StaticMeshActor (Cube)
[2017.05.03-08.38.05:559][842]Cmd: TRANSACTION UNDO
[2017.05.03-08.38.05:559][842]LogEditorTransaction: Undo Set actor scale
[2017.05.03-08.38.14:207][212]Cmd: EDIT COPY
[2017.05.03-08.38.14:510][218]Cmd: EDIT PASTE
[2017.05.03-08.38.27:854][868]LogEditorViewport: Clicking on Actor (LMB): StaticMeshActor (Cube)
[2017.05.03-08.38.29:711][963]LogEditorViewport: Clicking on Actor (LMB): StaticMeshActor (Wall_Door_400x400)
[2017.05.03-08.38.37:240][344]Cmd: DELETE
[2017.05.03-08.38.37:240][344]Cmd: ACTOR DELETE
[2017.05.03-08.38.37:240][344]LogEditorActor: Deleted Actor: StaticMeshActor
[2017.05.03-08.38.37:280][344]LogEditorActor: Deleted 1 Actors (0.040 secs)
[2017.05.03-08.38.52:933][ 89]LogEditorViewport: Clicking on Actor (LMB): StaticMeshActor (Cube2)
[2017.05.03-08.38.58:775][400]LogEditorViewport: Clicking on Actor (LMB): StaticMeshActor (Cube)
[2017.05.03-08.38.59:742][450]Cmd: DELETE
[2017.05.03-08.38.59:757][450]Cmd: ACTOR DELETE
[2017.05.03-08.38.59:758][450]LogEditorActor: Deleted Actor: StaticMeshActor
[2017.05.03-08.38.59:796][450]LogEditorActor: Deleted 1 Actors (0.039 secs)
[2017.05.03-08.39.00:231][475]LogEditorViewport: Clicking on Actor (LMB): StaticMeshActor (Cube2)
[2017.05.03-08.39.46:838][336]LogEditorViewport: Clicking on Actor (LMB): StaticMeshActor (Cube2)
[2017.05.03-08.39.47:841][390]Cmd: EDIT COPY
[2017.05.03-08.39.48:300][416]Cmd: EDIT PASTE
[2017.05.03-08.39.53:040][666]LogEditorViewport: Clicking on Actor (context menu): StaticMeshActor (Cube3)
[2017.05.03-08.39.55:476][764]LogEditorViewport: Clicking on Actor (LMB): StaticMeshActor (Cube2)
[2017.05.03-08.39.58:455][897]LogEditorViewport: Clicking on Actor (LMB): StaticMeshActor (Cube3)
[2017.05.03-08.40.03:029][131]Cmd: TRANSACTION UNDO
[2017.05.03-08.40.03:029][131]LogEditorTransaction: Undo Move Actors
[2017.05.03-08.40.03:961][162]Cmd: EDIT COPY
[2017.05.03-08.40.04:224][173]Cmd: EDIT PASTE
[2017.05.03-08.40.16:212][757]Cmd: EDIT COPY
[2017.05.03-08.40.16:735][785]Cmd: EDIT PASTE
[2017.05.03-08.40.21:761][ 49]Cmd: EDIT COPY
[2017.05.03-08.40.21:990][ 61]Cmd: EDIT PASTE
[2017.05.03-08.41.12:699][441]LogEditorViewport: Clicking on Actor (LMB): StaticMeshActor (Cube4)
[2017.05.03-08.41.28:435][134]LogEditorViewport: Clicking on Actor (context menu): StaticMeshActor (Cube6)
[2017.05.03-08.41.29:287][179]LogEditorViewport: Clicking on Actor (LMB): StaticMeshActor (Cube6)
[2017.05.03-08.41.29:906][206]LogEditorViewport: Clicking on Actor (LMB): StaticMeshActor (Cube5)
[2017.05.03-08.41.43:695][829]LogEditorViewport: Clicking on Actor (LMB): StaticMeshActor (Cube6)
[2017.05.03-08.41.58:172][544]LogEditorViewport: Clicking on Actor (LMB): StaticMeshActor (Cube5)
[2017.05.03-08.41.59:690][609]LogEditorViewport: Clicking on Actor (LMB): StaticMeshActor (Cube3)
[2017.05.03-08.42.01:030][670]LogEditorViewport: Clicking on Actor (LMB): StaticMeshActor (Cube3)
[2017.05.03-08.42.27:573][936]LogSavePackage: Save=256.44ms
[2017.05.03-08.42.27:573][936]LogSavePackage: Moving '../../../../../../Unreal/Naturalis_Functions/Saved/ThirdPersonExampleMap_Auto10A6CFE7C468983E928EF5588CAEDE0FA.tmp' to '../../../../../../Unreal/Naturalis_Functions/Saved/Autosaves/Game/ThirdPersonBP/Maps/ThirdPersonExampleMap_Auto1.umap'
[2017.05.03-08.42.27:574][936]LogSavePackage:Display: Finished SavePackage ../../../../../../Unreal/Naturalis_Functions/Saved/Autosaves/Game/ThirdPersonBP/Maps/ThirdPersonExampleMap_Auto1.umap
[2017.05.03-08.42.27:586][936]LogFileHelpers: Editor autosave (incl. sublevels) for '/Game/ThirdPersonBP/Maps/ThirdPersonExampleMap' took 0.410
[2017.05.03-08.42.27:586][936]LogFileHelpers: Editor autosave (incl. sublevels) for all levels took 0.410
[2017.05.03-08.48.51:078][394]Cmd: EDIT COPY
[2017.05.03-08.49.11:386][276]Cmd: EDIT COPY
[2017.05.03-08.49.11:716][290]Cmd: EDIT PASTE
[2017.05.03-08.49.47:491][579]Cmd: DELETE
[2017.05.03-08.49.47:491][579]Cmd: ACTOR DELETE
[2017.05.03-08.49.47:492][579]LogEditorActor: Deleted Actor: PointLight
[2017.05.03-08.49.47:553][579]LogEditorActor: Deleted 1 Actors (0.062 secs)
[2017.05.03-08.52.28:071][404]LogSavePackage: Save=189.48ms
[2017.05.03-08.52.28:071][404]LogSavePackage: Moving '../../../../../../Unreal/Naturalis_Functions/Saved/ThirdPersonExampleMap_Auto25771418F4C552648C6B6439746CFCB32.tmp' to '../../../../../../Unreal/Naturalis_Functions/Saved/Autosaves/Game/ThirdPersonBP/Maps/ThirdPersonExampleMap_Auto2.umap'
[2017.05.03-08.52.28:072][404]LogSavePackage:Display: Finished SavePackage ../../../../../../Unreal/Naturalis_Functions/Saved/Autosaves/Game/ThirdPersonBP/Maps/ThirdPersonExampleMap_Auto2.umap
[2017.05.03-08.52.28:073][404]LogFileHelpers: Editor autosave (incl. sublevels) for '/Game/ThirdPersonBP/Maps/ThirdPersonExampleMap' took 0.257
[2017.05.03-08.52.28:073][404]LogFileHelpers: Editor autosave (incl. sublevels) for all levels took 0.257
[2017.05.03-08.55.18:193][109]LogFactory: FactoryCreateFile: SoundWave with ReimportSoundFactory (0 0 C:/Users/Dave/Desktop/door_openclose.wav)
[2017.05.03-08.55.18:234][109]LogAudioDerivedData:Display: Building compressed audio format OGG wave door_openclose...
[2017.05.03-08.55.18:373][109]LogAudioDerivedData:Warning: Updated SoundWave->RawPCMDataSize during cooking SoundWave /Game/Audio/door_openclose.door_openclose.
[2017.05.03-08.56.29:872][651]Cmd: DELETE
[2017.05.03-08.56.29:872][651]Cmd: ACTOR DELETE
[2017.05.03-08.56.29:873][651]LogEditorActor: Deleted Actor: AudioVolume
[2017.05.03-08.56.29:957][651]LogEditorActor: Deleted 1 Actors (0.085 secs)
[2017.05.03-08.58.58:341][746]LogTextFormatter:Warning: Failed to parse argument "DropPath" as a number (using "0" as a fallback). Please check your format string for errors: "Move into "{DropPath}"".
[2017.05.03-08.58.58:344][746]LogTextFormatter:Warning: Failed to parse argument "DropPath" as a number (using "0" as a fallback). Please check your format string for errors: "Move into "{DropPath}"".
[2017.05.03-08.58.58:358][747]LogTextFormatter:Warning: Failed to parse argument "DropPath" as a number (using "0" as a fallback). Please check your format string for errors: "Move into "{DropPath}"".
[2017.05.03-08.58.58:361][747]LogTextFormatter:Warning: Failed to parse argument "DropPath" as a number (using "0" as a fallback). Please check your format string for errors: "Move into "{DropPath}"".
[2017.05.03-08.58.58:393][748]LogTextFormatter:Warning: Failed to parse argument "DropPath" as a number (using "0" as a fallback). Please check your format string for errors: "Move into "{DropPath}"".
[2017.05.03-08.58.58:396][748]LogTextFormatter:Warning: Failed to parse argument "DropPath" as a number (using "0" as a fallback). Please check your format string for errors: "Move into "{DropPath}"".
[2017.05.03-08.58.58:409][749]LogTextFormatter:Warning: Failed to parse argument "DropPath" as a number (using "0" as a fallback). Please check your format string for errors: "Move into "{DropPath}"".
[2017.05.03-08.58.58:412][749]LogTextFormatter:Warning: Failed to parse argument "DropPath" as a number (using "0" as a fallback). Please check your format string for errors: "Move into "{DropPath}"".
[2017.05.03-08.58.58:427][750]LogTextFormatter:Warning: Failed to parse argument "DropPath" as a number (using "0" as a fallback). Please check your format string for errors: "Move into "{DropPath}"".
[2017.05.03-08.58.58:431][750]LogTextFormatter:Warning: Failed to parse argument "DropPath" as a number (using "0" as a fallback). Please check your format string for errors: "Move into "{DropPath}"".
[2017.05.03-08.58.58:443][751]LogTextFormatter:Warning: Failed to parse argument "DropPath" as a number (using "0" as a fallback). Please check your format string for errors: "Move into "{DropPath}"".
[2017.05.03-08.58.58:447][751]LogTextFormatter:Warning: Failed to parse argument "DropPath" as a number (using "0" as a fallback). Please check your format string for errors: "Move into "{DropPath}"".
[2017.05.03-08.58.58:460][752]LogTextFormatter:Warning: Failed to parse argument "DropPath" as a number (using "0" as a fallback). Please check your format string for errors: "Move into "{DropPath}"".
[2017.05.03-08.58.58:472][752]LogTextFormatter:Warning: Failed to parse argument "DropPath" as a number (using "0" as a fallback). Please check your format string for errors: "Move into "{DropPath}"".
[2017.05.03-08.58.58:489][753]LogTextFormatter:Warning: Failed to parse argument "DropPath" as a number (using "0" as a fallback). Please check your format string for errors: "Move into "{DropPath}"".
[2017.05.03-08.58.58:493][753]LogTextFormatter:Warning: Failed to parse argument "DropPath" as a number (using "0" as a fallback). Please check your format string for errors: "Move into "{DropPath}"".
[2017.05.03-08.58.58:505][754]LogTextFormatter:Warning: Failed to parse argument "DropPath" as a number (using "0" as a fallback). Please check your format string for errors: "Move into "{DropPath}"".
[2017.05.03-08.58.58:508][754]LogTextFormatter:Warning: Failed to parse argument "DropPath" as a number (using "0" as a fallback). Please check your format string for errors: "Move into "{DropPath}"".
[2017.05.03-08.58.58:523][755]LogTextFormatter:Warning: Failed to parse argument "DropPath" as a number (using "0" as a fallback). Please check your format string for errors: "Move into "{DropPath}"".
[2017.05.03-08.58.58:526][755]LogTextFormatter:Warning: Failed to parse argument "DropPath" as a number (using "0" as a fallback). Please check your format string for errors: "Move into "{DropPath}"".
[2017.05.03-08.58.58:540][756]LogTextFormatter:Warning: Failed to parse argument "DropPath" as a number (using "0" as a fallback). Please check your format string for errors: "Move into "{DropPath}"".
[2017.05.03-08.58.58:543][756]LogTextFormatter:Warning: Failed to parse argument "DropPath" as a number (using "0" as a fallback). Please check your format string for errors: "Move into "{DropPath}"".
[2017.05.03-08.58.58:554][757]LogTextFormatter:Warning: Failed to parse argument "DropPath" as a number (using "0" as a fallback). Please check your format string for errors: "Move into "{DropPath}"".
[2017.05.03-08.58.58:558][757]LogTextFormatter:Warning: Failed to parse argument "DropPath" as a number (using "0" as a fallback). Please check your format string for errors: "Move into "{DropPath}"".
[2017.05.03-08.58.58:561][757]LogTextFormatter:Warning: Failed to parse argument "DropPath" as a number (using "0" as a fallback). Please check your format string for errors: "Move into "{DropPath}"".
[2017.05.03-08.58.58:576][758]LogTextFormatter:Warning: Failed to parse argument "DropPath" as a number (using "0" as a fallback). Please check your format string for errors: "Move into "{DropPath}"".
[2017.05.03-08.58.58:578][758]LogTextFormatter:Warning: Failed to parse argument "DropPath" as a number (using "0" as a fallback). Please check your format string for errors: "Move into "{DropPath}"".
[2017.05.03-08.58.58:608][759]LogTextFormatter:Warning: Failed to parse argument "DropPath" as a number (using "0" as a fallback). Please check your format string for errors: "Move into "{DropPath}"".
[2017.05.03-08.58.58:612][759]LogTextFormatter:Warning: Failed to parse argument "DropPath" as a number (using "0" as a fallback). Please check your format string for errors: "Move into "{DropPath}"".
[2017.05.03-08.58.58:624][760]LogTextFormatter:Warning: Failed to parse argument "DropPath" as a number (using "0" as a fallback). Please check your format string for errors: "Move into "{DropPath}"".
[2017.05.03-08.58.58:630][760]LogTextFormatter:Warning: Failed to parse argument "DropPath" as a number (using "0" as a fallback). Please check your format string for errors: "Move into "{DropPath}"".
[2017.05.03-08.58.58:654][761]LogTextFormatter:Warning: Failed to parse argument "DropPath" as a number (using "0" as a fallback). Please check your format string for errors: "Move into "{DropPath}"".
[2017.05.03-08.58.58:659][761]LogTextFormatter:Warning: Failed to parse argument "DropPath" as a number (using "0" as a fallback). Please check your format string for errors: "Move into "{DropPath}"".
[2017.05.03-08.58.58:671][762]LogTextFormatter:Warning: Failed to parse argument "DropPath" as a number (using "0" as a fallback). Please check your format string for errors: "Move into "{DropPath}"".
[2017.05.03-08.58.58:673][762]LogTextFormatter:Warning: Failed to parse argument "DropPath" as a number (using "0" as a fallback). Please check your format string for errors: "Move into "{DropPath}"".
[2017.05.03-08.58.58:688][763]LogTextFormatter:Warning: Failed to parse argument "DropPath" as a number (using "0" as a fallback). Please check your format string for errors: "Move into "{DropPath}"".
[2017.05.03-08.58.58:691][763]LogTextFormatter:Warning: Failed to parse argument "DropPath" as a number (using "0" as a fallback). Please check your format string for errors: "Move into "{DropPath}"".
[2017.05.03-08.58.58:705][764]LogTextFormatter:Warning: Failed to parse argument "DropPath" as a number (using "0" as a fallback). Please check your format string for errors: "Move into "{DropPath}"".
[2017.05.03-08.58.58:709][764]LogTextFormatter:Warning: Failed to parse argument "DropPath" as a number (using "0" as a fallback). Please check your format string for errors: "Move into "{DropPath}"".
[2017.05.03-08.58.58:724][765]LogTextFormatter:Warning: Failed to parse argument "DropPath" as a number (using "0" as a fallback). Please check your format string for errors: "Move into "{DropPath}"".
[2017.05.03-08.58.58:727][765]LogTextFormatter:Warning: Failed to parse argument "DropPath" as a number (using "0" as a fallback). Please check your format string for errors: "Move into "{DropPath}"".
[2017.05.03-08.58.58:741][766]LogTextFormatter:Warning: Failed to parse argument "DropPath" as a number (using "0" as a fallback). Please check your format string for errors: "Move into "{DropPath}"".
[2017.05.03-08.58.58:745][766]LogTextFormatter:Warning: Failed to parse argument "DropPath" as a number (using "0" as a fallback). Please check your format string for errors: "Move into "{DropPath}"".
[2017.05.03-08.58.58:754][767]LogTextFormatter:Warning: Failed to parse argument "DropPath" as a number (using "0" as a fallback). Please check your format string for errors: "Move into "{DropPath}"".
[2017.05.03-08.58.58:757][767]LogTextFormatter:Warning: Failed to parse argument "DropPath" as a number (using "0" as a fallback). Please check your format string for errors: "Move into "{DropPath}"".
[2017.05.03-08.58.58:771][768]LogTextFormatter:Warning: Failed to parse argument "DropPath" as a number (using "0" as a fallback). Please check your format string for errors: "Move into "{DropPath}"".
[2017.05.03-08.58.58:774][768]LogTextFormatter:Warning: Failed to parse argument "DropPath" as a number (using "0" as a fallback). Please check your format string for errors: "Move into "{DropPath}"".
[2017.05.03-08.58.58:789][769]LogTextFormatter:Warning: Failed to parse argument "DropPath" as a number (using "0" as a fallback). Please check your format string for errors: "Move into "{DropPath}"".
[2017.05.03-08.58.58:791][769]LogTextFormatter:Warning: Failed to parse argument "DropPath" as a number (using "0" as a fallback). Please check your format string for errors: "Move into "{DropPath}"".
[2017.05.03-08.58.58:806][770]LogTextFormatter:Warning: Failed to parse argument "DropPath" as a number (using "0" as a fallback). Please check your format string for errors: "Move into "{DropPath}"".
[2017.05.03-08.58.58:809][770]LogTextFormatter:Warning: Failed to parse argument "DropPath" as a number (using "0" as a fallback). Please check your format string for errors: "Move into "{DropPath}"".
[2017.05.03-08.58.58:823][771]LogTextFormatter:Warning: Failed to parse argument "DropPath" as a number (using "0" as a fallback). Please check your format string for errors: "Move into "{DropPath}"".
[2017.05.03-08.58.58:826][771]LogTextFormatter:Warning: Failed to parse argument "DropPath" as a number (using "0" as a fallback). Please check your format string for errors: "Move into "{DropPath}"".
[2017.05.03-08.58.58:837][772]LogTextFormatter:Warning: Failed to parse argument "DropPath" as a number (using "0" as a fallback). Please check your format string for errors: "Move into "{DropPath}"".
[2017.05.03-08.58.58:840][772]LogTextFormatter:Warning: Failed to parse argument "DropPath" as a number (using "0" as a fallback). Please check your format string for errors: "Move into "{DropPath}"".
[2017.05.03-08.58.58:857][773]LogTextFormatter:Warning: Failed to parse argument "DropPath" as a number (using "0" as a fallback). Please check your format string for errors: "Move into "{DropPath}"".
[2017.05.03-08.58.58:860][773]LogTextFormatter:Warning: Failed to parse argument "DropPath" as a number (using "0" as a fallback). Please check your format string for errors: "Move into "{DropPath}"".
[2017.05.03-08.58.58:873][774]LogTextFormatter:Warning: Failed to parse argument "DropPath" as a number (using "0" as a fallback). Please check your format string for errors: "Move into "{DropPath}"".
[2017.05.03-08.58.58:876][774]LogTextFormatter:Warning: Failed to parse argument "DropPath" as a number (using "0" as a fallback). Please check your format string for errors: "Move into "{DropPath}"".
[2017.05.03-08.58.58:890][775]LogTextFormatter:Warning: Failed to parse argument "DropPath" as a number (using "0" as a fallback). Please check your format string for errors: "Move into "{DropPath}"".
[2017.05.03-08.58.58:893][775]LogTextFormatter:Warning: Failed to parse argument "DropPath" as a number (using "0" as a fallback). Please check your format string for errors: "Move into "{DropPath}"".
[2017.05.03-08.58.58:905][776]LogTextFormatter:Warning: Failed to parse argument "DropPath" as a number (using "0" as a fallback). Please check your format string for errors: "Move into "{DropPath}"".
[2017.05.03-08.58.58:908][776]LogTextFormatter:Warning: Failed to parse argument "DropPath" as a number (using "0" as a fallback). Please check your format string for errors: "Move into "{DropPath}"".
[2017.05.03-08.58.58:924][777]LogTextFormatter:Warning: Failed to parse argument "DropPath" as a number (using "0" as a fallback). Please check your format string for errors: "Move into "{DropPath}"".
[2017.05.03-08.58.58:927][777]LogTextFormatter:Warning: Failed to parse argument "DropPath" as a number (using "0" as a fallback). Please check your format string for errors: "Move into "{DropPath}"".
[2017.05.03-08.58.58:941][778]LogTextFormatter:Warning: Failed to parse argument "DropPath" as a number (using "0" as a fallback). Please check your format string for errors: "Move into "{DropPath}"".
[2017.05.03-08.58.58:944][778]LogTextFormatter:Warning: Failed to parse argument "DropPath" as a number (using "0" as a fallback). Please check your format string for errors: "Move into "{DropPath}"".
[2017.05.03-08.58.58:958][779]LogTextFormatter:Warning: Failed to parse argument "DropPath" as a number (using "0" as a fallback). Please check your format string for errors: "Move into "{DropPath}"".
[2017.05.03-08.58.58:961][779]LogTextFormatter:Warning: Failed to parse argument "DropPath" as a number (using "0" as a fallback). Please check your format string for errors: "Move into "{DropPath}"".
[2017.05.03-08.58.58:972][780]LogTextFormatter:Warning: Failed to parse argument "DropPath" as a number (using "0" as a fallback). Please check your format string for errors: "Move into "{DropPath}"".
[2017.05.03-08.58.58:975][780]LogTextFormatter:Warning: Failed to parse argument "DropPath" as a number (using "0" as a fallback). Please check your format string for errors: "Move into "{DropPath}"".
[2017.05.03-08.58.58:988][781]LogTextFormatter:Warning: Failed to parse argument "DropPath" as a number (using "0" as a fallback). Please check your format string for errors: "Move into "{DropPath}"".
[2017.05.03-08.58.58:991][781]LogTextFormatter:Warning: Failed to parse argument "DropPath" as a number (using "0" as a fallback). Please check your format string for errors: "Move into "{DropPath}"".
[2017.05.03-08.58.59:005][782]LogTextFormatter:Warning: Failed to parse argument "DropPath" as a number (using "0" as a fallback). Please check your format string for errors: "Move into "{DropPath}"".
[2017.05.03-08.58.59:008][782]LogTextFormatter:Warning: Failed to parse argument "DropPath" as a number (using "0" as a fallback). Please check your format string for errors: "Move into "{DropPath}"".
[2017.05.03-08.58.59:022][783]LogTextFormatter:Warning: Failed to parse argument "DropPath" as a number (using "0" as a fallback). Please check your format string for errors: "Move into "{DropPath}"".
[2017.05.03-08.58.59:024][783]LogTextFormatter:Warning: Failed to parse argument "DropPath" as a number (using "0" as a fallback). Please check your format string for errors: "Move into "{DropPath}"".
[2017.05.03-08.58.59:038][784]LogTextFormatter:Warning: Failed to parse argument "DropPath" as a number (using "0" as a fallback). Please check your format string for errors: "Move into "{DropPath}"".
[2017.05.03-08.58.59:041][784]LogTextFormatter:Warning: Failed to parse argument "DropPath" as a number (using "0" as a fallback). Please check your format string for errors: "Move into "{DropPath}"".
[2017.05.03-08.58.59:055][785]LogTextFormatter:Warning: Failed to parse argument "DropPath" as a number (using "0" as a fallback). Please check your format string for errors: "Move into "{DropPath}"".
[2017.05.03-08.58.59:058][785]LogTextFormatter:Warning: Failed to parse argument "DropPath" as a number (using "0" as a fallback). Please check your format string for errors: "Move into "{DropPath}"".
[2017.05.03-08.58.59:072][786]LogTextFormatter:Warning: Failed to parse argument "DropPath" as a number (using "0" as a fallback). Please check your format string for errors: "Move into "{DropPath}"".
[2017.05.03-08.58.59:075][786]LogTextFormatter:Warning: Failed to parse argument "DropPath" as a number (using "0" as a fallback). Please check your format string for errors: "Move into "{DropPath}"".
[2017.05.03-08.58.59:089][787]LogTextFormatter:Warning: Failed to parse argument "DropPath" as a number (using "0" as a fallback). Please check your format string for errors: "Move into "{DropPath}"".
[2017.05.03-08.58.59:092][787]LogTextFormatter:Warning: Failed to parse argument "DropPath" as a number (using "0" as a fallback). Please check your format string for errors: "Move into "{DropPath}"".
[2017.05.03-08.58.59:107][788]LogTextFormatter:Warning: Failed to parse argument "DropPath" as a number (using "0" as a fallback). Please check your format string for errors: "Move into "{DropPath}"".
[2017.05.03-08.58.59:110][788]LogTextFormatter:Warning: Failed to parse argument "DropPath" as a number (using "0" as a fallback). Please check your format string for errors: "Move into "{DropPath}"".
[2017.05.03-08.58.59:123][789]LogTextFormatter:Warning: Failed to parse argument "DropPath" as a number (using "0" as a fallback). Please check your format string for errors: "Move into "{DropPath}"".
[2017.05.03-08.58.59:126][789]LogTextFormatter:Warning: Failed to parse argument "DropPath" as a number (using "0" as a fallback). Please check your format string for errors: "Move into "{DropPath}"".
[2017.05.03-08.58.59:138][790]LogTextFormatter:Warning: Failed to parse argument "DropPath" as a number (using "0" as a fallback). Please check your format string for errors: "Move into "{DropPath}"".
[2017.05.03-08.58.59:141][790]LogTextFormatter:Warning: Failed to parse argument "DropPath" as a number (using "0" as a fallback). Please check your format string for errors: "Move into "{DropPath}"".
[2017.05.03-08.58.59:155][791]LogTextFormatter:Warning: Failed to parse argument "DropPath" as a number (using "0" as a fallback). Please check your format string for errors: "Move into "{DropPath}"".
[2017.05.03-08.58.59:158][791]LogTextFormatter:Warning: Failed to parse argument "DropPath" as a number (using "0" as a fallback). Please check your format string for errors: "Move into "{DropPath}"".
[2017.05.03-08.58.59:172][792]LogTextFormatter:Warning: Failed to parse argument "DropPath" as a number (using "0" as a fallback). Please check your format string for errors: "Move into "{DropPath}"".
[2017.05.03-08.58.59:174][792]LogTextFormatter:Warning: Failed to parse argument "DropPath" as a number (using "0" as a fallback). Please check your format string for errors: "Move into "{DropPath}"".
[2017.05.03-08.58.59:188][793]LogTextFormatter:Warning: Failed to parse argument "DropPath" as a number (using "0" as a fallback). Please check your format string for errors: "Move into "{DropPath}"".
[2017.05.03-08.58.59:191][793]LogTextFormatter:Warning: Failed to parse argument "DropPath" as a number (using "0" as a fallback). Please check your format string for errors: "Move into "{DropPath}"".
[2017.05.03-08.58.59:206][794]LogTextFormatter:Warning: Failed to parse argument "DropPath" as a number (using "0" as a fallback). Please check your format string for errors: "Move into "{DropPath}"".
[2017.05.03-08.58.59:208][794]LogTextFormatter:Warning: Failed to parse argument "DropPath" as a number (using "0" as a fallback). Please check your format string for errors: "Move into "{DropPath}"".
[2017.05.03-08.58.59:224][795]LogTextFormatter:Warning: Failed to parse argument "DropPath" as a number (using "0" as a fallback). Please check your format string for errors: "Move into "{DropPath}"".
[2017.05.03-08.58.59:227][795]LogTextFormatter:Warning: Failed to parse argument "DropPath" as a number (using "0" as a fallback). Please check your format string for errors: "Move into "{DropPath}"".
[2017.05.03-08.58.59:241][796]LogTextFormatter:Warning: Failed to parse argument "DropPath" as a number (using "0" as a fallback). Please check your format string for errors: "Move into "{DropPath}"".
[2017.05.03-08.58.59:244][796]LogTextFormatter:Warning: Failed to parse argument "DropPath" as a number (using "0" as a fallback). Please check your format string for errors: "Move into "{DropPath}"".
[2017.05.03-08.58.59:256][797]LogTextFormatter:Warning: Failed to parse argument "DropPath" as a number (using "0" as a fallback). Please check your format string for errors: "Move into "{DropPath}"".
[2017.05.03-08.58.59:258][797]LogTextFormatter:Warning: Failed to parse argument "DropPath" as a number (using "0" as a fallback). Please check your format string for errors: "Move into "{DropPath}"".
[2017.05.03-08.58.59:272][798]LogTextFormatter:Warning: Failed to parse argument "DropPath" as a number (using "0" as a fallback). Please check your format string for errors: "Move into "{DropPath}"".
[2017.05.03-08.58.59:275][798]LogTextFormatter:Warning: Failed to parse argument "DropPath" as a number (using "0" as a fallback). Please check your format string for errors: "Move into "{DropPath}"".
[2017.05.03-08.58.59:289][799]LogTextFormatter:Warning: Failed to parse argument "DropPath" as a number (using "0" as a fallback). Please check your format string for errors: "Move into "{DropPath}"".
[2017.05.03-08.58.59:292][799]LogTextFormatter:Warning: Failed to parse argument "DropPath" as a number (using "0" as a fallback). Please check your format string for errors: "Move into "{DropPath}"".
[2017.05.03-09.02.28:540][265]LogSavePackage: Save=247.04ms
[2017.05.03-09.02.28:540][265]LogSavePackage: Moving '../../../../../../Unreal/Naturalis_Functions/Saved/ThirdPersonExampleMap_Auto30338885447AAC244A28460B1E81B931C.tmp' to '../../../../../../Unreal/Naturalis_Functions/Saved/Autosaves/Game/ThirdPersonBP/Maps/ThirdPersonExampleMap_Auto3.umap'
[2017.05.03-09.02.28:540][265]LogSavePackage:Display: Finished SavePackage ../../../../../../Unreal/Naturalis_Functions/Saved/Autosaves/Game/ThirdPersonBP/Maps/ThirdPersonExampleMap_Auto3.umap
[2017.05.03-09.02.28:542][265]LogFileHelpers: Editor autosave (incl. sublevels) for '/Game/ThirdPersonBP/Maps/ThirdPersonExampleMap' took 0.306
[2017.05.03-09.02.28:542][265]LogFileHelpers: Editor autosave (incl. sublevels) for all levels took 0.306
[2017.05.03-09.02.28:549][265]OBJ SavePackage: Generating thumbnails for [1] asset(s) in package [/Game/Audio/door_openclose] ([1] browsable assets)...
[2017.05.03-09.02.28:560][265]OBJ SavePackage:     Rendered thumbnail for [SoundWave /Game/Audio/door_openclose.door_openclose]
[2017.05.03-09.02.28:560][265]OBJ SavePackage: Finished generating thumbnails for package [/Game/Audio/door_openclose]
[2017.05.03-09.02.28:560][265]Cmd: OBJ SAVEPACKAGE PACKAGE="/Game/Audio/door_openclose" FILE="../../../../../../Unreal/Naturalis_Functions/Saved/Autosaves/Game/Audio/door_openclose_Auto3.uasset" SILENT=false AUTOSAVING=true
[2017.05.03-09.02.28:601][265]LogSavePackage: Save=37.56ms
[2017.05.03-09.02.28:601][265]LogSavePackage: Moving '../../../../../../Unreal/Naturalis_Functions/Saved/door_openclose_Auto3F64616D240DFFA8B86FFADBB77C114F4.tmp' to '../../../../../../Unreal/Naturalis_Functions/Saved/Autosaves/Game/Audio/door_openclose_Auto3.uasset'
[2017.05.03-09.02.28:602][265]LogSavePackage:Display: Finished SavePackage ../../../../../../Unreal/Naturalis_Functions/Saved/Autosaves/Game/Audio/door_openclose_Auto3.uasset
[2017.05.03-09.02.28:602][265]LogFileHelpers: Auto-saving content packages took 0.056
[2017.05.03-09.06.28:557][ 86]LogEditorViewport: Clicking on Actor (LMB): StaticMeshActor (Cube3)
[2017.05.03-09.06.47:344][115]LogContentBrowser: Native class hierarchy updated for 'Matinee' in 0.0007 seconds. Added 15 classes and 2 folders.
[2017.05.03-09.06.47:360][115]LogInit: Transaction tracking system initialized
[2017.05.03-09.06.47:372][115]EditorErrors: New page: Matinee Initialization
[2017.05.03-09.07.46:188][915]LogEditorViewport: Clicking on Actor (LMB): StaticMeshActor (Cube3)
[2017.05.03-09.07.50:593][ 65]LogEditorViewport: Clicking on Actor (LMB): StaticMeshActor (Cube3)
[2017.05.03-09.08.13:765][911]LogEditorViewport: Clicking on Actor (LMB): StaticMeshActor (Cube3)
[2017.05.03-09.09.00:682][689]LogEditorViewport: Clicking on Actor (LMB): StaticMeshActor (Cube3)
[2017.05.03-09.09.06:659][866]Cmd: TRANSACTION UNDO
[2017.05.03-09.09.06:659][866]LogEditorTransaction: Undo Move Loop Start Marker
[2017.05.03-09.09.07:787][902]Cmd: TRANSACTION UNDO
[2017.05.03-09.09.07:787][902]LogEditorTransaction: Undo Move Loop Start Marker
[2017.05.03-09.09.09:681][960]Cmd: TRANSACTION UNDO
[2017.05.03-09.09.09:681][960]LogEditorTransaction: Undo NewTrack
[2017.05.03-09.09.10:380][981]Cmd: TRANSACTION UNDO
[2017.05.03-09.09.10:380][981]LogEditorTransaction: Undo Track Delete
[2017.05.03-09.09.21:082][305]LogEditorViewport: Clicking on Actor (LMB): StaticMeshActor (Cube3)
[2017.05.03-09.09.25:088][468]Cmd: TRANSACTION UNDO
[2017.05.03-09.09.25:088][468]LogEditorTransaction: Undo Move Actors
[2017.05.03-09.09.25:647][484]Cmd: TRANSACTION UNDO
[2017.05.03-09.09.25:647][484]LogEditorTransaction: Undo Clicking on Actors
[2017.05.03-09.09.28:681][586]LogEditorViewport: Clicking on Actor (LMB): StaticMeshActor (Cube2)
[2017.05.03-09.09.29:086][599]LogEditorViewport: Clicking on Actor (LMB): StaticMeshActor (Cube3)
[2017.05.03-09.10.36:910][ 66]LogEditorViewport: Clicking on Actor (LMB): StaticMeshActor (Cube3)
[2017.05.03-09.11.09:925][385]LogEditorViewport: Clicking on Actor (LMB): StaticMeshActor (Door2)
[2017.05.03-09.11.14:304][556]LogEditorViewport: Clicking on Actor (LMB): StaticMeshActor (Door1)
[2017.05.03-09.13.21:718][359]LogEditorViewport: Clicking on Actor (LMB): StaticMeshActor (Door2)
[2017.05.03-09.13.22:508][384]LogEditorViewport: Clicking on Actor (LMB): StaticMeshActor (Door1)
[2017.05.03-09.13.25:206][471]LogEditorViewport: Clicking on Actor (LMB): StaticMeshActor (Door1)
[2017.05.03-09.16.57:480][792]LogEditorViewport: Clicking on Actor (LMB): AmbientSound (doorSpeaker)
[2017.05.03-09.17.45:446][708]LogEditorViewport: Clicking on Actor (LMB): PointLight (doorLight)
[2017.05.03-09.19.21:207][507]Cmd: OBJ SAVEPACKAGE PACKAGE="/Game/Cinematics/DoorSequence" FILE="../../../../../../Unreal/Naturalis_Functions/Content/Cinematics/DoorSequence.uasset" SILENT=true
[2017.05.03-09.19.21:217][507]LogSavePackage: Save=6.67ms
[2017.05.03-09.19.21:217][507]LogSavePackage: Moving '../../../../../../Unreal/Naturalis_Functions/Saved/DoorSequence8D1A6F6848C682648C88C9AE4957ABFD.tmp' to '../../../../../../Unreal/Naturalis_Functions/Content/Cinematics/DoorSequence.uasset'
[2017.05.03-09.19.21:218][507]LogSavePackage:Display: Finished SavePackage ../../../../../../Unreal/Naturalis_Functions/Content/Cinematics/DoorSequence.uasset
[2017.05.03-09.20.35:788][437]LogExit: Transaction tracking system shut down
[2017.05.03-09.20.35:944][437]LogSavePackage: Save=143.45ms
[2017.05.03-09.20.35:944][437]LogSavePackage: Moving '../../../../../../Unreal/Naturalis_Functions/Saved/ThirdPersonExampleMap_Auto468940047456531AE42965E993A0D7F6F.tmp' to '../../../../../../Unreal/Naturalis_Functions/Saved/Autosaves/Game/ThirdPersonBP/Maps/ThirdPersonExampleMap_Auto4.umap'
[2017.05.03-09.20.35:945][437]LogSavePackage:Display: Finished SavePackage ../../../../../../Unreal/Naturalis_Functions/Saved/Autosaves/Game/ThirdPersonBP/Maps/ThirdPersonExampleMap_Auto4.umap
[2017.05.03-09.20.35:947][437]LogFileHelpers: Editor autosave (incl. sublevels) for '/Game/ThirdPersonBP/Maps/ThirdPersonExampleMap' took 0.212
[2017.05.03-09.20.35:947][437]LogFileHelpers: Editor autosave (incl. sublevels) for all levels took 0.212
[2017.05.03-09.22.34:304][382]LogTemp: Repeting last play command: Selected Viewport
[2017.05.03-09.22.34:333][382]LogBlueprintUserMessages: Early PlayInEditor Detection: Level '/Game/ThirdPersonBP/Maps/ThirdPersonExampleMap.ThirdPersonExampleMap:PersistentLevel' has LevelScriptBlueprint '/Game/ThirdPersonBP/Maps/ThirdPersonExampleMap.ThirdPersonExampleMap:PersistentLevel.ThirdPersonExampleMap' with GeneratedClass '/Game/ThirdPersonBP/Maps/ThirdPersonExampleMap.ThirdPersonExampleMap_C' with ClassGeneratedBy '/Game/ThirdPersonBP/Maps/ThirdPersonExampleMap.ThirdPersonExampleMap:PersistentLevel.ThirdPersonExampleMap'
[2017.05.03-09.22.34:333][382]LogPlayLevel: PlayLevel: No blueprints needed recompiling
[2017.05.03-09.22.34:428][382]PIE: New page: PIE session: ThirdPersonExampleMap (May 3, 2017, 1:22:34 PM)
[2017.05.03-09.22.34:436][382]LogPlayLevel: Creating play world package: /Game/ThirdPersonBP/Maps/UEDPIE_0_ThirdPersonExampleMap
[2017.05.03-09.22.34:466][382]LogPlayLevel: PIE: StaticDuplicateObject took: (0.029556s)
[2017.05.03-09.22.34:467][382]LogAIModule: Creating AISystem for world ThirdPersonExampleMap
[2017.05.03-09.22.34:467][382]LogPlayLevel: PIE: World Init took: (0.001517s)
[2017.05.03-09.22.34:468][382]LogPlayLevel: PIE: Created PIE world by copying editor world from /Game/ThirdPersonBP/Maps/ThirdPersonExampleMap.ThirdPersonExampleMap to /Game/ThirdPersonBP/Maps/UEDPIE_0_ThirdPersonExampleMap.ThirdPersonExampleMap (0.031563s)
[2017.05.03-09.22.34:506][382]LogInit: XAudio2 using 'Speakers (Realtek High Definition Audio)' : 2 channels at 48 kHz using 32 bits per sample (channel mask 0x3)
[2017.05.03-09.22.34:516][382]LogInit: FAudioDevice initialized.
[2017.05.03-09.22.34:712][382]LogLoad: Game class is 'ThirdPersonGameMode_C'
[2017.05.03-09.22.34:816][382]LogWorld: Bringing World /Game/ThirdPersonBP/Maps/UEDPIE_0_ThirdPersonExampleMap.ThirdPersonExampleMap up for play (max tick rate 60) at 2017.05.03-11.22.34
[2017.05.03-09.22.34:816][382]LogWorld: Bringing up level for play took: 0.002723
[2017.05.03-09.22.34:938][382]LogContentBrowser: Native class hierarchy updated for 'MovieSceneCapture' in 0.0007 seconds. Added 11 classes and 0 folders.
[2017.05.03-09.22.34:990][382]PIE: Info Play in editor start time for /Game/ThirdPersonBP/Maps/UEDPIE_0_ThirdPersonExampleMap 0.41
[2017.05.03-09.22.34:991][382]LogBlueprintUserMessages: Late PlayInEditor Detection: Level '/Game/ThirdPersonBP/Maps/ThirdPersonExampleMap.ThirdPersonExampleMap:PersistentLevel' has LevelScriptBlueprint '/Game/ThirdPersonBP/Maps/ThirdPersonExampleMap.ThirdPersonExampleMap:PersistentLevel.ThirdPersonExampleMap' with GeneratedClass '/Game/ThirdPersonBP/Maps/ThirdPersonExampleMap.ThirdPersonExampleMap_C' with ClassGeneratedBy '/Game/ThirdPersonBP/Maps/ThirdPersonExampleMap.ThirdPersonExampleMap:PersistentLevel.ThirdPersonExampleMap'
[2017.05.03-09.22.39:820][599]LogBlueprintUserMessages: Early EndPlayMap Detection: Level '/Game/ThirdPersonBP/Maps/ThirdPersonExampleMap.ThirdPersonExampleMap:PersistentLevel' has LevelScriptBlueprint '/Game/ThirdPersonBP/Maps/ThirdPersonExampleMap.ThirdPersonExampleMap:PersistentLevel.ThirdPersonExampleMap' with GeneratedClass '/Game/ThirdPersonBP/Maps/ThirdPersonExampleMap.ThirdPersonExampleMap_C' with ClassGeneratedBy '/Game/ThirdPersonBP/Maps/ThirdPersonExampleMap.ThirdPersonExampleMap:PersistentLevel.ThirdPersonExampleMap'
[2017.05.03-09.22.39:940][599]LogBlueprintUserMessages: Late EndPlayMap Detection: Level '/Game/ThirdPersonBP/Maps/ThirdPersonExampleMap.ThirdPersonExampleMap:PersistentLevel' has LevelScriptBlueprint '/Game/ThirdPersonBP/Maps/ThirdPersonExampleMap.ThirdPersonExampleMap:PersistentLevel.ThirdPersonExampleMap' with GeneratedClass '/Game/ThirdPersonBP/Maps/ThirdPersonExampleMap.ThirdPersonExampleMap_C' with ClassGeneratedBy '/Game/ThirdPersonBP/Maps/ThirdPersonExampleMap.ThirdPersonExampleMap:PersistentLevel.ThirdPersonExampleMap'
[2017.05.03-09.22.40:380][616]LogEditorViewport: Clicking on Actor (context menu): StaticMeshActor (LeftArm_StaticMesh)
[2017.05.03-09.30.42:301][291]LogSavePackage: Save=155.20ms
[2017.05.03-09.30.42:301][291]LogSavePackage: Moving '../../../../../../Unreal/Naturalis_Functions/Saved/ThirdPersonExampleMap_Auto5C16B4D614D7E8FD2447BE996BAF79A64.tmp' to '../../../../../../Unreal/Naturalis_Functions/Saved/Autosaves/Game/ThirdPersonBP/Maps/ThirdPersonExampleMap_Auto5.umap'
[2017.05.03-09.30.42:302][291]LogSavePackage:Display: Finished SavePackage ../../../../../../Unreal/Naturalis_Functions/Saved/Autosaves/Game/ThirdPersonBP/Maps/ThirdPersonExampleMap_Auto5.umap
[2017.05.03-09.30.42:304][291]LogFileHelpers: Editor autosave (incl. sublevels) for '/Game/ThirdPersonBP/Maps/ThirdPersonExampleMap' took 0.259
[2017.05.03-09.30.42:304][291]LogFileHelpers: Editor autosave (incl. sublevels) for all levels took 0.259
[2017.05.03-09.30.42:307][291]OBJ SavePackage: Generating thumbnails for [0] asset(s) in package [/Game/Cinematics/DoorSequence] ([1] browsable assets)...
[2017.05.03-09.30.42:307][291]OBJ SavePackage: Finished generating thumbnails for package [/Game/Cinematics/DoorSequence]
[2017.05.03-09.30.42:307][291]Cmd: OBJ SAVEPACKAGE PACKAGE="/Game/Cinematics/DoorSequence" FILE="../../../../../../Unreal/Naturalis_Functions/Saved/Autosaves/Game/Cinematics/DoorSequence_Auto5.uasset" SILENT=false AUTOSAVING=true
[2017.05.03-09.30.42:314][291]LogUObjectBase:Error: Class pointer is invalid or CDO is invalid.
[2017.05.03-09.30.42:315][291]LogWindows: Windows GetLastError: The operation completed successfully. (0)
