Log file open, 06/01/17 12:59:05
LogInit:Display: Running engine for game: Naturalis_Interact
LogPlatformFile: Not using cached read wrapper
LogInit:Display: RandInit(-2081688196) SRandInit(-2081688196).
LogTaskGraph: Started task graph with 5 named threads and 6 total threads with 1 sets of task threads.
LogStats: Stats thread started at 0.054104
LogInit: Using libcurl 7.47.1
LogInit:  - built for x86_64-pc-win32
LogInit:  - supports SSL with OpenSSL/1.0.2g
LogInit:  - supports HTTP deflate (compression) using libz 1.2.8
LogInit:  - other features:
LogInit:      CURL_VERSION_SSL
LogInit:      CURL_VERSION_LIBZ
LogInit:      CURL_VERSION_IPV6
LogInit:      CURL_VERSION_ASYNCHDNS
LogInit:      CURL_VERSION_LARGEFILE
LogInit:      CURL_VERSION_IDN
LogInit:  CurlRequestOptions (configurable via config and command line):
LogInit:  - bVerifyPeer = false  - Libcurl will NOT verify peer certificate
LogInit:  - bUseHttpProxy = false  - Libcurl will NOT use HTTP proxy
LogInit:  - bDontReuseConnections = false  - Libcurl will reuse connections
LogInit:  - CertBundlePath = nullptr  - Libcurl will use whatever was configured at build time.
LogInit: Build: ++UE4+Release-4.15-CL-3416026
LogInit: Engine Version: 4.15.2-3416026+++UE4+Release-4.15
LogInit: Compatible Engine Version: 4.15.0-3299760+++UE4+Release-4.15
LogInit: Net CL: 3299760
LogDevObjectVersion: Number of dev versions registered: 14
LogDevObjectVersion:   Dev-Blueprints (B0D832E4-1F89-4F0D-ACCF-7EB736FD4AA2): 8
LogDevObjectVersion:   Dev-Build (E1C64328-A22C-4D53-A36C-8E866417BD8C): 0
LogDevObjectVersion:   Dev-Core (375EC13C-06E4-48FB-B500-84F0262A717E): 2
LogDevObjectVersion:   Dev-Editor (E4B068ED-F494-42E9-A231-DA0B2E46BB41): 14
LogDevObjectVersion:   Dev-Framework (CFFC743F-43B0-4480-9391-14DF171D2073): 22
LogDevObjectVersion:   Dev-Mobile (B02B49B5-BB20-44E9-A304-32B752E40360): 0
LogDevObjectVersion:   Dev-Networking (A4E4105C-59A1-49B5-A7C5-40C4547EDFEE): 0
LogDevObjectVersion:   Dev-Online (39C831C9-5AE6-47DC-9A44-9C173E1C8E7C): 0
LogDevObjectVersion:   Dev-Physics (78F01B33-EBEA-4F98-B9B4-84EACCB95AA2): 0
LogDevObjectVersion:   Dev-Platform (6631380F-2D4D-43E0-8009-CF276956A95A): 0
LogDevObjectVersion:   Dev-Rendering (12F88B9F-8875-4AFC-A67C-D90C383ABD29): 12
LogDevObjectVersion:   Dev-Sequencer (7B5AE74C-D270-4C10-A958-57980B212A5A): 3
LogDevObjectVersion:   Dev-VR (D7296918-1DD6-4BDD-9DE2-64A83CC13884): 0
LogDevObjectVersion:   Dev-LoadTimes (C2A15278-BFE7-4AFE-6C17-90FF531DF755): 1
LogInit: Compiled (64-bit): May  1 2017 13:11:28
LogInit: Compiled with Visual C++: 19.00.23026.00
LogInit: Build Configuration: Development
LogInit: Branch Name: ++UE4+Release-4.15
LogInit: Command line: -EpicPortal 
LogInit: Base directory: D:/Program Files (x86)/Epic Games/UE_4.15/Engine/Binaries/Win64/
LogInit: Installed Engine Build: 1
LogInit: Presizing for max 8388607 objects, including 0 objects not considered by GC, pre-allocating 0 bytes for permanent pool.
LogInit: Object subsystem initialized
[2017.06.01-10.59.06:377][  0]LogInit: Selected Device Profile: [Windows]
[2017.06.01-10.59.06:377][  0]LogInit: Applying CVar settings loaded from the selected device profile: [Windows]
[2017.06.01-10.59.06:413][  0]LogInit: Computer: MSI_DAVE
[2017.06.01-10.59.06:413][  0]LogInit: User: Dave
[2017.06.01-10.59.06:413][  0]LogInit: CPU Page size=65536, Cores=2
[2017.06.01-10.59.06:413][  0]LogInit: High frequency timer resolution =2.825494 MHz
[2017.06.01-10.59.06:413][  0]LogMemory: Memory total: Physical=7.9GB (8GB approx)
[2017.06.01-10.59.06:413][  0]LogMemory: Platform Memory Stats for Windows
[2017.06.01-10.59.06:413][  0]LogMemory: Process Physical Memory: 260.77 MB used, 260.77 MB peak
[2017.06.01-10.59.06:413][  0]LogMemory: Process Virtual Memory: 262.00 MB used, 262.00 MB peak
[2017.06.01-10.59.06:413][  0]LogMemory: Physical Memory: 4683.84 MB used,  3425.53 MB free, 8109.36 MB total
[2017.06.01-10.59.06:413][  0]LogMemory: Virtual Memory: 621.47 MB used,  3425.53 MB free, 134217728.00 MB total
[2017.06.01-10.59.06:477][  0]LogTextLocalizationManager: No specific translations for ('en-US') exist, so ('en') translations will be used.
[2017.06.01-10.59.07:157][  0]LogD3D11RHI: D3D11 adapters:
[2017.06.01-10.59.07:180][  0]LogD3D11RHI:    0. 'NVIDIA GeForce 940M' (Feature Level 11_0)
[2017.06.01-10.59.07:180][  0]LogD3D11RHI:       1980/0/4054 MB DedicatedVideo/DedicatedSystem/SharedSystem, Outputs:1, VendorId:0x10de
[2017.06.01-10.59.07:187][  0]LogD3D11RHI:    1. 'Intel(R) HD Graphics 4600' (Feature Level 11_0)
[2017.06.01-10.59.07:187][  0]LogD3D11RHI:       0/0/1792 MB DedicatedVideo/DedicatedSystem/SharedSystem, Outputs:0, VendorId:0x8086
[2017.06.01-10.59.07:188][  0]LogD3D11RHI:    2. 'Microsoft Basic Render Driver' (Feature Level 11_0)
[2017.06.01-10.59.07:188][  0]LogD3D11RHI:       0/0/256 MB DedicatedVideo/DedicatedSystem/SharedSystem, Outputs:0, VendorId:0x1414
[2017.06.01-10.59.07:188][  0]LogD3D11RHI: Chosen D3D11 Adapter: 0
[2017.06.01-10.59.07:192][  0]LogD3D11RHI: Creating new Direct3DDevice
[2017.06.01-10.59.07:192][  0]LogD3D11RHI:     GPU DeviceId: 0x1347 (for the marketing name, search the web for "GPU Device Id")
[2017.06.01-10.59.07:192][  0]LogWindows: EnumDisplayDevices:
[2017.06.01-10.59.07:192][  0]LogWindows:    0. 'Intel(R) HD Graphics 4600' (P:1 D:1)
[2017.06.01-10.59.07:193][  0]LogWindows:    1. 'Intel(R) HD Graphics 4600' (P:0 D:0)
[2017.06.01-10.59.07:193][  0]LogWindows:    2. 'Intel(R) HD Graphics 4600' (P:0 D:0)
[2017.06.01-10.59.07:193][  0]LogWindows: DebugString: PrimaryIsNotTheChoosenAdapter PrimaryIsNotTheChoosenAdapter PrimaryIsNotTheChoosenAdapter FoundDriverCount:0 
[2017.06.01-10.59.07:193][  0]LogD3D11RHI:     Adapter Name: NVIDIA GeForce 940M
[2017.06.01-10.59.07:193][  0]LogD3D11RHI:   Driver Version: Unknown (internal:Unknown, unified:Unknown)
[2017.06.01-10.59.07:193][  0]LogD3D11RHI:      Driver Date: Unknown
[2017.06.01-10.59.07:193][  0]LogRHI: Texture pool is 1361 MB (70% of 1945 MB)
[2017.06.01-10.59.07:205][  0]LogD3D11RHI: [Aftermath] Aftermath enabled but failed to initialize due to reason: DriverVersionNotSupported
[2017.06.01-10.59.07:205][  0]LogD3D11RHI: Async texture creation enabled
[2017.06.01-10.59.07:223][  0]LogD3D11RHI: GPU Timing Frequency: 1000.000000 (Debug: 2 2)
[2017.06.01-10.59.07:223][  0]LogShaderCompilers: Guid format shader working directory is -38 characters bigger than the processId version (C:/Users/Dave/Desktop/School/Y2P4/Unreal Projects/NaturalisSPACE/Naturalis_Interact/Intermediate/Shaders/WorkingDirectory/9056/).
[2017.06.01-10.59.07:223][  0]LogShaderCompilers: Cleaned the shader compiler working directory 'C:/Users/Dave/AppData/Local/Temp/UnrealShaderWorkingDir/6BCEB6BF4CBA3A38FE9CD98CEBCEEB1D/'.
[2017.06.01-10.59.07:223][  0]LogShaderCompilers:Display: Using Local Shader Compiler.
[2017.06.01-10.59.08:535][  0]LogTemp:Display: Loaded TP AllDesktopTargetPlatform
[2017.06.01-10.59.08:589][  0]LogTemp:Display: Loaded TP MacClientTargetPlatform
[2017.06.01-10.59.08:629][  0]LogTemp:Display: Loaded TP MacNoEditorTargetPlatform
[2017.06.01-10.59.08:670][  0]LogTemp:Display: Loaded TP MacServerTargetPlatform
[2017.06.01-10.59.08:720][  0]LogTemp:Display: Loaded TP MacTargetPlatform
[2017.06.01-10.59.08:769][  0]LogTemp:Display: Loaded TP WindowsClientTargetPlatform
[2017.06.01-10.59.08:859][  0]LogTemp:Display: Loaded TP WindowsNoEditorTargetPlatform
[2017.06.01-10.59.08:928][  0]LogTemp:Display: Loaded TP WindowsServerTargetPlatform
[2017.06.01-10.59.08:990][  0]LogTemp:Display: Loaded TP WindowsTargetPlatform
[2017.06.01-10.59.09:059][  0]LogTemp:Display: Loaded TP AndroidTargetPlatform
[2017.06.01-10.59.09:127][  0]LogTemp:Display: Loaded TP Android_ASTCTargetPlatform
[2017.06.01-10.59.09:196][  0]LogTemp:Display: Loaded TP Android_ATCTargetPlatform
[2017.06.01-10.59.09:281][  0]LogTemp:Display: Loaded TP Android_DXTTargetPlatform
[2017.06.01-10.59.09:356][  0]LogTemp:Display: Loaded TP Android_ETC1TargetPlatform
[2017.06.01-10.59.09:425][  0]LogTemp:Display: Loaded TP Android_ETC2TargetPlatform
[2017.06.01-10.59.09:590][  0]LogTemp:Display: Loaded TP Android_MultiTargetPlatform
[2017.06.01-10.59.09:590][  0]LogTemp:Display: Loaded TP Android_PVRTCTargetPlatform
[2017.06.01-10.59.09:632][  0]LogTemp:Display: Loaded TP HTML5TargetPlatform
[2017.06.01-10.59.09:768][  0]LogTemp:Display: Loaded TP IOSTargetPlatform
[2017.06.01-10.59.09:821][  0]LogTemp:Display: Loaded TP TVOSTargetPlatform
[2017.06.01-10.59.09:896][  0]LogTemp:Display: Loaded TP LinuxClientTargetPlatform
[2017.06.01-10.59.09:982][  0]LogTemp:Display: Loaded TP LinuxNoEditorTargetPlatform
[2017.06.01-10.59.10:069][  0]LogTemp:Display: Loaded TP LinuxServerTargetPlatform
[2017.06.01-10.59.10:139][  0]LogTemp:Display: Loaded TP LinuxTargetPlatform
[2017.06.01-10.59.10:140][  0]LogTargetPlatformManager:Display: Building Assets For Windows
[2017.06.01-10.59.10:680][  0]LogDerivedDataCache:Display: Max Cache Size: 512 MB
[2017.06.01-10.59.10:789][  0]LogDerivedDataCache: Loaded boot cache 0.11s 50MB C:/Users/Dave/AppData/Local/UnrealEngine/4.15/DerivedDataCache/Boot.ddc.
[2017.06.01-10.59.10:789][  0]LogDerivedDataCache:Display: Loaded Boot cache: C:/Users/Dave/AppData/Local/UnrealEngine/4.15/DerivedDataCache/Boot.ddc
[2017.06.01-10.59.10:789][  0]LogDerivedDataCache: FDerivedDataBackendGraph:  Pak pak cache file C:/Users/Dave/Desktop/School/Y2P4/Unreal Projects/NaturalisSPACE/Naturalis_Interact/DerivedDataCache/DDC.ddp not found, will not use a pak cache.
[2017.06.01-10.59.10:789][  0]LogDerivedDataCache: Unable to find inner node Pak for hierarchical cache Hierarchy.
[2017.06.01-10.59.10:790][  0]LogDerivedDataCache: FDerivedDataBackendGraph:  CompressedPak pak cache file C:/Users/Dave/Desktop/School/Y2P4/Unreal Projects/NaturalisSPACE/Naturalis_Interact/DerivedDataCache/Compressed.ddp not found, will not use a pak cache.
[2017.06.01-10.59.10:790][  0]LogDerivedDataCache: Unable to find inner node CompressedPak for hierarchical cache Hierarchy.
[2017.06.01-10.59.10:825][  0]LogDerivedDataCache:Display: Pak cache opened for reading ../../../Engine/DerivedDataCache/Compressed.ddp.
[2017.06.01-10.59.10:840][  0]LogDerivedDataCache: Using Local data cache path C:/Users/Dave/AppData/Local/UnrealEngine/Common/DerivedDataCache: Writable
[2017.06.01-10.59.10:856][  0]LogSlate: Using Freetype 2.6.0
[2017.06.01-10.59.10:857][  0]LogSlate: SlateFontCache - WITH_FREETYPE: 1, WITH_HARFBUZZ: 1
[2017.06.01-10.59.10:857][  0]LogSlate: SlateFontCache - WITH_FREETYPE: 1, WITH_HARFBUZZ: 1
[2017.06.01-10.59.11:281][  0]LogInit: Selected Device Profile: [Windows]
[2017.06.01-10.59.11:286][  0]LogContentStreaming: Texture pool size is 0.00 MB
[2017.06.01-10.59.11:595][  0]LogMeshUtilities: Using QuadricMeshReduction for automatic static mesh reduction
[2017.06.01-10.59.11:664][  0]LogSimplygon: Simplygon DLL not present - disabling.
[2017.06.01-10.59.11:713][  0]LogMeshUtilities: Using SimplygonSwarm for distributed automatic mesh merging
[2017.06.01-10.59.11:713][  0]LogMeshUtilities: No automatic skeletal mesh reduction module available
[2017.06.01-10.59.11:713][  0]LogMeshUtilities: No automatic mesh merging module available
[2017.06.01-10.59.12:666][  0]LogNetVersion: GetLocalNetworkVersion: CL: 3299760, ProjectName: naturalis_interact, ProjectVersion: , EngineNetworkVersion: 2, GameNetworkVersion: 0, NetworkChecksum: 3522822352
[2017.06.01-10.59.12:716][  0]LogAssetRegistry: FAssetRegistry took 0.0239 seconds to start up
[2017.06.01-10.59.12:784][  0]LogPackageLocalizationCache: Processed 3 localized package path(s) for 2 prioritized culture(s) in 0.047340 seconds
[2017.06.01-10.59.12:794][  0]LogUObjectArray: 32493 objects as part of root set at end of initial load.
[2017.06.01-10.59.12:794][  0]LogUObjectAllocator: 7077032 out of 0 bytes used by permanent object pool.
[2017.06.01-10.59.12:794][  0]LogUObjectArray: CloseDisregardForGC: 0/0 objects in disregard for GC pool
[2017.06.01-10.59.12:870][  0]LogInit: WinSock: version 1.1 (2.2), MaxSocks=32767, MaxUdp=65467
[2017.06.01-10.59.14:800][  0]LogTcpMessaging: Initializing TcpMessaging bridge
[2017.06.01-10.59.14:828][  0]LogUdpMessaging: Initializing bridge on interface 0.0.0.0:0 to multicast group 230.0.0.1:6666.
[2017.06.01-10.59.15:226][  0]LogMaterial: Uniform references updated for custom material expression Custom.
[2017.06.01-10.59.15:709][  0]SourceControl: Info Source control is disabled
[2017.06.01-10.59.15:827][  0]SourceControl: Info Source control is disabled
[2017.06.01-10.59.15:878][  0]SourceControl: Info Source control is disabled
[2017.06.01-10.59.15:925][  0]SourceControl: Info Source control is disabled
[2017.06.01-10.59.17:119][  0]LogEngine: Initializing Engine...
[2017.06.01-10.59.17:119][  0]LogHMD: Failed to initialize OpenVR with code 110
[2017.06.01-10.59.17:251][  0]LogStats: UGameplayTagsManager::ConstructGameplayTagTree: Construct from data asset -  0.000 s
[2017.06.01-10.59.17:251][  0]LogStats: UGameplayTagsManager::ConstructGameplayTagTree: GameplayTagTreeChangedEvent.Broadcast -  0.000 s
[2017.06.01-10.59.17:365][  0]LogAIModule: Creating AISystem for world Untitled
[2017.06.01-10.59.17:371][  0]LogInit: XAudio2 using 'Speakers (Realtek High Definition Audio)' : 2 channels at 48 kHz using 32 bits per sample (channel mask 0x3)
[2017.06.01-10.59.17:381][  0]LogInit: FAudioDevice initialized.
[2017.06.01-10.59.17:412][  0]LogDerivedDataCache: Saved boot cache 0.03s 50MB C:/Users/Dave/AppData/Local/UnrealEngine/4.15/DerivedDataCache/Boot.ddc.
[2017.06.01-10.59.17:422][  0]LogInit: Texture streaming: Enabled
[2017.06.01-10.59.17:479][  0]LogEngineSessionManager: EngineSessionManager initialized
[2017.06.01-10.59.17:542][  0]LogInit: Transaction tracking system initialized
[2017.06.01-10.59.17:768][  0]BlueprintLog: New page: Editor Load
[2017.06.01-10.59.18:560][  0]LocalizationService: Info Localization service is disabled
[2017.06.01-10.59.19:352][  0]LogConsoleResponse:Display: 
[2017.06.01-10.59.19:577][  0]LogCook:Display: Max memory allowance for cook 16384mb min free memory 0mb
[2017.06.01-10.59.19:577][  0]LogCook:Display: Mobile HDR setting 1
[2017.06.01-10.59.20:475][  0]LogFileCache: Scanning file cache for directory 'C:/Users/Dave/Desktop/School/Y2P4/Unreal Projects/NaturalisSPACE/Naturalis_Interact/Content/' took 0.02s
[2017.06.01-10.59.20:475][  0]SourceControl: Info Source control is disabled
[2017.06.01-10.59.20:475][  0]Cmd: MAP LOAD FILE="C:/Users/Dave/Desktop/School/Y2P4/Unreal Projects/NaturalisSPACE/Naturalis_Interact/Content/ThirdPersonBP/Maps/ThirdPersonExampleMap.umap" TEMPLATE=0 SHOWPROGRESS=1 FEATURELEVEL=3
[2017.06.01-10.59.20:476][  0]LightingResults: New page: Lighting Build
[2017.06.01-10.59.20:519][  0]MapCheck: New page: Map Check
[2017.06.01-10.59.20:519][  0]LightingResults: New page: Lighting Build
[2017.06.01-10.59.22:793][  0]LogAIModule: Creating AISystem for world ThirdPersonExampleMap
[2017.06.01-10.59.22:836][  0]LogEditorServer: Finished looking for orphan Actors (0.000 secs)
[2017.06.01-10.59.22:837][  0]Cmd: MAP CHECKDEP NOCLEARLOG
[2017.06.01-10.59.22:895][  0]MapCheck: Info Map check complete: 0 Error(s), 0 Warning(s), took 58.051ms to complete.
[2017.06.01-10.59.22:895][  0]LogFileHelpers: Loading map 'ThirdPersonExampleMap' took 2.421
[2017.06.01-10.59.23:189][  0]LogCollectionManager: Loaded 0 collections in 0.001244 seconds
[2017.06.01-10.59.23:290][  0]LogFileCache: Scanning file cache for directory 'C:/Users/Dave/Desktop/School/Y2P4/Unreal Projects/NaturalisSPACE/Naturalis_Interact/Saved/Collections/' took 0.01s
[2017.06.01-10.59.23:290][  0]LogFileCache: Scanning file cache for directory 'C:/Users/Dave/Desktop/School/Y2P4/Unreal Projects/NaturalisSPACE/Naturalis_Interact/Content/Developers/Dave/Collections/' took 0.01s
[2017.06.01-10.59.23:290][  0]LogFileCache: Scanning file cache for directory 'C:/Users/Dave/Desktop/School/Y2P4/Unreal Projects/NaturalisSPACE/Naturalis_Interact/Content/Collections/' took 0.01s
[2017.06.01-10.59.23:290][  0]LogCollectionManager: Rebuilt the GUID cache for 0 collections in 0.000002 seconds
[2017.06.01-10.59.23:305][  0]LogContentBrowser: Native class hierarchy populated in 0.0149 seconds. Added 2245 classes and 453 folders.
[2017.06.01-10.59.23:375][  0]LogContentBrowser: Native class hierarchy updated for 'WidgetCarousel' in 0.0008 seconds. Added 0 classes and 0 folders.
[2017.06.01-10.59.23:428][  0]LogContentBrowser: Native class hierarchy updated for 'AddContentDialog' in 0.0008 seconds. Added 0 classes and 0 folders.
[2017.06.01-10.59.23:482][  0]LogContentBrowser: Native class hierarchy updated for 'SceneOutliner' in 0.0008 seconds. Added 1 classes and 2 folders.
[2017.06.01-10.59.23:572][  0]LogCrashTracker: Crashtracker disabled due to settings.
[2017.06.01-10.59.23:582][  0]LogUObjectGlobals:Warning: Failed to find object 'Class None.'
[2017.06.01-10.59.23:678][  0]LogContentBrowser: Native class hierarchy updated for 'HierarchicalLODOutliner' in 0.0009 seconds. Added 1 classes and 2 folders.
[2017.06.01-10.59.23:678][  0]LogLoad: (Engine Initialization) Total time: 19.24 seconds
[2017.06.01-10.59.23:678][  0]LogLoad: (Engine Initialization) Total Blueprint compile time: 0.33 seconds
[2017.06.01-10.59.23:678][  0]LogExternalProfiler: Found external profiler: VSPerf
[2017.06.01-10.59.23:678][  0]LogExternalProfiler: Using external profiler: VSPerf
[2017.06.01-10.59.23:702][  0]LogOcInput: OculusInput pre-init called
[2017.06.01-10.59.23:722][  0]LogContentStreaming: Texture pool size now 1000 MB
[2017.06.01-10.59.23:723][  0]LogSlate: Took 0.000238 seconds to synchronously load lazily loaded font '../../../Engine/Content/Slate/Fonts/Roboto-Regular.ttf' (155K)
[2017.06.01-10.59.23:733][  0]LogSlate: Took 0.003312 seconds to synchronously load lazily loaded font '../../../Engine/Content/Slate/Fonts/Roboto-Bold.ttf' (160K)
[2017.06.01-10.59.23:742][  0]LogSlate: Took 0.000242 seconds to synchronously load lazily loaded font '../../../Engine/Content/Editor/Slate/Fonts/FontAwesome.ttf' (139K)
[2017.06.01-10.59.23:895][  0]LogSlate: Took 0.000262 seconds to synchronously load lazily loaded font '../../../Engine/Content/Slate/Fonts/Roboto-Light.ttf' (159K)
[2017.06.01-10.59.23:959][  0]LogRenderer: Reallocating scene render targets to support 1208x576 NumSamples 1 (Frame:2).
[2017.06.01-10.59.24:358][  2]LogAssetRegistry: Asset discovery search completed in 11.6663 seconds
[2017.06.01-10.59.24:358][  2]LogCollectionManager: Rebuilt the object cache for 0 collections in 0.000008 seconds (found 0 objects)
[2017.06.01-10.59.24:358][  2]LogCollectionManager: Fixed up redirectors for 0 collections in 0.000027 seconds (updated 0 objects)
[2017.06.01-10.59.29:604][177]LogTemp: Repeting last play command: New Editor Window (PIE)
[2017.06.01-10.59.29:628][177]LogBlueprintUserMessages: Early PlayInEditor Detection: Level '/Game/ThirdPersonBP/Maps/ThirdPersonExampleMap.ThirdPersonExampleMap:PersistentLevel' has LevelScriptBlueprint '/Game/ThirdPersonBP/Maps/ThirdPersonExampleMap.ThirdPersonExampleMap:PersistentLevel.ThirdPersonExampleMap' with GeneratedClass '/Game/ThirdPersonBP/Maps/ThirdPersonExampleMap.ThirdPersonExampleMap_C' with ClassGeneratedBy '/Game/ThirdPersonBP/Maps/ThirdPersonExampleMap.ThirdPersonExampleMap:PersistentLevel.ThirdPersonExampleMap'
[2017.06.01-10.59.29:628][177]LogPlayLevel: PlayLevel: No blueprints needed recompiling
[2017.06.01-10.59.29:629][177]PIE: New page: PIE session: ThirdPersonExampleMap (Jun 1, 2017, 2:59:29 PM)
[2017.06.01-10.59.29:629][177]LogPlayLevel: Creating play world package: /Game/ThirdPersonBP/Maps/UEDPIE_0_ThirdPersonExampleMap
[2017.06.01-10.59.29:663][177]LogPlayLevel: PIE: StaticDuplicateObject took: (0.033963s)
[2017.06.01-10.59.29:664][177]LogAIModule: Creating AISystem for world ThirdPersonExampleMap
[2017.06.01-10.59.29:664][177]LogPlayLevel: PIE: World Init took: (0.001471s)
[2017.06.01-10.59.29:665][177]LogPlayLevel: PIE: Created PIE world by copying editor world from /Game/ThirdPersonBP/Maps/ThirdPersonExampleMap.ThirdPersonExampleMap to /Game/ThirdPersonBP/Maps/UEDPIE_0_ThirdPersonExampleMap.ThirdPersonExampleMap (0.035948s)
[2017.06.01-10.59.29:709][177]LogInit: XAudio2 using 'Speakers (Realtek High Definition Audio)' : 2 channels at 48 kHz using 32 bits per sample (channel mask 0x3)
[2017.06.01-10.59.29:720][177]LogInit: FAudioDevice initialized.
[2017.06.01-10.59.29:824][177]LogLoad: Game class is 'ThirdPersonGameMode_C'
[2017.06.01-10.59.29:826][177]LogWorld: Bringing World /Game/ThirdPersonBP/Maps/UEDPIE_0_ThirdPersonExampleMap.ThirdPersonExampleMap up for play (max tick rate 60) at 2017.06.01-12.59.29
[2017.06.01-10.59.29:826][177]LogWorld: Bringing up level for play took: 0.001702
[2017.06.01-10.59.29:860][177]LogContentBrowser: Native class hierarchy updated for 'MovieSceneCapture' in 0.0007 seconds. Added 11 classes and 0 folders.
[2017.06.01-10.59.29:908][177]PIE: Info Play in editor start time for /Game/ThirdPersonBP/Maps/UEDPIE_0_ThirdPersonExampleMap 0.907
[2017.06.01-10.59.29:909][177]LogBlueprintUserMessages: Late PlayInEditor Detection: Level '/Game/ThirdPersonBP/Maps/ThirdPersonExampleMap.ThirdPersonExampleMap:PersistentLevel' has LevelScriptBlueprint '/Game/ThirdPersonBP/Maps/ThirdPersonExampleMap.ThirdPersonExampleMap:PersistentLevel.ThirdPersonExampleMap' with GeneratedClass '/Game/ThirdPersonBP/Maps/ThirdPersonExampleMap.ThirdPersonExampleMap_C' with ClassGeneratedBy '/Game/ThirdPersonBP/Maps/ThirdPersonExampleMap.ThirdPersonExampleMap:PersistentLevel.ThirdPersonExampleMap'
[2017.06.01-10.59.29:958][177]LogRenderer: Reallocating scene render targets to support 1292x756 NumSamples 1 (Frame:273).
[2017.06.01-10.59.34:829][352]LogBlueprintUserMessages: [BP_Interact_Parent_198] INTERACTED
[2017.06.01-10.59.35:536][380]LogBlueprintUserMessages: [BP_Interact_Parent_198] INTERACTED
[2017.06.01-10.59.35:703][387]LogBlueprintUserMessages: [BP_Interact_Parent_198] INTERACTED
[2017.06.01-10.59.36:200][407]LogBlueprintUserMessages: Early EndPlayMap Detection: Level '/Game/ThirdPersonBP/Maps/ThirdPersonExampleMap.ThirdPersonExampleMap:PersistentLevel' has LevelScriptBlueprint '/Game/ThirdPersonBP/Maps/ThirdPersonExampleMap.ThirdPersonExampleMap:PersistentLevel.ThirdPersonExampleMap' with GeneratedClass '/Game/ThirdPersonBP/Maps/ThirdPersonExampleMap.ThirdPersonExampleMap_C' with ClassGeneratedBy '/Game/ThirdPersonBP/Maps/ThirdPersonExampleMap.ThirdPersonExampleMap:PersistentLevel.ThirdPersonExampleMap'
[2017.06.01-10.59.36:260][407]LogBlueprintUserMessages: Late EndPlayMap Detection: Level '/Game/ThirdPersonBP/Maps/ThirdPersonExampleMap.ThirdPersonExampleMap:PersistentLevel' has LevelScriptBlueprint '/Game/ThirdPersonBP/Maps/ThirdPersonExampleMap.ThirdPersonExampleMap:PersistentLevel.ThirdPersonExampleMap' with GeneratedClass '/Game/ThirdPersonBP/Maps/ThirdPersonExampleMap.ThirdPersonExampleMap_C' with ClassGeneratedBy '/Game/ThirdPersonBP/Maps/ThirdPersonExampleMap.ThirdPersonExampleMap:PersistentLevel.ThirdPersonExampleMap'
[2017.06.01-11.01.08:064][842]Cmd: SELECT NONE
[2017.06.01-11.01.08:683][873]Cmd: TRANSACTION UNDO
[2017.06.01-11.01.08:683][873]LogEditorTransaction: Undo Select None
[2017.06.01-11.01.08:718][873]LogSlate: Took 0.000273 seconds to synchronously load lazily loaded font '../../../Engine/Content/Slate/Fonts/Roboto-Light.ttf' (159K)
[2017.06.01-11.01.17:973][239]LogSlate: Took 0.000208 seconds to synchronously load lazily loaded font '../../../Engine/Content/Slate/Fonts/Roboto-Light.ttf' (159K)
[2017.06.01-11.01.18:521][239]LogSlate: Took 0.000224 seconds to synchronously load lazily loaded font '../../../Engine/Content/Slate/Fonts/Roboto-Regular.ttf' (155K)
[2017.06.01-11.01.18:632][239]LogContentBrowser: Native class hierarchy updated for 'BlueprintGraph' in 0.0009 seconds. Added 112 classes and 0 folders.
[2017.06.01-11.01.21:480][291]LogSlate: Took 0.000293 seconds to synchronously load lazily loaded font '../../../Engine/Content/Editor/Slate/Fonts/Roboto-Italic.ttf' (157K)
[2017.06.01-11.02.12:486][ 58]LogEditorTransaction: Undo Edit Static Mesh
[2017.06.01-11.02.42:572][ 86]LogEditorTransaction: Undo Edit Skeletal Mesh
[2017.06.01-11.03.52:825][923]LogPhysics:Warning: AddConvexElemsToRigidActor: [/Game/Geometry/Meshes/1M_Cube_Chamfer.1M_Cube_Chamfer] ConvexElem[0] invalid
[2017.06.01-11.03.52:825][923]LogPhysics:Warning: AddConvexElemsToRigidActor: [/Game/Geometry/Meshes/1M_Cube_Chamfer.1M_Cube_Chamfer] ConvexElem[0] invalid
[2017.06.01-11.03.55:774][ 19]LogPhysics:Warning: AddConvexElemsToRigidActor: [/Game/Geometry/Meshes/1M_Cube_Chamfer.1M_Cube_Chamfer] ConvexElem[0] invalid
[2017.06.01-11.03.55:775][ 19]LogPhysics:Warning: AddConvexElemsToRigidActor: [/Game/Geometry/Meshes/1M_Cube_Chamfer.1M_Cube_Chamfer] ConvexElem[0] invalid
[2017.06.01-11.03.56:721][ 49]LogPhysics:Warning: AddConvexElemsToRigidActor: [/Game/Geometry/Meshes/1M_Cube_Chamfer.1M_Cube_Chamfer] ConvexElem[0] invalid
[2017.06.01-11.03.56:721][ 49]LogPhysics:Warning: AddConvexElemsToRigidActor: [/Game/Geometry/Meshes/1M_Cube_Chamfer.1M_Cube_Chamfer] ConvexElem[0] invalid
[2017.06.01-11.03.57:209][ 64]LogPhysics:Warning: Initialising Body : Scale3D is (nearly) zero: Component: BP_Interact_NPC_250.interactMesh 1M_Cube_Chamfer 
[2017.06.01-11.03.57:210][ 64]LogPhysics:Warning: Initialising Body : Scale3D is (nearly) zero: Component: BP_Interact_NPC_250.interactMesh 1M_Cube_Chamfer 
[2017.06.01-11.03.58:305][103]LogPhysics:Warning: Initialising Body : Scale3D is (nearly) zero: Component: BP_Interact_NPC_250.interactMesh 1M_Cube_Chamfer 
[2017.06.01-11.03.58:305][103]LogPhysics:Warning: Initialising Body : Scale3D is (nearly) zero: Component: BP_Interact_NPC_250.interactMesh 1M_Cube_Chamfer 
[2017.06.01-11.04.10:363][662]LogLinker:Warning: Can't find file '/Game/Mannequin/Character/Materials/M_UE4Man_Body_2'
[2017.06.01-11.04.10:380][662]LogLinker:Warning: Can't find file for asset '/Game/Mannequin/Character/Materials/M_UE4Man_Body_2' while loading C:/Users/Dave/Desktop/School/Y2P4/Unreal Projects/NaturalisSPACE/Naturalis_Interact/Content/System/NPC/NPC.uasset.
[2017.06.01-11.04.10:380][662]LoadErrors:Error: Error /Game/System/NPC/NPC : Can't find file for asset. /Game/Mannequin/Character/Materials/M_UE4Man_Body_2
[2017.06.01-11.04.10:382][662]LogLinker:Warning: Can't find file '/Game/Mannequin/Character/Materials/M_UE4Man_Body_2'
[2017.06.01-11.04.10:382][662]LogLinker:Warning: Can't find file for asset '/Game/Mannequin/Character/Materials/M_UE4Man_Body_2' while loading C:/Users/Dave/Desktop/School/Y2P4/Unreal Projects/NaturalisSPACE/Naturalis_Interact/Content/System/NPC/NPC.uasset.
[2017.06.01-11.04.10:384][662]LogLinker:Warning: Can't find file '/Game/Mannequin/Character/Materials/M_UE4Man_Body_2'
[2017.06.01-11.04.10:384][662]LogLinker:Warning: Can't find file for asset '/Game/Mannequin/Character/Materials/M_UE4Man_Body_2' while loading NULL.
[2017.06.01-11.04.10:384][662]LogLinker:Warning: Can't find file '/Game/Mannequin/Character/Materials/M_UE4Man_Body_2'
[2017.06.01-11.04.10:384][662]LogLinker:Warning: Can't find file for asset '/Game/Mannequin/Character/Materials/M_UE4Man_Body_2' while loading NULL.
[2017.06.01-11.04.10:385][662]LogLinker:Warning: Can't find file '/Game/Mannequin/Character/Materials/M_UE4Man_Body_2'
[2017.06.01-11.04.10:385][662]LoadErrors: Info Failed to load /Game/Mannequin/Character/Materials/M_UE4Man_Body_2.M_UE4Man_Body_2 Referenced by Default__NPC_C
[2017.06.01-11.04.10:385][662]LogLinker:Warning: Can't find file for asset '/Game/Mannequin/Character/Materials/M_UE4Man_Body_2' while loading NULL.
[2017.06.01-11.04.26:277][370]LogTextFormatter:Warning: Failed to parse argument "DropPath" as a number (using "0" as a fallback). Please check your format string for errors: "Move into "{DropPath}"".
[2017.06.01-11.04.26:282][370]LogTextFormatter:Warning: Failed to parse argument "DropPath" as a number (using "0" as a fallback). Please check your format string for errors: "Move into "{DropPath}"".
[2017.06.01-11.04.26:288][371]LogTextFormatter:Warning: Failed to parse argument "DropPath" as a number (using "0" as a fallback). Please check your format string for errors: "Move into "{DropPath}"".
[2017.06.01-11.04.26:292][371]LogTextFormatter:Warning: Failed to parse argument "DropPath" as a number (using "0" as a fallback). Please check your format string for errors: "Move into "{DropPath}"".
[2017.06.01-11.04.26:313][372]LogTextFormatter:Warning: Failed to parse argument "DropPath" as a number (using "0" as a fallback). Please check your format string for errors: "Move into "{DropPath}"".
[2017.06.01-11.04.26:317][372]LogTextFormatter:Warning: Failed to parse argument "DropPath" as a number (using "0" as a fallback). Please check your format string for errors: "Move into "{DropPath}"".
[2017.06.01-11.04.26:333][373]LogTextFormatter:Warning: Failed to parse argument "DropPath" as a number (using "0" as a fallback). Please check your format string for errors: "Move into "{DropPath}"".
[2017.06.01-11.04.26:340][373]LogTextFormatter:Warning: Failed to parse argument "DropPath" as a number (using "0" as a fallback). Please check your format string for errors: "Move into "{DropPath}"".
[2017.06.01-11.04.26:379][374]LogTextFormatter:Warning: Failed to parse argument "DropPath" as a number (using "0" as a fallback). Please check your format string for errors: "Move into "{DropPath}"".
[2017.06.01-11.04.26:383][374]LogTextFormatter:Warning: Failed to parse argument "DropPath" as a number (using "0" as a fallback). Please check your format string for errors: "Move into "{DropPath}"".
[2017.06.01-11.04.26:397][375]LogTextFormatter:Warning: Failed to parse argument "DropPath" as a number (using "0" as a fallback). Please check your format string for errors: "Move into "{DropPath}"".
[2017.06.01-11.04.26:405][375]LogTextFormatter:Warning: Failed to parse argument "DropPath" as a number (using "0" as a fallback). Please check your format string for errors: "Move into "{DropPath}"".
[2017.06.01-11.04.26:414][376]LogTextFormatter:Warning: Failed to parse argument "DropPath" as a number (using "0" as a fallback). Please check your format string for errors: "Move into "{DropPath}"".
[2017.06.01-11.04.26:418][376]LogTextFormatter:Warning: Failed to parse argument "DropPath" as a number (using "0" as a fallback). Please check your format string for errors: "Move into "{DropPath}"".
[2017.06.01-11.04.26:431][377]LogTextFormatter:Warning: Failed to parse argument "DropPath" as a number (using "0" as a fallback). Please check your format string for errors: "Move into "{DropPath}"".
[2017.06.01-11.04.26:440][377]LogTextFormatter:Warning: Failed to parse argument "DropPath" as a number (using "0" as a fallback). Please check your format string for errors: "Move into "{DropPath}"".
[2017.06.01-11.04.26:456][378]LogTextFormatter:Warning: Failed to parse argument "DropPath" as a number (using "0" as a fallback). Please check your format string for errors: "Move into "{DropPath}"".
[2017.06.01-11.04.26:461][378]LogTextFormatter:Warning: Failed to parse argument "DropPath" as a number (using "0" as a fallback). Please check your format string for errors: "Move into "{DropPath}"".
[2017.06.01-11.04.26:471][379]LogTextFormatter:Warning: Failed to parse argument "DropPath" as a number (using "0" as a fallback). Please check your format string for errors: "Move into "{DropPath}"".
[2017.06.01-11.04.26:475][379]LogTextFormatter:Warning: Failed to parse argument "DropPath" as a number (using "0" as a fallback). Please check your format string for errors: "Move into "{DropPath}"".
[2017.06.01-11.04.26:491][380]LogTextFormatter:Warning: Failed to parse argument "DropPath" as a number (using "0" as a fallback). Please check your format string for errors: "Move into "{DropPath}"".
[2017.06.01-11.04.26:494][380]LogTextFormatter:Warning: Failed to parse argument "DropPath" as a number (using "0" as a fallback). Please check your format string for errors: "Move into "{DropPath}"".
[2017.06.01-11.04.26:506][381]LogTextFormatter:Warning: Failed to parse argument "DropPath" as a number (using "0" as a fallback). Please check your format string for errors: "Move into "{DropPath}"".
[2017.06.01-11.04.26:510][381]LogTextFormatter:Warning: Failed to parse argument "DropPath" as a number (using "0" as a fallback). Please check your format string for errors: "Move into "{DropPath}"".
[2017.06.01-11.04.26:522][382]LogTextFormatter:Warning: Failed to parse argument "DropPath" as a number (using "0" as a fallback). Please check your format string for errors: "Move into "{DropPath}"".
[2017.06.01-11.04.26:525][382]LogTextFormatter:Warning: Failed to parse argument "DropPath" as a number (using "0" as a fallback). Please check your format string for errors: "Move into "{DropPath}"".
[2017.06.01-11.04.26:538][383]LogTextFormatter:Warning: Failed to parse argument "DropPath" as a number (using "0" as a fallback). Please check your format string for errors: "Move into "{DropPath}"".
[2017.06.01-11.04.26:542][383]LogTextFormatter:Warning: Failed to parse argument "DropPath" as a number (using "0" as a fallback). Please check your format string for errors: "Move into "{DropPath}"".
[2017.06.01-11.04.26:557][384]LogTextFormatter:Warning: Failed to parse argument "DropPath" as a number (using "0" as a fallback). Please check your format string for errors: "Move into "{DropPath}"".
[2017.06.01-11.04.26:560][384]LogTextFormatter:Warning: Failed to parse argument "DropPath" as a number (using "0" as a fallback). Please check your format string for errors: "Move into "{DropPath}"".
[2017.06.01-11.04.26:573][385]LogTextFormatter:Warning: Failed to parse argument "DropPath" as a number (using "0" as a fallback). Please check your format string for errors: "Move into "{DropPath}"".
[2017.06.01-11.04.26:576][385]LogTextFormatter:Warning: Failed to parse argument "DropPath" as a number (using "0" as a fallback). Please check your format string for errors: "Move into "{DropPath}"".
[2017.06.01-11.04.26:589][386]LogTextFormatter:Warning: Failed to parse argument "DropPath" as a number (using "0" as a fallback). Please check your format string for errors: "Move into "{DropPath}"".
[2017.06.01-11.04.26:592][386]LogTextFormatter:Warning: Failed to parse argument "DropPath" as a number (using "0" as a fallback). Please check your format string for errors: "Move into "{DropPath}"".
[2017.06.01-11.04.26:606][387]LogTextFormatter:Warning: Failed to parse argument "DropPath" as a number (using "0" as a fallback). Please check your format string for errors: "Move into "{DropPath}"".
[2017.06.01-11.04.26:610][387]LogTextFormatter:Warning: Failed to parse argument "DropPath" as a number (using "0" as a fallback). Please check your format string for errors: "Move into "{DropPath}"".
[2017.06.01-11.04.26:623][388]LogTextFormatter:Warning: Failed to parse argument "DropPath" as a number (using "0" as a fallback). Please check your format string for errors: "Move into "{DropPath}"".
[2017.06.01-11.04.26:626][388]LogTextFormatter:Warning: Failed to parse argument "DropPath" as a number (using "0" as a fallback). Please check your format string for errors: "Move into "{DropPath}"".
[2017.06.01-11.04.26:640][389]LogTextFormatter:Warning: Failed to parse argument "DropPath" as a number (using "0" as a fallback). Please check your format string for errors: "Move into "{DropPath}"".
[2017.06.01-11.04.26:644][389]LogTextFormatter:Warning: Failed to parse argument "DropPath" as a number (using "0" as a fallback). Please check your format string for errors: "Move into "{DropPath}"".
[2017.06.01-11.04.26:656][390]LogTextFormatter:Warning: Failed to parse argument "DropPath" as a number (using "0" as a fallback). Please check your format string for errors: "Move into "{DropPath}"".
[2017.06.01-11.04.26:660][390]LogTextFormatter:Warning: Failed to parse argument "DropPath" as a number (using "0" as a fallback). Please check your format string for errors: "Move into "{DropPath}"".
[2017.06.01-11.04.26:672][391]LogTextFormatter:Warning: Failed to parse argument "DropPath" as a number (using "0" as a fallback). Please check your format string for errors: "Move into "{DropPath}"".
[2017.06.01-11.04.26:676][391]LogTextFormatter:Warning: Failed to parse argument "DropPath" as a number (using "0" as a fallback). Please check your format string for errors: "Move into "{DropPath}"".
[2017.06.01-11.04.26:690][392]LogTextFormatter:Warning: Failed to parse argument "DropPath" as a number (using "0" as a fallback). Please check your format string for errors: "Move into "{DropPath}"".
[2017.06.01-11.04.26:693][392]LogTextFormatter:Warning: Failed to parse argument "DropPath" as a number (using "0" as a fallback). Please check your format string for errors: "Move into "{DropPath}"".
[2017.06.01-11.04.26:707][393]LogTextFormatter:Warning: Failed to parse argument "DropPath" as a number (using "0" as a fallback). Please check your format string for errors: "Move into "{DropPath}"".
[2017.06.01-11.04.26:711][393]LogTextFormatter:Warning: Failed to parse argument "DropPath" as a number (using "0" as a fallback). Please check your format string for errors: "Move into "{DropPath}"".
[2017.06.01-11.04.26:724][394]LogTextFormatter:Warning: Failed to parse argument "DropPath" as a number (using "0" as a fallback). Please check your format string for errors: "Move into "{DropPath}"".
[2017.06.01-11.04.26:729][394]LogTextFormatter:Warning: Failed to parse argument "DropPath" as a number (using "0" as a fallback). Please check your format string for errors: "Move into "{DropPath}"".
[2017.06.01-11.04.26:740][395]LogTextFormatter:Warning: Failed to parse argument "DropPath" as a number (using "0" as a fallback). Please check your format string for errors: "Move into "{DropPath}"".
[2017.06.01-11.04.26:743][395]LogTextFormatter:Warning: Failed to parse argument "DropPath" as a number (using "0" as a fallback). Please check your format string for errors: "Move into "{DropPath}"".
[2017.06.01-11.04.26:764][396]LogTextFormatter:Warning: Failed to parse argument "DropPath" as a number (using "0" as a fallback). Please check your format string for errors: "Move into "{DropPath}"".
[2017.06.01-11.04.26:768][396]LogTextFormatter:Warning: Failed to parse argument "DropPath" as a number (using "0" as a fallback). Please check your format string for errors: "Move into "{DropPath}"".
[2017.06.01-11.04.26:783][397]LogTextFormatter:Warning: Failed to parse argument "DropPath" as a number (using "0" as a fallback). Please check your format string for errors: "Move into "{DropPath}"".
[2017.06.01-11.04.26:790][397]LogTextFormatter:Warning: Failed to parse argument "DropPath" as a number (using "0" as a fallback). Please check your format string for errors: "Move into "{DropPath}"".
[2017.06.01-11.04.26:800][398]LogTextFormatter:Warning: Failed to parse argument "DropPath" as a number (using "0" as a fallback). Please check your format string for errors: "Move into "{DropPath}"".
[2017.06.01-11.04.26:807][398]LogTextFormatter:Warning: Failed to parse argument "DropPath" as a number (using "0" as a fallback). Please check your format string for errors: "Move into "{DropPath}"".
[2017.06.01-11.04.26:816][399]LogTextFormatter:Warning: Failed to parse argument "DropPath" as a number (using "0" as a fallback). Please check your format string for errors: "Move into "{DropPath}"".
[2017.06.01-11.04.26:824][399]LogTextFormatter:Warning: Failed to parse argument "DropPath" as a number (using "0" as a fallback). Please check your format string for errors: "Move into "{DropPath}"".
[2017.06.01-11.04.26:833][400]LogTextFormatter:Warning: Failed to parse argument "DropPath" as a number (using "0" as a fallback). Please check your format string for errors: "Move into "{DropPath}"".
[2017.06.01-11.04.26:840][400]LogTextFormatter:Warning: Failed to parse argument "DropPath" as a number (using "0" as a fallback). Please check your format string for errors: "Move into "{DropPath}"".
[2017.06.01-11.04.26:850][401]LogTextFormatter:Warning: Failed to parse argument "DropPath" as a number (using "0" as a fallback). Please check your format string for errors: "Move into "{DropPath}"".
[2017.06.01-11.04.26:857][401]LogTextFormatter:Warning: Failed to parse argument "DropPath" as a number (using "0" as a fallback). Please check your format string for errors: "Move into "{DropPath}"".
[2017.06.01-11.04.26:867][402]LogTextFormatter:Warning: Failed to parse argument "DropPath" as a number (using "0" as a fallback). Please check your format string for errors: "Move into "{DropPath}"".
[2017.06.01-11.04.26:874][402]LogTextFormatter:Warning: Failed to parse argument "DropPath" as a number (using "0" as a fallback). Please check your format string for errors: "Move into "{DropPath}"".
[2017.06.01-11.04.26:884][403]LogTextFormatter:Warning: Failed to parse argument "DropPath" as a number (using "0" as a fallback). Please check your format string for errors: "Move into "{DropPath}"".
[2017.06.01-11.04.26:891][403]LogTextFormatter:Warning: Failed to parse argument "DropPath" as a number (using "0" as a fallback). Please check your format string for errors: "Move into "{DropPath}"".
[2017.06.01-11.04.26:900][404]LogTextFormatter:Warning: Failed to parse argument "DropPath" as a number (using "0" as a fallback). Please check your format string for errors: "Move into "{DropPath}"".
[2017.06.01-11.04.26:907][404]LogTextFormatter:Warning: Failed to parse argument "DropPath" as a number (using "0" as a fallback). Please check your format string for errors: "Move into "{DropPath}"".
[2017.06.01-11.04.26:917][405]LogTextFormatter:Warning: Failed to parse argument "DropPath" as a number (using "0" as a fallback). Please check your format string for errors: "Move into "{DropPath}"".
[2017.06.01-11.04.26:924][405]LogTextFormatter:Warning: Failed to parse argument "DropPath" as a number (using "0" as a fallback). Please check your format string for errors: "Move into "{DropPath}"".
[2017.06.01-11.04.26:934][406]LogTextFormatter:Warning: Failed to parse argument "DropPath" as a number (using "0" as a fallback). Please check your format string for errors: "Move into "{DropPath}"".
[2017.06.01-11.04.26:940][406]LogTextFormatter:Warning: Failed to parse argument "DropPath" as a number (using "0" as a fallback). Please check your format string for errors: "Move into "{DropPath}"".
[2017.06.01-11.04.26:950][407]LogTextFormatter:Warning: Failed to parse argument "DropPath" as a number (using "0" as a fallback). Please check your format string for errors: "Move into "{DropPath}"".
[2017.06.01-11.04.26:957][407]LogTextFormatter:Warning: Failed to parse argument "DropPath" as a number (using "0" as a fallback). Please check your format string for errors: "Move into "{DropPath}"".
[2017.06.01-11.04.26:967][408]LogTextFormatter:Warning: Failed to parse argument "DropPath" as a number (using "0" as a fallback). Please check your format string for errors: "Move into "{DropPath}"".
[2017.06.01-11.04.26:974][408]LogTextFormatter:Warning: Failed to parse argument "DropPath" as a number (using "0" as a fallback). Please check your format string for errors: "Move into "{DropPath}"".
[2017.06.01-11.04.26:986][409]LogTextFormatter:Warning: Failed to parse argument "DropPath" as a number (using "0" as a fallback). Please check your format string for errors: "Move into "{DropPath}"".
[2017.06.01-11.04.26:990][409]LogTextFormatter:Warning: Failed to parse argument "DropPath" as a number (using "0" as a fallback). Please check your format string for errors: "Move into "{DropPath}"".
[2017.06.01-11.04.27:002][410]LogTextFormatter:Warning: Failed to parse argument "DropPath" as a number (using "0" as a fallback). Please check your format string for errors: "Move into "{DropPath}"".
[2017.06.01-11.04.27:007][410]LogTextFormatter:Warning: Failed to parse argument "DropPath" as a number (using "0" as a fallback). Please check your format string for errors: "Move into "{DropPath}"".
[2017.06.01-11.04.27:020][411]LogTextFormatter:Warning: Failed to parse argument "DropPath" as a number (using "0" as a fallback). Please check your format string for errors: "Move into "{DropPath}"".
[2017.06.01-11.04.27:024][411]LogTextFormatter:Warning: Failed to parse argument "DropPath" as a number (using "0" as a fallback). Please check your format string for errors: "Move into "{DropPath}"".
[2017.06.01-11.04.27:036][412]LogTextFormatter:Warning: Failed to parse argument "DropPath" as a number (using "0" as a fallback). Please check your format string for errors: "Move into "{DropPath}"".
[2017.06.01-11.04.27:041][412]LogTextFormatter:Warning: Failed to parse argument "DropPath" as a number (using "0" as a fallback). Please check your format string for errors: "Move into "{DropPath}"".
[2017.06.01-11.04.27:050][413]LogTextFormatter:Warning: Failed to parse argument "DropPath" as a number (using "0" as a fallback). Please check your format string for errors: "Move into "{DropPath}"".
[2017.06.01-11.04.27:057][413]LogTextFormatter:Warning: Failed to parse argument "DropPath" as a number (using "0" as a fallback). Please check your format string for errors: "Move into "{DropPath}"".
[2017.06.01-11.04.27:067][414]LogTextFormatter:Warning: Failed to parse argument "DropPath" as a number (using "0" as a fallback). Please check your format string for errors: "Move into "{DropPath}"".
[2017.06.01-11.04.27:074][414]LogTextFormatter:Warning: Failed to parse argument "DropPath" as a number (using "0" as a fallback). Please check your format string for errors: "Move into "{DropPath}"".
[2017.06.01-11.04.27:086][415]LogTextFormatter:Warning: Failed to parse argument "DropPath" as a number (using "0" as a fallback). Please check your format string for errors: "Move into "{DropPath}"".
[2017.06.01-11.04.27:091][415]LogTextFormatter:Warning: Failed to parse argument "DropPath" as a number (using "0" as a fallback). Please check your format string for errors: "Move into "{DropPath}"".
[2017.06.01-11.04.27:101][416]LogTextFormatter:Warning: Failed to parse argument "DropPath" as a number (using "0" as a fallback). Please check your format string for errors: "Move into "{DropPath}"".
[2017.06.01-11.04.27:108][416]LogTextFormatter:Warning: Failed to parse argument "DropPath" as a number (using "0" as a fallback). Please check your format string for errors: "Move into "{DropPath}"".
[2017.06.01-11.04.27:118][417]LogTextFormatter:Warning: Failed to parse argument "DropPath" as a number (using "0" as a fallback). Please check your format string for errors: "Move into "{DropPath}"".
[2017.06.01-11.04.27:124][417]LogTextFormatter:Warning: Failed to parse argument "DropPath" as a number (using "0" as a fallback). Please check your format string for errors: "Move into "{DropPath}"".
[2017.06.01-11.04.27:134][418]LogTextFormatter:Warning: Failed to parse argument "DropPath" as a number (using "0" as a fallback). Please check your format string for errors: "Move into "{DropPath}"".
[2017.06.01-11.04.27:140][418]LogTextFormatter:Warning: Failed to parse argument "DropPath" as a number (using "0" as a fallback). Please check your format string for errors: "Move into "{DropPath}"".
[2017.06.01-11.04.27:153][419]LogTextFormatter:Warning: Failed to parse argument "DropPath" as a number (using "0" as a fallback). Please check your format string for errors: "Move into "{DropPath}"".
[2017.06.01-11.04.27:157][419]LogTextFormatter:Warning: Failed to parse argument "DropPath" as a number (using "0" as a fallback). Please check your format string for errors: "Move into "{DropPath}"".
[2017.06.01-11.04.27:167][420]LogTextFormatter:Warning: Failed to parse argument "DropPath" as a number (using "0" as a fallback). Please check your format string for errors: "Move into "{DropPath}"".
[2017.06.01-11.04.27:173][420]LogTextFormatter:Warning: Failed to parse argument "DropPath" as a number (using "0" as a fallback). Please check your format string for errors: "Move into "{DropPath}"".
[2017.06.01-11.04.27:184][421]LogTextFormatter:Warning: Failed to parse argument "DropPath" as a number (using "0" as a fallback). Please check your format string for errors: "Move into "{DropPath}"".
[2017.06.01-11.04.27:190][421]LogTextFormatter:Warning: Failed to parse argument "DropPath" as a number (using "0" as a fallback). Please check your format string for errors: "Move into "{DropPath}"".
[2017.06.01-11.04.27:201][422]LogTextFormatter:Warning: Failed to parse argument "DropPath" as a number (using "0" as a fallback). Please check your format string for errors: "Move into "{DropPath}"".
[2017.06.01-11.04.27:206][422]LogTextFormatter:Warning: Failed to parse argument "DropPath" as a number (using "0" as a fallback). Please check your format string for errors: "Move into "{DropPath}"".
[2017.06.01-11.04.27:216][423]LogTextFormatter:Warning: Failed to parse argument "DropPath" as a number (using "0" as a fallback). Please check your format string for errors: "Move into "{DropPath}"".
[2017.06.01-11.04.27:223][423]LogTextFormatter:Warning: Failed to parse argument "DropPath" as a number (using "0" as a fallback). Please check your format string for errors: "Move into "{DropPath}"".
[2017.06.01-11.04.27:234][424]LogTextFormatter:Warning: Failed to parse argument "DropPath" as a number (using "0" as a fallback). Please check your format string for errors: "Move into "{DropPath}"".
[2017.06.01-11.04.27:240][424]LogTextFormatter:Warning: Failed to parse argument "DropPath" as a number (using "0" as a fallback). Please check your format string for errors: "Move into "{DropPath}"".
[2017.06.01-11.04.27:250][425]LogTextFormatter:Warning: Failed to parse argument "DropPath" as a number (using "0" as a fallback). Please check your format string for errors: "Move into "{DropPath}"".
[2017.06.01-11.04.27:256][425]LogTextFormatter:Warning: Failed to parse argument "DropPath" as a number (using "0" as a fallback). Please check your format string for errors: "Move into "{DropPath}"".
[2017.06.01-11.04.27:267][426]LogTextFormatter:Warning: Failed to parse argument "DropPath" as a number (using "0" as a fallback). Please check your format string for errors: "Move into "{DropPath}"".
[2017.06.01-11.04.27:274][426]LogTextFormatter:Warning: Failed to parse argument "DropPath" as a number (using "0" as a fallback). Please check your format string for errors: "Move into "{DropPath}"".
[2017.06.01-11.04.27:287][427]LogTextFormatter:Warning: Failed to parse argument "DropPath" as a number (using "0" as a fallback). Please check your format string for errors: "Move into "{DropPath}"".
[2017.06.01-11.04.27:291][427]LogTextFormatter:Warning: Failed to parse argument "DropPath" as a number (using "0" as a fallback). Please check your format string for errors: "Move into "{DropPath}"".
[2017.06.01-11.04.27:302][428]LogTextFormatter:Warning: Failed to parse argument "DropPath" as a number (using "0" as a fallback). Please check your format string for errors: "Move into "{DropPath}"".
[2017.06.01-11.04.27:308][428]LogTextFormatter:Warning: Failed to parse argument "DropPath" as a number (using "0" as a fallback). Please check your format string for errors: "Move into "{DropPath}"".
[2017.06.01-11.04.27:320][429]LogTextFormatter:Warning: Failed to parse argument "DropPath" as a number (using "0" as a fallback). Please check your format string for errors: "Move into "{DropPath}"".
[2017.06.01-11.04.27:324][429]LogTextFormatter:Warning: Failed to parse argument "DropPath" as a number (using "0" as a fallback). Please check your format string for errors: "Move into "{DropPath}"".
[2017.06.01-11.04.27:334][430]LogTextFormatter:Warning: Failed to parse argument "DropPath" as a number (using "0" as a fallback). Please check your format string for errors: "Move into "{DropPath}"".
[2017.06.01-11.04.27:340][430]LogTextFormatter:Warning: Failed to parse argument "DropPath" as a number (using "0" as a fallback). Please check your format string for errors: "Move into "{DropPath}"".
[2017.06.01-11.04.27:350][431]LogTextFormatter:Warning: Failed to parse argument "DropPath" as a number (using "0" as a fallback). Please check your format string for errors: "Move into "{DropPath}"".
[2017.06.01-11.04.27:356][431]LogTextFormatter:Warning: Failed to parse argument "DropPath" as a number (using "0" as a fallback). Please check your format string for errors: "Move into "{DropPath}"".
[2017.06.01-11.04.27:367][432]LogTextFormatter:Warning: Failed to parse argument "DropPath" as a number (using "0" as a fallback). Please check your format string for errors: "Move into "{DropPath}"".
[2017.06.01-11.04.27:373][432]LogTextFormatter:Warning: Failed to parse argument "DropPath" as a number (using "0" as a fallback). Please check your format string for errors: "Move into "{DropPath}"".
[2017.06.01-11.04.27:385][433]LogTextFormatter:Warning: Failed to parse argument "DropPath" as a number (using "0" as a fallback). Please check your format string for errors: "Move into "{DropPath}"".
[2017.06.01-11.04.27:390][433]LogTextFormatter:Warning: Failed to parse argument "DropPath" as a number (using "0" as a fallback). Please check your format string for errors: "Move into "{DropPath}"".
[2017.06.01-11.04.27:402][434]LogTextFormatter:Warning: Failed to parse argument "DropPath" as a number (using "0" as a fallback). Please check your format string for errors: "Move into "{DropPath}"".
[2017.06.01-11.04.27:407][434]LogTextFormatter:Warning: Failed to parse argument "DropPath" as a number (using "0" as a fallback). Please check your format string for errors: "Move into "{DropPath}"".
[2017.06.01-11.04.27:419][435]LogTextFormatter:Warning: Failed to parse argument "DropPath" as a number (using "0" as a fallback). Please check your format string for errors: "Move into "{DropPath}"".
[2017.06.01-11.04.27:424][435]LogTextFormatter:Warning: Failed to parse argument "DropPath" as a number (using "0" as a fallback). Please check your format string for errors: "Move into "{DropPath}"".
[2017.06.01-11.04.27:435][436]LogTextFormatter:Warning: Failed to parse argument "DropPath" as a number (using "0" as a fallback). Please check your format string for errors: "Move into "{DropPath}"".
[2017.06.01-11.04.27:442][436]LogTextFormatter:Warning: Failed to parse argument "DropPath" as a number (using "0" as a fallback). Please check your format string for errors: "Move into "{DropPath}"".
[2017.06.01-11.04.27:453][437]LogTextFormatter:Warning: Failed to parse argument "DropPath" as a number (using "0" as a fallback). Please check your format string for errors: "Move into "{DropPath}"".
[2017.06.01-11.04.27:458][437]LogTextFormatter:Warning: Failed to parse argument "DropPath" as a number (using "0" as a fallback). Please check your format string for errors: "Move into "{DropPath}"".
[2017.06.01-11.04.27:471][438]LogTextFormatter:Warning: Failed to parse argument "DropPath" as a number (using "0" as a fallback). Please check your format string for errors: "Move into "{DropPath}"".
[2017.06.01-11.04.27:476][438]LogTextFormatter:Warning: Failed to parse argument "DropPath" as a number (using "0" as a fallback). Please check your format string for errors: "Move into "{DropPath}"".
[2017.06.01-11.04.27:485][439]LogTextFormatter:Warning: Failed to parse argument "DropPath" as a number (using "0" as a fallback). Please check your format string for errors: "Move into "{DropPath}"".
[2017.06.01-11.04.27:491][439]LogTextFormatter:Warning: Failed to parse argument "DropPath" as a number (using "0" as a fallback). Please check your format string for errors: "Move into "{DropPath}"".
[2017.06.01-11.04.27:504][440]LogTextFormatter:Warning: Failed to parse argument "DropPath" as a number (using "0" as a fallback). Please check your format string for errors: "Move into "{DropPath}"".
[2017.06.01-11.04.27:507][440]LogTextFormatter:Warning: Failed to parse argument "DropPath" as a number (using "0" as a fallback). Please check your format string for errors: "Move into "{DropPath}"".
[2017.06.01-11.04.27:520][441]LogTextFormatter:Warning: Failed to parse argument "DropPath" as a number (using "0" as a fallback). Please check your format string for errors: "Move into "{DropPath}"".
[2017.06.01-11.04.27:524][441]LogTextFormatter:Warning: Failed to parse argument "DropPath" as a number (using "0" as a fallback). Please check your format string for errors: "Move into "{DropPath}"".
[2017.06.01-11.04.27:537][442]LogTextFormatter:Warning: Failed to parse argument "DropPath" as a number (using "0" as a fallback). Please check your format string for errors: "Move into "{DropPath}"".
[2017.06.01-11.04.27:540][442]LogTextFormatter:Warning: Failed to parse argument "DropPath" as a number (using "0" as a fallback). Please check your format string for errors: "Move into "{DropPath}"".
[2017.06.01-11.04.27:554][443]LogTextFormatter:Warning: Failed to parse argument "DropPath" as a number (using "0" as a fallback). Please check your format string for errors: "Move into "{DropPath}"".
[2017.06.01-11.04.27:557][443]LogTextFormatter:Warning: Failed to parse argument "DropPath" as a number (using "0" as a fallback). Please check your format string for errors: "Move into "{DropPath}"".
[2017.06.01-11.04.27:570][444]LogTextFormatter:Warning: Failed to parse argument "DropPath" as a number (using "0" as a fallback). Please check your format string for errors: "Move into "{DropPath}"".
[2017.06.01-11.04.27:574][444]LogTextFormatter:Warning: Failed to parse argument "DropPath" as a number (using "0" as a fallback). Please check your format string for errors: "Move into "{DropPath}"".
[2017.06.01-11.04.27:587][445]LogTextFormatter:Warning: Failed to parse argument "DropPath" as a number (using "0" as a fallback). Please check your format string for errors: "Move into "{DropPath}"".
[2017.06.01-11.04.27:590][445]LogTextFormatter:Warning: Failed to parse argument "DropPath" as a number (using "0" as a fallback). Please check your format string for errors: "Move into "{DropPath}"".
[2017.06.01-11.04.27:604][446]LogTextFormatter:Warning: Failed to parse argument "DropPath" as a number (using "0" as a fallback). Please check your format string for errors: "Move into "{DropPath}"".
[2017.06.01-11.04.27:607][446]LogTextFormatter:Warning: Failed to parse argument "DropPath" as a number (using "0" as a fallback). Please check your format string for errors: "Move into "{DropPath}"".
[2017.06.01-11.04.27:620][447]LogTextFormatter:Warning: Failed to parse argument "DropPath" as a number (using "0" as a fallback). Please check your format string for errors: "Move into "{DropPath}"".
[2017.06.01-11.04.27:624][447]LogTextFormatter:Warning: Failed to parse argument "DropPath" as a number (using "0" as a fallback). Please check your format string for errors: "Move into "{DropPath}"".
[2017.06.01-11.04.27:637][448]LogTextFormatter:Warning: Failed to parse argument "DropPath" as a number (using "0" as a fallback). Please check your format string for errors: "Move into "{DropPath}"".
[2017.06.01-11.04.27:640][448]LogTextFormatter:Warning: Failed to parse argument "DropPath" as a number (using "0" as a fallback). Please check your format string for errors: "Move into "{DropPath}"".
[2017.06.01-11.04.27:654][449]LogTextFormatter:Warning: Failed to parse argument "DropPath" as a number (using "0" as a fallback). Please check your format string for errors: "Move into "{DropPath}"".
[2017.06.01-11.04.27:657][449]LogTextFormatter:Warning: Failed to parse argument "DropPath" as a number (using "0" as a fallback). Please check your format string for errors: "Move into "{DropPath}"".
[2017.06.01-11.04.27:671][450]LogTextFormatter:Warning: Failed to parse argument "DropPath" as a number (using "0" as a fallback). Please check your format string for errors: "Move into "{DropPath}"".
[2017.06.01-11.04.27:674][450]LogTextFormatter:Warning: Failed to parse argument "DropPath" as a number (using "0" as a fallback). Please check your format string for errors: "Move into "{DropPath}"".
[2017.06.01-11.04.27:688][451]LogTextFormatter:Warning: Failed to parse argument "DropPath" as a number (using "0" as a fallback). Please check your format string for errors: "Move into "{DropPath}"".
[2017.06.01-11.04.27:691][451]LogTextFormatter:Warning: Failed to parse argument "DropPath" as a number (using "0" as a fallback). Please check your format string for errors: "Move into "{DropPath}"".
[2017.06.01-11.04.27:704][452]LogTextFormatter:Warning: Failed to parse argument "DropPath" as a number (using "0" as a fallback). Please check your format string for errors: "Move into "{DropPath}"".
[2017.06.01-11.04.27:708][452]LogTextFormatter:Warning: Failed to parse argument "DropPath" as a number (using "0" as a fallback). Please check your format string for errors: "Move into "{DropPath}"".
[2017.06.01-11.04.27:716][453]EditorErrors: New page: Actor attachment
[2017.06.01-11.04.47:447][266]LogPhysics:Warning: Initialising Body : Scale3D is (nearly) zero: Component: BP_Interact_NPC_250.interactMesh 1M_Cube_Chamfer 
[2017.06.01-11.04.47:672][277]LogPhysics:Warning: Initialising Body : Scale3D is (nearly) zero: Component: BP_Interact_NPC_250.interactMesh 1M_Cube_Chamfer 
[2017.06.01-11.04.47:923][289]LogPhysics:Warning: Initialising Body : Scale3D is (nearly) zero: Component: BP_Interact_NPC_250.interactMesh 1M_Cube_Chamfer 
[2017.06.01-11.04.48:039][294]LogPhysics:Warning: Initialising Body : Scale3D is (nearly) zero: Component: BP_Interact_NPC_250.interactMesh 1M_Cube_Chamfer 
[2017.06.01-11.04.48:118][298]LogPhysics:Warning: Initialising Body : Scale3D is (nearly) zero: Component: BP_Interact_NPC_250.interactMesh 1M_Cube_Chamfer 
[2017.06.01-11.04.48:163][300]LogPhysics:Warning: Initialising Body : Scale3D is (nearly) zero: Component: BP_Interact_NPC_250.interactMesh 1M_Cube_Chamfer 
[2017.06.01-11.04.48:580][320]LogPhysics:Warning: Initialising Body : Scale3D is (nearly) zero: Component: BP_Interact_NPC_250.interactMesh 1M_Cube_Chamfer 
[2017.06.01-11.04.48:627][322]LogPhysics:Warning: Initialising Body : Scale3D is (nearly) zero: Component: BP_Interact_NPC_250.interactMesh 1M_Cube_Chamfer 
[2017.06.01-11.04.48:646][323]LogPhysics:Warning: Initialising Body : Scale3D is (nearly) zero: Component: BP_Interact_NPC_250.interactMesh 1M_Cube_Chamfer 
[2017.06.01-11.04.48:668][324]LogPhysics:Warning: Initialising Body : Scale3D is (nearly) zero: Component: BP_Interact_NPC_250.interactMesh 1M_Cube_Chamfer 
[2017.06.01-11.04.48:697][325]LogPhysics:Warning: Initialising Body : Scale3D is (nearly) zero: Component: BP_Interact_NPC_250.interactMesh 1M_Cube_Chamfer 
[2017.06.01-11.04.48:730][327]LogPhysics:Warning: Initialising Body : Scale3D is (nearly) zero: Component: BP_Interact_NPC_250.interactMesh 1M_Cube_Chamfer 
[2017.06.01-11.04.48:786][330]LogPhysics:Warning: Initialising Body : Scale3D is (nearly) zero: Component: BP_Interact_NPC_250.interactMesh 1M_Cube_Chamfer 
[2017.06.01-11.04.48:836][332]LogPhysics:Warning: Initialising Body : Scale3D is (nearly) zero: Component: BP_Interact_NPC_250.interactMesh 1M_Cube_Chamfer 
[2017.06.01-11.04.48:899][335]LogPhysics:Warning: Initialising Body : Scale3D is (nearly) zero: Component: BP_Interact_NPC_250.interactMesh 1M_Cube_Chamfer 
[2017.06.01-11.04.48:937][337]LogPhysics:Warning: Initialising Body : Scale3D is (nearly) zero: Component: BP_Interact_NPC_250.interactMesh 1M_Cube_Chamfer 
[2017.06.01-11.04.49:287][354]LogPhysics:Warning: Initialising Body : Scale3D is (nearly) zero: Component: BP_Interact_NPC_250.interactMesh 1M_Cube_Chamfer 
[2017.06.01-11.04.49:351][357]LogPhysics:Warning: Initialising Body : Scale3D is (nearly) zero: Component: BP_Interact_NPC_250.interactMesh 1M_Cube_Chamfer 
[2017.06.01-11.04.49:475][363]LogPhysics:Warning: Initialising Body : Scale3D is (nearly) zero: Component: BP_Interact_NPC_250.interactMesh 1M_Cube_Chamfer 
[2017.06.01-11.04.49:637][371]LogPhysics:Warning: Initialising Body : Scale3D is (nearly) zero: Component: BP_Interact_NPC_250.interactMesh 1M_Cube_Chamfer 
[2017.06.01-11.04.49:952][386]LogPhysics:Warning: Initialising Body : Scale3D is (nearly) zero: Component: BP_Interact_NPC_250.interactMesh 1M_Cube_Chamfer 
[2017.06.01-11.04.50:738][424]LogPhysics:Warning: Initialising Body : Scale3D is (nearly) zero: Component: BP_Interact_NPC_250.interactMesh 1M_Cube_Chamfer 
[2017.06.01-11.04.51:171][445]LogPhysics:Warning: Initialising Body : Scale3D is (nearly) zero: Component: BP_Interact_NPC_250.interactMesh 1M_Cube_Chamfer 
[2017.06.01-11.05.21:223][439]LogSlate: Took 0.000261 seconds to synchronously load lazily loaded font '../../../Engine/Content/Editor/Slate/Fonts/Roboto-BoldCondensed.ttf' (158K)
[2017.06.01-11.05.54:968][503]LogActorComponent: UnregisterComponent: (/Engine/Transient.EditorFloorComp) Not registered. Aborting.
[2017.06.01-11.06.38:167][810]LogSavePackage: Save=152.62ms
[2017.06.01-11.06.38:167][810]LogSavePackage: Moving 'C:/Users/Dave/Desktop/School/Y2P4/Unreal Projects/NaturalisSPACE/Naturalis_Interact/Saved/ThirdPersonExampleMap1267E2C0480467480CB9CBB53F7CC3B3.tmp' to 'C:/Users/Dave/Desktop/School/Y2P4/Unreal Projects/NaturalisSPACE/Naturalis_Interact/Content/ThirdPersonBP/Maps/ThirdPersonExampleMap.umap'
[2017.06.01-11.06.38:172][810]LogSavePackage:Display: Finished SavePackage C:/Users/Dave/Desktop/School/Y2P4/Unreal Projects/NaturalisSPACE/Naturalis_Interact/Content/ThirdPersonBP/Maps/ThirdPersonExampleMap.umap
[2017.06.01-11.06.38:195][810]LogFileHelpers: Saving map 'ThirdPersonExampleMap' took 0.267
[2017.06.01-11.06.38:255][810]LogSavePackage: Save=26.66ms
[2017.06.01-11.06.38:256][810]LogSavePackage: Moving 'C:/Users/Dave/Desktop/School/Y2P4/Unreal Projects/NaturalisSPACE/Naturalis_Interact/Saved/BP_Interact_NPCDA203B594BB6100662C72981D2726B5F.tmp' to 'C:/Users/Dave/Desktop/School/Y2P4/Unreal Projects/NaturalisSPACE/Naturalis_Interact/Content/System/Interact/BP_Interact_NPC.uasset'
[2017.06.01-11.06.38:259][810]LogSavePackage:Display: Finished SavePackage C:/Users/Dave/Desktop/School/Y2P4/Unreal Projects/NaturalisSPACE/Naturalis_Interact/Content/System/Interact/BP_Interact_NPC.uasset
[2017.06.01-11.06.39:467][864]LogWindowsTextInputMethodSystem:Display: IME system now deactivated.
[2017.06.01-11.06.39:701][865]Cmd: QUIT_EDITOR
[2017.06.01-11.06.40:337][865]LogExit: Preparing to exit.
[2017.06.01-11.06.41:095][865]LogExit: Editor shut down
[2017.06.01-11.06.41:095][865]LogExit: Transaction tracking system shut down
[2017.06.01-11.06.41:200][865]LogObj: Freed 0b from 0 cluster array pools.
[2017.06.01-11.06.41:200][865]LogExit: Object subsystem successfully closed.
[2017.06.01-11.06.41:219][865]LogD3D11RHI: Shutdown
[2017.06.01-11.06.41:219][865]LogD3D11RHI: CleanupD3DDevice
[2017.06.01-11.06.41:316][865]LogD3D11RHI: ~FD3D11DynamicRHI
[2017.06.01-11.06.41:326][865]LogModuleManager: Shutting down and abandoning module HierarchicalLODUtilities (506)
[2017.06.01-11.06.41:326][865]LogModuleManager: Shutting down and abandoning module BlueprintGraph (504)
[2017.06.01-11.06.41:326][865]LogModuleManager: Shutting down and abandoning module BlueprintProfiler (502)
[2017.06.01-11.06.41:326][865]LogModuleManager: Shutting down and abandoning module MovieSceneCapture (500)
[2017.06.01-11.06.41:326][865]LogModuleManager: Shutting down and abandoning module HierarchicalLODOutliner (498)
[2017.06.01-11.06.41:326][865]LogModuleManager: Shutting down and abandoning module CrashTracker (496)
[2017.06.01-11.06.41:326][865]LogModuleManager: Shutting down and abandoning module SceneOutliner (494)
[2017.06.01-11.06.41:326][865]LogModuleManager: Shutting down and abandoning module AddContentDialog (492)
[2017.06.01-11.06.41:326][865]LogDirectoryWatcher: A directory notification for 'D:/Program Files (x86)/Epic Games/UE_4.15/FeaturePacks/' was aborted.
[2017.06.01-11.06.41:327][865]LogModuleManager: Shutting down and abandoning module WidgetCarousel (491)
[2017.06.01-11.06.41:327][865]LogModuleManager: Shutting down and abandoning module EditorWidgets (488)
[2017.06.01-11.06.41:327][865]LogModuleManager: Shutting down and abandoning module CollectionManager (486)
[2017.06.01-11.06.41:327][865]LogDirectoryWatcher: A directory notification for 'C:/Users/Dave/Desktop/School/Y2P4/Unreal Projects/NaturalisSPACE/Naturalis_Interact/Content/Collections/' was aborted.
[2017.06.01-11.06.41:327][865]LogDirectoryWatcher: A directory notification for 'C:/Users/Dave/Desktop/School/Y2P4/Unreal Projects/NaturalisSPACE/Naturalis_Interact/Content/Developers/Dave/Collections/' was aborted.
[2017.06.01-11.06.41:327][865]LogDirectoryWatcher: A directory notification for 'C:/Users/Dave/Desktop/School/Y2P4/Unreal Projects/NaturalisSPACE/Naturalis_Interact/Saved/Collections/' was aborted.
[2017.06.01-11.06.41:327][865]LogModuleManager: Shutting down and abandoning module StatsViewer (484)
[2017.06.01-11.06.41:327][865]LogModuleManager: Shutting down and abandoning module FoliageEdit (482)
[2017.06.01-11.06.41:327][865]LogModuleManager: Shutting down and abandoning module LandscapeEditor (480)
[2017.06.01-11.06.41:327][865]LogModuleManager: Shutting down and abandoning module SceneDepthPickerMode (478)
[2017.06.01-11.06.41:327][865]LogModuleManager: Shutting down and abandoning module ActorPickerMode (476)
[2017.06.01-11.06.41:327][865]LogModuleManager: Shutting down and abandoning module GeometryMode (474)
[2017.06.01-11.06.41:327][865]LogModuleManager: Shutting down and abandoning module TextureAlignMode (472)
[2017.06.01-11.06.41:327][865]LogModuleManager: Shutting down and abandoning module BspMode (470)
[2017.06.01-11.06.41:327][865]LogModuleManager: Shutting down and abandoning module HardwareSurvey (468)
[2017.06.01-11.06.41:327][865]LogModuleManager: Shutting down and abandoning module SequenceRecorderSections (466)
[2017.06.01-11.06.41:327][865]LogModuleManager: Shutting down and abandoning module AutomationWorker (464)
[2017.06.01-11.06.41:327][865]LogModuleManager: Shutting down and abandoning module MatineeToLevelSequence (462)
[2017.06.01-11.06.41:327][865]LogModuleManager: Shutting down and abandoning module LevelSequenceEditor (460)
[2017.06.01-11.06.41:327][865]LogModuleManager: Shutting down and abandoning module PlacementMode (459)
[2017.06.01-11.06.41:327][865]LogModuleManager: Shutting down and abandoning module WmfMediaFactory (456)
[2017.06.01-11.06.41:327][865]LogModuleManager: Shutting down and abandoning module WmfMediaEditor (454)
[2017.06.01-11.06.41:327][865]LogModuleManager: Shutting down and abandoning module MfMediaFactory (452)
[2017.06.01-11.06.41:327][865]LogModuleManager: Shutting down and abandoning module MfMediaEditor (450)
[2017.06.01-11.06.41:327][865]LogModuleManager: Shutting down and abandoning module AvfMediaFactory (448)
[2017.06.01-11.06.41:327][865]LogModuleManager: Shutting down and abandoning module AvfMediaEditor (446)
[2017.06.01-11.06.41:327][865]LogModuleManager: Shutting down and abandoning module AndroidMediaFactory (444)
[2017.06.01-11.06.41:327][865]LogModuleManager: Shutting down and abandoning module Media (443)
[2017.06.01-11.06.41:327][865]LogModuleManager: Shutting down and abandoning module AndroidMediaEditor (440)
[2017.06.01-11.06.41:327][865]LogModuleManager: Shutting down and abandoning module CharacterAI (438)
[2017.06.01-11.06.41:327][865]LogModuleManager: Shutting down and abandoning module AudioCapture (436)
[2017.06.01-11.06.41:327][865]LogModuleManager: Shutting down and abandoning module SequenceRecorder (435)
[2017.06.01-11.06.41:327][865]LogModuleManager: Shutting down and abandoning module SmartSnapping (432)
[2017.06.01-11.06.41:327][865]LogModuleManager: Shutting down and abandoning module SessionServices (430)
[2017.06.01-11.06.41:327][865]LogModuleManager: Shutting down and abandoning module ViewportSnapping (428)
[2017.06.01-11.06.41:327][865]LogModuleManager: Shutting down and abandoning module ViewportInteraction (426)
[2017.06.01-11.06.41:327][865]LogModuleManager: Shutting down and abandoning module LogVisualizer (424)
[2017.06.01-11.06.41:327][865]LogModuleManager: Shutting down and abandoning module IntroTutorials (422)
[2017.06.01-11.06.41:327][865]LogModuleManager: Shutting down and abandoning module GameProjectGeneration (421)
[2017.06.01-11.06.41:328][865]LogModuleManager: Shutting down and abandoning module EditorLiveStreaming (418)
[2017.06.01-11.06.41:328][865]LogModuleManager: Shutting down and abandoning module IOSPlatformEditor (416)
[2017.06.01-11.06.41:328][865]LogModuleManager: Shutting down and abandoning module HTML5PlatformEditor (414)
[2017.06.01-11.06.41:328][865]LogModuleManager: Shutting down and abandoning module AndroidPlatformEditor (412)
[2017.06.01-11.06.41:328][865]LogModuleManager: Shutting down and abandoning module AndroidDeviceDetection (411)
[2017.06.01-11.06.42:187][865]LogModuleManager: Shutting down and abandoning module IOSRuntimeSettings (408)
[2017.06.01-11.06.42:187][865]LogModuleManager: Shutting down and abandoning module AndroidRuntimeSettings (406)
[2017.06.01-11.06.42:187][865]LogModuleManager: Shutting down and abandoning module InputBindingEditor (404)
[2017.06.01-11.06.42:187][865]LogModuleManager: Shutting down and abandoning module NiagaraEditor (402)
[2017.06.01-11.06.42:187][865]LogModuleManager: Shutting down and abandoning module MergeActors (400)
[2017.06.01-11.06.42:188][865]LogModuleManager: Shutting down and abandoning module SizeMap (398)
[2017.06.01-11.06.42:188][865]LogModuleManager: Shutting down and abandoning module TreeMap (396)
[2017.06.01-11.06.42:188][865]LogModuleManager: Shutting down and abandoning module ReferenceViewer (394)
[2017.06.01-11.06.42:188][865]LogModuleManager: Shutting down and abandoning module LocalizationDashboard (392)
[2017.06.01-11.06.42:188][865]LogModuleManager: Shutting down and abandoning module LocalizationService (391)
[2017.06.01-11.06.42:188][865]LogModuleManager: Shutting down and abandoning module HardwareTargeting (388)
[2017.06.01-11.06.42:188][865]LogModuleManager: Shutting down and abandoning module DeviceProfileEditor (386)
[2017.06.01-11.06.42:188][865]LogModuleManager: Shutting down and abandoning module UndoHistory (384)
[2017.06.01-11.06.42:188][865]LogModuleManager: Shutting down and abandoning module UserFeedback (382)
[2017.06.01-11.06.42:188][865]LogModuleManager: Shutting down and abandoning module XmlParser (380)
[2017.06.01-11.06.42:188][865]LogModuleManager: Shutting down and abandoning module Blutility (378)
[2017.06.01-11.06.42:188][865]LogModuleManager: Shutting down and abandoning module ProjectSettingsViewer (376)
[2017.06.01-11.06.42:188][865]LogModuleManager: Shutting down and abandoning module ProjectTargetPlatformEditor (375)
[2017.06.01-11.06.42:188][865]LogModuleManager: Shutting down and abandoning module EditorSettingsViewer (372)
[2017.06.01-11.06.42:188][865]LogModuleManager: Shutting down and abandoning module SettingsEditor (370)
[2017.06.01-11.06.42:188][865]LogModuleManager: Shutting down and abandoning module ProjectLauncher (368)
[2017.06.01-11.06.42:188][865]LogModuleManager: Shutting down and abandoning module SessionFrontend (366)
[2017.06.01-11.06.42:188][865]LogModuleManager: Shutting down and abandoning module ProfilerClient (364)
[2017.06.01-11.06.42:188][865]LogModuleManager: Shutting down and abandoning module DeviceManager (362)
[2017.06.01-11.06.42:188][865]LogModuleManager: Shutting down and abandoning module TargetDeviceServices (361)
[2017.06.01-11.06.42:232][865]LogModuleManager: Shutting down and abandoning module AutomationController (358)
[2017.06.01-11.06.42:232][865]LogModuleManager: Shutting down and abandoning module AutomationWindow (356)
[2017.06.01-11.06.42:232][865]LogModuleManager: Shutting down and abandoning module Layers (354)
[2017.06.01-11.06.42:232][865]LogModuleManager: Shutting down and abandoning module ComponentVisualizers (352)
[2017.06.01-11.06.42:232][865]LogModuleManager: Shutting down and abandoning module DetailCustomizations (350)
[2017.06.01-11.06.42:232][865]LogModuleManager: Shutting down and abandoning module PackagesDialog (348)
[2017.06.01-11.06.42:232][865]LogModuleManager: Shutting down and abandoning module Persona (346)
[2017.06.01-11.06.42:232][865]LogModuleManager: Shutting down and abandoning module AnimGraph (345)
[2017.06.01-11.06.42:232][865]LogModuleManager: Shutting down and abandoning module Kismet (342)
[2017.06.01-11.06.42:241][865]LogModuleManager: Shutting down and abandoning module GraphEditor (340)
[2017.06.01-11.06.42:241][865]LogModuleManager: Shutting down and abandoning module ClassViewer (338)
[2017.06.01-11.06.42:241][865]LogModuleManager: Shutting down and abandoning module Toolbox (336)
[2017.06.01-11.06.42:241][865]LogModuleManager: Shutting down and abandoning module ModuleUI (334)
[2017.06.01-11.06.42:241][865]LogModuleManager: Shutting down and abandoning module MovieSceneTools (332)
[2017.06.01-11.06.42:241][865]LogModuleManager: Shutting down and abandoning module OutputLog (330)
[2017.06.01-11.06.42:241][865]LogModuleManager: Shutting down and abandoning module GammaUI (328)
[2017.06.01-11.06.42:241][865]LogModuleManager: Shutting down and abandoning module Documentation (326)
[2017.06.01-11.06.42:241][865]LogModuleManager: Shutting down and abandoning module Niagara (324)
[2017.06.01-11.06.42:241][865]LogModuleManager: Shutting down and abandoning module StreamingPauseRendering (322)
[2017.06.01-11.06.42:241][865]LogModuleManager: Shutting down and abandoning module AnalyticsET (320)
[2017.06.01-11.06.42:241][865]LogModuleManager: Shutting down and abandoning module PortalServices (318)
[2017.06.01-11.06.42:241][865]LogModuleManager: Shutting down and abandoning module PortalRpc (316)
[2017.06.01-11.06.42:241][865]LogModuleManager: Shutting down and abandoning module MessagingRpc (314)
[2017.06.01-11.06.42:241][865]LogModuleManager: Shutting down and abandoning module AIModule (312)
[2017.06.01-11.06.42:241][865]LogModuleManager: Shutting down and abandoning module GameplayDebugger (311)
[2017.06.01-11.06.42:241][865]LogModuleManager: Shutting down and abandoning module AITestSuite (309)
[2017.06.01-11.06.42:241][865]LogModuleManager: Shutting down and abandoning module ProfilerService (306)
[2017.06.01-11.06.42:270][865]LogModuleManager: Shutting down and abandoning module TaskGraph (304)
[2017.06.01-11.06.42:270][865]LogModuleManager: Shutting down and abandoning module SteamVRController (302)
[2017.06.01-11.06.42:270][865]LogModuleManager: Shutting down and abandoning module SteamVR (300)
[2017.06.01-11.06.42:270][865]LogModuleManager: Shutting down and abandoning module ProceduralMeshComponentEditor (298)
[2017.06.01-11.06.42:270][865]LogModuleManager: Shutting down and abandoning module ProceduralMeshComponent (296)
[2017.06.01-11.06.42:270][865]LogModuleManager: Shutting down and abandoning module OculusLibrary (294)
[2017.06.01-11.06.42:270][865]LogModuleManager: Shutting down and abandoning module OculusInput (292)
[2017.06.01-11.06.42:270][865]LogModuleManager: Shutting down and abandoning module MobilePatchingUtils (290)
[2017.06.01-11.06.42:271][865]LogModuleManager: Shutting down and abandoning module CustomMeshComponent (288)
[2017.06.01-11.06.42:271][865]LogModuleManager: Shutting down and abandoning module CableComponent (286)
[2017.06.01-11.06.42:271][865]LogModuleManager: Shutting down and abandoning module ArchVisCharacter (284)
[2017.06.01-11.06.42:271][865]LogModuleManager: Shutting down and abandoning module MediaPlayerEditor (280)
[2017.06.01-11.06.42:271][865]LogModuleManager: Shutting down and abandoning module HTML5Networking (278)
[2017.06.01-11.06.42:271][865]LogModuleManager: Shutting down and abandoning module AlembicImporter (276)
[2017.06.01-11.06.42:271][865]LogModuleManager: Shutting down and abandoning module AlembicLibrary (275)
[2017.06.01-11.06.42:271][865]LogModuleManager: Shutting down and abandoning module GeometryCache (274)
[2017.06.01-11.06.42:271][865]LogModuleManager: Shutting down and abandoning module GeometryCacheEd (273)
[2017.06.01-11.06.42:271][865]LogModuleManager: Shutting down and abandoning module SuperSearchEditor (268)
[2017.06.01-11.06.42:271][865]LogModuleManager: Shutting down and abandoning module SuperSearch (267)
[2017.06.01-11.06.42:271][865]LogModuleManager: Shutting down and abandoning module SpeedTreeImporter (264)
[2017.06.01-11.06.42:271][865]LogModuleManager: Shutting down and abandoning module PluginBrowser (262)
[2017.06.01-11.06.42:271][865]LogModuleManager: Shutting down and abandoning module MobileLauncherProfileWizard (260)
[2017.06.01-11.06.42:271][865]LogModuleManager: Shutting down and abandoning module EpicSurvey (258)
[2017.06.01-11.06.42:271][865]LogModuleManager: Shutting down and abandoning module VisualStudioSourceCodeAccess (256)
[2017.06.01-11.06.42:271][865]LogModuleManager: Shutting down and abandoning module DesktopPlatform (255)
[2017.06.01-11.06.42:271][865]LogModuleManager: Shutting down and abandoning module UObjectPlugin (252)
[2017.06.01-11.06.42:271][865]LogModuleManager: Shutting down and abandoning module SubversionSourceControl (250)
[2017.06.01-11.06.42:272][865]LogModuleManager: Shutting down and abandoning module PerforceSourceControl (248)
[2017.06.01-11.06.42:272][865]LogModuleManager: Shutting down and abandoning module GitSourceControl (246)
[2017.06.01-11.06.42:272][865]LogModuleManager: Shutting down and abandoning module SourceControl (245)
[2017.06.01-11.06.42:272][865]LogModuleManager: Shutting down and abandoning module LightPropagationVolumeEditor (242)
[2017.06.01-11.06.42:272][865]LogModuleManager: Shutting down and abandoning module PaperTiledImporter (240)
[2017.06.01-11.06.42:272][865]LogModuleManager: Shutting down and abandoning module PaperSpriteSheetImporter (238)
[2017.06.01-11.06.42:272][865]LogModuleManager: Shutting down and abandoning module Paper2DEditor (236)
[2017.06.01-11.06.42:272][865]LogModuleManager: Shutting down and abandoning module MeshPaint (235)
[2017.06.01-11.06.42:272][865]LogModuleManager: Shutting down and abandoning module LevelEditor (233)
[2017.06.01-11.06.42:273][865]LogModuleManager: Shutting down and abandoning module PixelInspectorModule (232)
[2017.06.01-11.06.42:273][865]LogModuleManager: Shutting down and abandoning module MainFrame (230)
[2017.06.01-11.06.42:273][865]LogModuleManager: Shutting down and abandoning module HotReload (229)
[2017.06.01-11.06.42:273][865]LogModuleManager: Shutting down and abandoning module ContentBrowser (225)
[2017.06.01-11.06.42:274][865]LogModuleManager: Shutting down and abandoning module PhysXVehiclesEditor (222)
[2017.06.01-11.06.42:274][865]LogModuleManager: Shutting down and abandoning module PhysXVehicles (220)
[2017.06.01-11.06.42:274][865]LogModuleManager: Shutting down and abandoning module LocationServicesBPLibrary (218)
[2017.06.01-11.06.42:274][865]LogModuleManager: Shutting down and abandoning module UdpMessaging (216)
[2017.06.01-11.06.42:375][865]LogModuleManager: Shutting down and abandoning module TcpMessaging (214)
[2017.06.01-11.06.42:476][865]LogModuleManager: Shutting down and abandoning module GameplayTagsEditor (212)
[2017.06.01-11.06.42:476][865]LogModuleManager: Shutting down and abandoning module FacialAnimationEditor (210)
[2017.06.01-11.06.42:476][865]LogModuleManager: Shutting down and abandoning module FacialAnimation (208)
[2017.06.01-11.06.42:476][865]LogModuleManager: Shutting down and abandoning module LightPropagationVolumeRuntime (206)
[2017.06.01-11.06.42:476][865]LogModuleManager: Shutting down and abandoning module Paper2D (204)
[2017.06.01-11.06.42:476][865]LogModuleManager: Shutting down and abandoning module WindowsMoviePlayer (202)
[2017.06.01-11.06.42:476][865]LogModuleManager: Shutting down and abandoning module WmfMedia (200)
[2017.06.01-11.06.42:476][865]LogModuleManager: Shutting down and abandoning module MfMedia (198)
[2017.06.01-11.06.42:476][865]LogModuleManager: Shutting down and abandoning module MediaAssets (196)
[2017.06.01-11.06.42:476][865]LogModuleManager: Shutting down and abandoning module GameLiveStreaming (194)
[2017.06.01-11.06.42:476][865]LogModuleManager: Shutting down and abandoning module VREditor (192)
[2017.06.01-11.06.42:476][865]LogModuleManager: Shutting down and abandoning module GameplayTasksEditor (190)
[2017.06.01-11.06.42:476][865]LogModuleManager: Shutting down and abandoning module BehaviorTreeEditor (188)
[2017.06.01-11.06.42:476][865]LogModuleManager: Shutting down and abandoning module FunctionalTesting (186)
[2017.06.01-11.06.42:476][865]LogModuleManager: Shutting down and abandoning module CollisionAnalyzer (184)
[2017.06.01-11.06.42:476][865]LogModuleManager: Shutting down and abandoning module UMG (182)
[2017.06.01-11.06.42:476][865]LogModuleManager: Shutting down and abandoning module UMGEditor (181)
[2017.06.01-11.06.42:476][865]LogModuleManager: Shutting down and abandoning module Sequencer (180)
[2017.06.01-11.06.42:476][865]LogModuleManager: Shutting down and abandoning module AssetTools (178)
[2017.06.01-11.06.42:476][865]LogModuleManager: Shutting down and abandoning module MessageLog (177)
[2017.06.01-11.06.42:476][865]LogModuleManager: Shutting down and abandoning module WorkspaceMenuStructure (176)
[2017.06.01-11.06.42:476][865]LogModuleManager: Shutting down and abandoning module SlateReflector (170)
[2017.06.01-11.06.42:476][865]LogModuleManager: Shutting down and abandoning module Slate (168)
[2017.06.01-11.06.42:476][865]LogModuleManager: Shutting down and abandoning module EditorStyle (166)
[2017.06.01-11.06.42:478][865]LogModuleManager: Shutting down and abandoning module SourceCodeAccess (164)
[2017.06.01-11.06.42:478][865]LogModuleManager: Shutting down and abandoning module HeadMountedDisplay (162)
[2017.06.01-11.06.42:478][865]LogModuleManager: Shutting down and abandoning module XAudio2 (160)
[2017.06.01-11.06.42:478][865]LogModuleManager: Shutting down and abandoning module Networking (158)
[2017.06.01-11.06.42:478][865]LogModuleManager: Shutting down and abandoning module Core (154)
[2017.06.01-11.06.42:478][865]LogModuleManager: Shutting down and abandoning module AssetRegistry (152)
[2017.06.01-11.06.42:627][865]LogDirectoryWatcher: A directory notification for '../../../Engine/Content/' was aborted.
[2017.06.01-11.06.42:627][865]LogDirectoryWatcher: A directory notification for 'C:/Users/Dave/Desktop/School/Y2P4/Unreal Projects/NaturalisSPACE/Naturalis_Interact/Content/' was aborted.
[2017.06.01-11.06.42:627][865]LogDirectoryWatcher: A directory notification for '../../../Engine/Plugins/2D/Paper2D/Content/' was aborted.
[2017.06.01-11.06.42:628][865]LogModuleManager: Shutting down and abandoning module DirectoryWatcher (151)
[2017.06.01-11.06.42:628][865]LogModuleManager: Shutting down and abandoning module KismetCompiler (148)
[2017.06.01-11.06.42:628][865]LogModuleManager: Shutting down and abandoning module PhysXFormats (146)
[2017.06.01-11.06.42:628][865]LogModuleManager: Shutting down and abandoning module MeshUtilities (144)
[2017.06.01-11.06.42:628][865]LogModuleManager: Shutting down and abandoning module SimplygonSwarm (143)
[2017.06.01-11.06.42:628][865]LogModuleManager: Shutting down and abandoning module SimplygonMeshReduction (141)
[2017.06.01-11.06.42:628][865]LogModuleManager: Shutting down and abandoning module QuadricMeshReduction (139)
[2017.06.01-11.06.42:628][865]LogModuleManager: Shutting down and abandoning module PropertyEditor (137)
[2017.06.01-11.06.42:628][865]LogModuleManager: Shutting down and abandoning module DerivedDataCache (134)
[2017.06.01-11.06.42:687][865]LogDerivedDataCache: Shutdown
[2017.06.01-11.06.42:687][865]LogModuleManager: Shutting down and abandoning module TargetPlatform (132)
[2017.06.01-11.06.42:687][865]LogModuleManager: Shutting down and abandoning module VulkanShaderFormat (131)
[2017.06.01-11.06.42:687][865]LogModuleManager: Shutting down and abandoning module ShaderFormatOpenGL (129)
[2017.06.01-11.06.42:687][865]LogModuleManager: Shutting down and abandoning module ShaderFormatD3D (127)
[2017.06.01-11.06.42:687][865]LogModuleManager: Shutting down and abandoning module MetalShaderFormat (125)
[2017.06.01-11.06.42:687][865]LogModuleManager: Shutting down and abandoning module TextureFormatUncompressed (123)
[2017.06.01-11.06.42:687][865]LogModuleManager: Shutting down and abandoning module TextureFormatPVR (121)
[2017.06.01-11.06.42:687][865]LogModuleManager: Shutting down and abandoning module TextureFormatDXT (119)
[2017.06.01-11.06.42:687][865]LogModuleManager: Shutting down and abandoning module TextureFormatIntelISPCTexComp (117)
[2017.06.01-11.06.42:687][865]LogModuleManager: Shutting down and abandoning module TextureFormatASTC (115)
[2017.06.01-11.06.42:687][865]LogModuleManager: Shutting down and abandoning module ImageWrapper (114)
[2017.06.01-11.06.42:687][865]LogModuleManager: Shutting down and abandoning module TextureFormatAndroid (111)
[2017.06.01-11.06.42:687][865]LogModuleManager: Shutting down and abandoning module AudioFormatOpus (109)
[2017.06.01-11.06.42:687][865]LogModuleManager: Shutting down and abandoning module AudioFormatOgg (107)
[2017.06.01-11.06.42:687][865]LogModuleManager: Shutting down and abandoning module AudioFormatADPCM (105)
[2017.06.01-11.06.42:688][865]LogModuleManager: Shutting down and abandoning module LinuxTargetPlatform (103)
[2017.06.01-11.06.42:688][865]LogModuleManager: Shutting down and abandoning module LinuxServerTargetPlatform (101)
[2017.06.01-11.06.42:688][865]LogModuleManager: Shutting down and abandoning module LinuxNoEditorTargetPlatform (99)
[2017.06.01-11.06.42:688][865]LogModuleManager: Shutting down and abandoning module LinuxClientTargetPlatform (97)
[2017.06.01-11.06.42:688][865]LogModuleManager: Shutting down and abandoning module TVOSTargetPlatform (95)
[2017.06.01-11.06.42:688][865]LogModuleManager: Shutting down and abandoning module Messaging (93)
[2017.06.01-11.06.42:688][865]LogModuleManager: Shutting down and abandoning module IOSTargetPlatform (91)
[2017.06.01-11.06.42:688][865]LogModuleManager: Shutting down and abandoning module HTML5TargetPlatform (89)
[2017.06.01-11.06.42:688][865]LogModuleManager: Shutting down and abandoning module Android_PVRTCTargetPlatform (87)
[2017.06.01-11.06.42:688][865]LogModuleManager: Shutting down and abandoning module Android_MultiTargetPlatform (85)
[2017.06.01-11.06.42:688][865]LogModuleManager: Shutting down and abandoning module Android_ETC2TargetPlatform (83)
[2017.06.01-11.06.42:688][865]LogModuleManager: Shutting down and abandoning module Android_ETC1TargetPlatform (81)
[2017.06.01-11.06.42:688][865]LogModuleManager: Shutting down and abandoning module Android_DXTTargetPlatform (79)
[2017.06.01-11.06.42:688][865]LogModuleManager: Shutting down and abandoning module Android_ATCTargetPlatform (77)
[2017.06.01-11.06.42:688][865]LogModuleManager: Shutting down and abandoning module Android_ASTCTargetPlatform (75)
[2017.06.01-11.06.42:688][865]LogModuleManager: Shutting down and abandoning module AndroidTargetPlatform (73)
[2017.06.01-11.06.42:688][865]LogModuleManager: Shutting down and abandoning module WindowsTargetPlatform (71)
[2017.06.01-11.06.42:688][865]LogModuleManager: Shutting down and abandoning module WindowsServerTargetPlatform (69)
[2017.06.01-11.06.42:688][865]LogModuleManager: Shutting down and abandoning module WindowsNoEditorTargetPlatform (67)
[2017.06.01-11.06.42:688][865]LogModuleManager: Shutting down and abandoning module WindowsClientTargetPlatform (65)
[2017.06.01-11.06.42:688][865]LogModuleManager: Shutting down and abandoning module MacTargetPlatform (63)
[2017.06.01-11.06.42:688][865]LogModuleManager: Shutting down and abandoning module MacServerTargetPlatform (61)
[2017.06.01-11.06.42:688][865]LogModuleManager: Shutting down and abandoning module MacNoEditorTargetPlatform (59)
[2017.06.01-11.06.42:688][865]LogModuleManager: Shutting down and abandoning module MacClientTargetPlatform (57)
[2017.06.01-11.06.42:688][865]LogModuleManager: Shutting down and abandoning module AllDesktopTargetPlatform (55)
[2017.06.01-11.06.42:688][865]LogModuleManager: Shutting down and abandoning module InputCore (52)
[2017.06.01-11.06.42:688][865]LogModuleManager: Shutting down and abandoning module Settings (50)
[2017.06.01-11.06.42:688][865]LogModuleManager: Shutting down and abandoning module OculusRift (48)
[2017.06.01-11.06.42:688][865]LogModuleManager: Shutting down and abandoning module GearVR (46)
[2017.06.01-11.06.42:688][865]LogModuleManager: Shutting down and abandoning module ExampleDeviceProfileSelector (44)
[2017.06.01-11.06.42:688][865]LogModuleManager: Shutting down and abandoning module OnlineBlueprintSupport (42)
[2017.06.01-11.06.42:688][865]LogModuleManager: Shutting down and abandoning module OnlineSubsystem (38)
[2017.06.01-11.06.42:688][865]LogOnline:Display: Unloading online subsystem: NULL
[2017.06.01-11.06.42:688][865]LogModuleManager: Shutting down and abandoning module XMPP (37)
[2017.06.01-11.06.42:688][865]LogModuleManager: Shutting down and abandoning module HTTP (35)
[2017.06.01-11.06.42:688][865]LogHttp:Display: Http module shutting down, but needs to wait on 1 outstanding Http requests:
[2017.06.01-11.06.42:688][865]LogHttp:Display: 	verb=[POST] url=[https://datarouter.ol.epicgames.com/datarouter/api/v1/public/data?SessionID=%7BB0A2F1C4-4E8F-ABE6-3C30-7A88A1935623%7D&AppID=UEEditor.Rocket.Release&AppVersion=4.15.2-3416026%2B%2B%2BUE4%2BRelease-4.15&UserID=fcfbc4aa4d85f6bf21276dabbb40bd3b%7Cb29e0076762942358c8c1714e3862d8d%7C0986a093-a08b-42c1-96a7-321ab03751d3&AppEnvironment=datacollector-binary&UploadType=eteventstream] status=Processing
[2017.06.01-11.06.42:720][865]LogModuleManager: Shutting down and abandoning module SSL (34)
[2017.06.01-11.06.42:721][865]LogModuleManager: Shutting down and abandoning module AudioEditor (30)
[2017.06.01-11.06.42:721][865]LogModuleManager: Shutting down and abandoning module TextureCompressor (28)
[2017.06.01-11.06.42:721][865]LogModuleManager: Shutting down and abandoning module ShaderCore (26)
[2017.06.01-11.06.42:721][865]LogModuleManager: Shutting down and abandoning module Landscape (24)
[2017.06.01-11.06.42:721][865]LogModuleManager: Shutting down and abandoning module SlateRHIRenderer (22)
[2017.06.01-11.06.42:723][865]LogModuleManager: Shutting down and abandoning module OpenGLDrv (20)
[2017.06.01-11.06.42:723][865]LogModuleManager: Shutting down and abandoning module D3D11RHI (18)
[2017.06.01-11.06.42:723][865]LogModuleManager: Shutting down and abandoning module AnimGraphRuntime (16)
[2017.06.01-11.06.42:723][865]LogModuleManager: Shutting down and abandoning module Renderer (14)
[2017.06.01-11.06.42:723][865]LogModuleManager: Shutting down and abandoning module Engine (12)
[2017.06.01-11.06.42:723][865]LogModuleManager: Shutting down and abandoning module CoreUObject (10)
[2017.06.01-11.06.42:723][865]LogModuleManager: Shutting down and abandoning module NetworkFile (8)
[2017.06.01-11.06.42:723][865]LogModuleManager: Shutting down and abandoning module StreamingFile (6)
[2017.06.01-11.06.42:723][865]LogModuleManager: Shutting down and abandoning module SandboxFile (4)
[2017.06.01-11.06.42:723][865]LogModuleManager: Shutting down and abandoning module PakFile (2)
[2017.06.01-11.06.42:724][865]LogExit: Exiting.
[2017.06.01-11.06.42:737][865]Log file closed, 06/01/17 13:06:42
